[BEGIN] 12/6/2019 3:58:34 PM
[ 1841.404853] part1,6,49,56,37,25,38,54,83,92,77,71,24,39,16,30,10,9,2,1,0,
[ 1841.412003] part2,1,24,65,44,51,44,84,112,139,95,103,44,49,23,14,5,2,0,0,0,
[ 1841.419296] part3,52,389,863,935,648,385,261,213,188,132,127,75,90,42,28,15,3,3,0,1,
[ 1841.427396] part4,34,310,602,599,526,352,288,209,225,120,97,50,62,28,17,5,3,5,1,2,
[ 1841.435313] part5,7,28,35,27,52,41,57,71,99,51,50,17,20,8,4,0,1,1,0,0,
[ 1842.438199] part1,6,15,57,37,19,19,65,92,107,71,89,29,34,11,13,1,1,0,0,0,
[ 1842.445344] part2,2,20,28,60,35,36,60,97,84,71,66,25,55,22,31,17,15,5,4,0,
[ 1842.452556] part3,18,126,378,468,347,221,206,170,193,110,135,68,61,24,3,4,2,0,0,1,
[ 1842.460485] part4,10,100,222,230,179,153,154,130,152,111,98,54,82,25,20,9,3,3,1,1,
[ 1842.468396] part5,6,47,46,21,46,31,46,59,74,32,26,16,9,3,2,2,0,0,0,0,
[ 1842.559489] (2)-2541	[[HDMI][AUDIOF]] Audio STS : FSM=5(CHECK), hbr=0/0, sample_cnt= 37864, hbr_sample_cnt=0, fifo_ov=0, type=2(LPCM), ch_mode=0, ch_num=2, acr_freq=48000, wait_acr_cnt=1
[ 1843.471569] part1,7,33,73,72,55,65,111,99,107,48,22,10,11,8,5,0,0,0,0,0,
[ 1843.478619] part2,0,39,127,112,72,71,125,141,160,119,97,47,53,26,34,13,8,1,0,0,
[ 1843.486275] part3,1,15,32,52,51,53,94,75,76,75,69,33,57,17,22,9,9,5,2,0,
[ 1843.493320] part4,4,18,71,90,79,35,71,68,91,57,73,32,29,14,10,2,1,0,0,0,
[ 1843.500355] part5,3,19,34,57,91,82,85,79,76,55,52,21,24,8,2,1,0,0,0,0,
[ 1844.504883] part1,3,25,33,20,20,21,8,11,11,7,6,5,2,0,0,0,0,0,0,0,
[ 1844.511331] part2,7,124,361,268,177,91,75,52,78,52,47,41,30,19,9,11,8,5,0,0,
[ 1844.518728] part3,19,208,405,349,257,177,160,116,103,83,113,61,76,22,36,17,18,6,2,1,
[ 1844.526817] part4,1,38,87,79,71,52,58,55,70,65,76,36,35,17,13,6,3,3,3,0,
[ 1844.533857] part5,6,35,67,73,59,43,45,33,43,32,30,26,19,7,3,0,0,0,0,0,
[ 1845.538240] part1,13,27,106,108,150,130,108,77,63,27,29,16,4,4,2,0,0,0,0,0,
[ 1845.545574] part2,6,100,245,235,240,220,212,145,96,69,47,28,14,7,10,3,1,1,1,1,
[ 1845.553144] part3,82,628,1056,981,916,638,535,381,301,188,160,91,81,43,30,9,8,2,1,1,
[ 1845.561238] part4,5,51,123,167,211,183,210,185,164,108,79,49,53,17,24,8,14,8,7,0,
[ 1845.569057] part5,7,52,130,143,163,165,170,137,124,50,33,21,24,7,5,1,0,0,0,0,
[ 1846.419601] (0)-2539	[[HDMI][PWR][WARN]] PWR_STS : FG_HDMI=1, P0/P1/P2/P3(active,fsm,vs_cnt,pol,int) =  P0(0,PS_OFF,0,0,0)/P1(0,PS_OFF,0,0,0)/P2(0,PS_OFF,0,0,0)/P3(1,PS_OFF,44954,1,0)
[ 1846.588253] part1,11,61,77,86,69,49,58,43,63,24,27,10,17,5,4,2,1,0,0,0,
[ 1846.595226] part2,28,212,443,540,507,351,247,191,146,72,74,50,35,26,20,11,7,1,4,1,
[ 1846.603139] part3,28,357,777,717,621,497,394,253,270,178,173,92,85,46,42,25,15,7,1,0,
[ 1846.611324] part4,5,104,221,223,265,246,238,129,133,103,113,55,67,33,35,17,16,6,2,0,
[ 1846.619408] part5,5,52,113,72,85,66,95,80,109,37,49,28,13,8,1,0,0,0,0,0,
[ 1847.621590] part1,13,159,185,117,85,36,50,40,46,25,34,14,16,3,2,2,0,0,0,0,
[ 1847.628823] part2,11,122,268,316,345,216,178,86,101,55,50,42,43,19,14,10,5,1,1,0,
[ 1847.636642] part3,26,212,358,440,368,275,183,119,117,106,71,34,45,13,5,5,6,1,0,8,
[ 1847.644483] part4,43,228,258,294,279,275,195,102,111,61,79,54,88,21,35,12,9,0,3,6,
[ 1847.652393] part5,7,56,87,59,34,25,35,31,38,29,45,17,53,18,23,7,6,0,0,0,
[ 1848.654919] part1,7,107,216,177,137,131,80,52,40,29,31,15,6,3,6,2,0,0,0,0,
[ 1848.662154] part2,11,150,394,490,440,330,262,149,130,103,112,56,66,35,36,15,16,5,3,5,
[ 1848.670333] part3,37,260,621,561,600,349,270,185,157,94,56,39,33,18,20,7,4,2,6,0,
[ 1848.678166] part4,31,175,255,269,392,314,174,105,79,48,58,29,38,11,13,3,0,0,1,1,
[ 1848.685900] part5,9,74,126,101,48,19,9,12,22,16,31,19,22,15,27,6,2,1,0,0,
[ 1849.688272] part1,4,33,88,124,154,66,32,19,9,4,7,3,1,2,0,0,0,0,0,0,
[ 1849.694904] part2,12,127,299,359,391,345,258,175,131,97,85,57,52,21,27,10,4,2,3,2,
[ 1849.702825] part3,32,187,371,440,467,341,293,212,187,126,105,68,74,36,31,12,10,4,2,3,
[ 1849.710995] part4,29,228,417,416,352,268,190,124,87,37,27,16,16,13,18,6,2,0,0,0,
[ 1849.718737] part5,8,76,96,155,202,195,97,64,35,13,14,8,4,0,1,0,0,0,0,0,
[ 1850.721618] part1,20,69,115,249,288,158,67,43,42,25,30,24,33,14,15,1,0,0,0,0,
[ 1850.729121] part2,5,90,307,441,411,239,160,113,116,85,86,48,40,25,28,12,14,3,3,1,
[ 1850.736954] part3,20,185,386,494,443,358,236,152,149,104,92,57,52,25,21,11,9,4,4,7,
[ 1850.744955] part4,26,209,452,511,387,252,173,89,61,28,43,21,16,8,8,1,3,2,1,0,
[ 1850.752428] part5,4,42,149,253,246,117,49,37,26,14,14,11,15,2,3,0,1,0,0,0,
[ 1851.754958] part1,2,32,81,159,173,183,81,38,48,22,37,28,30,16,5,6,0,0,0,0,
[ 1851.762204] part2,8,126,394,539,481,303,203,123,119,79,101,52,66,37,29,22,23,10,0,5,
[ 1851.770293] part3,20,202,523,589,504,330,346,232,186,125,134,75,70,54,36,16,17,15,4,9,
[ 1851.778560] part4,37,204,380,429,384,241,216,89,65,28,22,23,16,9,8,3,4,7,2,2,
[ 1851.786034] part5,13,78,168,275,239,136,95,44,36,23,17,8,4,4,4,2,1,0,0,0,
[ 1852.788315] part1,2,11,35,44,75,41,40,25,14,15,4,4,7,5,1,0,0,0,0,0,
[ 1852.794943] part2,7,72,234,338,479,378,239,142,120,82,89,47,69,40,35,13,18,6,4,0,
[ 1852.802772] part3,14,164,418,603,508,443,338,234,194,88,91,47,51,33,50,11,14,4,5,8,
[ 1852.810774] part4,11,112,228,314,346,287,237,148,124,61,48,33,41,15,30,13,14,2,4,3,
[ 1852.818781] part5,19,79,280,375,286,185,94,53,44,16,14,13,8,1,1,1,0,0,0,0,
[ 1853.821639] part1,93,318,191,165,349,532,533,343,257,159,106,57,39,22,10,6,5,1,0,0,
[ 1853.829673] part2,12,69,114,147,233,306,347,232,195,95,105,43,38,16,17,10,11,2,0,0,
[ 1853.837669] part3,12,127,313,358,477,488,474,374,275,210,161,92,88,39,43,16,4,3,1,2,
[ 1853.845759] part4,21,137,496,473,456,389,392,308,232,147,138,79,76,29,27,13,10,5,6,0,
[ 1853.853939] part5,5,41,144,191,248,300,379,232,190,105,104,49,24,14,8,3,2,0,1,0,
[ 1854.855042] part1,88,311,206,192,404,534,497,303,271,126,101,55,63,17,14,3,1,1,0,0,
[ 1854.863059] part2,7,42,66,136,233,332,303,222,189,118,97,55,33,16,17,12,9,2,0,1,
[ 1854.870796] part3,25,191,485,565,651,521,505,394,364,198,163,98,68,38,43,24,15,5,2,0,
[ 1854.878972] part4,10,152,509,476,485,367,393,304,229,129,105,53,40,15,13,4,2,1,0,0,
[ 1854.886978] part5,10,121,295,334,451,417,403,272,178,86,91,47,31,11,8,4,2,0,0,0,
[ 1855.019730] (1)-2541	[[HDMI][AUDIOF]] Audio STS : FSM=5(CHECK), hbr=0/0, sample_cnt= 38465, hbr_sample_cnt=0, fifo_ov=0, type=2(LPCM), ch_mode=0, ch_num=2, acr_freq=48000, wait_acr_cnt=1
[ 1855.905010] part1,101,317,242,146,346,507,456,297,208,121,90,48,36,15,7,4,3,0,0,0,
[ 1855.912954] part2,5,37,71,119,184,304,362,298,270,147,156,77,70,24,27,15,13,4,3,0,
[ 1855.920879] part3,2,165,552,554,513,397,452,307,318,189,179,96,58,25,22,13,12,7,6,4,
[ 1855.928966] part4,5,85,377,510,450,453,502,381,336,183,155,71,51,28,27,9,7,2,2,0,
[ 1855.936791] part5,7,88,170,261,332,283,272,197,131,78,57,36,16,5,8,2,1,0,0,0,
[ 1856.819508] (3)-2539	[[HDMI][PWR][WARN]] PWR_STS : FG_HDMI=1, P0/P1/P2/P3(active,fsm,vs_cnt,pol,int) =  P0(0,PS_OFF,0,0,0)/P1(0,PS_OFF,0,0,0)/P2(0,PS_OFF,0,0,0)/P3(1,PS_OFF,45542,1,0)
[ 1856.955036] part1,59,228,177,90,172,322,427,320,212,129,96,48,42,21,15,7,9,0,0,0,
[ 1856.962888] part2,9,34,63,65,119,189,257,210,270,161,150,72,68,25,34,17,6,4,0,0,
[ 1856.970628] part3,8,120,547,782,609,493,483,394,328,221,213,111,82,47,43,18,21,5,5,0,
[ 1856.978818] part4,5,155,444,521,519,433,453,353,294,182,186,86,81,54,38,23,14,2,1,0,
[ 1856.986908] part5,3,50,129,173,173,178,208,141,117,54,68,26,14,7,7,2,0,0,0,0,
[ 1857.988349] part1,73,427,349,103,101,164,314,278,190,100,72,38,24,10,8,6,2,1,0,0,
[ 1857.996196] part2,6,49,58,49,62,134,219,210,224,141,127,62,52,26,21,11,9,2,0,0,
[ 1858.003859] part3,11,135,588,749,710,496,527,393,366,260,256,117,111,47,57,23,21,13,14,3,
[ 1858.012390] part4,18,210,461,631,628,429,417,360,310,214,184,116,83,53,45,17,19,7,6,2,
[ 1858.020648] part5,3,17,67,118,137,136,182,152,124,90,71,22,16,7,6,2,1,1,1,0,
[ 1859.021708] part1,0,0,0,0,0,0,0,0,0,0,0,0,0,0,0,0,0,0,0,0,
[ 1859.027547] part2,0,0,0,0,0,0,0,0,0,0,0,0,0,0,0,0,0,0,0,0,
[ 1859.033363] part3,0,0,0,0,0,0,0,0,0,0,0,0,0,0,0,0,0,0,0,0,
[ 1859.039183] part4,0,0,0,0,0,0,0,0,0,0,0,0,0,0,0,0,0,0,0,0,
[ 1859.045009] part5,0,0,0,0,
[ 1859.047623] (2)-0000	0,0,0,0,0,0,0,0,0,0,0,0,0,0,0,0,

[END] 12/6/2019 3:59:14 PM
