[BEGIN] 12/6/2019 3:45:14 PM
[ 1555.468463] part1,2041,5796,4916,2630,1497,841,549,301,192,92,55,32,26,14,10,8,2,2,0,0,
[ 1555.476860] part2,9507,14406,7492,3748,1846,955,563,248,144,70,42,25,14,5,4,3,2,0,0,0,
[ 1555.485153] part3,14338,19419,9003,4358,2125,973,450,182,122,55,48,18,6,7,5,0,1,0,0,0,
[ 1555.493480] part4,9783,15543,9819,5086,2857,1452,692,321,192,76,56,28,14,8,4,0,0,0,0,0,
[ 1555.501880] part5,9891,15385,8969,4693,2730,1276,744,387,202,76,55,16,11,3,3,0,0,0,0,0,
[ 1556.501774] part1,1729,5359,4320,2346,1381,763,504,262,162,85,64,34,20,14,9,2,0,0,2,0,
[ 1556.510056] part2,8826,13779,7087,3556,1762,948,502,223,151,67,38,23,10,6,6,2,1,0,0,0,
[ 1556.518326] part3,13778,18683,8733,4187,2016,911,422,193,118,44,33,16,13,5,1,1,0,0,0,0,
[ 1556.526680] part4,9081,14767,9318,4845,2713,1406,640,328,188,69,55,15,17,1,3,2,0,0,0,0,
[ 1556.535030] part5,9387,14878,8578,4614,2612,1240,695,355,202,87,47,11,8,4,1,0,0,0,0,0,
[ 1557.319659] (1)-2539	[[HDMI][PWR][WARN]] PWR_STS : FG_HDMI=1, P0/P1/P2/P3(active,fsm,vs_cnt,pol,int) =  P0(0,PS_OFF,0,0,0)/P1(0,PS_OFF,0,0,0)/P2(0,PS_OFF,0,0,0)/P3(1,PS_OFF,28428,1,0)
[ 1557.535130] part1,1605,4964,4101,2213,1261,715,480,205,149,84,54,33,18,8,1,1,0,0,1,0,
[ 1557.543332] part2,8103,13113,6783,3372,1709,820,477,223,126,63,35,14,14,5,4,1,1,0,0,0,
[ 1557.551609] part3,13582,18518,8616,4107,1878,897,458,198,113,52,43,15,10,5,1,0,0,0,0,0,
[ 1557.559963] part4,8693,14458,9129,4780,2575,1393,655,299,167,69,47,12,16,3,2,0,0,1,0,0,
[ 1557.568308] part5,9230,14632,8443,4570,2480,1217,740,346,182,68,34,13,8,4,1,0,0,0,0,0,
[ 1557.709577] (0)-2541	[[HDMI][AUDIOF]] Audio STS : FSM=5(CHECK), hbr=0/0, sample_cnt= 24041, hbr_sample_cnt=0, fifo_ov=0, type=2(LPCM), ch_mode=0, ch_num=2, acr_freq=48000, wait_acr_cnt=1
[ 1558.568461] part1,1495,4616,3828,2092,1246,695,398,212,152,80,52,23,11,2,5,1,0,0,1,0,
[ 1558.576673] part2,8136,12978,6722,3364,1700,831,455,215,124,65,31,12,8,4,6,0,0,0,0,0,
[ 1558.584851] part3,13174,18302,8594,4048,1941,850,473,200,91,59,36,19,5,6,1,0,0,0,0,0,
[ 1558.593024] part4,8490,14172,8911,4692,2555,1279,594,293,170,82,45,16,11,4,4,0,0,0,0,0,
[ 1558.601368] part5,9051,14571,8427,4479,2553,1123,699,333,178,68,40,14,8,2,0,2,0,0,0,0,
[ 1559.601886] part1,1486,4511,3698,2036,1204,663,426,205,130,61,58,27,14,0,1,0,0,0,0,0,
[ 1559.610091] part2,7956,12819,6648,3259,1631,796,432,191,112,52,24,12,9,3,3,0,0,0,0,0,
[ 1559.618263] part3,12762,17890,8316,4008,1889,841,422,182,96,64,30,15,16,1,1,0,0,0,0,0,
[ 1559.626518] part4,8134,13946,8562,4540,2479,1229,610,288,147,77,48,10,7,3,2,0,0,1,0,0,
[ 1559.634770] part5,8828,14656,8209,4412,2423,1158,677,320,163,56,32,16,12,1,0,0,0,0,0,0,
[ 1560.635173] part1,1414,4390,3567,1959,1135,648,437,206,134,67,57,18,15,1,2,0,0,0,0,0,
[ 1560.643374] part2,7517,12401,6376,3178,1526,787,405,178,124,46,26,17,4,0,1,1,0,0,0,0,
[ 1560.651549] part3,12500,17594,8188,3924,1895,842,422,177,92,47,37,16,10,2,0,1,0,0,0,0,
[ 1560.659806] part4,7833,13495,8341,4405,2415,1154,613,271,153,74,32,11,7,2,3,0,0,0,0,0,
[ 1560.668067] part5,8595,14267,8187,4382,2465,1139,650,280,181,68,27,10,7,0,0,0,0,0,0,0,
[ 1561.668477] part1,1615,6671,6060,2939,1746,1208,926,520,367,200,106,37,25,22,14,1,3,0,0,0,
[ 1561.677105] part2,3534,11615,6233,2884,1769,1057,671,373,251,140,80,34,20,4,2,1,1,0,0,0,
[ 1561.685538] part3,7746,16566,8900,4705,2590,1273,650,322,160,57,24,11,2,0,0,1,0,0,0,0,
[ 1561.693801] part4,2384,4953,2557,1201,575,222,118,66,40,7,5,10,2,0,0,0,0,0,0,0,
[ 1561.701460] part5,766,2382,1853,800,355,168,83,37,16,9,6,1,1,0,1,0,0,0,0,0,
[ 1562.701894] part1,1668,6474,5451,2834,1633,1116,787,510,331,182,98,58,16,8,1,0,0,0,0,0,
[ 1562.710270] part2,3417,11898,6398,3171,1883,1047,699,422,273,142,77,33,10,4,0,1,0,0,1,0,
[ 1562.718698] part3,7839,16572,8869,4708,2604,1257,645,321,155,55,20,11,3,2,0,0,0,0,0,0,
[ 1562.726963] part4,2317,4739,2508,1179,543,213,125,52,18,12,7,2,1,0,0,0,0,0,0,0,
[ 1562.734619] part5,947,2464,2073,855,368,188,95,48,21,10,6,2,0,0,2,0,0,0,0,0,
[ 1563.735164] part1,1599,6207,4771,2686,1670,1038,749,416,261,155,75,26,13,5,1,1,0,0,0,0,
[ 1563.743539] part2,3432,12005,6896,3552,1942,1129,701,406,262,127,64,20,3,1,1,0,0,0,0,0,
[ 1563.751880] part3,7987,16963,8910,4764,2519,1248,682,270,138,53,16,11,3,2,0,0,0,0,0,0,
[ 1563.760154] part4,2351,4560,2404,1068,512,234,111,36,11,9,14,2,0,0,0,0,0,0,0,0,
[ 1563.767813] part5,997,2688,2120,802,374,174,90,47,24,13,1,3,1,1,0,0,0,0,0,0,
[ 1564.768546] part1,837,4439,5451,3103,1754,841,404,167,76,19,10,6,2,4,0,0,1,0,0,0,
[ 1564.776380] part2,2973,11380,10467,5998,3291,1711,890,413,251,103,41,23,10,4,1,0,0,0,0,0,
[ 1564.784917] part3,6437,15071,9692,5018,2935,1405,767,407,231,110,64,43,33,15,3,2,3,0,0,0,
[ 1564.793442] part4,2548,10467,9130,5028,2700,1337,589,245,175,78,68,19,12,3,2,3,1,1,0,0,
[ 1564.801798] part5,977,4728,5015,3033,1889,903,508,267,131,74,43,15,17,2,0,0,0,0,0,0,
[ 1565.801856] part1,854,4169,5411,3451,2126,1047,626,246,104,33,6,2,2,1,1,0,0,0,0,0,
[ 1565.809793] part2,2845,11083,10626,6087,3627,1783,1011,432,242,69,49,17,7,4,3,0,0,1,0,0,
[ 1565.818241] part3,6683,14866,9719,5217,2629,1364,734,348,205,126,93,45,29,14,5,1,2,1,0,0,
[ 1565.826772] part4,1764,7787,8023,4154,2425,1027,666,331,173,82,77,16,20,10,3,2,1,0,0,0,
[ 1565.835121] part5,869,3475,3637,2423,1497,777,516,241,121,45,21,5,2,0,0,1,0,0,0,0,
[ 1566.835206] part1,3854,6905,3872,1825,841,347,204,80,20,4,2,2,0,1,0,0,0,0,0,0,
[ 1566.842799] part2,11674,21358,11729,5387,1962,658,308,125,61,28,23,6,5,3,2,1,2,0,0,0,
[ 1566.851003] part3,12410,21137,11544,6495,3009,1429,612,334,165,91,64,32,14,4,1,1,0,0,0,2,
[ 1566.859578] part4,
[ 1566.861439] (3)-0000	6657,12939,7307,3613,1719,713,256,88,42,19,8,6,5,1,2,2,0,0,0,0,
[ 1566.869758] part5,1439,3299,2166,1295,642,286,128,40,25,18,17,2,1,0,0,0,0,0,0,0,
[ 1567.729581] (2)-2539	[[HDMI][PWR][WARN]] PWR_STS : FG_HDMI=1, P0/P1/P2/P3(active,fsm,vs_cnt,pol,int) =  P0(0,PS_OFF,0,0,0)/P1(0,PS_OFF,0,0,0)/P2(0,PS_OFF,0,0,0)/P3(1,PS_OFF,29014,1,0)
[ 1567.868619] part1,163,1341,3273,2295,1277,761,353,203,165,94,71,30,19,13,3,1,3,0,0,0,
[ 1567.876825] part2,2061,7064,6994,3554,2477,1302,845,423,277,122,94,32,24,9,12,5,4,3,0,0,
[ 1567.885271] part3,6360,18680,11872,5927,2897,1406,665,280,118,58,38,15,12,5,4,5,1,0,0,0,
[ 1567.893708] part4,9461,25288,16873,9802,4797,2038,980,415,224,79,46,11,5,3,3,3,0,0,0,0,
[ 1567.902051] part5,1893,7242,7229,4628,2778,1363,686,308,167,72,42,17,10,7,1,2,0,0,0,0,
[ 1568.901914] part1,380,1834,3534,2943,1649,852,486,255,167,115,68,54,15,9,11,1,4,3,0,0,
[ 1568.910198] part2,2049,6423,6586,3613,2257,1208,831,427,273,126,84,35,26,13,5,2,7,1,1,2,
[ 1568.918637] part3,8013,22124,13407,6201,3035,1464,640,304,169,97,65,8,15,7,2,6,1,0,1,2,
[ 1568.926988] part4,9784,26035,17475,9929,4905,2095,945,398,179,113,49,21,6,2,5,0,0,0,0,0,
[ 1568.935421] part5,2566,8134,7024,4493,2649,1081,509,237,122,47,23,13,11,4,5,4,1,0,0,0,
[ 1569.935259] part1,1075,3476,4252,3521,2033,896,559,305,257,150,87,42,38,11,17,6,10,8,7,1,
[ 1569.943809] part2,1527,4767,5914,3443,2357,1324,797,419,292,126,88,42,38,21,18,10,5,0,2,1,
[ 1569.952417] part3,9066,25033,15298,7387,3906,1715,859,345,201,97,57,26,27,9,12,2,6,1,1,0,
[ 1569.960938] part4,9347,25107,17122,9694,4856,2124,974,401,220,85,54,20,13,0,1,0,0,0,0,0,
[ 1569.969373] part5,3459,9500,7499,4966,2382,1042,563,250,176,88,36,21,14,1,7,0,1,0,0,0,
[ 1570.199665] (1)-2541	[[HDMI][AUDIOF]] Audio STS : FSM=5(CHECK), hbr=0/0, sample_cnt= 24642, hbr_sample_cnt=0, fifo_ov=0, type=2(LPCM), ch_mode=0, ch_num=2, acr_freq=48000, wait_acr_cnt=1
[ 1570.968587] part1,582,2905,3958,3733,2204,1283,898,464,347,166,129,76,80,44,15,8,9,7,2,2,
[ 1570.977138] part2,1579,7988,6085,3007,1889,1010,729,345,248,99,64,29,18,6,1,1,1,0,1,0,
[ 1570.985395] part3,9206,22617,15294,7836,4167,2034,959,419,243,113,72,32,32,5,5,4,3,0,1,1,
[ 1570.993918] part4,9598,24223,16308,9117,4627,2009,836,410,220,82,43,22,14,9,3,1,0,0,0,0,
[ 1571.002363] part5,4116,10067,7730,4571,2132,975,541,278,169,48,28,11,8,6,2,0,1,0,0,0,
[ 1572.001971] part1,385,2409,5196,4342,2808,1492,921,469,291,161,89,68,41,28,11,6,6,2,3,5,
[ 1572.010438] part2,1956,8858,7253,3589,2309,1236,880,491,336,149,95,49,28,12,5,3,0,1,0,0,
[ 1572.018871] part3,9997,24615,16474,8907,4725,2248,1102,523,345,145,86,37,43,13,7,3,5,3,1,0,
[ 1572.027576] part4,9406,23774,16622,8915,4443,1964,973,402,197,77,50,18,13,6,7,1,2,0,0,0,
[ 1572.036021] part5,4256,9764,7915,4130,1950,972,427,192,87,36,22,22,16,4,3,0,1,1,0,0,
[ 1573.035287] part1,1609,9477,12455,5505,3261,2019,1057,552,340,142,114,94,74,51,54,35,24,19,6,6,
[ 1573.044364] part2,3493,12212,9617,4920,2902,1475,959,447,311,180,116,67,78,26,34,8,2,4,3,4,
[ 1573.053061] part3,4954,12946,8879,4421,2261,1007,445,206,122,71,35,25,6,10,8,2,0,0,0,0,
[ 1573.061416] part4,6746,14642,8717,4302,2517,1090,671,306,170,77,51,30,25,14,10,3,4,2,1,1,
[ 1573.069948] part5,2275,7781,8272,4530,2891,1259,544,262,142,74,38,25,19,10,6,4,3,1,3,3,
[ 1574.068704] part1,1563,9282,12509,5675,2941,2047,974,431,226,134,94,60,71,32,27,17,16,5,3,2,
[ 1574.077510] part2,3479,11686,9362,4978,2903,1528,917,489,285,151,89,58,89,45,63,24,14,4,4,3,
[ 1574.086302] part3,5074,12703,8811,4030,2096,842,450,217,125,60,46,16,16,2,4,0,0,0,0,0,
[ 1574.094574] part4,6731,15161,9222,4144,2274,939,512,246,126,75,42,34,26,10,7,6,3,0,5,2,
[ 1574.102933] part5,2213,7651,7465,4166,2579,1119,551,254,135,86,41,20,19,11,11,4,3,2,5,2,
[ 1575.101965] part1,1534,8644,12413,5808,2923,1737,1025,465,224,96,81,48,39,20,40,14,5,2,2,1,
[ 1575.110686] part2,3555,11999,10056,5248,3120,1603,978,544,278,139,79,65,39,20,9,5,7,1,2,7,
[ 1575.119306] part3,4896,12356,8714,3991,2163,890,471,210,137,51,33,7,6,3,2,1,0,0,0,0,
[ 1575.127401] part4,5913,13642,8455,3906,2229,969,528,235,130,68,36,25,19,10,9,4,5,3,6,9,
[ 1575.135744] part5,2578,8369,7671,4080,2572,1021,476,249,134,66,39,21,19,7,6,4,5,2,5,1,
[ 1576.135347] part1,1327,8134,11740,5847,2784,1578,914,370,180,68,49,32,28,13,14,4,2,0,0,0,
[ 1576.143910] part2,3137,11315,9665,5199,3132,1555,998,498,301,136,165,62,93,53,91,31,40,7,4,4,
[ 1576.152790] part3,4816,12464,8672,4023,2227,931,511,230,144,57,36,10,8,4,1,2,0,0,0,0,
[ 1576.160965] part4,5908,14518,8966,4270,2597,1088,561,242,151,71,44,33,16,14,3,4,1,2,2,2,
[ 1576.169398] part5,2755,8322,7158,3788,2528,1085,551,223,127,61,68,20,15,14,10,6,3,2,6,2,
[ 1577.168664] part1,2712,11287,9481,5280,3055,1437,786,351,241,88,62,16,14,4,3,1,0,0,0,0,
[ 1577.177046] part2,11724,21136,11537,6373,3145,1357,603,274,138,67,27,17,12,4,1,2,0,0,0,0,
[ 1577.185571] part3,19255,26306,10792,4423,1658,733,357,166,81,33,18,9,4,1,1,0,0,0,0,0,
[ 1577.193741] part4,6514,11211,5030,2330,995,429,179,81,41,30,14,8,6,3,6,3,1,1,0,0,
[ 1577.201573] part5,2441,6098,3749,1962,842,364,188,95,58,32,25,15,13,4,5,2,2,0,1,0,
[ 1578.189601] (0)-2539	[[HDMI][PWR][WARN]] PWR_STS : FG_HDMI=1, P0/P1/P2/P3(active,fsm,vs_cnt,pol,int) =  P0(0,PS_OFF,0,0,0)/P1(0,PS_OFF,0,0,0)/P2(0,PS_OFF,0,0,0)/P3(1,PS_OFF,29602,1,0)
[ 1578.206801] (0)-2539	part1,2668,11449,9581,5264,3005,1423,792,314,215,80,47,25,22,8,0,0,1,0,0,0,
[ 1578.206831] (0)-2539	part2,11149,20946,11987,6482,3077,1320,542,253,115,57,32,14,11,7,2,3,0,0,0,0,
[ 1578.206858] (0)-2539	part3,18680,25455,10401,4283,1584,668,286,157,76,27,15,3,4,1,0,1,0,0,0,0,
[ 1578.206884] (0)-2539	part4,6449,11185,4950,2196,1039,384,162,70,39,32,21,5,9,1,1,1,1,1,0,0,
[ 1578.206910] (0)-2539	part5,1611,4893,3290,1826,853,362,199,89,77,31,19,10,13,10,10,6,4,0,3,0,
[ 1579.202027] part1,2642,
[ 1579.204357] (3)-0000	12174,9790,5128,3026,1295,739,297,152,70,27,9,9,11,4,0,0,0,0,0,
[ 1579.212615] part2,9965,19645,11098,5937,2945,1152,546,235,111,51,27,12,7,2,2,1,0,0,0,0,
[ 1579.220978] part3,17722,23729,9459,3842,1394,483,277,150,66,16,11,4,1,1,0,0,0,0,0,0,
[ 1579.229061] part4,5406,10240,4890,2052,926,376,134,55,16,11,9,4,3,2,1,0,0,1,1,0,
[ 1579.236810] part5,1535,4808,3359,1763,853,357,204,92,74,31,13,11,9,5,7,3,4,1,0,0,
[ 1580.235370] part1,2456,11710,9487,4769,2719,1128,565,240,146,50,37,11,8,6,2,2,0,0,0,0,
[ 1580.243649] part2,8790,17921,10597,5608,2737,1099,503,218,94,48,24,18,6,1,4,1,0,0,0,0,
[ 1580.251921] part3,16547,22510,8650,3298,1201,434,177,96,48,18,5,4,2,2,0,0,0,0,0,0,
[ 1580.259834] part4,5203,9837,4291,1946,941,387,177,71,57,33,18,11,7,4,3,3,1,0,0,0,
[ 1580.267662] part5,1388,4648,3142,1659,924,416,259,125,88,44,14,5,10,4,2,3,1,1,0,1,
[ 1581.268713] part1,207,1094,2577,3050,2621,1333,1046,546,555,332,240,105,63,42,29,5,12,5,1,0,
[ 1581.277516] part2,1535,8371,8132,5530,3624,1887,1185,499,305,151,99,42,28,14,3,2,5,2,1,1,
[ 1581.286047] part3,5547,15282,8966,4324,1974,838,360,135,58,32,14,5,7,1,3,2,0,0,0,0,
[ 1581.294053] part4,5318,18554,12800,6764,3803,1810,881,394,219,99,71,49,26,15,11,9,4,2,0,1,
[ 1581.302661] part5,1699,7602,7785,5180,3148,1635,1063,518,344,195,183,76,55,17,11,3,3,0,3,3,
[ 1582.302051] part1,192,1213,2735,3206,2626,1319,967,558,567,303,246,89,77,47,28,7,2,2,0,2,
[ 1582.310603] part2,1401,8343,8078,5328,3648,1881,1042,509,259,102,70,27,10,4,3,1,1,1,0,0,
[ 1582.319043] part3,5377,15124,8543,4217,1846,809,341,124,54,16,11,7,7,3,4,1,1,0,0,0,
[ 1582.327048] part4,5401,18238,12704,6578,3554,1716,853,375,186,94,76,32,22,15,13,11,5,4,1,0,
[ 1582.335744] part5,1811,7619,7876,5088,3122,1553,1009,483,328,184,151,104,50,13,7,3,1,2,0,4,
[ 1582.799490] (3)-2541	[[HDMI][AUDIOF]] Audio STS : FSM=5(CHECK), hbr=0/0, sample_cnt= 25243, hbr_sample_cnt=0, fifo_ov=0, type=2(LPCM), ch_mode=0, ch_num=2, acr_freq=48000, wait_acr_cnt=1
[ 1583.352080] part1,179,1127,2722,3205,2503,1262,979,555,496,317,221,76,72,42,19,3,3,0,0,0,
[ 1583.360623] part2,1357,7966,7786,5170,3459,1859,1007,417,253,123,67,35,17,12,5,3,1,0,1,0,
[ 1583.369133] part3,4346,12922,8179,3789,1771,783,346,122,61,15,6,9,7,4,1,1,1,0,2,0,
[ 1583.377045] part4,4535,16622,11704,6313,3531,1619,780,422,211,101,53,27,23,12,16,9,10,5,2,2,
[ 1583.385844] part5,1709,7402,7735,5044,2960,1495,954,517,300,163,145,66,52,15,5,2,0,0,2,4,
[ 1584.385412] part1,591,1520,1504,1050,787,445,379,203,186,84,61,25,18,3,1,0,0,0,0,0,
[ 1584.393432] part2,6547,10485,5879,2676,1377,554,282,116,61,20,10,12,10,6,1,0,0,0,0,0,
[ 1584.401613] part3,8739,10759,4276,1783,760,343,147,67,36,13,4,3,2,2,1,0,0,0,0,0,
[ 1584.409357] part4,5714,8781,4515,1981,1141,429,170,55,36,18,4,3,1,0,0,0,0,0,0,0,
[ 1584.417099] part5,917,2109,1971,1113,627,267,196,74,66,22,39,12,7,0,0,0,0,0,0,0,
[ 1585.418826] part1,693,1763,1588,1085,838,481,365,192,177,101,105,22,28,7,1,0,0,0,0,0,
[ 1585.427024] part2,7186,11015,6608,2939,1495,592,310,132,61,26,19,20,13,5,4,1,0,0,0,0,
[ 1585.435214] part3,11193,13185,5534,2287,905,323,148,79,35,17,12,4,2,2,1,1,0,0,0,0,
[ 1585.443137] part4,6343,9293,5102,2400,1248,607,239,87,47,19,9,2,2,0,0,0,0,0,0,0,
[ 1585.450871] part5,1418,2969,2477,1442,1146,547,390,147,151,42,46,15,12,1,0,0,0,0,0,0,
[ 1586.452109] part1,629,1472,1515,1011,947,470,461,279,243,114,104,51,38,6,3,1,0,0,0,0,
[ 1586.460316] part2,6017,9489,5487,2708,1388,635,398,184,109,40,31,17,26,9,8,4,0,0,0,0,
[ 1586.468501] part3,10701,13040,5213,2140,817,387,190,87,47,16,13,6,9,5,4,3,1,0,0,0,
[ 1586.476420] part4,5997,9326,4899,2090,1240,486,189,67,43,18,9,3,1,2,0,0,0,0,0,0,
[ 1586.484149] part5,770,2016,1992,1154,595,247,209,96,107,47,29,15,5,1,0,0,0,0,0,0,
[ 1587.485513] part1,690,1783,1830,1131,969,514,439,231,192,90,91,33,19,6,3,1,0,0,0,0,
[ 1587.493562] part2,6564,10143,6154,2921,1522,681,388,199,106,39,25,14,13,8,3,3,0,0,0,0,
[ 1587.501831] part3,11916,13595,5687,2272,891,425,179,87,44,22,15,5,6,1,1,0,0,1,0,0,
[ 1587.509745] part4,6867,9944,5117,2305,1332,513,241,71,51,24,14,6,0,1,0,1,0,0,0,0,
[ 1587.517562] part5,964,2368,2219,1190,655,285,207,128,78,38,22,17,13,8,0,0,0,0,0,0,
[ 1588.518776] part1,551,2496,3466,2419,1746,943,575,285,212,117,72,43,22,12,14,7,1,6,3,4,
[ 1588.527155] part2,1964,7529,5803,3426,2191,1199,716,343,195,89,49,23,11,3,1,0,2,1,0,5,
[ 1588.535416] part3,2882,8890,6539,3447,2082,1114,703,309,171,76,31,16,8,5,3,3,2,0,0,0,
[ 1588.543589] part4,4234,10772,8181,5034,2761,1269,610,206,84,58,29,15,5,6,5,4,2,1,0,1,
[ 1588.551767] part5,1157,5898,4128,1850,1006,491,308,146,106,63,45,35,8,11,3,1,3,4,0,2,
[ 1588.809629] (1)-2539	[[HDMI][PWR][WARN]] PWR_STS : FG_HDMI=1, P0/P1/P2/P3(active,fsm,vs_cnt,pol,int) =  P0(0,PS_OFF,0,0,0)/P1(0,PS_OFF,0,0,0)/P2(0,PS_OFF,0,0,0)/P3(1,PS_OFF,30184,1,0)
[ 1589.552151] part1,783,3330,4077,2551,1824,992,539,280,199,141,56,36,22,24,17,11,2,2,0,5,
[ 1589.560622] part2,1674,6483,5101,3029,1952,1039,631,350,182,71,50,17,7,2,4,3,3,1,1,3,
[ 1589.568796] part3,3161,9001,6672,3368,1919,1048,611,275,145,54,21,12,5,1,3,0,0,0,0,0,
[ 1589.576966] part4,4560,11605,8093,4903,2602,1202,582,197,110,42,16,9,4,6,3,1,3,2,1,0,
[ 1589.585142] part5,1049,5618,4173,1767,970,446,304,159,103,63,49,25,26,10,6,5,2,2,0,1,
[ 1590.585477] part1,202,1360,2570,2345,1867,1023,587,261,210,84,57,40,26,12,5,8,5,3,1,1,
[ 1590.593761] part2,1667,5793,4389,2460,1768,1022,633,324,181,81,37,18,14,2,4,6,3,4,3,2,
[ 1590.602013] part3,2383,6643,5212,3018,1710,935,562,259,131,48,16,6,2,2,2,2,0,1,1,1,
[ 1590.610013] part4,4497,12272,8318,4933,2711,1250,578,195,92,38,24,11,4,4,2,3,1,1,1,0,
[ 1590.618203] part5,934,5130,4303,1878,1023,548,331,157,114,69,48,37,16,3,12,4,5,1,2,2,
[ 1591.618861] part1,133,905,1727,1530,1370,707,356,167,88,65,67,16,15,9,4,4,1,1,4,3,
[ 1591.626791] part2,1864,6348,4966,2693,1741,978,616,283,180,77,28,8,3,8,2,2,0,0,0,0,
[ 1591.634782] part3,2741,7012,5751,3005,1757,894,556,228,97,36,14,11,2,2,0,0,0,0,0,0,
[ 1591.642796] part4,4413,12137,8726,4725,2540,1347,597,225,95,35,23,20,8,3,4,1,2,0,0,0,
[ 1591.650968] part5,871,4447,3762,1726,964,520,271,169,110,57,57,36,23,11,7,8,5,0,1,2,
[ 1592.652211] part1,4165,7312,4486,1701,678,366,163,69,47,26,18,7,2,3,4,4,4,1,0,1,
[ 1592.659968] part2,4532,8781,4885,2202,1002,430,206,104,73,46,27,43,26,7,3,2,1,0,0,1,
[ 1592.668067] part3,6600,14862,8073,2820,1249,522,288,120,85,47,29,28,15,10,5,6,2,0,1,0,
[ 1592.676337] part4,4078,9358,6869,2030,816,386,201,89,73,30,10,6,6,2,6,1,0,0,0,0,
[ 1592.684069] part5,3703,5904,4161,2346,818,379,172,90,57,29,25,17,9,3,6,0,1,0,0,1,
[ 1593.685522] part1,4130,7032,4365,1711,686,329,124,58,43,23,16,13,4,2,4,4,1,1,2,3,
[ 1593.693374] part2,4469,8744,4614,2153,1042,405,192,102,66,45,29,43,26,7,4,2,2,0,0,1,
[ 1593.701470] part3,6546,14246,8029,2737,1114,442,269,118,63,43,36,16,15,8,7,0,1,1,1,0,
[ 1593.709656] part4,4085,9226,6685,1919,724,343,164,93,57,26,15,14,8,4,2,0,1,0,0,1,
[ 1593.717480] part5,3914,5686,4023,2290,761,371,177,70,56,25,27,15,7,3,4,5,2,0,0,0,
[ 1594.718854] part1,3754,6765,4126,1631,646,333,137,64,36,19,17,7,11,3,3,3,2,1,0,1,
[ 1594.726704] part2,4379,8605,4440,2070,941,448,169,110,47,47,20,37,20,5,0,5,2,1,1,2,
[ 1594.734718] part3,6502,14338,7794,2679,1117,487,289,136,70,47,24,18,21,10,11,5,4,1,2,0,
[ 1594.743067] part4,4110,9220,6149,1802,725,367,156,92,56,35,21,9,5,2,0,0,0,0,0,0,
[ 1594.750796] part5,3643,5702,3979,2134,783,333,162,108,46,21,20,14,14,2,2,3,1,2,0,0,
[ 1595.489474] (1)-2541	[[HDMI][AUDIOF]] Audio STS : FSM=5(CHECK), hbr=0/0, sample_cnt= 25844, hbr_sample_cnt=0, fifo_ov=0, type=2(LPCM), ch_mode=0, ch_num=2, acr_freq=48000, wait_acr_cnt=1
[ 1595.752196] part1,3701,6638,4154,1493,657,317,139,71,42,22,14,10,5,3,3,4,0,5,1,2,
[ 1595.760047] part2,4275,8231,4523,1964,908,403,192,84,62,39,22,31,24,12,2,6,6,3,1,0,
[ 1595.768048] part3,6337,14118,7551,2634,1115,466,295,111,85,42,23,19,18,5,7,5,4,1,0,3,
[ 1595.776222] part4,4065,9022,5996,1773,797,332,205,93,51,31,17,10,4,4,1,1,0,0,1,0,
[ 1595.784041] part5,3368,5559,4092,2190,703,381,169,89,42,34,16,12,11,1,3,3,2,1,0,0,
[ 1596.785566] part1,3479,6276,4150,1529,654,337,156,63,35,20,13,14,5,3,4,4,4,1,1,1,
[ 1596.793426] part2,3992,7972,4415,1972,914,407,204,101,56,45,15,36,26,13,3,3,0,3,0,0,
[ 1596.801514] part3,6213,14416,7745,2588,1162,530,282,125,81,51,35,17,10,8,2,3,3,1,3,0,
[ 1596.809681] part4,3794,8830,5854,1833,780,342,167,98,59,31,13,10,3,3,0,0,1,0,0,1,
[ 1596.817518] part5,3104,5491,4102,2211,743,378,180,116,53,39,15,6,8,5,3,1,2,1,0,1,
[ 1597.818942] part1,3511,6307,3965,1410,681,292,146,56,30,19,10,9,4,4,2,4,2,1,0,3,
[ 1597.826714] part2,4095,7933,4320,1871,891,404,196,108,59,54,12,28,18,9,2,2,2,1,3,3,
[ 1597.834713] part3,6230,13723,7199,2501,1073,516,285,129,74,59,45,30,11,6,8,4,1,2,2,1,
[ 1597.842886] part4,3872,8718,5600,1744,714,320,168,95,50,22,13,6,5,2,1,0,0,0,1,0,
[ 1597.850631] part5,3213,5484,3867,2140,687,342,158,107,46,27,20,5,8,3,5,2,1,0,0,0,
[ 1598.852293] part1,543,3140,3561,1999,1084,550,339,158,87,42,36,14,13,5,3,2,1,1,0,4,
[ 1598.860342] part2,3579,7780,4180,1764,774,392,175,81,49,7,15,8,7,4,6,1,0,1,1,2,
[ 1598.867985] part3,4934,8846,3940,1772,827,379,223,106,42,23,7,6,5,7,2,2,0,0,0,0,
[ 1598.875730] part4,8601,13848,7731,4471,2184,844,306,181,121,42,23,16,8,3,3,5,2,3,1,1,
[ 1598.883906] part5,8363,15759,11694,4645,1801,710,446,252,169,91,80,35,12,7,2,3,5,2,1,1,
[ 1599.229617] (2)-2539	[[HDMI][PWR][WARN]] PWR_STS : FG_HDMI=1, P0/P1/P2/P3(active,fsm,vs_cnt,pol,int) =  P0(0,PS_OFF,0,0,0)/P1(0,PS_OFF,0,0,0)/P2(0,PS_OFF,0,0,0)/P3(1,PS_OFF,30766,1,0)
[ 1599.885642] part1,557,3210,3630,2042,1128,653,311,154,90,46,27,22,13,7,1,4,0,0,1,2,
[ 1599.893668] part2,3641,7845,4217,1801,792,360,185,75,47,11,16,9,6,1,6,2,1,2,3,2,
[ 1599.901408] part3,4997,9161,3980,1848,819,398,203,88,50,32,7,6,4,5,0,2,0,0,0,0,
[ 1599.909069] part4,8593,13688,7740,4594,2172,905,344,163,93,42,18,13,9,7,1,2,3,1,0,0,
[ 1599.917160] part5,8614,16182,11636,4761,1882,710,449,239,174,90,69,34,17,8,2,1,9,1,0,0,
[ 1600.918913] part1,655,3486,3875,2119,1232,633,329,165,91,61,36,13,15,5,3,3,2,1,1,1,
[ 1600.926935] part2,3832,8195,4447,1916,845,423,192,100,48,20,12,14,6,3,3,4,0,0,1,2,
[ 1600.934847] part3,5044,9181,4068,1849,812,413,248,97,57,26,12,6,5,4,4,3,0,0,0,0,
[ 1600.942590] part4,8629,13796,7635,4714,2128,900,343,129,66,32,16,8,9,4,5,3,3,1,1,1,
[ 1600.950589] part5,8665,16341,11801,4851,1814,711,464,216,161,107,69,37,11,8,4,6,3,0,0,0,
[ 1601.952267] part1,598,3390,3694,2074,1171,659,336,153,99,49,43,15,16,3,5,4,0,2,1,0,
[ 1601.960280] part2,3828,8103,4372,1847,814,430,198,94,44,23,15,8,10,3,6,1,0,1,1,2,
[ 1601.968110] part3,4989,9259,4059,1922,867,409,212,97,46,28,13,6,7,7,6,1,1,1,0,0,
[ 1601.975861] part4,8671,13563,7589,4644,2166,912,330,152,73,56,26,15,9,6,2,1,2,2,0,0,
[ 1601.983944] part5,8721,16368,11891,4849,1834,767,468,238,174,100,71,27,18,12,6,2,3,0,0,0,
[ 1602.985615] part1,599,3316,3795,2148,1218,630,365,169,94,59,40,22,15,7,3,0,3,0,1,4,
[ 1602.993639] part2,3842,8156,4409,1914,828,433,186,100,58,19,15,9,11,1,3,0,0,1,0,3,
[ 1603.001563] part3,4989,9331,4157,1879,829,423,210,86,54,27,15,8,1,7,3,1,0,0,0,0,
[ 1603.009302] part4,8759,13714,7855,4632,2222,940,347,154,84,31,27,13,11,5,3,7,2,2,2,0,
[ 1603.017472] part5,8671,16396,11976,4812,1827,766,493,234,164,93,70,31,13,8,2,8,4,0,0,0,
[ 1604.018944] part1,619,3400,3834,2158,1206,623,324,176,106,61,38,16,15,6,5,2,1,0,1,1,
[ 1604.027070] part2,3944,8348,4597,1971,855,472,201,114,49,23,14,4,17,3,5,2,4,2,1,2,
[ 1604.034995] part3,5173,9337,4246,1890,884,423,209,99,49,31,17,8,8,5,3,3,1,0,0,0,
[ 1604.042739] part4,8766,13590,7745,4626,2137,929,335,150,80,37,17,13,6,4,5,3,4,1,0,0,
[ 1604.050827] part5,8649,16395,11901,4775,1869,745,478,232,157,95,62,36,15,7,3,7,1,0,0,1,
[ 1605.052316] part1,916,7984,14191,2903,1351,760,376,168,113,71,35,18,17,6,8,2,4,1,1,1,
[ 1605.060534] part2,8857,24279,17942,5855,2817,1246,606,303,141,72,53,21,11,6,6,1,0,0,0,0,
[ 1605.068969] part3,7177,19540,9424,4152,2261,1061,507,219,101,43,27,20,8,3,3,2,1,0,0,0,
[ 1605.077230] part4,4378,17605,13127,4801,2202,1085,632,338,130,32,8,4,3,0,0,0,0,0,0,0,
[ 1605.085404] part5,1170,5985,7103,3610,1988,892,457,218,143,62,31,19,10,6,6,1,1,1,0,1,
[ 1606.085705] part1,863,7880,14223,2851,1351,735,348,168,93,55,30,25,14,10,7,2,2,4,0,0,
[ 1606.093921] part2,8721,24142,17675,5762,2800,1220,577,281,131,96,45,22,16,5,4,1,0,1,0,0,
[ 1606.102359] part3,7327,19791,9473,4208,2308,1052,481,230,81,40,26,16,3,4,3,0,1,0,0,0,
5279	9,(2)-5279	6,(2)-5279	0,(2)-5279	1,(2)-5279	0,(2)-5279	0,(2)-5279	0,(2)-5279	0,(2)-5279	0,(2)-5279	0,(2)-5279	
5279	26,(2)-5279	22,(2)-5279	15,(2)-5279	7,(2)-5279	3,(2)-5279	0,(2)-5279	1,(2)-5279	0,(2)-5279	1,(2)-5279	1,(2)-5279	
[ 1607.102340] part1,912,8009,14310,2873,1308,733,349,171,127,55,32,18,13,7,8,4,3,1,0,2,
[ 1607.110540] part2,9129,24550,17629,5638,2726,1202,579,277,140,73,46,30,12,5,8,1,0,0,0,0,
[ 1607.118991] part3,7536,19999,9457,4179,2224,1035,444,232,110,44,37,13,3,0,2,1,1,0,0,0,
[ 1607.127254] part4,4554,17973,13143,4707,2172,1094,667,329,128,33,14,7,2,1,0,0,0,0,0,0,
[ 1607.135513] part5,1242,6219,7362,3671,2036,941,488,258,134,60,34,21,11,5,7,0,1,0,0,1,
[ 1607.809558] (0)-2541	[[HDMI][AUDIOF]] Audio STS : FSM=5(CHECK), hbr=0/0, sample_cnt= 26445, hbr_sample_cnt=0, fifo_ov=0, type=2(LPCM), ch_mode=0, ch_num=2, acr_freq=48000, wait_acr_cnt=1
[ 1608.135683] part1,867,7823,13995,2902,1346,718,364,189,92,64,31,19,17,8,7,6,2,1,2,0,
[ 1608.143806] part2,8499,24267,17590,5733,2869,1300,582,248,152,71,42,26,16,12,8,1,0,0,0,0,
[ 1608.152331] part3,7049,18942,9399,4288,2277,1058,445,224,117,49,35,14,9,2,3,0,0,0,0,0,
[ 1608.160595] part4,3951,16724,12151,4349,1966,993,563,288,113,28,10,2,0,1,0,0,0,0,0,0,
[ 1608.168770] part5,1145,5695,6921,3349,1912,838,429,211,126,64,30,24,14,6,1,2,1,1,0,2,
[ 1609.169001] part1,19668,29726,12316,5022,2044,960,434,244,133,58,38,24,11,11,7,3,2,0,3,1,
[ 1609.177556] part2,24051,26550,9381,3482,1335,618,280,110,64,29,20,11,4,3,1,2,0,0,0,0,
[ 1609.185735] part3,15574,15773,6025,2388,969,439,201,96,57,21,18,10,6,3,6,2,8,1,4,1,
[ 1609.193732] part4,14303,17757,7744,3687,1490,671,328,194,103,51,42,20,14,11,2,2,2,0,2,1,
[ 1609.202172] part5,4514,5824,2654,1397,611,293,169,103,69,36,28,15,8,2,3,2,0,0,0,1,
[ 1609.579508] (1)-2539	[[HDMI][PWR][WARN]] PWR_STS : FG_HDMI=1, P0/P1/P2/P3(active,fsm,vs_cnt,pol,int) =  P0(0,PS_OFF,0,0,0)/P1(0,PS_OFF,0,0,0)/P2(0,PS_OFF,0,0,0)/P3(1,PS_OFF,31362,1,0)
[ 1610.202353] part1,19882,29776,12365,4991,2152,970,400,226,139,75,31,23,12,7,8,0,3,1,2,3,
[ 1610.210819] part2,24063,26655,9355,3540,1333,600,272,132,51,30,18,11,7,2,1,1,0,0,0,0,
[ 1610.218986] part3,15439,16305,6365,2423,1063,431,190,94,53,20,9,4,4,1,3,1,1,1,1,2,
[ 1610.226905] part4,14078,17564,7801,3690,1554,707,293,200,114,46,30,22,6,9,7,2,4,2,0,2,
[ 1610.235172] part5,4431,5833,2702,1485,655,352,188,109,66,36,30,17,13,7,1,1,7,3,0,5,
[ 1611.235702] part1,19597,29455,12360,5024,2075,930,447,207,134,65,40,27,8,9,2,3,0,3,0,5,
[ 1611.244075] part2,23561,26245,9185,3409,1350,608,259,133,63,24,20,13,8,1,0,1,0,0,0,0,
[ 1611.252245] part3,14962,15340,6053,2373,1061,420,215,110,69,15,15,9,6,0,3,2,1,0,1,4,
[ 1611.260338] part4,14041,17348,8062,3776,1552,634,309,169,132,53,53,39,22,7,10,15,7,2,5,9,
[ 1611.268865] part5,4394,5753,2736,1398,631,288,201,102,67,46,27,15,12,5,2,7,2,2,1,3,
[ 1612.269028] part1,19440,29301,12145,4925,2088,986,441,218,152,76,35,21,9,11,10,2,2,1,2,0,
[ 1612.277576] part2,23115,25748,9003,3393,1328,584,261,113,62,26,34,13,6,2,4,1,0,1,1,0,
[ 1612.285747] part3,14629,15154,5706,2263,984,405,198,115,54,24,8,8,3,1,1,2,0,0,1,3,
[ 1612.293670] part4,13407,16599,7478,3376,1393,580,270,174,115,53,47,23,21,14,12,8,7,1,2,2,
[ 1612.302195] part5,4453,5595,2457,1257,598,278,172,117,55,36,30,21,7,7,5,2,4,1,2,1,
[ 1613.302381] part1,6969,18637,10971,6482,2486,815,396,222,101,70,44,21,11,7,11,1,0,2,0,0,
[ 1613.310829] part2,5704,13719,7389,3416,1915,854,236,137,66,35,20,7,5,0,4,3,1,0,0,1,
[ 1613.318833] part3,7249,19602,10271,5237,2604,1141,523,276,121,39,25,13,8,9,7,1,2,2,2,0,
[ 1613.327187] part4,1302,6381,8461,2953,1722,1276,753,569,220,103,83,65,35,23,26,18,10,9,6,6,
[ 1613.335883] part5,2258,6724,8329,5779,2526,1162,673,314,235,114,38,22,21,14,5,1,1,0,0,0,
[ 1614.335725] part1,7023,18719,11087,6392,2454,783,419,180,90,73,44,24,8,14,8,3,1,0,1,0,
[ 1614.344007] part2,5831,13933,7302,3419,1926,839,261,144,74,30,14,10,3,3,3,1,3,0,0,0,
[ 1614.352100] part3,7478,19772,10390,5106,2713,1138,517,239,96,28,33,15,11,7,4,3,2,0,2,3,
[ 1614.360459] part4,1179,6621,8333,2983,1741,1238,722,536,273,106,90,69,36,22,24,15,9,7,5,8,
[ 1614.369068] part5,2421,6696,8356,5779,2580,1121,696,315,231,98,43,27,17,9,4,1,0,0,0,0,
[ 1615.369091] part1,7296,19121,11536,6633,2593,834,443,203,97,57,41,17,10,12,7,3,2,0,0,0,
[ 1615.377472] part2,5787,13651,7273,3386,1969,878,256,153,73,38,20,11,5,2,3,2,2,0,0,1,
[ 1615.385570] part3,7440,19514,10923,5056,2671,1099,525,223,106,37,24,21,14,4,3,4,3,1,2,0,
[ 1615.394009] part4,1202,6497,8525,2923,1702,1260,748,528,278,100,93,56,49,22,25,23,9,7,3,8,
[ 1615.402622] part5,2310,6774,8514,5728,2563,1199,681,290,244,102,42,27,14,14,3,1,1,0,0,0,
[ 1616.402418] part1,7163,18853,11364,6646,2571,881,432,195,100,58,44,17,13,9,8,4,1,0,1,0,
[ 1616.410804] part2,5680,13671,7261,3364,1935,901,248,134,69,40,19,8,1,2,4,1,2,1,0,1,
[ 1616.418809] part3,7525,19658,10760,5087,2703,1145,521,232,114,41,24,18,9,6,4,2,3,5,1,2,
[ 1616.427154] part4,1251,6601,8393,3013,1656,1265,721,534,288,102,94,67,40,28,26,15,10,7,3,7,
[ 1616.435849] part5,2313,6660,8470,5723,2567,1186,684,300,220,103,42,23,23,9,4,0,1,0,0,0,
[ 1617.435768] part1,271,1568,1857,1278,728,497,353,153,117,79,43,11,10,4,2,1,1,1,0,0,
[ 1617.443801] part2,1415,7494,4079,1522,965,488,293,159,82,28,29,16,11,3,3,1,0,0,0,0,
[ 1617.451801] part3,4561,11689,6271,2916,1737,1143,667,292,172,110,84,30,46,19,17,10,4,4,2,0,
[ 1617.460504] part4,2462,6190,4431,2264,1243,477,170,107,66,39,19,9,12,4,2,2,2,0,0,0,
[ 1617.468513] part5,353,1257,1144,786,466,315,199,104,64,41,26,19,14,11,5,1,1,1,1,2,
[ 1618.469200] part1,342,1682,2001,1375,750,548,364,206,169,88,55,28,24,15,9,5,3,0,1,1,
[ 1618.477312] part2,1544,7867,4335,1643,1013,503,282,172,108,39,23,22,7,6,3,3,1,0,0,0,
[ 1618.485397] part3,4852,12315,6698,3135,1735,1293,694,346,210,119,85,42,34,20,11,2,5,3,4,1,
[ 1618.493996] part4,2698,6367,4404,2327,1266,486,172,111,83,47,26,9,5,4,3,3,4,2,0,0,
[ 1618.501919] part5,429,1420,1280,875,507,338,196,121,74,58,36,16,11,10,10,2,0,2,1,3,
[ 1619.502477] part1,325,1672,2000,1467,829,498,359,166,141,83,54,26,16,5,4,1,0,0,1,0,
[ 1619.510497] part2,1654,7958,4339,1880,995,505,284,172,93,40,34,25,9,4,4,3,0,0,1,0,
[ 1619.518408] part3,5116,12042,6531,3276,1802,1294,717,333,216,117,78,45,40,15,11,6,4,3,2,1,
[ 1619.527039] part4,2802,6443,4269,2310,1211,469,176,97,62,30,25,15,10,3,2,3,2,0,0,1,
[ 1619.535049] part5,438,1520,1303,893,510,311,217,124,82,53,48,26,17,7,2,5,3,1,1,0,
[ 1619.899541] (2)-2539	[[HDMI][PWR][WARN]] PWR_STS : FG_HDMI=1, P0/P1/P2/P3(active,fsm,vs_cnt,pol,int) =  P0(0,PS_OFF,0,0,0)/P1(0,PS_OFF,0,0,0)/P2(0,PS_OFF,0,0,0)/P3(1,PS_OFF,31950,1,0)
[ 1620.249468] (1)-2541	[[HDMI][AUDIOF]] Audio STS : FSM=5(CHECK), hbr=0/0, sample_cnt= 27046, hbr_sample_cnt=0, fifo_ov=0, type=2(LPCM), ch_mode=0, ch_num=2, acr_freq=48000, wait_acr_cnt=1
[ 1620.535796] part1,0,0,0,0,0,0,0,0,0,0,0,0,0,0,0,0,0,0,0,0,
[ 1620.541624] part2,
[ 1620.543481] (1)-0000	1,559,349,97,46,26,12,4,7,1,0,0,0,0,0,0,0,0,0,0,
[ 1620.550449] part3,3,835,746,165,26,11,8,4,1,2,0,0,0,0,0,0,0,0,0,0,
[ 1620.556971] part4,6,1070,1035,342,55,22,30,11,8,0,0,0,0,0,0,0,0,0,0,0,
[ 1620.563830] part5,4,90,133,33,6,0,1,0,0,0,0,0,0,0,0,0,0,0,0,0,

[END] 12/6/2019 3:55:15 PM
