[BEGIN] 12/6/2019 4:46:06 PM
[ 4684.169160] part1,0,0,0,0,0,0,0,0,0,0,0,0,0,0,0,0,0,0,0,0,
[ 4684.175010] part2,0,0,0,0,0,3,14,10,38,20,12,4,5,0,0,0,0,0,0,0,
[ 4684.181254] part3,0,0,0,0,3,7,31,74,87,46,44,8,4,0,0,0,0,0,0,0,
[ 4684.187510] part4,0,0,0,0,0,0,0,0,0,3,12,4,5,4,3,0,0,0,0,0,
[ 4684.193393] part5,0,0,0,0,7,2,8,66,203,77,75,9,7,3,0,0,0,0,0,0,
[ 4685.185827] part1,0,0,0,3,33,103,164,163,184,100,111,51,36,27,24,8,4,1,0,0,
[ 4685.193152] part2,0,0,1,25,261,781,1095,585,245,107,99,36,45,26,8,1,2,0,0,0,
[ 4685.200554] part3,0,0,0,30,320,602,554,471,224,85,52,38,45,22,16,6,3,4,2,2,
[ 4685.207856] part4,0,0,1,6,115,370,797,903,516,270,225,148,158,62,73,38,31,11,5,5,
[ 4685.215677] part5,0,0,0,1,3,44,167,171,180,109,103,37,49,50,95,77,52,15,6,19,
[ 4686.219165] part1,0,0,0,2,24,91,214,206,251,87,98,55,29,15,17,7,3,0,0,0,
[ 4686.226243] part2,0,0,1,39,215,652,1107,594,231,123,89,51,75,33,14,6,5,2,1,9,
[ 4686.233722] part3,0,0,1,19,173,220,182,205,227,170,132,45,66,31,51,20,13,7,3,7,
[ 4686.241371] part4,0,0,0,11,122,243,631,768,364,216,194,126,83,42,58,34,25,16,5,8,
[ 4686.249190] part5,0,0,0,0,5,32,81,131,123,78,74,46,104,79,94,47,60,17,22,17,
[ 4687.252537] part1,0,0,0,4,28,85,195,190,229,100,102,65,37,16,19,12,4,0,0,0,
[ 4687.259871] part2,0,0,0,29,244,650,1098,631,229,83,92,42,36,14,3,0,0,0,0,0,
[ 4687.267173] part3,0,0,2,38,257,662,615,513,393,190,150,77,70,60,43,22,37,17,10,7,
[ 4687.274995] part4,0,0,2,8,80,262,605,725,332,175,114,39,55,23,24,7,7,1,0,0,
[ 4687.282305] part5,0,0,1,0,3,22,111,158,151,104,138,70,115,90,105,81,79,27,41,22,
[ 4688.285853] part1,0,0,0,0,17,96,121,85,119,85,89,41,51,11,20,20,46,16,19,55,
[ 4688.293274] part2,0,0,0,0,5,211,250,35,7,2,9,2,1,0,0,0,0,0,0,2,
[ 4688.299518] part3,0,0,0,0,23,78,29,55,184,189,225,51,54,16,14,4,13,4,12,17,
[ 4688.306829] part4,0,0,0,0,0,0,11,34,65,80,183,56,58,30,62,18,14,12,13,3,
[ 4688.313868] part5,0,0,0,0,0,1,6,18,50,9,13,0,0,0,0,0,0,0,0,0,
[ 4688.571529] (1)-2539	[[HDMI][PWR][WARN]] PWR_STS : FG_HDMI=1, P0/P1/P2/P3(active,fsm,vs_cnt,pol,int) =  P0(0,PS_OFF,0,0,0)/P1(0,PS_OFF,0,0,0)/P2(0,PS_OFF,0,0,0)/P3(1,PS_OFF,207016,1,0)
[ 4689.319204] part1,0,1,1,3,47,349,388,163,118,107,100,31,8,6,10,5,21,3,20,24,
[ 4689.326621] part2,0,0,0,0,15,602,724,96,150,81,39,25,13,3,7,2,3,1,3,6,
[ 4689.333483] part3,0,0,0,7,122,804,195,117,208,200,176,38,36,16,26,12,19,7,5,12,
[ 4689.341139] part4,0,0,0,0,2,5,21,22,55,138,232,58,96,25,48,5,10,8,16,8,
[ 4689.348085] part5,0,0,0,0,0,2,19,22,49,31,31,15,30,8,0,0,0,0,0,0,
[ 4689.429506] (0)-2541	[[HDMI][AUDIOF]] Audio STS : FSM=5(CHECK), hbr=0/0, sample_cnt= 175991, hbr_sample_cnt=0, fifo_ov=0, type=2(LPCM), ch_mode=0, ch_num=2, acr_freq=48000, wait_acr_cnt=1
[ 4690.352547] part1,0,0,0,1,23,140,119,51,54,62,45,23,30,19,22,18,17,7,7,24,
[ 4690.359781] part2,0,0,0,0,13,424,559,71,114,69,40,16,8,3,0,0,1,0,0,0,
[ 4690.366554] part3,0,0,0,5,95,561,167,159,289,168,132,31,50,25,47,17,12,1,3,6,
[ 4690.374043] part4,0,0,0,0,0,5,23,26,90,123,246,86,79,31,44,12,17,10,14,7,
[ 4690.381165] part5,0,0,0,0,0,1,10,28,53,25,23,10,29,9,6,0,0,0,0,0,
[ 4691.385919] part1,0,0,1,5,51,253,281,109,174,121,115,45,42,6,13,8,18,6,16,15,
[ 4691.393413] part2,0,0,0,2,25,655,467,40,81,50,23,3,5,0,2,0,2,0,3,0,
[ 4691.400018] part3,0,0,1,4,66,489,188,119,210,197,120,17,40,19,41,16,14,6,1,2,
[ 4691.407499] part4,0,0,0,0,1,2,33,30,164,155,300,60,39,22,41,7,6,3,2,5,
[ 4691.414357] part5,0,0,0,0,2,3,28,24,49,47,43,24,18,5,6,0,0,0,0,0,
[ 4692.419225] part1,0,0,0,0,39,112,126,60,92,107,84,44,52,21,14,2,9,3,15,44,
[ 4692.426451] part2,0,0,0,1,30,413,573,110,159,86,58,23,18,2,4,2,7,2,10,14,
[ 4692.433587] part3,0,0,0,6,39,354,199,136,275,240,178,55,81,42,53,14,18,5,7,5,
[ 4692.441068] part4,0,0,0,0,0,9,28,28,168,172,280,74,38,14,17,6,1,1,2,0,
[ 4692.447924] part5,0,0,0,0,0,4,9,50,34,31,47,12,30,5,2,0,0,0,0,0,
[ 4693.452580] part1,0,1,4,5,84,442,356,133,138,84,84,36,23,12,7,3,3,4,13,34,
[ 4693.459815] part2,0,0,0,3,28,659,743,119,135,42,28,6,31,8,3,1,7,1,2,5,
[ 4693.466691] part3,0,0,0,3,180,704,215,161,198,214,227,57,52,18,35,12,12,12,5,14,
[ 4693.474428] part4,0,0,0,0,0,16,64,53,186,160,328,67,38,21,29,8,10,4,5,6,
[ 4693.481469] part5,0,0,0,0,1,8,20,32,43,38,27,13,23,12,1,0,0,0,0,0,
[ 4694.485921] part1,0,0,0,0,43,105,84,78,126,100,83,35,23,16,27,16,31,11,30,22,
[ 4694.493428] part2,0,0,0,1,11,428,451,22,49,30,20,8,19,9,1,0,0,0,0,2,
[ 4694.500124] part3,0,0,0,0,43,807,360,159,176,159,179,37,35,10,22,4,9,5,9,6,
[ 4694.507418] part4,0,0,0,0,1,7,35,26,37,72,241,62,74,28,60,19,22,14,16,8,
[ 4694.514466] part5,0,0,0,0,0,3,23,14,24,23,23,13,31,9,4,0,0,0,0,0,
[ 4695.519258] part1,0,0,1,7,65,293,270,118,246,142,48,26,22,11,21,5,7,5,9,15,
[ 4695.526589] part2,0,0,0,1,17,599,667,83,84,40,40,21,14,10,7,1,7,5,6,21,
[ 4695.533533] part3,0,0,0,1,128,653,191,214,270,233,163,45,23,11,24,12,26,4,9,3,
[ 4695.541091] part4,0,0,0,0,10,46,71,74,183,164,264,53,42,16,30,8,3,1,0,1,
[ 4695.548134] part5,0,0,0,0,0,10,17,41,25,30,44,23,26,5,4,0,0,0,0,0,
[ 4696.552611] part1,0,0,3,11,135,765,530,227,175,45,16,4,5,4,12,11,12,5,6,12,
[ 4696.559951] part2,0,0,0,0,58,782,758,87,58,38,36,10,13,3,4,1,1,2,5,8,
[ 4696.566722] part3,0,0,0,7,117,447,174,182,270,194,175,43,50,21,24,9,21,11,7,7,
[ 4696.574290] part4,0,0,0,0,1,18,82,66,176,175,261,39,34,11,21,6,7,3,0,0,
[ 4696.581254] part5,0,0,0,0,0,3,32,59,33,37,46,22,26,5,3,0,0,0,0,0,
[ 4697.585970] part1,0,0,0,0,7,662,1792,352,17,8,38,48,59,7,0,0,0,0,0,0,
[ 4697.592770] part2,0,0,0,1,1,158,884,405,62,4,10,5,19,5,0,0,0,0,0,0,
[ 4697.599371] part3,0,0,0,0,10,47,138,163,201,182,134,39,109,27,14,4,4,0,0,0,
[ 4697.606690] part4,0,0,1,0,10,30,60,122,223,125,143,81,69,31,36,7,5,2,5,3,
[ 4697.613810] part5,0,0,0,0,0,15,54,70,203,242,238,75,67,33,20,2,3,2,1,1,
[ 4698.619297] part1,0,0,0,0,20,750,1694,271,13,5,33,30,60,7,1,0,0,0,0,0,
[ 4698.626178] part2,0,0,0,1,5,114,333,108,22,12,29,17,10,0,2,0,1,1,0,0,
[ 4698.632958] part3,0,0,0,2,13,8,52,156,378,360,270,94,181,48,41,19,7,0,0,0,
[ 4698.640184] part4,0,0,0,0,6,24,77,233,368,205,223,108,124,35,43,12,14,4,6,8,
[ 4698.647572] part5,0,0,0,0,0,10,52,59,105,190,230,94,82,33,24,6,6,3,6,7,
[ 4698.889585] (2)-2539	[[HDMI][PWR][WARN]] PWR_STS : FG_HDMI=1, P0/P1/P2/P3(active,fsm,vs_cnt,pol,int) =  P0(0,PS_OFF,0,0,0)/P1(0,PS_OFF,0,0,0)/P2(0,PS_OFF,0,0,0)/P3(1,PS_OFF,207608,1,0)
[ 4699.652651] part1,0,0,0,0,1,4,254,231,46,9,10,7,1,0,0,0,0,0,0,0,
[ 4699.659001] part2,0,0,0,2,2,26,302,258,134,166,161,80,102,60,92,17,16,3,4,0,
[ 4699.666403] part3,0,0,0,0,3,14,76,231,473,404,282,172,195,52,40,9,4,1,0,0,
[ 4699.673623] part4,0,0,0,0,1,1,54,92,153,87,123,76,132,79,92,46,58,18,26,19,
[ 4699.680923] part5,0,0,0,0,2,7,37,59,85,87,103,59,74,24,19,7,5,1,0,0,
[ 4700.685995] part1,0,0,0,0,0,0,0,0,0,0,0,0,0,0,0,0,0,0,0,0,
[ 4700.691828] part2,0,0,0,0,0,0,0,0,0,0,0,0,0,0,0,0,0,0,0,0,
[ 4700.697656] part3,0,0,0,0,0,0,0,0,0,0,0,0,0,0,0,0,0,0,
[ 4700.702904] (3)-0000	0,0,
[ 4700.705764] part4,0,0,0,0,0,0,0,0,0,0,0,0,0,0,0,0,0,0,0,0,
[ 4700.711588] part5,0,0,0,0,0,0,0,0,0,0,0,0,0,0,0,0,0,0,0,0,

[END] 12/6/2019 4:46:36 PM
