[BEGIN] 12/6/2019 3:34:15 PM
[  390.869634] (0)-2539	[[HDMI][PWR][WARN]] PWR_STS : FG_HDMI=1, P0/P1/P2/P3(active,fsm,vs_cnt,pol,int) =  P0(0,PS_OFF,0,0,0)/P1(0,PS_OFF,0,0,0)/P2(0,PS_OFF,0,0,0)/P3(1,PS_OFF,21056,1,0)
[  390.939157] part1,0,0,0,0,0,0,0,0,0,0,0,0,0,0,0,0,0,0,0,0,
[  390.945001] part2,6,19,82,41,13,8,2,3,2,2,1,0,0,0,0,0,0,0,0,0,
[  390.951165] part3,26,204,551,336,153,43,13,7,5,2,1,0,0,0,0,0,0,0,0,0,
[  390.957945] part4,7,18,139,206,152,21,15,3,0,0,0,0,0,0,0,0,0,0,0,0,
[  390.964561] part5,0,0,0,0,0,0,0,0,0,0,0,0,0,0,0,0,0,0,0,0,
[  391.972463] part1,0,0,0,0,0,0,0,0,0,0,0,0,0,0,0,0,0,0,0,0,
[  391.978309] part2,55,632,1428,618,268,89,47,11,9,6,0,0,1,0,0,0,0,0,0,0,
[  391.985256] part3,126,829,1904,1094,617,144,47,12,7,2,2,2,0,0,0,0,0,0,0,0,
[  391.992480] part4,13,141,737,462,110,34,18,10,8,4,2,0,0,0,0,0,0,0,0,0,
[  391.999350] part5,0,0,0,0,0,0,0,0,0,0,0,0,0,0,0,0,0,0,0,0,
[  393.005799] part1,0,0,0,0,0,0,0,0,0,0,0,0,0,0,0,0,0,0,0,0,
[  393.011641] part2,54,774,1902,755,324,92,40,18,7,4,1,0,0,0,0,0,0,0,0,0,
[  393.018588] part3,83,708,1823,962,572,148,49,12,12,0,1,1,2,0,0,0,0,0,0,0,
[  393.025736] part4,49,255,649,440,158,40,22,8,6,1,1,0,0,0,0,0,0,0,0,0,
[  393.032519] part5,0,0,0,0,0,0,0,0,0,0,0,0,0,0,0,0,0,0,0,0,
[  394.039156] part1,0,0,0,0,0,0,0,0,0,0,0,0,0,0,0,0,0,0,0,0,
[  394.044993] part2,3,1,1,2,4,0,0,0,0,0,3,4,4,0,3,0,0,0,0,0,
[  394.050814] part3,9,4,23,22,17,11,13,5,7,3,0,0,0,0,0,0,0,0,0,0,
[  394.057070] part4,6,7,3,1,4,0,6,0,8,3,1,0,1,0,0,0,0,0,0,0,
[  394.062871] part5,2,2,0,1,0,0,0,0,0,0,0,0,0,0,0,0,0,0,0,0,
[  394.279569] (0)-2541	[[HDMI][AUDIOF]] Audio STS : FSM=5(CHECK), hbr=0/0, sample_cnt= 18031, hbr_sample_cnt=0, fifo_ov=0, type=2(LPCM), ch_mode=0, ch_num=2, acr_freq=48000, wait_acr_cnt=1
[  395.055875] part1,91,848,1918,886,379,145,117,50,22,6,1,0,0,0,0,0,0,0,0,0,
[  395.063110] part2,161,818,1334,951,451,131,111,32,10,9,15,7,1,0,0,0,0,0,0,0,
[  395.070507] part3,265,1428,2968,1098,680,409,271,111,95,30,38,20,20,2,12,3,9,2,2,0,
[  395.078505] part4,580,7436,6231,1161,527,232,117,44,31,9,7,1,2,2,0,1,0,0,0,1,
[  395.085979] part5,639,3974,3103,742,342,157,99,49,38,21,5,1,0,0,0,1,0,0,0,0,
[  396.089214] part1,101,722,1777,924,368,128,118,48,21,5,3,0,1,0,0,0,0,0,0,0,
[  396.096559] part2,117,902,1582,749,408,185,125,30,17,2,2,2,0,0,0,0,0,1,0,0,
[  396.103863] part3,139,978,2054,1211,722,382,192,76,42,28,33,6,7,7,11,2,4,1,1,2,
[  396.111514] part4,551,6599,5449,1133,539,245,128,46,19,16,9,5,4,1,1,2,0,0,0,1,
[  396.119088] part5,633,3613,3103,726,491,227,114,43,30,20,6,1,0,1,1,0,0,1,0,0,
[  397.122531] part1,60,215,887,531,360,153,122,27,12,6,16,9,7,3,2,0,0,0,1,0,
[  397.129775] part2,73,1100,2221,832,360,155,175,129,84,51,49,12,15,4,12,5,12,2,13,8,
[  397.137776] part3,31,60,86,107,75,39,48,16,16,5,5,1,3,1,0,0,0,0,0,0,
[  397.144469] part4,53,82,280,292,416,261,210,70,48,20,23,24,15,7,1,0,0,0,1,0,
[  397.151905] part5,493,4254,5772,2954,1282,599,294,86,38,15,15,1,2,0,0,0,0,0,0,0,
[  398.155878] part1,157,2051,2615,635,281,121,82,51,22,8,3,2,3,0,0,0,0,0,0,0,
[  398.163205] part2,419,7677,19447,2560,388,144,118,120,52,28,52,6,9,3,0,0,0,0,0,0,
[  398.171018] part3,69,2445,7847,1213,144,50,69,40,70,20,30,1,1,0,0,0,0,0,0,0,
[  398.178418] part4,2,0,0,3,15,3,13,20,4,2,3,0,0,0,0,0,0,0,0,0,
[  398.184494] part5,1,0,0,3,1,24,104,34,30,8,22,6,19,4,22,3,11,0,8,3,
[  399.189206] part1,176,2118,3841,1597,523,191,156,106,87,40,30,10,12,4,3,0,0,0,0,0,
[  399.197142] part2,56,194,408,239,227,139,195,90,105,68,78,19,14,3,5,0,0,0,0,0,
[  399.204701] part3,55,197,362,218,115,67,91,43,72,15,25,1,1,0,0,0,0,0,0,0,
[  399.211841] part4,4,0,1,0,14,9,48,14,24,3,5,0,3,0,0,0,0,0,0,0,
[  399.218005] part5,1,0,0,0,0,0,0,0,0,0,0,0,0,0,0,0,0,0,0,0,
[  400.222566] part1,0,0,0,0,0,0,0,0,22,4,4,0,0,0,0,0,0,0,0,0,
[  400.228482] part2,1,0,0,1,3,1,1,0,14,2,25,3,2,0,0,0,0,0,0,0,
[  400.234476] part3,6,8,64,79,112,41,42,25,87,15,58,21,92,34,28,8,1,0,0,0,
[  400.241509] part4,62,256,471,418,258,106,79,15,19,6,14,1,8,0,0,0,0,0,0,0,
[  400.248641] part5,7,6,62,50,48,12,13,3,3,1,0,0,0,0,0,0,0,0,0,0,
[  401.249638] (1)-2539	[[HDMI][PWR][WARN]] PWR_STS : FG_HDMI=1, P0/P1/P2/P3(active,fsm,vs_cnt,pol,int) =  P0(0,PS_OFF,0,0,0)/P1(0,PS_OFF,0,0,0)/P2(0,PS_OFF,0,0,0)/P3(1,PS_OFF,21644,1,0)
[  401.255938] (3)-0000	part1,0,0,0,0,0,0,0,0,9,17,3,0,0,0,0,0,0,0,0,0,
[  401.255963] (3)-0000	part2,0,0,0,0,0,0,0,0,0,0,0,0,0,0,0,0,0,0,0,0,
[  401.255990] (3)-0000	part3,0,0,0,0,2,7,9,2,6,1,14,19,69,60,28,6,3,1,0,0,
[  401.256015] (3)-0000	part4,79,539,741,474,205,64,68,30,15,6,3,0,0,0,0,0,0,0,0,0,
[  401.256041] (3)-0000	part5,16,38,186,135,101,51,29,6,2,1,4,1,9,0,0,0,0,0,0,0,
[  402.255902] part1,0,0,0,0,0,0,3,3,6,2,1,0,0,0,0,0,0,0,0,0,
[  402.261755] part2,0,0,0,0,0,0,2,0,2,0,2,0,0,0,0,0,0,0,0,0,
[  402.267558] part3,4,2,25,28,29,16,6,3,8,3,13,23,103,51,25,6,1,0,1,0,
[  402.274251] part4,312,1396,1185,476,224,75,80,22,4,3,2,1,3,0,0,0,1,0,0,0,
[  402.281385] part5,16,72,226,125,86,56,28,7,6,1,6,1,5,0,0,0,0,0,0,0,
[  403.289256] part1,19,358,210,87,30,13,8,3,1,2,0,1,0,0,0,0,0,0,0,0,
[  403.295803] part2,52,240,366,98,45,16,4,0,1,0,0,0,0,0,0,0,0,0,0,0,
[  403.302309] part3,351,2381,2950,1220,528,224,95,44,25,20,9,11,9,3,0,0,0,0,0,0,
[  403.309882] part4,151,887,2078,677,315,140,80,23,12,2,2,1,0,0,0,0,0,0,0,0,
[  403.317106] part5,28,108,218,98,22,8,5,1,1,0,0,0,0,0,0,0,0,0,0,0,
[  404.322605] part1,10,376,192,81,19,7,6,4,0,1,1,0,0,0,0,0,0,0,0,0,
[  404.329066] part2,66,516,811,213,60,23,6,2,0,1,0,0,0,0,0,0,0,0,0,0,
[  404.335658] part3,273,2374,3129,1015,446,165,68,18,13,16,12,7,5,7,1,1,0,0,0,0,
[  404.343238] part4,94,623,2104,653,240,100,53,24,8,5,8,4,0,0,0,0,0,0,0,0,
[  404.350285] part5,2,12,67,33,15,7,1,0,1,0,0,0,0,0,0,0,0,0,0,0,
[  405.355941] part1,9,359,177,77,17,13,6,2,5,1,1,1,0,0,0,0,0,0,0,0,
[  405.362393] part2,132,651,825,179,87,20,7,2,0,0,0,0,0,0,0,0,0,0,0,0,
[  405.369077] part3,324,2840,3177,1136,512,172,77,33,17,14,11,8,5,1,2,0,1,0,0,0,
[  405.376656] part4,186,1109,2747,881,378,142,88,40,16,8,4,1,3,0,0,0,0,0,0,0,
[  405.383956] part5,7,28,136,66,27,8,4,1,2,1,1,0,0,0,0,0,0,0,0,0,
[  406.389321] part1,12,355,238,79,20,17,3,1,1,0,1,0,0,0,0,0,0,0,0,0,
[  406.395853] part2,36,469,450,110,45,16,6,0,1,2,0,0,0,0,0,0,0,0,0,0,
[  406.402463] part3,278,2158,3272,1137,550,220,99,44,33,12,10,10,5,2,3,2,2,0,0,0,
[  406.410132] part4,103,588,2258,857,267,130,54,26,16,7,8,3,1,0,0,0,0,0,0,0,
[  406.417357] part5,3,11,96,44,15,1,3,1,0,1,0,0,0,0,0,0,0,0,0,0,
[  406.741074] (1)-2541	[[HDMI][AUDIOF]] Audio STS : FSM=5(CHECK), hbr=0/0, sample_cnt= 18632, hbr_sample_cnt=0, fifo_ov=0, type=2(LPCM), ch_mode=0, ch_num=2, acr_freq=48000, wait_acr_cnt=1
[  407.422633] part1,34,405,924,691,468,169,153,41,24,8,6,0,0,1,0,0,0,0,0,0,
[  407.429784] part2,86,539,1124,780,519,229,170,54,17,5,2,0,0,0,0,0,0,0,0,0,
[  407.437006] part3,108,305,655,1045,833,402,357,146,135,51,36,2,16,3,17,4,13,2,1,0,
[  407.444926] part4,71,1267,1878,1321,939,398,310,104,100,28,29,11,6,4,3,1,0,3,0,2,
[  407.452756] part5,145,1192,2997,1622,697,311,161,67,45,24,19,13,7,1,0,1,1,0,0,0,
[  408.455975] part1,50,400,1015,728,455,174,130,52,23,6,11,1,1,0,0,0,0,0,0,0,
[  408.463293] part2,84,637,1517,933,586,206,188,80,40,15,12,2,2,0,0,0,0,0,0,0,
[  408.470692] part3,36,308,1126,1478,1072,467,340,125,91,24,22,5,9,3,15,1,10,0,3,0,
[  408.478520] part4,122,2425,2301,1301,742,407,232,104,88,30,24,9,10,3,1,3,2,0,1,1,
[  408.486348] part5,190,1819,3327,1536,640,242,154,67,34,16,17,9,6,2,0,0,0,0,0,0,

[END] 12/6/2019 3:35:04 PM
