[BEGIN] 12/6/2019 4:43:30 PM
[ 4526.534099] part1,17,17,880,100,98,190,170,239,218,130,157,55,36,5,7,1,1,1,0,0,
[ 4526.541774] part2,12,132,217,377,478,515,622,359,224,145,125,77,71,22,27,10,4,2,2,0,
[ 4526.549862] part3,9,270,641,1113,700,378,303,168,112,72,58,58,27,16,16,6,1,5,3,0,
[ 4526.557687] part4,13,173,370,414,401,232,161,75,44,27,26,11,11,4,3,0,0,1,2,0,
[ 4526.565170] part5,3,7,121,288,329,104,81,37,10,10,4,5,6,1,2,0,0,1,0,0,
[ 4527.249463] (3)-2541	[[HDMI][AUDIOF]] Audio STS : FSM=5(CHECK), hbr=0/0, sample_cnt= 168178, hbr_sample_cnt=0, fifo_ov=0, type=2(LPCM), ch_mode=0, ch_num=2, acr_freq=48000, wait_acr_cnt=1
[ 4527.567438] part1,13,168,1331,571,413,496,596,504,365,152,80,44,35,37,18,12,1,4,0,1,
[ 4527.575544] part2,16,118,455,660,726,649,610,366,236,141,110,81,47,29,10,4,5,4,1,0,
[ 4527.583541] part3,623,2414,1526,1597,861,474,352,174,137,71,59,64,22,17,14,9,3,3,1,3,
[ 4527.591729] part4,714,3343,1853,1104,603,265,201,85,70,38,27,17,16,11,7,6,4,10,2,3,
[ 4527.599738] part5,7,49,202,358,479,141,134,63,43,12,18,9,11,9,7,6,2,0,1,6,
[ 4528.600788] part1,1,9,162,67,37,43,25,83,19,13,5,2,1,1,0,0,0,0,0,0,
[ 4528.607410] part2,6,6,39,77,155,403,370,239,146,103,90,68,52,15,18,5,1,1,0,0,
[ 4528.614882] part3,2,23,37,84,73,56,39,27,18,12,5,12,13,10,6,3,3,1,2,1,
[ 4528.621762] part4,27,268,849,825,633,468,372,276,156,107,53,36,53,32,32,20,16,5,12,10,
[ 4528.630028] part5,9,207,408,290,136,43,28,8,8,4,1,0,0,1,0,0,0,0,0,0,
[ 4529.634126] part1,5,2,338,27,0,40,18,98,11,8,0,2,0,3,1,0,0,0,0,0,
[ 4529.640567] part2,3,9,44,76,228,368,372,284,183,183,173,95,90,36,30,17,16,6,0,0,
[ 4529.648314] part3,2,4,7,18,55,126,249,341,292,180,185,100,85,53,66,24,26,8,5,8,
[ 4529.655961] part4,2,10,82,106,95,61,49,62,67,66,81,67,77,47,57,39,32,15,11,10,
[ 4529.663524] part5,9,57,871,308,117,43,36,14,17,12,5,14,11,10,20,12,18,7,7,1,
[ 4530.667471] part1,6,68,941,253,170,182,250,345,197,96,41,13,7,4,0,0,0,0,0,0,
[ 4530.674884] part2,3,97,410,542,451,468,542,293,194,122,120,71,42,20,15,5,5,1,0,0,
[ 4530.682719] part3,1030,4684,2581,1866,709,359,262,180,111,69,45,36,24,7,6,6,2,2,1,1,
[ 4530.690815] part4,378,1703,886,764,325,137,93,49,22,15,4,0,0,1,0,0,0,0,0,0,
[ 4530.698110] part5,8,6,141,311,309,68,80,29,17,7,1,2,0,0,0,1,0,0,0,0,
[ 4531.700849] part1,7,71,954,197,133,202,203,355,205,58,35,17,4,3,0,0,0,0,0,0,
[ 4531.708265] part2,17,155,460,738,651,611,565,324,260,151,124,74,48,22,26,9,3,0,0,0,
[ 4531.716274] part3,1101,4885,2279,1621,715,280,175,115,76,43,44,23,19,5,6,2,1,0,1,2,
[ 4531.724277] part4,360,1666,928,722,299,138,98,42,24,13,4,1,2,0,0,0,0,0,0,0,
[ 4531.731573] part5,6,11,129,347,287,91,94,33,20,4,1,0,1,0,0,0,0,0,0,0,
[ 4532.189680] (0)-2539	[[HDMI][PWR][WARN]] PWR_STS : FG_HDMI=1, P0/P1/P2/P3(active,fsm,vs_cnt,pol,int) =  P0(0,PS_OFF,0,0,0)/P1(0,PS_OFF,0,0,0)/P2(0,PS_OFF,0,0,0)/P3(1,PS_OFF,198204,1,0)
[ 4532.734196] part1,9,56,973,223,137,196,255,295,171,96,48,9,10,2,0,0,0,0,0,0,
[ 4532.741614] part2,2,37,148,329,390,424,531,317,192,121,86,73,50,19,23,8,2,0,0,1,
[ 4532.749360] part3,665,2479,2303,1713,751,395,386,195,163,135,80,53,35,15,7,1,3,3,1,0,
[ 4532.757538] part4,236,898,806,559,264,106,105,31,19,6,4,4,2,0,0,0,0,0,0,0,
[ 4532.764751] part5,2,18,107,308,321,82,66,31,22,3,4,0,0,0,0,0,0,0,0,0,
[ 4533.767562] part1,23,207,1308,624,463,524,576,568,302,146,87,48,52,42,24,12,7,2,3,2,
[ 4533.775725] part2,20,309,907,1065,922,693,682,365,237,170,125,68,55,16,14,4,3,1,2,0,
[ 4533.783837] part3,464,2020,1061,1064,515,320,255,113,101,49,45,26,23,13,5,4,2,2,0,1,
[ 4533.791959] part4,729,3607,1886,1027,603,258,191,117,87,50,31,29,22,17,10,1,5,2,5,8,
[ 4533.800099] part5,6,19,180,303,429,129,156,64,35,14,10,1,5,6,5,2,0,0,0,0,
[ 4534.800852] part1,19,168,1214,627,322,380,534,514,358,155,77,26,34,15,5,7,6,3,0,1,
[ 4534.808788] part2,6,41,187,333,465,581,516,381,257,129,127,74,45,20,17,5,3,0,0,0,
[ 4534.816617] part3,756,3144,1840,1473,767,432,325,237,171,99,66,51,24,20,5,3,4,1,0,0,
[ 4534.824705] part4,619,2853,1439,1047,607,310,218,150,99,66,48,19,17,13,11,5,5,4,7,6,
[ 4534.832794] part5,8,10,199,383,443,114,123,64,33,33,27,13,13,16,5,10,2,2,2,3,
[ 4535.834200] part1,1,510,1042,13,14,31,16,104,17,8,2,1,0,1,2,0,0,0,0,0,
[ 4535.841090] part2,1,7,39,73,154,395,387,230,136,105,100,47,63,22,22,4,2,0,0,0,
[ 4535.848648] part3,0,4,4,4,12,9,21,29,66,39,62,31,27,26,16,11,7,6,3,0,
[ 4535.855436] part4,3,20,129,121,124,82,146,151,111,95,134,68,65,53,24,18,12,6,9,9,
[ 4535.863260] part5,
[ 4535.865116] (0)-0000	11,243,359,343,104,36,18,8,6,3,1,2,1,11,9,15,5,4,9,3,
[ 4536.867538] part1,0,0,601,105,2,30,24,97,19,5,0,3,1,0,1,0,0,0,0,0,
[ 4536.874069] part2,2,29,80,169,394,462,356,272,233,135,76,50,39,10,8,2,2,0,0,0,
[ 4536.881627] part3,11,122,322,307,483,578,543,264,229,230,203,125,134,77,55,21,23,14,8,4,
[ 4536.890079] part4,9,105,281,191,218,182,181,150,103,87,84,89,67,38,22,10,2,10,9,10,
[ 4536.898076] part5,13,321,733,314,95,49,35,7,8,2,1,0,0,0,0,0,0,0,0,0,
[ 4537.900883] part1,7,63,981,205,123,172,237,328,187,89,43,15,1,2,0,0,0,0,0,0,
[ 4537.908291] part2,11,125,358,532,461,509,520,273,207,120,114,68,58,19,21,2,5,1,0,0,
[ 4537.916294] part3,917,3951,1959,1403,774,381,252,111,100,64,53,41,19,10,4,5,1,0,1,1,
[ 4537.924390] part4,367,1590,800,720,274,135,85,42,16,12,6,1,2,1,0,0,0,0,0,0,
[ 4537.931687] part5,9,19,114,311,304,94,67,28,22,6,1,0,0,0,0,0,0,0,0,0,
[ 4538.934235] part1,5,57,1006,201,142,172,200,325,187,88,50,12,5,0,0,0,0,0,0,0,
[ 4538.941735] part2,6,35,191,419,462,511,535,333,226,142,119,65,43,15,13,4,3,0,0,0,
[ 4538.949574] part3,924,4184,1833,1124,539,359,256,145,113,68,45,28,22,21,8,3,0,2,0,4,
[ 4538.957669] part4,335,1664,877,642,279,109,88,40,20,13,6,5,0,0,0,0,0,0,0,0,
[ 4538.964966] part5,4,19,129,332,334,103,114,43,20,1,3,0,0,0,0,0,0,0,0,0,
[ 4539.679532] (1)-2541	[[HDMI][AUDIOF]] Audio STS : FSM=5(CHECK), hbr=0/0, sample_cnt= 168779, hbr_sample_cnt=0, fifo_ov=0, type=2(LPCM), ch_mode=0, ch_num=2, acr_freq=48000, wait_acr_cnt=1
[ 4539.967606] part1,19,46,950,149,214,241,240,309,264,171,112,43,14,12,8,6,2,2,0,0,
[ 4539.975457] part2,28,154,420,560,637,619,636,350,229,120,127,76,50,26,26,3,10,5,0,0,
[ 4539.983548] part3,10,395,746,1045,560,397,260,158,109,61,61,42,32,12,3,1,3,2,1,0,
[ 4539.991379] part4,10,221,532,559,419,251,146,109,40,18,23,19,9,8,5,0,0,0,0,0,
[ 4539.998848] part5,8,4,113,300,357,108,112,31,10,3,7,2,2,1,3,2,1,0,1,0,
[ 4541.000923] part1,8,211,1368,539,393,493,600,538,358,156,87,49,34,27,21,8,10,4,1,1,
[ 4541.008957] part2,22,176,408,588,655,616,581,289,187,133,103,92,47,19,25,2,6,1,0,1,
[ 4541.016963] part3,665,2714,1514,1596,890,455,296,183,172,84,75,39,35,21,6,6,1,4,3,0,
[ 4541.025049] part4,701,3465,1900,1050,608,299,194,102,70,37,28,17,12,9,10,4,5,2,4,18,
[ 4541.033131] part5,2,43,218,377,481,99,99,62,45,16,17,10,13,11,9,0,3,1,6,4,
[ 4542.034284] part1,1,13,179,56,55,58,34,111,13,3,5,0,0,4,0,0,0,0,0,1,
[ 4542.041008] part2,2,7,43,87,227,375,370,208,154,124,94,58,31,14,10,1,2,0,0,0,
[ 4542.048484] part3,1,104,191,142,32,20,20,23,10,11,12,5,3,5,3,0,1,1,0,12,
[ 4542.055528] part4,28,578,1648,1737,1156,695,393,230,133,84,57,33,25,12,10,4,2,4,2,0,
[ 4542.063624] part5,12,183,786,327,165,107,38,66,52,14,1,0,0,0,0,0,0,0,0,0,
[ 4542.649520] (1)-2539	[[HDMI][PWR][WARN]] PWR_STS : FG_HDMI=1, P0/P1/P2/P3(active,fsm,vs_cnt,pol,int) =  P0(0,PS_OFF,0,0,0)/P1(0,PS_OFF,0,0,0)/P2(0,PS_OFF,0,0,0)/P3(1,PS_OFF,198790,1,0)
[ 4543.084358] part1,1,5,134,8,2,36,24,99,10,8,0,2,1,2,1,0,0,0,0,0,
[ 4543.090721] part2,0,10,52,83,230,361,353,261,240,174,126,71,63,26,13,9,4,1,0,0,
[ 4543.098375] part3,9,29,40,52,67,90,139,163,229,170,153,116,121,75,54,34,21,19,15,16,
[ 4543.106464] part4,7,29,123,259,259,92,75,76,115,80,77,54,57,49,50,40,21,10,5,1,
[ 4543.114107] part5,20,286,510,347,117,54,33,15,14,14,9,6,0,2,4,6,1,1,2,0,
[ 4544.117621] part1,9,62,922,234,123,190,260,342,200,90,34,20,3,2,0,0,0,0,0,0,
[ 4544.125033] part2,10,84,333,557,428,494,492,263,197,111,107,81,55,24,15,3,5,0,0,0,
[ 4544.132956] part3,1066,4502,2478,1683,734,367,273,141,100,64,68,26,25,15,10,6,2,1,3,3,
[ 4544.141228] part4,352,1626,867,719,309,122,107,37,32,7,6,0,0,0,0,0,0,0,0,0,
[ 4544.148525] part5,5,12,73,302,359,95,76,47,16,5,3,3,0,1,0,0,1,0,0,0,
[ 4545.151116] part1,10,69,956,226,134,215,227,341,190,84,38,9,6,1,0,0,0,0,0,0,
[ 4545.158589] part2,11,227,662,763,632,574,580,328,271,129,124,100,55,26,30,6,5,0,0,0,
[ 4545.166697] part3,1129,4802,2163,1650,650,298,175,108,80,71,42,21,22,13,4,2,0,1,1,0,
[ 4545.174811] part4,341,1586,907,716,301,111,123,45,21,8,7,1,0,0,0,0,0,0,0,0,
[ 4545.182133] part5,6,27,137,341,271,83,104,38,19,4,2,0,0,0,0,0,0,0,0,0,
[ 4546.184322] part1,7,79,978,246,167,197,266,355,217,85,62,27,4,4,0,0,0,0,0,0,
[ 4546.191742] part2,5,47,163,348,400,473,524,306,212,110,90,75,53,19,17,6,3,1,0,0,
[ 4546.199477] part3,712,2987,2331,1780,798,458,324,186,143,84,57,41,31,15,13,6,2,0,0,1,
[ 4546.207651] part4,310,1159,770,638,286,133,86,35,22,11,9,5,1,1,0,0,0,0,0,0,
[ 4546.214958] part5,6,11,106,319,344,94,66,36,25,7,7,0,0,0,0,0,0,0,0,0,
[ 4547.217651] part1,22,182,1328,632,431,589,611,513,323,177,83,65,43,32,18,7,7,4,4,3,
[ 4547.225683] part2,24,359,888,828,744,588,668,357,267,168,130,86,59,14,9,10,7,0,0,1,
[ 4547.233689] part3,424,1755,1131,1270,769,410,268,158,72,69,47,17,30,12,8,2,2,1,0,0,
[ 4547.241689] part4,564,2543,1618,1132,547,300,206,124,73,35,19,22,24,16,9,8,2,0,2,0,
[ 4547.249700] part5,7,20,204,265,438,137,123,53,42,22,14,5,5,4,9,0,0,1,0,0,
[ 4548.251005] part1,19,202,1348,560,336,449,539,493,320,131,64,30,27,11,6,5,1,2,1,0,
[ 4548.258944] part2,5,31,174,288,426,547,511,382,230,124,120,60,37,19,13,9,2,2,2,0,
[ 4548.266767] part3,759,3332,2000,1514,862,434,377,226,163,93,54,41,27,18,7,8,0,1,1,2,
[ 4548.274855] part4,614,2896,1359,1063,603,317,173,111,85,48,44,25,12,13,6,6,4,4,5,4,
[ 4548.282864] part5,9,32,229,387,461,115,134,58,29,30,26,14,7,6,10,7,2,3,0,3,
[ 4549.284351] part1,0,0,155,10,2,38,15,104,13,4,1,2,2,1,0,0,0,0,0,0,
[ 4549.290877] part2,1,8,43,71,152,391,388,215,150,114,98,51,52,19,23,5,4,1,1,0,
[ 4549.298353] part3,5,
[ 4549.300398] (3)-0000	7,11,9,15,8,37,56,88,78,63,37,48,21,25,21,11,12,10,14,
[ 4549.307882] part4,4,23,133,131,68,53,90,68,106,97,82,48,45,32,31,18,16,5,6,12,
[ 4549.315443] part5,14,150,435,324,103,44,35,32,24,14,34,21,28,7,6,9,15,10,22,35,
[ 4550.317691] part1,2,2,224,8,1,39,14,101,17,3,3,1,1,1,1,0,0,0,0,0,
[ 4550.324138] part2,6,77,169,262,361,493,329,231,216,99,87,48,27,11,6,0,6,0,0,0,
[ 4550.331708] part3,34,423,738,708,453,255,257,259,264,222,217,168,155,90,56,33,26,9,2,11,
[ 4550.340157] part4,12,257,517,435,246,174,156,97,95,60,37,14,12,11,2,1,1,0,0,0,
[ 4550.347713] part5,11,47,148,322,91,49,33,12,9,1,3,1,0,0,0,0,0,0,0,0,
[ 4551.351031] part1,3,48,973,227,120,193,212,340,174,89,36,12,3,2,0,0,0,0,0,0,
[ 4551.358444] part2,12,111,262,528,518,560,577,292,246,127,122,61,42,18,23,4,3,1,0,0,
[ 4551.366449] part3,949,4164,1904,1437,748,353,243,162,102,80,59,41,24,8,9,3,1,0,1,1,
[ 4551.374458] part4,328,1581,884,682,327,128,79,34,14,8,6,2,1,1,0,0,0,0,1,0,
[ 4551.381670] part5,7,10,113,297,302,74,70,34,22,2,0,0,1,1,0,0,0,0,0,0,
[ 4552.179465] (2)-2541	[[HDMI][AUDIOF]] Audio STS : FSM=5(CHECK), hbr=0/0, sample_cnt= 169380, hbr_sample_cnt=0, fifo_ov=0, type=2(LPCM), ch_mode=0, ch_num=2, acr_freq=48000, wait_acr_cnt=1
[ 4552.384387] part1,2,52,993,207,109,199,222,357,215,67,26,12,10,2,0,0,0,0,0,0,
[ 4552.391884] part2,8,90,399,507,514,537,532,319,206,123,120,66,48,13,14,7,3,0,1,1,
[ 4552.399720] part3,880,4184,2036,1374,684,356,247,156,117,73,43,30,26,24,8,1,2,0,1,0,
[ 4552.407810] part4,358,1653,922,672,280,105,87,41,18,12,1,0,0,0,0,0,0,0,0,0,
[ 4552.415106] part5,7,34,116,286,301,99,84,52,20,3,0,0,0,0,0,0,0,0,0,0,
[ 4553.169543] (0)-2539	[[HDMI][PWR][WARN]] PWR_STS : FG_HDMI=1, P0/P1/P2/P3(active,fsm,vs_cnt,pol,int) =  P0(0,PS_OFF,0,0,0)/P1(0,PS_OFF,0,0,0)/P2(0,PS_OFF,0,0,0)/P3(1,PS_OFF,199370,1,0)
[ 4553.417721] part1,13,33,873,228,242,294,336,378,285,157,97,34,33,14,12,4,6,1,2,4,
[ 4553.425578] part2,19,168,434,468,580,566,637,383,244,144,145,105,51,25,17,8,7,2,3,1,
[ 4553.433676] part3,11,254,576,706,545,325,233,129,90,50,51,42,24,5,10,0,3,0,1,0,
[ 4553.441327] part4,11,391,838,895,453,227,139,86,64,45,26,18,10,3,0,1,1,0,0,0,
[ 4553.448795] part5,11,20,100,289,420,93,92,36,26,4,7,0,1,9,1,0,6,0,0,1,
[ 4554.451094] part1,9,184,1274,565,412,517,573,499,339,166,105,53,53,17,10,12,3,4,0,4,
[ 4554.459203] part2,16,143,385,487,585,592,539,276,216,124,114,75,44,23,15,3,4,2,0,0,
[ 4554.467204] part3,588,2192,1585,1742,1037,504,330,217,159,79,58,45,26,14,11,4,3,2,0,0,
[ 4554.475467] part4,588,2432,1861,1157,639,328,216,94,75,54,28,17,19,6,9,4,3,0,5,2,
[ 4554.483290] part5,10,42,238,399,539,115,113,59,44,15,27,9,4,6,6,3,2,1,3,4,
[ 4555.484407] part1,2,165,988,59,14,38,15,112,31,57,88,67,137,109,115,11,0,0,0,0,
[ 4555.492086] part2,2,4,38,79,202,352,387,222,139,103,120,56,32,36,11,3,4,0,0,1,
[ 4555.499651] part3,1,42,66,148,87,47,55,33,18,13,8,17,14,4,1,0,2,1,0,9,
[ 4555.506519] part4,30,296,822,1066,806,636,448,322,167,88,83,55,41,26,23,14,7,3,4,4,
[ 4555.514537] part5,12,314,652,423,269,171,117,36,18,15,4,0,4,0,0,0,0,0,0,0,
[ 4556.517750] part1,0,1,145,12,1,37,17,103,15,3,2,2,2,0,1,0,0,0,0,0,
[ 4556.524292] part2,5,7,52,78,239,335,329,217,148,121,110,66,53,36,34,30,35,15,6,7,
[ 4556.532120] part3,3,22,29,48,75,49,45,62,78,106,113,100,126,91,76,54,42,14,25,24,
[ 4556.539952] part4,4,31,125,205,208,169,126,95,89,78,85,42,57,29,36,23,21,3,3,0,
[ 4556.547604] part5,11,101,315,277,127,58,36,15,12,4,3,0,0,0,0,0,0,0,0,0,
[ 4557.551090] part1,0,0,0,0,0,0,0,0,0,0,0,0,0,0,0,0,0,
[ 4557.556157] (1)-0000	0,0,0,
[ 4557.559205] part2,0,0,0,0,0,0,0,0,0,0,0,0,0,0,0,0,0,0,0,0,
[ 4557.565021] part3,0,0,0,0,0,0,0,0,0,0,0,0,0,0,0,0,0,0,0,0,
[ 4557.570855] part4,0,0,0,0,0,0,0,0,0,0,0,0,0,0,0,0,0,0,0,0,
[ 4557.576662] part5,0,0,0,0,0,0,0,0,0,0,0,0,0,0,0,0,0,0,0,0,

[END] 12/6/2019 4:44:12 PM
