[BEGIN] 12/6/2019 3:59:38 PM
[ 1903.372179] part1,0,3,6,75,188,143,137,32,27,11,12,0,1,0,0,0,0,0,0,0,
[ 1903.378987] part2,7,26,94,597,1389,498,337,149,69,22,13,5,0,0,0,0,0,0,0,0,
[ 1903.386209] part3,2,6,103,240,339,1026,774,413,427,156,30,14,8,4,1,2,1,0,0,0,
[ 1903.393680] part4,3,5,36,53,89,172,201,144,131,60,48,19,14,5,2,3,0,0,0,0,
[ 1903.400808] part5,8,99,204,218,88,80,120,98,140,119,104,50,38,21,41,25,17,11,19,29,
[ 1904.405530] part1,64,280,413,309,265,173,136,58,43,19,19,6,5,1,0,0,0,0,0,0,
[ 1904.412864] part2,20,273,974,1213,797,354,183,114,50,13,1,0,0,0,0,0,0,0,0,0,
[ 1904.420258] part3,25,622,1593,1255,1071,728,363,98,67,27,12,1,1,0,0,0,0,0,0,0,
[ 1904.427821] part4,2,481,2138,2432,1374,565,565,363,339,126,183,66,38,4,14,4,2,2,3,2,
[ 1904.435916] part5,68,243,176,101,63,37,30,57,70,27,10,6,4,1,4,1,0,0,0,1,
[ 1905.049508] (2)-2541	[[HDMI][AUDIOF]] Audio STS : FSM=5(CHECK), hbr=0/0, sample_cnt= 40869, hbr_sample_cnt=0, fifo_ov=0, type=2(LPCM), ch_mode=0, ch_num=2, acr_freq=48000, wait_acr_cnt=1
[ 1905.438875] part1,552,985,593,416,241,173,123,55,20,11,4,0,4,3,0,0,0,0,0,0,
[ 1905.446210] part2,41,850,1117,756,418,163,125,75,29,6,2,3,0,0,0,0,0,0,0,0,
[ 1905.453421] part3,625,2930,2946,1788,1260,780,319,132,60,27,10,4,0,0,0,0,0,0,0,0,
[ 1905.461247] part4,438,3085,3224,1648,869,345,272,95,48,29,25,7,13,3,1,0,0,0,0,0,
[ 1905.468991] part5,87,643,1590,1194,699,275,411,364,322,145,91,34,37,15,29,12,2,2,2,3,
[ 1906.472235] part1,16,79,173,163,198,93,61,26,13,6,1,0,0,0,0,0,0,0,0,0,
[ 1906.479126] part2,246,686,345,162,117,78,74,63,48,21,21,11,6,2,3,0,0,0,0,0,
[ 1906.486419] part3,12,7,44,41,26,25,15,8,7,2,1,0,0,0,0,0,0,0,0,0,
[ 1906.492767] part4,51,134,57,26,20,28,23,10,7,6,3,3,1,0,0,0,0,0,0,0,
[ 1906.499361] part5,320,743,366,244,90,68,27,23,12,2,8,2,1,1,0,0,6,0,1,0,
[ 1907.505672] part1,3,23,62,25,14,4,1,1,1,0,0,0,0,0,0,0,0,0,0,0,
[ 1907.511851] part2,156,522,260,171,158,128,193,105,139,70,34,10,4,1,4,0,1,0,0,0,
[ 1907.519504] part3,6,5,39,45,42,33,46,24,20,13,21,2,0,0,0,0,0,0,0,0,
[ 1907.526122] part4,12,11,10,20,22,16,44,32,44,16,4,2,1,0,0,0,0,0,0,0,
[ 1907.532807] part5,422,914,479,333,194,79,92,69,66,25,12,3,0,1,0,0,0,0,0,0,
[ 1908.538907] part1,2,5,1,7,13,4,1,0,0,0,0,0,0,0,0,0,0,0,0,0,
[ 1908.544828] part2,96,410,217,110,95,98,117,56,62,32,26,12,8,2,5,0,0,0,0,0,
[ 1908.552046] part3,0,8,29,63,47,28,28,12,13,4,4,3,1,0,0,0,0,0,0,0,
[ 1908.558479] part4,6,19,46,20,18,18,13,14,11,6,3,3,0,0,0,0,0,0,0,0,
[ 1908.564992] part5,588,1164,586,338,209,131,79,51,35,29,27,23,22,21,23,23,16,10,9,12,
[ 1909.209749] (0)-2539	[[HDMI][PWR][WARN]] PWR_STS : FG_HDMI=1, P0/P1/P2/P3(active,fsm,vs_cnt,pol,int) =  P0(0,PS_OFF,0,0,0)/P1(0,PS_OFF,0,0,0)/P2(0,PS_OFF,0,0,0)/P3(1,PS_OFF,48480,1,0)
[ 1909.572354] part1,4,36,84,96,69,45,14,5,1,0,0,0,0,0,0,0,0,0,0,0,
[ 1909.578716] part2,931,1024,246,77,51,23,73,45,84,46,46,7,11,2,0,0,0,0,0,0,
[ 1909.585934] part3,943,1787,510,258,126,65,62,39,20,3,4,0,0,0,0,0,0,0,0,0,
[ 1909.593062] part4,11,92,175,44,41,33,25,11,15,3,4,0,0,0,0,0,0,0,0,0,
[ 1909.599751] part5,314,792,548,326,195,113,87,67,46,25,20,8,3,0,1,0,0,0,0,0,
[ 1910.605598] part1,19,58,107,63,59,29,30,14,11,5,5,2,0,0,0,0,0,0,0,0,
[ 1910.612310] part2,538,1016,337,110,51,27,57,48,73,42,25,6,3,0,0,0,0,0,0,0,
[ 1910.619524] part3,617,1576,385,200,159,87,98,48,21,10,3,0,0,0,0,0,0,0,0,0,
[ 1910.626733] part4,25,125,204,127,72,58,80,22,34,25,10,2,1,0,0,0,0,0,0,0,
[ 1910.633780] part5,83,460,503,256,194,134,103,73,64,43,50,40,18,6,21,7,9,7,3,1,
[ 1911.638947] part1,39,117,122,74,54,30,53,28,29,17,7,5,1,0,0,0,0,0,0,0,
[ 1911.645851] part2,753,1196,406,164,57,64,77,35,45,32,40,16,8,4,1,2,0,0,0,0,
[ 1911.653155] part3,737,2391,1145,442,225,96,83,42,19,4,2,0,0,0,1,0,1,0,0,0,
[ 1911.660367] part4,76,408,548,244,157,76,47,45,33,11,11,5,0,0,0,0,0,0,0,0,
[ 1911.667497] part5,59,323,322,219,115,82,72,40,44,34,29,18,7,6,18,6,19,8,15,8,
[ 1912.672278] part1,39,99,120,87,60,50,34,10,9,1,0,0,0,0,0,0,0,0,0,0,
[ 1912.678921] part2,860,1395,521,178,68,53,82,63,67,36,31,5,7,3,5,0,1,0,0,0,
[ 1912.686129] part3,897,2822,1046,447,211,138,86,44,14,3,1,0,2,0,1,0,1,0,0,0,
[ 1912.693435] part4,115,512,502,209,145,87,60,22,29,13,15,3,2,1,0,0,0,0,0,0,
[ 1912.700658] part5,93,493,500,274,193,119,87,56,71,59,37,12,18,13,19,18,15,6,7,8,
[ 1913.705624] part1,36,138,124,96,56,39,46,22,15,9,3,4,7,0,0,0,0,0,0,0,
[ 1913.712427] part2,682,1083,282,110,38,23,28,42,81,41,30,5,6,0,1,5,0,0,0,0,
[ 1913.719639] part3,693,2686,441,195,127,80,69,33,12,3,3,0,0,0,0,0,0,0,0,0,
[ 1913.726777] part4,68,282,430,182,134,69,44,25,7,12,1,1,0,0,0,0,0,0,0,0,
[ 1913.733740] part5,31,333,494,295,155,105,113,84,80,61,70,29,19,7,7,2,15,9,10,5,
[ 1914.738966] part1,17,62,72,54,52,27,19,11,6,0,0,0,0,0,0,0,0,0,0,0,
[ 1914.745502] part2,107,1626,582,159,56,27,23,9,16,12,6,2,3,2,0,0,0,0,0,0,
[ 1914.752531] part3,70,2310,1529,256,101,39,20,20,10,0,0,0,0,0,0,0,0,0,0,0,
[ 1914.759680] part4,19,163,304,137,59,16,10,8,10,1,3,0,2,0,0,0,0,0,0,0,
[ 1914.766457] part5,72,379,481,338,206,143,114,68,74,51,67,45,28,10,7,5,8,0,4,9,
[ 1915.772318] part1,17,62,73,48,42,36,21,8,1,1,1,0,0,0,0,0,0,0,0,0,
[ 1915.778758] part2,97,1685,572,137,63,27,22,10,13,9,5,2,4,3,0,0,0,0,0,0,
[ 1915.785719] part3,83,2308,1545,242,83,47,10,20,2,0,0,0,0,0,0,0,0,0,0,0,
[ 1915.792676] part4,9,168,286,155,48,19,17,11,9,4,4,1,0,0,0,0,0,0,0,0,
[ 1915.799357] part5,78,395,472,321,207,151,114,66,75,49,60,52,25,11,9,4,7,1,2,5,
[ 1916.805664] part1,19,64,76,53,37,35,21,3,5,1,0,0,0,0,0,0,0,0,0,0,
[ 1916.812103] part2,112,1666,548,153,69,28,19,12,14,9,2,1,7,3,2,0,0,0,0,0,
[ 1916.819152] part3,82,2315,1561,244,77,38,10,17,4,0,0,0,0,0,0,0,0,0,0,0,
[ 1916.826112] part4,21,173,277,159,62,22,9,9,9,6,4,0,2,0,0,0,0,0,0,0,
[ 1916.832718] part5,81,418,467,351,199,151,117,73,61,49,69,46,32,9,12,9,7,2,0,3,
[ 1917.469501] (1)-2541	[[HDMI][AUDIOF]] Audio STS : FSM=5(CHECK), hbr=0/0, sample_cnt= 41470, hbr_sample_cnt=0, fifo_ov=0, type=2(LPCM), ch_mode=0, ch_num=2, acr_freq=48000, wait_acr_cnt=1
[ 1917.839020] part1,0,0,1,0,47,57,95,48,31,5,0,0,0,0,0,0,0,0,0,0,
[ 1917.845294] part2,0,3,58,121,163,81,74,20,19,7,4,2,0,0,0,0,0,0,0,0,
[ 1917.851907] part3,32,344,1110,925,819,474,339,134,67,31,13,4,1,0,0,0,0,0,0,0,
[ 1917.859387] part4,5,298,919,691,376,221,180,95,92,70,58,13,2,0,0,0,0,0,0,0,
[ 1917.866688] part5,16,201,622,1759,2161,719,545,261,149,103,78,31,39,11,13,5,3,5,1,0,
[ 1918.872425] part1,0,2,9,12,92,98,86,34,14,4,4,1,0,0,0,0,0,0,0,0,
[ 1918.878792] part2,30,70,121,167,217,131,127,45,9,1,0,0,0,0,0,0,0,0,0,0,
[ 1918.885749] part3,16,224,796,690,632,328,231,109,62,33,21,20,11,5,5,0,0,0,0,0,
[ 1918.893314] part4,75,406,1509,974,667,486,251,96,53,12,12,1,0,2,1,0,0,0,0,0,
[ 1918.900714] part5,73,462,1653,2051,1818,951,692,237,134,44,9,12,10,1,1,1,0,0,0,0,
[ 1919.599567] (2)-2539	[[HDMI][PWR][WARN]] PWR_STS : FG_HDMI=1, P0/P1/P2/P3(active,fsm,vs_cnt,pol,int) =  P0(0,PS_OFF,0,0,0)/P1(0,PS_OFF,0,0,0)/P2(0,PS_OFF,0,0,0)/P3(1,PS_OFF,49066,1,0)
[ 1919.905699] part1,0,0,6,42,146,116,89,40,9,4,0,0,0,0,0,0,0,0,0,0,
[ 1919.912153] part2,62,325,426,284,219,191,193,107,35,10,8,0,0,0,0,0,0,0,0,0,
[ 1919.919459] part3,131,800,846,541,432,229,183,90,41,9,0,0,0,0,0,0,0,0,0,0,
[ 1919.926676] part4,112,453,
[ 1919.929257] (2)-0000	1191,609,217,147,88,68,44,14,17,6,0,0,0,0,0,0,0,0,
[ 1919.936357] part5,25,341,1219,1666,1479,717,590,221,153,78,55,20,7,0,0,0,0,0,0,0,
[ 1920.939051] part1,0,3,25,16,5,9,51,31,26,4,3,0,0,0,0,0,0,0,0,0,
[ 1920.945348] part2,21,144,278,220,217,103,79,37,26,16,10,6,4,0,0,0,0,0,0,0,
[ 1920.952580] part3,15,209,302,188,137,95,121,95,57,4,3,1,1,0,1,0,0,0,0,0,
[ 1920.959680] part4,32,261,685,682,636,371,294,197,101,38,22,10,12,2,9,3,5,3,0,1,
[ 1920.967356] part5,68,300,251,169,134,57,62,31,11,12,5,4,3,0,1,0,0,0,0,0,
[ 1921.972392] part1,0,0,0,0,0,0,1,1,0,0,0,0,0,0,0,0,0,0,0,0,
[ 1921.978227] part2,37,293,330,255,192,122,120,125,73,22,2,0,0,0,0,0,0,0,0,0,
[ 1921.985525] part3,27,202,349,246,216,140,133,49,19,11,0,0,0,0,0,0,0,0,0,0,
[ 1921.992751] part4,7,109,405,487,523,221,252,128,49,20,23,28,30,21,31,8,2,2,1,0,
[ 1922.000402] part5,42,237,196,162,131,113,107,72,72,24,13,1,3,2,2,0,1,0,0,0,
[ 1923.005736] part1,0,0,0,0,0,0,1,1,0,0,0,0,0,0,0,0,0,0,0,0,
[ 1923.011557] part2,0,0,12,10,37,69,45,36,40,22,6,1,0,0,0,0,0,0,0,0,
[ 1923.018070] part3,1,0,1,6,23,21,20,22,29,3,3,1,0,0,0,0,0,0,0,0,
[ 1923.024335] part4,0,1,15,87,91,129,160,66,27,11,6,1,0,0,0,0,0,0,0,0,
[ 1923.031021] part5,63,167,76,21,20,51,95,23,19,18,26,13,21,7,3,0,0,0,0,0,
[ 1924.039069] part1,0,0,0,0,7,35,157,163,148,29,3,2,2,0,0,0,0,0,0,0,
[ 1924.045601] part2,119,461,505,333,341,306,366,321,118,26,7,3,1,0,0,0,0,0,0,0,
[ 1924.053076] part3,16,104,217,181,127,54,45,37,29,2,0,0,0,0,0,0,0,0,0,0,
[ 1924.060041] part4,69,398,775,704,574,325,184,64,26,15,2,1,0,0,1,0,0,0,0,0,
[ 1924.067249] part5,105,412,604,559,511,381,267,144,94,41,42,21,12,6,4,2,2,0,0,1,
[ 1925.072423] part1,1,14,80,70,85,41,29,22,15,10,1,1,0,0,0,0,0,0,0,0,
[ 1925.079045] part2,0,0,0,7,22,14,8,12,5,3,3,0,1,1,2,0,1,1,0,0,
[ 1925.085132] part3,0,1,5,18,67,51,110,46,53,28,56,38,36,17,1,0,0,0,0,0,
[ 1925.091997] part4,1,4,80,55,19,18,6,2,3,0,0,0,0,0,0,0,0,0,0,0,
[ 1925.098168] part5,51,253,291,178,128,97,73,25,24,11,7,2,6,2,1,0,0,0,0,0,
[ 1926.105768] part1,0,0,5,33,101,51,47,19,24,4,1,0,0,0,0,0,0,0,0,0,
[ 1926.112223] part2,0,0,5,11,11,13,41,15,31,50,69,17,12,4,18,2,0,0,0,0,
[ 1926.119011] part3,0,5,80,72,47,41,65,29,51,28,22,5,2,0,0,0,0,0,0,0,
[ 1926.125609] part4,2,13,115,198,236,146,99,48,39,13,3,1,1,1,0,0,0,0,0,0,
[ 1926.132562] part5,47,254,312,193,163,140,128,62,23,9,12,6,17,9,16,3,6,5,3,0,
[ 1927.139109] part1,0,5,16,25,21,26,21,17,11,7,25,2,2,0,1,0,0,0,0,0,
[ 1927.145669] part2,4,29,116,147,177,116,101,172,190,85,74,38,51,18,8,1,0,0,0,0,
[ 1927.153244] part3,14,156,295,170,62,39,27,35,47,13,1,0,0,0,0,0,0,0,0,0,
[ 1927.160194] part4,8,119,382,394,302,194,90,40,19,9,5,2,8,2,3,0,1,1,1,0,
[ 1927.167154] part5,84,369,603,382,284,164,85,34,44,17,10,4,7,0,1,0,0,0,0,0,
[ 1928.172448] part1,0,0,0,0,0,0,0,0,3,11,25,7,0,0,0,0,0,0,0,0,
[ 1928.178477] part2,4,20,234,348,285,172,122,110,226,106,22,8,8,4,2,0,0,0,0,0,
[ 1928.185864] part3,9,115,128,97,55,32,24,7,11,4,1,0,0,0,0,0,0,0,0,0,
[ 1928.192461] part4,8,94,268,143,92,66,93,41,36,9,13,1,0,0,0,0,0,0,0,0,
[ 1928.199246] part5,64,339,320,201,128,84,86,32,35,21,24,11,12,8,7,1,10,3,2,0,
[ 1929.205798] part1,0,0,0,0,2,0,2,16,116,57,34,11,9,2,0,0,0,0,0,0,
[ 1929.212177] part2,5,92,213,207,206,118,119,105,181,65,46,9,5,2,0,0,0,0,0,0,
[ 1929.219483] part3,14,218,496,270,168,61,30,16,10,6,5,1,3,0,0,0,0,0,0,0,
[ 1929.226442] part4,27,275,696,472,354,180,96,21,16,5,2,1,0,0,0,0,0,0,0,0,
[ 1929.233489] part5,56,278,291,119,82,38,
[ 1929.237260] (0)-0000	53,37,37,10,26,8,13,6,21,10,5,1,0,0,
[ 1929.979527] (3)-2541	[[HDMI][AUDIOF]] Audio STS : FSM=5(CHECK), hbr=0/0, sample_cnt= 42071, hbr_sample_cnt=0, fifo_ov=0, type=2(LPCM), ch_mode=0, ch_num=2, acr_freq=48000, wait_acr_cnt=1
[ 1930.039619] (1)-2539	[[HDMI][PWR][WARN]] PWR_STS : FG_HDMI=1, P0/P1/P2/P3(active,fsm,vs_cnt,pol,int) =  P0(0,PS_OFF,0,0,0)/P1(0,PS_OFF,0,0,0)/P2(0,PS_OFF,0,0,0)/P3(1,PS_OFF,49654,1,0)
[ 1930.239168] part1,0,0,4,17,26,38,23,21,2,0,0,0,0,0,0,0,0,0,0,0,
[ 1930.245453] part2,21,62,82,95,92,72,62,25,19,7,6,1,2,0,0,0,0,0,0,0,
[ 1930.252046] part3,164,652,586,402,326,192,126,72,48,21,12,0,0,0,0,0,0,0,0,0,
[ 1930.259453] part4,192,816,558,541,489,301,239,83,56,19,5,0,0,0,0,0,0,0,0,0,
[ 1930.266756] part5,48,270,530,935,834,445,359,183,127,15,6,5,1,0,0,0,0,0,0,0,
[ 1931.272499] part1,0,0,0,0,11,11,13,10,14,9,3,0,3,1,0,0,0,0,0,0,
[ 1931.278770] part2,5,66,117,152,144,94,82,40,28,6,7,1,0,0,0,0,0,0,0,0,
[ 1931.285551] part3,573,1859,1289,702,467,214,126,50,22,18,6,2,1,0,0,0,0,0,0,0,
[ 1931.293045] part4,702,2385,1714,950,534,306,221,106,59,10,1,1,0,0,0,0,0,0,0,0,
[ 1931.300612] part5,10,124,254,358,426,434,366,182,97,31,24,7,6,8,1,0,0,0,1,2,

[END] 12/6/2019 4:00:27 PM
