[BEGIN] 12/6/2019 3:33:06 PM
[  325.971747] part1,84,266,664,236,303,83,98,25,24,4,4,1,4,0,0,0,0,0,0,0,
[  325.978714] part2,82,270,717,309,362,104,121,24,31,4,3,1,1,0,0,0,0,0,0,0,
[  325.985842] part3,62,101,303,111,155,33,47,11,5,0,4,1,1,0,0,0,0,0,0,0,
[  325.992722] part4,114,370,961,420,508,165,172,46,30,12,7,1,2,0,0,0,0,0,0,0,
[  326.000019] part5,100,336,635,297,275,84,82,26,23,4,8,0,0,0,0,0,0,0,0,0,
[  327.005099] part1,49,251,585,316,271,89,95,25,22,5,6,1,3,0,0,0,0,0,0,0,
[  327.012064] part2,40,251,670,337,309,135,108,24,23,3,4,1,0,0,0,0,0,0,0,0,
[  327.019192] part3,22,99,259,141,149,45,40,13,10,1,4,0,0,0,0,0,0,0,0,0,
[  327.026060] part4,64,343,871,443,431,187,154,53,32,3,9,1,0,0,0,0,0,0,0,0,
[  327.033179] part5,49,268,553,288,256,98,67,22,31,6,10,0,0,0,0,0,0,0,0,0,
[  328.038445] part1,61,264,639,293,247,81,87,28,23,5,4,2,2,0,0,0,0,0,0,0,
[  328.045417] part2,68,247,679,339,301,121,97,26,25,3,6,0,1,0,0,0,0,0,0,0,
[  328.052464] part3,22,89,258,139,127,53,44,8,6,1,1,2,0,0,0,0,0,0,0,0,
[  328.059152] part4,80,314,843,433,415,188,146,44,29,3,7,1,0,0,0,0,0,0,0,0,
[  328.066281] part5,70,256,540,281,246,92,67,17,15,5,7,0,1,0,0,0,0,0,0,0,
[  328.290315] (1)-2539	[[HDMI][PWR][WARN]] PWR_STS : FG_HDMI=1, P0/P1/P2/P3(active,fsm,vs_cnt,pol,int) =  P0(0,PS_OFF,0,0,0)/P1(0,PS_OFF,0,0,0)/P2(0,PS_OFF,0,0,0)/P3(1,PS_OFF,17530,1,0)
[  329.071813] part1,44,215,500,242,230,85,72,21,22,1,4,1,3,0,0,0,0,0,0,0,
[  329.078801] part2,57,204,500,335,229,98,65,17,15,4,4,1,0,0,0,0,0,0,0,0,
[  329.085756] part3,15,77,195,114,120,33,35,8,5,0,2,0,0,0,0,0,0,0,0,0,
[  329.092432] part4,70,267,684,389,343,173,114,38,26,6,3,1,0,0,0,0,0,0,0,0,
[  329.099579] part5,40,200,438,239,186,79,56,15,16,2,7,1,0,0,0,0,0,0,0,0,
[  330.105181] part1,38,195,489,244,224,59,59,26,15,6,3,2,1,0,0,0,0,0,0,0,
[  330.112172] part2,58,185,510,277,229,77,73,17,9,2,2,0,0,1,0,0,0,0,0,0,
[  330.119040] part3,16,58,196,99,106,36,21,5,3,0,2,0,0,0,0,0,0,0,0,0,
[  330.125634] part4,67,220,636,316,320,126,70,30,14,4,1,0,0,0,0,0,0,0,0,0,
[  330.132675] part5,49,176,400,196,177,61,43,9,12,3,4,0,0,0,0,0,0,0,0,0,
[  331.138509] part1,36,162,389,208,194,60,54,15,11,2,3,0,0,0,0,0,0,0,0,0,
[  331.145487] part2,59,140,441,230,211,55,64,13,7,2,0,0,0,0,0,0,0,0,0,0,
[  331.152344] part3,21,52,190,87,88,36,16,6,2,0,0,0,0,0,0,0,0,0,0,0,
[  331.158872] part4,53,243,602,324,294,116,71,20,12,3,1,0,0,0,0,0,0,0,0,0,
[  331.165910] part5,53,172,388,188,163,53,42,5,9,0,4,0,0,0,0,0,0,0,0,0,
[  331.579529] (3)-2541	[[HDMI][AUDIOF]] Audio STS : FSM=5(CHECK), hbr=0/0, sample_cnt= 15026, hbr_sample_cnt=0, fifo_ov=0, type=2(LPCM), ch_mode=0, ch_num=2, acr_freq=48000, wait_acr_cnt=1
[  332.171826] part1,27,138,378,200,169,41,56,12,13,3,2,0,0,0,0,0,0,0,0,0,
[  332.178798] part2,33,135,406,198,193,62,52,13,7,1,0,0,0,0,0,0,0,0,0,0,
[  332.185652] part3,16,47,157,78,90,26,23,3,1,0,0,0,0,0,0,0,0,0,0,0,
[  332.192176] part4,44,192,574,283,271,101,77,25,10,2,0,0,0,0,0,0,0,0,0,0,
[  332.199224] part5,37,168,341,172,154,37,32,3,8,1,3,0,0,0,0,0,0,0,0,0,
[  333.205167] part1,38,139,360,156,175,36,47,5,7,2,2,0,0,0,0,0,0,0,0,0,
[  333.211966] part2,30,131,414,190,187,54,44,13,8,0,1,0,0,0,0,0,0,0,0,0,
[  333.218827] part3,16,56,147,83,86,20,19,3,1,0,0,0,0,0,0,0,0,0,0,0,
[  333.225348] part4,32,191,514,263,264,87,65,15,5,1,0,0,0,0,0,0,0,0,0,0,
[  333.232203] part5,30,131,310,160,136,28,36,8,9,1,0,0,0,0,0,0,0,0,0,0,
[  334.238504] part1,12,35,136,59,70,18,12,2,3,0,0,0,0,0,0,0,0,0,0,0,
[  334.245034] part2,6,32,120,73,51,21,15,1,0,0,0,0,0,0,0,0,0,0,0,0,
[  334.251469] part3,4,12,85,45,42,13,5,0,1,0,1,0,0,0,0,0,0,0,0,0,
[  334.257728] part4,2,17,69,41,26,4,5,0,0,0,0,0,0,0,0,0,0,0,0,0,
[  334.263888] part5,4,9,36,23,12,2,1,0,0,0,0,0,0,0,0,0,0,0,0,0,
[  335.271842] part1,0,0,0,0,0,0,0,0,0,0,0,0,0,0,0,0,0,0,0,0,
[  335.277675] part2,2,0,0,0,0,0,0,0,0,0,0,0,0,0,0,0,0,0,0,0,
[  335.283500] part3,0,0,0,0,0,0,0,0,0,0,0,0,0,0,0,0,0,0,0,0,
[  335.289314] part4,0,0,0,0,0,0,0,0,0,0,0,0,0,0,0,0,0,0,0,0,
[  335.295132] part5,0,1,0,0,0,0,0,0,0,0,0,0,0,0,0,0,0,0,0,0,
[  336.288567] part1,0,0,0,0,0,0,0,0,0,0,0,0,0,0,0,0,0,0,0,0,
[  336.294404] part2,0,0,0,0,0,0,0,0,0,0,0,0,0,0,0,0,0,0,0,0,
[  336.300233] part3,0,0,0,0,0,0,0,0,0,0,0,0,0,0,0,0,0,0,0,0,
[  336.306046] part4,0,0,0,0,0,0,0,0,0,0,0,0,0,0,0,0,0,0,0,0,
[  336.311857] part5,0,0,0,0,0,0,0,0,0,0,0,0,0,0,0,0,0,0,0,0,
[  337.305199] part1,0,0,0,0,0,0,0,0,0,0,0,0,0,0,0,0,0,0,0,0,
[  337.311054] part2,0,0,0,0,0,0,0,0,0,0,0,0,0,0,0,0,0,0,0,0,
[  337.316857] part3,0,0,0,0,0,0,0,0,0,0,0,0,0,0,0,0,0,0,0,0,
[  337.322679] part4,0,0,0,0,0,0,0,0,0,0,0,0,0,0,0,0,0,0,0,0,
[  337.328486] part5,0,0,0,0,0,0,0,0,0,0,0,0,0,0,0,0,0,0,0,0,
[  338.321893] part1,3,816,233,0,8,9,28,3,3,0,3,1,0,0,0,0,0,0,0,0,
[  338.328167] part2,1,0,3,2,11,14,21,3,19,3,9,0,2,1,0,0,0,0,0,0,
[  338.334341] part3,1,0,0,0,8,3,23,4,26,2,16,1,7,0,0,0,0,0,0,0,
[  338.340404] part4,2,1,0,0,0,0,1,0,11,0,3,0,0,0,0,0,0,0,0,0,
[  338.346322] part5,8,0,2,0,3,0,0,0,0,0,0,0,0,0,0,0,0,0,0,0,
[  338.589558] (0)-2539	[[HDMI][PWR][WARN]] PWR_STS : FG_HDMI=1, P0/P1/P2/P3(active,fsm,vs_cnt,pol,int) =  P0(0,PS_OFF,0,0,0)/P1(0,PS_OFF,0,0,0)/P2(0,PS_OFF,0,0,0)/P3(1,PS_OFF,18120,1,0)
[  339.338555] part1,3,707,325,14,23,10,12,6,4,1,0,1,2,2,1,0,0,0,0,0,
[  339.345088] part2,2,0,6,1,10,3,10,0,3,0,2,0,1,0,0,0,0,0,0,0,
[  339.351084] part3,0,0,0,0,5,2,16,5,17,2,12,0,1,0,0,0,0,0,0,0,
[  339.357179] part4,1,0,0,0,0,0,0,0,0,0,0,0,0,0,0,0,0,0,0,0,
[  339.362995] part5,4,0,1,0,0,0,0,0,0,0,0,0,0,0,0,0,0,0,0,0,
[  340.355269] part1,11,672,365,10,19,10,15,2,4,0,0,3,1,0,0,0,0,0,0,0,
[  340.361902] part2,3,0,4,2,24,12,16,1,14,0,5,0,1,0,1,0,0,0,0,0,
[  340.368056] part3,1,0,3,1,7,0,13,5,27,5,14,1,8,1,1,0,0,0,0,0,
[  340.374146] part4,0,0,0,3,6,0,0,0,0,0,0,0,0,0,0,0,0,0,0,0,
[  340.379959] part5,5,0,1,0,0,0,0,0,0,0,0,0,0,0,0,0,0,0,0,0,
[  341.371920] part1,47,281,179,12,9,0,0,0,0,0,0,0,0,0,0,0,0,0,0,0,
[  341.378288] part2,24,1,0,0,0,0,0,0,0,0,0,0,0,0,0,0,0,0,0,0,
[  341.384194] part3,36,0,0,0,0,0,0,0,0,0,0,0,0,0,0,0,0,0,0,0,
[  341.390092] part4,21,0,0,0,0,0,0,0,0,0,0,0,0,0,0,0,0,0,0,0,
[  341.396007] part5,20,0,0,0,0,0,0,0,0,0,0,0,0,0,0,0,0,0,0,0,
[  342.388595] part1,33,346,154,6,5,1,0,0,0,0,0,0,0,0,0,0,0,0,0,0,
[  342.394852] part2,14,1,0,0,0,0,0,0,0,0,0,0,0,0,0,0,0,0,0,0,
[  342.400766] part3,8,0,0,0,0,0,0,0,0,0,0,0,0,0,0,0,0,0,0,0,
[  342.406588] part4,4,0,0,0,0,0,0,0,0,0,0,0,0,0,0,0,0,0,0,0,
[  342.412410] part5,5,0,0,0,0,0,0,0,0,0,0,0,0,0,0,0,0,0,0,0,
[  343.405269] part1,0,0,0,0,0,0,0,0,0,0,0,0,0,0,0,0,0,0,0,0,
[  343.411106] part2,0,0,0,0,0,0,0,0,0,0,0,0,0,0,0,0,0,0,0,0,
[  343.416918] part3,0,0,0,0,0,0,0,0,0,0,0,0,0,0,0,0,0,0,0,0,
[  343.422744] part4,0,0,0,0,0,0,0,0,0,0,0,0,0,0,0,0,0,0,0,0,
[  343.428552] part5,0,0,0,0,
[  343.431164] (2)-0000	0,0,0,0,0,0,0,0,0,0,0,0,0,0,0,0,
[  343.979509] (3)-2541	[[HDMI][AUDIOF]] Audio STS : FSM=5(CHECK), hbr=0/0, sample_cnt= 15627, hbr_sample_cnt=0, fifo_ov=0, type=2(LPCM), ch_mode=0, ch_num=2, acr_freq=48000, wait_acr_cnt=1
[  344.438605] part1,0,0,0,0,0,0,0,0,0,0,0,0,0,0,0,0,0,0,0,0,
[  344.444436] part2,0,0,0,0,0,0,0,0,0,0,0,0,0,0,0,0,0,0,0,0,
[  344.450249] part3,0,0,0,0,0,0,0,0,0,0,0,0,0,0,0,0,0,0,0,0,
[  344.456082] part4,0,0,0,0,0,0,0,0,0,0,0,0,0,0,0,0,0,
[  344.461139] (0)-0000	0,0,0,
[  344.464189] part5,0,0,0,0,0,0,0,0,0,0,0,0,0,0,0,0,0,0,0,0,
[  345.471961] part1,75,705,1553,767,351,105,85,25,9,6,1,1,0,0,0,0,0,0,0,0,
[  345.479011] part2,235,1267,1551,694,255,136,263,34,6,2,0,0,0,0,0,0,0,0,0,0,
[  345.486303] part3,190,1632,
[  345.488971] (3)-0000	2052,927,902,550,344,94,96,16,30,8,8,2,0,0,0,1,0,0,
[  345.496156] part4,633,7524,6611,1440,744,348,223,85,31,16,5,0,1,1,0,1,1,1,0,0,
[  345.503726] part5,733,3136,2190,512,187,78,74,27,35,18,11,1,1,1,0,0,0,0,0,0,
[  346.505310] part1,87,704,1687,794,341,161,83,23,11,2,1,0,0,0,0,0,0,0,0,0,
[  346.512453] part2,210,1211,
[  346.515126] (0)-0000	1759,880,303,193,182,23,34,14,2,2,0,0,0,0,0,0,0,0,
[  346.522214] part3,396,1879,2553,1546,1058,548,379,116,63,26,21,8,7,2,2,3,4,1,0,0,
[  346.530048] part4,891,7522,6536,1410,654,349,190,82,39,18,3,4,2,1,0,1,0,0,0,1,
[  346.537620] part5,734,3955,2937,677,343,129,91,55,47,26,14,1,2,1,1,0,2,1,0,0,

[END] 12/6/2019 3:34:01 PM
