[BEGIN] 12/6/2019 4:00:46 PM
[ 1967.389568] part1,49,229,282,93,28,5,1,0,0,0,0,0,0,0,0,0,0,0,0,0,
[ 1967.396011] part2,4,120,194,60,18,5,2,2,15,9,16,8,5,0,0,0,0,0,0,0,
[ 1967.402525] part3,79,262,296,155,150,76,47,31,16,8,3,2,7,0,1,0,0,0,0,0,
[ 1967.409485] part4,44,280,250,117,84,55,48,17,16,2,5,0,1,0,0,0,1,0,0,0,
[ 1967.416339] part5,91,406,291,140,122,30,28,3,21,5,16,6,5,0,0,0,0,0,0,0,
[ 1968.422895] part1,37,216,270,104,25,3,1,0,0,0,0,0,0,0,0,0,0,0,0,0,
[ 1968.429419] part2,5,134,195,44,15,8,1,0,12,6,16,5,8,0,0,0,0,0,0,0,
[ 1968.435944] part3,19,193,311,145,140,85,50,34,43,7,5,0,0,0,0,0,0,0,0,0,
[ 1968.442901] part4,15,121,153,123,78,37,46,23,36,15,5,5,3,0,0,0,0,0,0,0,
[ 1968.449842] part5,90,401,288,155,118,28,22,10,24,4,18,2,2,0,0,0,0,0,0,0,
[ 1969.456238] part1,39,252,446,252,106,27,22,3,4,4,10,2,0,0,0,0,0,0,0,0,
[ 1969.463120] part2,108,1021,1137,429,332,187,163,68,96,70,53,20,15,5,4,1,0,0,0,0,
[ 1969.470871] part3,243,1497,1291,723,504,252,282,196,188,82,62,30,23,9,8,3,0,0,0,0,
[ 1969.478784] part4,0,23,85,29,36,28,15,10,12,5,11,4,9,2,16,2,11,0,0,0,
[ 1969.485559] part5,90,403,280,163,116,26,15,0,0,0,0,0,0,0,0,0,0,0,0,0,
[ 1970.489597] part1,37,248,445,245,101,30,31,4,15,3,5,0,0,0,2,0,0,0,0,0,
[ 1970.496487] part2,142,1193,1374,579,368,206,131,83,62,31,20,8,7,1,3,0,0,0,0,0,
[ 1970.504056] part3,287,1151,954,493,366,180,203,130,108,74,86,38,34,17,14,7,3,0,0,0,
[ 1970.512053] part4,0,22,65,37,38,33,31,30,44,18,26,7,15,4,15,5,10,0,0,0,
[ 1970.519001] part5,90,402,282,154,119,27,17,2,0,0,0,0,0,0,0,0,0,0,0,0,
[ 1971.522969] part1,38,223,316,204,102,31,51,18,17,13,17,3,2,0,0,0,0,0,0,0,
[ 1971.530122] part2,7,466,535,191,106,53,58,44,48,8,15,20,5,4,8,4,2,0,0,0,
[ 1971.537165] part3,19,253,733,598,381,176,136,81,84,45,21,16,14,4,2,1,1,0,1,0,
[ 1971.544634] part4,60,282,195,58,49,44,62,56,47,35,44,16,18,5,16,3,8,0,0,0,
[ 1971.551852] part5,90,404,266,158,133,21,21,1,0,0,0,0,0,0,0,0,0,0,0,0,
[ 1971.599650] (2)-2539	[[HDMI][PWR][WARN]] PWR_STS : FG_HDMI=1, P0/P1/P2/P3(active,fsm,vs_cnt,pol,int) =  P0(0,PS_OFF,0,0,0)/P1(0,PS_OFF,0,0,0)/P2(0,PS_OFF,0,0,0)/P3(1,PS_OFF,52012,1,0)
[ 1972.556273] part1,43,231,361,224,99,26,13,3,7,3,5,6,3,0,0,0,0,0,0,0,
[ 1972.562992] part2,56,749,1179,518,370,177,96,40,35,27,11,2,3,1,3,0,0,0,0,0,
[ 1972.570293] part3,39,313,739,629,404,186,108,36,40,18,20,18,1,3,1,0,0,0,0,0,
[ 1972.577679] part4,50,237,321,332,261,167,167,126,96,59,59,32,42,13,42,5,8,0,0,0,
[ 1972.585430] part5,90,404,288,156,118,24,12,1,0,0,0,0,0,0,0,0,0,0,0,0,
[ 1973.589668] part1,46,269,526,251,77,20,22,11,8,4,1,1,0,0,0,0,0,0,0,0,
[ 1973.596472] part2,103,774,696,187,132,71,40,28,12,13,15,5,1,0,0,0,0,0,0,0,
[ 1973.603677] part3,173,1387,1258,608,330,149,94,38,83,26,15,1,0,1,1,0,0,0,0,0,
[ 1973.611153] part4,181,589,429,296,258,147,162,148,119,60,68,27,36,11,39,6,4,0,0,0,
[ 1973.619074] part5,90,404,287,148,126,26,10,1,0,0,0,0,0,0,0,0,0,0,0,0,
[ 1974.622962] part1,43,257,508,246,76,24,16,4,6,4,1,1,0,0,0,0,0,0,0,0,
[ 1974.629681] part2,221,1127,995,342,178,94,60,49,51,23,25,9,4,2,0,0,0,0,0,0,
[ 1974.636979] part3,238,1641,1167,545,273,114,106,72,65,15,12,4,7,0,2,0,0,0,0,0,
[ 1974.644560] part4,211,571,410,298,178,138,169,149,113,56,56,25,33,18,30,7,6,0,0,0,
[ 1974.652481] part5,90,404,288,156,118,24,12,1,0,0,0,0,0,0,0,0,0,0,0,0,
[ 1975.656303] part1,46,226,294,99,29,3,1,0,0,0,0,0,0,0,0,0,0,0,0,0,
[ 1975.662746] part2,14,198,244,113,120,44,74,37,11,6,0,0,0,0,0,0,0,0,0,0,
[ 1975.669697] part3,11,84,118,84,77,23,24,11,3,0,0,0,0,0,0,0,0,0,0,0,
[ 1975.676316] part4,2,3,5,5,2,2,0,0,0,0,0,0,0,0,0,0,0,0,0,0,
[ 1975.682119] part5,90,404,287,148,126,26,10,1,0,0,0,0,0,0,0,0,0,0,0,0,
[ 1976.689677] part1,41,236,275,92,33,5,1,0,0,0,0,0,0,0,0,0,0,0,0,0,
[ 1976.696117] part2,3,144,176,45,19,5,4,7,33,4,0,0,0,0,0,0,0,0,0,0,
[ 1976.702554] part3,0,0,1,0,1,1,6,2,0,0,0,0,0,0,0,0,0,0,0,0,
[ 1976.708361] part4,0,0,1,1,0,1,6,3,15,2,2,0,0,0,0,0,0,0,0,0,
[ 1976.714267] part5,89,411,283,148,116,28,15,1,0,0,0,0,0,0,0,0,0,0,0,0,
[ 1977.722990] part1,45,238,277,95,33,5,1,0,0,0,0,0,0,0,0,0,0,0,0,0,
[ 1977.729443] part2,3,143,179,45,18,4,2,1,0,1,0,0,0,0,0,0,0,0,0,0,
[ 1977.735788] part3,0,0,0,0,1,2,7,12,18,2,0,0,0,0,0,0,0,0,0,0,
[ 1977.741768] part4,0,0,0,0,3,7,19,9,29,5,1,0,0,0,0,0,0,0,0,0,
[ 1977.747762] part5,89,412,282,152,113,25,18,1,0,0,0,0,0,0,0,0,0,0,0,0,
[ 1978.756333] part1,41,236,275,92,33,5,1,0,0,0,0,0,0,0,0,0,0,0,0,0,
[ 1978.762796] part2,3,144,176,45,19,5,2,0,0,1,0,0,0,0,0,0,0,0,0,0,
[ 1978.769138] part3,0,0,0,0,0,0,0,0,0,0,0,0,0,0,0,0,0,0,0,0,
[ 1978.774941] part4,0,0,0,0,0,0,0,0,0,0,0,0,0,0,0,0,0,0,0,0,
[ 1978.780768] part5,90,411,281,147,121,27,15,1,0,0,0,0,0,0,0,0,0,0,0,0,
[ 1979.469475] (1)-2541	[[HDMI][AUDIOF]] Audio STS : FSM=5(CHECK), hbr=0/0, sample_cnt= 44475, hbr_sample_cnt=0, fifo_ov=0, type=2(LPCM), ch_mode=0, ch_num=2, acr_freq=48000, wait_acr_cnt=1
[ 1979.773019] part1,42,237,265,97,26,2,1,0,0,0,0,0,0,0,0,0,0,0,0,0,
[ 1979.779468] part2,6,160,180,57,52,21,21,14,21,13,18,3,0,0,0,0,0,0,0,0,
[ 1979.786342] part3,0,0,18,14,26,19,4,7,8,6,3,0,0,0,0,0,0,0,0,0,
[ 1979.792523] part4,110,439,214,143,115,60,47,18,12,4,9,2,0,0,0,0,0,0,0,0,
[ 1979.799552] part5,90,412,298,143,127,24,14,0,0,0,0,0,0,0,0,0,0,0,0,0,
[ 1980.806354] part1,44,235,274,88,29,2,1,0,0,0,0,0,0,0,0,0,0,0,0,0,
[ 1980.812799] part2,5,138,183,50,16,4,4,1,0,0,1,0,0,0,0,0,0,0,0,0,
[ 1980.819155] part3,5,27,37,47,48,38,34,25,12,9,6,0,0,0,0,0,0,0,0,0,
[ 1980.825674] part4,4,92,132,53,76,47,48,18,27,7,9,1,0,0,0,0,0,0,0,0,
[ 1980.832278] part5,93,408,294,147,117,23,13,1,0,0,0,0,0,0,0,0,0,0,0,0,
[ 1981.839712] part1,49,229,272,96,29,2,1,0,0,0,0,0,0,0,0,0,0,0,0,0,
[ 1981.846159] part2,5,140,180,50,17,4,4,1,0,1,0,0,0,0,0,0,0,0,0,0,
[ 1981.852514] part3,1,7,33,41,22,20,33,17,21,7,1,0,0,0,0,0,0,0,0,0,
[ 1981.858933] part4,11,32,36,55,87,34,41,11,14,7,14,0,0,0,0,0,0,0,0,0,
[ 1981.865637] part5,91,409,290,150,116,24,11,2,1,0,0,0,0,0,0,0,0,0,0,0,
[ 1981.919510] (1)-2539	[[HDMI][PWR][WARN]] PWR_STS : FG_HDMI=1, P0/P1/P2/P3(active,fsm,vs_cnt,pol,int) =  P0(0,PS_OFF,0,0,0)/P1(0,PS_OFF,0,0,0)/P2(0,PS_OFF,0,0,0)/P3(1,PS_OFF,52604,1,0)
[ 1982.873079] part1,44,235,274,88,29,2,1,0,0,0,0,0,0,0,0,0,0,0,0,0,
[ 1982.879538] part2,5,138,183,50,16,4,4,1,0,0,1,0,0,0,0,0,0,0,0,0,
[ 1982.885885] part3,1,1,15,25,31,23,25,16,23,8,0,0,0,0,0,0,0,0,0,0,
[ 1982.892303] part4,2,3,31,10,29,26,18,6,17,9,4,0,0,0,0,0,0,0,0,0,
[ 1982.898649] part5,93,408,294,147,117,23,13,1,0,0,0,0,0,0,0,0,0,0,0,0,
[ 1983.906393] part1,0,0,0,0,0,0,0,0,0,0,0,0,0,0,0,0,0,0,0,0,
[ 1983.912237] part2,0,0,0,0,0,0,0,0,0,0,0,0,0,0,0,0,0,0,0,0,
[ 1983.918038] part3,0,0,0,0,0,0,0,0,0,0,0,0,0,0,0,0,0,0,0,0,
[ 1983.923867] part4,0,0,0,0,0,0,0,0,0,0,0,0,0,0,0,0,0,0,0,0,
[ 1983.929677] part5,0,0,0,0,0,0,0,0,0,0,0,0,0,0,0,0,0,0,0,0,

[END] 12/6/2019 4:01:19 PM
