[BEGIN] 12/6/2019 4:45:30 PM
[ 4651.385453] part1,0,0,0,0,0,0,0,0,0,0,0,0,0,0,0,0,0,0,0,0,
[ 4651.391281] part2,0,0,0,0,0,30,30,7,0,0,0,0,0,0,0,0,0,0,0,0,
[ 4651.397282] part3,0,0,0,0,1,12,20,29,35,8,3,0,0,0,0,0,0,0,0,0,
[ 4651.403434] part4,0,0,0,0,8,9,31,51,95,31,19,10,4,0,12,0,3,0,0,0,
[ 4651.409880] part5,0,0,0,0,0,0,0,0,0,0,0,0,0,0,0,0,0,0,0,0,
[ 4651.989531] (1)-2541	[[HDMI][AUDIOF]] Audio STS : FSM=5(CHECK), hbr=0/0, sample_cnt= 174188, hbr_sample_cnt=0, fifo_ov=0, type=2(LPCM), ch_mode=0, ch_num=2, acr_freq=48000, wait_acr_cnt=1
[ 4652.402200] part1,0,0,0,0,0,0,0,0,0,0,0,0,0,0,0,0,0,0,0,0,
[ 4652.408056] part2,0,0,0,0,4,22,162,90,53,16,10,3,0,0,0,0,0,0,0,0,
[ 4652.414483] part3,0,0,0,0,0,0,0,0,0,0,0,0,0,0,0,0,0,0,0,0,
[ 4652.420307] part4,0,0,0,0,0,1,4,16,33,17,14,6,21,6,3,0,0,0,0,0,
[ 4652.426551] part5,0,0,0,0,0,0,0,0,0,0,0,0,0,0,0,0,0,0,0,0,
[ 4653.418808] part1,0,0,0,0,0,0,0,0,0,0,0,0,0,0,0,0,0,0,0,0,
[ 4653.424656] part2,0,0,0,0,4,39,88,61,36,8,12,5,0,0,0,0,0,0,0,0,
[ 4653.430906] part3,0,0,0,1,0,0,0,0,0,1,1,0,0,0,0,0,0,0,0,0,
[ 4653.436735] part4,0,0,0,0,0,0,5,28,89,49,13,4,3,4,4,1,0,0,0,0,
[ 4653.442897] part5,0,0,0,0,0,0,0,0,0,0,0,0,0,0,0,0,0,0,0,0,
[ 4654.435501] part1,0,0,0,0,8,27,77,40,78,19,2,0,0,0,0,0,0,0,0,0,
[ 4654.441775] part2,0,0,0,0,11,31,56,62,83,25,18,12,7,1,1,0,0,0,0,0,
[ 4654.448298] part3,0,0,0,24,58,84,62,26,9,7,6,0,0,0,0,0,0,0,0,0,
[ 4654.454546] part4,0,0,0,0,23,34,33,12,16,1,3,1,0,0,0,0,0,0,0,0,
[ 4654.460801] part5,0,0,0,0,4,22,57,20,20,5,6,2,0,0,0,0,0,0,0,0,
[ 4655.468833] part1,0,0,0,0,9,30,73,38,37,13,2,1,0,0,0,0,0,0,0,0,
[ 4655.475110] part2,0,0,0,0,15,26,46,65,72,27,24,4,3,0,0,0,0,0,0,0,
[ 4655.481539] part3,0,0,0,1,69,100,108,25,16,11,0,0,0,0,0,0,0,0,0,0,
[ 4655.488045] part4,0,0,0,0,12,26,49,12,11,0,3,2,3,0,0,0,0,0,0,0,
[ 4655.494308] part5,0,0,0,0,2,26,45,22,6,4,1,1,0,0,0,0,0,0,0,0,
[ 4656.502173] part1,0,0,0,0,3,6,44,29,50,30,10,1,0,0,0,0,0,0,0,0,
[ 4656.508466] part2,0,0,0,0,1,7,12,6,9,1,5,3,1,0,0,0,0,0,0,0,
[ 4656.514367] part3,0,0,0,2,9,35,82,28,14,0,2,6,0,0,0,0,0,0,0,0,
[ 4656.520539] part4,0,0,0,0,1,6,7,4,2,1,1,0,0,0,0,0,0,0,0,0,
[ 4656.526358] part5,0,0,0,0,2,29,27,19,6,7,0,0,0,0,0,0,0,0,0,0,
[ 4657.429604] (1)-2539	[[HDMI][PWR][WARN]] PWR_STS : FG_HDMI=1, P0/P1/P2/P3(active,fsm,vs_cnt,pol,int) =  P0(0,PS_OFF,0,0,0)/P1(0,PS_OFF,0,0,0)/P2(0,PS_OFF,0,0,0)/P3(1,PS_OFF,205244,1,0)
[ 4657.518854] part1,0,0,0,0,5,38,74,45,73,36,9,0,0,0,0,0,0,0,0,0,
[ 4657.525119] part2,0,0,0,0,12,27,29,12,9,11,1,0,0,0,0,0,0,0,0,0,
[ 4657.531380] part3,0,0,0,9,25,112,140,52,27,5,5,1,2,3,1,0,0,0,0,0,
[ 4657.537803] part4,0,0,0,1,24,43,42,13,13,2,4,4,0,0,0,0,0,0,0,0,
[ 4657.544057] part5,0,0,0,0,16,20,36,31,18,3,6,0,3,0,0,0,0,0,0,0,
[ 4658.552205] part1,0,0,0,0,1,17,42,40,71,34,10,0,0,0,0,0,0,0,0,0,
[ 4658.558562] part2,0,0,0,0,4,7,16,8,16,13,1,0,0,0,0,0,0,0,0,0,
[ 4658.564646] part3,0,0,0,0,9,62,88,21,15,2,2,0,2,3,0,0,0,0,0,0,
[ 4658.570807] part4,0,0,0,0,14,19,26,8,5,2,3,0,0,0,0,0,0,0,0,0,
[ 4658.576894] part5,0,0,0,0,1,2,23,39,14,2,0,0,0,0,0,0,0,0,0,0,
[ 4659.568868] part1,0,0,0,0,9,46,64,55,45,24,5,0,0,0,0,0,0,0,0,0,
[ 4659.575134] part2,0,0,0,0,10,12,18,8,28,18,3,0,0,0,0,0,0,0,0,0,
[ 4659.581387] part3,0,0,0,0,16,42,106,19,1,7,4,0,3,1,0,0,0,0,0,0,
[ 4659.587645] part4,0,0,0,2,17,26,32,10,11,8,2,1,0,0,0,0,0,0,0,0,
[ 4659.593891] part5,0,0,0,0,5,21,63,52,19,0,0,2,0,1,0,0,0,0,0,0,
[ 4660.585564] part1,0,0,0,2,7,16,26,39,32,20,54,3,0,0,0,0,0,0,0,0,
[ 4660.591942] part2,0,0,0,0,1,5,23,6,8,0,0,0,0,3,7,5,16,3,6,3,
[ 4660.597920] part3,0,0,0,0,7,35,110,80,53,38,43,26,23,6,4,0,4,2,2,5,
[ 4660.604542] part4,0,0,0,0,7,54,146,52,41,22,15,12,16,2,6,6,1,1,1,3,
[ 4660.611143] part5,0,0,0,0,0,6,43,40,63,22,42,40,31,9,4,0,0,0,0,0,
[ 4661.618940] part1,0,0,0,0,29,100,120,41,27,11,32,1,0,0,0,0,0,0,0,0,
[ 4661.625575] part2,0,0,0,0,4,26,39,11,6,1,4,7,22,18,25,7,13,7,5,3,
[ 4661.631993] part3,0,0,1,4,7,40,86,53,30,15,33,18,10,7,1,0,0,0,0,0,
[ 4661.638535] part4,0,0,0,1,15,60,155,91,58,44,40,23,27,9,12,4,4,1,5,0,
[ 4661.645308] part5,0,0,0,1,2,2,43,132,83,42,25,8,10,5,5,3,5,0,1,0,
[ 4662.652243] part1,0,0,0,0,8,35,28,35,97,29,8,0,0,0,0,0,0,0,0,0,
[ 4662.658521] part2,0,0,0,2,3,6,21,20,17,4,1,0,0,0,0,0,0,0,0,0,
[ 4662.664602] part3,0,0,0,0,8,34,48,28,11,12,2,1,4,2,2,0,1,2,1,0,
[ 4662.670866] part4,0,0,0,0,3,21,64,35,5,3,0,2,1,0,0,0,0,0,0,0,
[ 4662.676936] part5,0,0,0,0,3,8,39,23,25,3,8,2,0,0,0,0,0,0,0,0,
[ 4663.668914] part1,0,0,0,0,14,21,27,22,68,35,13,2,0,1,0,0,0,0,0,0,
[ 4663.675376] part2,0,0,0,1,5,20,15,6,14,9,4,1,0,0,0,0,0,0,0,0,
[ 4663.681446] part3,0,0,0,0,5,44,45,7,11,5,9,4,1,0,0,0,0,0,0,0,
[ 4663.687535] part4,0,0,0,0,0,13,15,9,10,1,1,0,0,0,0,0,0,0,0,0,
[ 4663.693614] part5,0,0,0,0,9,19,15,7,8,2,0,0,0,0,0,0,0,0,0,0,
[ 4664.529477] (1)-2541	[[HDMI][AUDIOF]] Audio STS : FSM=5(CHECK), hbr=0/0, sample_cnt= 174789, hbr_sample_cnt=0, fifo_ov=0, type=2(LPCM), ch_mode=0, ch_num=2, acr_freq=48000, wait_acr_cnt=1
[ 4664.685600] part1,0,0,0,0,0,6,15,21,16,32,23,4,0,0,0,0,0,0,0,0,
[ 4664.691868] part2,0,0,0,0,3,5,2,1,4,3,2,2,0,0,0,0,0,0,0,0,
[ 4664.697691] part3,0,0,0,0,5,31,65,31,22,5,4,1,1,0,0,0,0,0,0,0,
[ 4664.703843] part4,0,0,0,0,6,5,18,10,9,3,2,0,0,0,0,0,0,0,0,0,
[ 4664.709843] part5,0,0,0,0,1,7,1,3,6,4,0,0,0,1,0,0,0,0,0,0,
[ 4665.702285] part1,0,0,0,0,2,11,19,13,29,16,10,0,0,0,0,0,0,0,0,0,
[ 4665.708639] part2,0,0,0,0,3,5,8,6,13,17,1,1,2,0,0,0,0,0,0,0,
[ 4665.714630] part3,0,0,0,0,9,48,73,37,16,6,2,1,0,0,3,1,1,0,0,0,
[ 4665.720799] part4,0,0,0,0,8,26,38,11,12,3,2,0,0,0,0,0,0,0,0,0,
[ 4665.726957] part5,0,0,0,0,10,13,20,29,24,7,1,0,0,0,0,0,0,0,0,0,
[ 4666.718954] part1,0,0,0,0,14,136,247,143,92,39,25,9,9,12,8,5,6,3,2,0,
[ 4666.725762] part2,0,0,0,3,20,103,221,208,211,76,46,24,54,32,48,20,18,6,5,13,
[ 4666.733145] part3,0,0,0,10,33,158,287,304,287,153,151,86,74,34,54,26,39,14,12,6,
[ 4666.740881] part4,0,0,0,2,37,202,579,525,480,256,150,61,62,20,31,16,12,0,3,3,
[ 4666.748362] part5,0,0,0,0,19,53,199,292,306,110,122,62,106,49,21,8,6,2,1,0,
[ 4667.752303] part1,0,0,0,4,31,204,347,219,94,36,29,20,22,12,6,9,3,3,8,1,
[ 4667.759285] part2,0,0,1,2,22,146,248,178,179,56,66,29,38,45,41,14,12,1,4,3,
[ 4667.766586] part3,0,0,0,9,45,195,309,321,312,149,126,59,45,25,30,11,18,2,3,0,
[ 4667.774067] part4,0,0,0,1,35,158,570,460,481,239,151,55,48,16,28,12,11,1,1,2,
[ 4667.781545] part5,0,0,0,0,32,45,197,276,322,132,86,80,114,35,31,6,5,2,1,0,
[ 4667.859491] (3)-2539	[[HDMI][PWR][WARN]] PWR_STS : FG_HDMI=1, P0/P1/P2/P3(active,fsm,vs_cnt,pol,int) =  P0(0,PS_OFF,0,0,0)/P1(0,PS_OFF,0,0,0)/P2(0,PS_OFF,0,0,0)/P3(1,PS_OFF,205838,1,0)

[END] 12/6/2019 4:46:03 PM
