[BEGIN] 12/6/2019 4:09:09 PM
[ 2471.778424] part1,21,59,109,87,153,120,139,60,53,20,26,7,5,2,3,0,4,1,2,0,
[ 2471.785575] part2,50,295,660,679,502,240,169,76,40,11,7,5,7,1,2,1,1,0,1,3,
[ 2471.792784] part3,83,474,1056,896,785,293,199,113,77,44,25,13,15,3,8,1,0,0,0,0,
[ 2471.800455] part4,533,6033,2912,1309,1095,534,417,160,79,37,25,12,13,8,7,4,4,0,1,0,
[ 2471.808456] part5,28,1522,4525,891,920,430,338,87,52,32,19,9,10,5,0,1,1,0,1,0,
[ 2471.849490] (2)-2541	[[HDMI][AUDIOF]] Audio STS : FSM=5(CHECK), hbr=0/0, sample_cnt= 68412, hbr_sample_cnt=0, fifo_ov=0, type=2(LPCM), ch_mode=0, ch_num=2, acr_freq=48000, wait_acr_cnt=1
[ 2472.811770] part1,16,32,64,118,173,137,178,94,98,37,28,5,12,5,10,6,5,1,1,1,
[ 2472.819089] part2,36,166,464,604,624,298,213,92,89,32,32,15,25,6,10,5,4,2,4,1,
[ 2472.826657] part3,64,301,692,701,629,308,215,102,62,32,32,14,10,6,7,9,6,0,1,0,
[ 2472.834231] part4,292,3580,1549,967,995,461,395,124,90,23,30,13,18,10,7,4,5,1,3,1,
[ 2472.842143] part5,20,1426,3156,576,750,348,304,57,42,19,22,12,11,6,0,0,1,0,1,0,
[ 2473.845137] part1,0,0,0,0,0,0,0,0,0,0,0,0,0,0,0,0,0,0,0,0,
[ 2473.850975] part2,1,0,1,0,0,0,0,0,0,0,0,0,0,0,0,0,0,0,0,0,
[ 2473.856794] part3,42,59,48,18,9,3,0,0,0,0,0,0,0,0,0,0,0,0,0,0,
[ 2473.862945] part4,0,0,0,0,0,0,0,0,0,0,0,0,0,0,0,0,0,0,0,0,
[ 2473.868768] part5,7,99,101,57,42,23,54,16,22,10,20,16,8,5,0,0,0,0,0,0,
[ 2474.861791] part1,0,0,0,0,0,0,0,0,0,0,0,0,0,0,0,0,0,0,0,0,
[ 2474.867615] part2,0,0,0,0,0,0,0,0,0,0,0,0,0,0,0,0,0,0,0,0,
[ 2474.873439] part3,216,421,316,130,70,18,12,2,5,0,0,0,0,0,0,0,0,0,0,0,
[ 2474.880218] part4,10,42,74,128,203,79,5,0,0,0,0,0,0,0,0,0,0,0,0,0,
[ 2474.886733] part5,5,98,105,64,
[ 2474.889694] (1)-0000	43,18,53,21,13,11,21,16,6,2,2,0,0,0,0,0,
[ 2475.895138] part1,1,36,326,594,871,219,226,64,45,17,15,2,1,0,0,0,0,0,0,0,
[ 2475.902283] part2,13,151,441,384,353,114,96,48,48,24,12,8,1,0,0,0,0,0,0,0,
[ 2475.909506] part3,15,66,251,211,164,106,74,29,43,11,8,8,2,3,1,0,0,0,0,0,
[ 2475.916553] part4,13,63,151,134,145,81,82,52,32,26,13,5,2,1,0,0,0,0,0,0,
[ 2475.923606] part5,23,181,330,247,168,69,97,43,33,22,28,18,15,3,5,4,4,1,2,0,
[ 2476.928475] part1,1,2,16,35,461,290,325,92,99,25,19,2,1,1,1,0,0,0,0,0,
[ 2476.935366] part2,2,12,62,97,145,69,45,28,9,3,3,5,11,10,1,0,0,0,0,0,
[ 2476.942070] part3,8,18,76,135,237,91,220,89,105,65,59,5,11,5,3,1,0,0,0,0,
[ 2476.949202] part4,19,45,77,92,126,88,67,35,42,12,7,2,0,0,1,0,0,0,0,0,
[ 2476.955973] part5,6,82,111,144,112,52,72,36,18,22,20,13,8,5,1,2,2,0,0,0,
[ 2477.409509] (1)-2539	[[HDMI][PWR][WARN]] PWR_STS : FG_HDMI=1, P0/P1/P2/P3(active,fsm,vs_cnt,pol,int) =  P0(0,PS_OFF,0,0,0)/P1(0,PS_OFF,0,0,0)/P2(0,PS_OFF,0,0,0)/P3(1,PS_OFF,80904,1,0)
[ 2477.961833] part1,5,3,9,30,78,177,388,182,186,59,53,6,4,0,1,0,0,0,0,0,
[ 2477.968723] part2,1,4,28,21,17,16,11,6,2,6,3,0,0,0,0,0,0,0,0,0,
[ 2477.974982] part3,30,21,60,86,131,90,103,54,65,23,32,6,13,2,0,0,0,0,0,0,
[ 2477.982014] part4,8,2,4,17,33,25,28,15,10,9,3,1,0,1,0,0,0,0,0,0,
[ 2477.988364] part5,6,80,120,74,37,24,57,23,21,19,16,20,13,5,6,1,3,1,3,0,
[ 2478.995164] part1,0,0,0,0,0,0,0,1,0,1,3,1,1,0,0,0,0,0,0,0,
[ 2479.001010] part2,0,0,0,0,0,0,2,2,7,13,10,1,4,1,2,0,0,0,0,0,
[ 2479.006992] part3,10,9,5,6,12,11,21,13,46,26,56,35,64,29,55,14,12,3,9,2,
[ 2479.014038] part4,0,0,0,0,0,1,1,1,0,0,0,0,1,0,0,0,0,0,0,0,
[ 2479.019861] part5,16,68,84,123,126,142,127,72,96,49,66,33,24,11,3,2,3,1,1,0,
[ 2480.028565] part2,3,19,50,12,3,4,1,0,0,0,0,0,0,0,0,0,0,0,0,0,
[ 2480.034656] part3,128,1367,1809,805,552,245,221,79,58,34,30,7,4,1,2,0,0,0,0,0,
[ 2480.042214] part4,20,148,230,115,57,19,31,8,10,1,0,0,0,0,0,0,0,0,0,0,
[ 2480.048994] part5,8,88,146,121,69,26,54,17,22,18,17,21,7,2,0,0,0,1,0,0,
[ 2481.045195] part1,83,247,491,438,311,185,186,99,60,21,12,14,4,1,0,1,0,0,0,0,
[ 2481.052607] part2,12,33,65,31,12,5,3,0,0,0,0,0,0,0,0,0,0,0,0,0,
[ 2481.058869] part3,59,432,745,484,435,221,176,65,60,17,18,3,1,0,0,0,0,0,0,0,
[ 2481.066170] part4,20,67,177,107,75,31,17,6,9,7,1,0,2,1,0,0,0,0,0,0,
[ 2481.072772] part5,7,109,119,85,42,24,55,19,15,11,19,22,7,3,1,0,0,0,0,0,
[ 2482.078551] part1,210,437,617,471,316,197,116,59,41,22,12,5,2,0,1,0,0,0,0,0,
[ 2482.085958] part2,49,124,193,105,43,30,15,5,5,2,3,1,1,0,0,0,0,0,
[ 2482.092089] (3)-0000	0,0,
[ 2482.094951] part3,27,119,173,207,206,120,128,53,63,11,8,3,1,0,0,0,0,0,0,0,
[ 2482.102167] part4,15,25,98,68,61,31,53,21,26,8,10,4,1,0,1,0,0,0,0,0,
[ 2482.108849] part5,11,103,121,90,83,34,55,21,14,17,20,18,4,4,0,0,0,0,0,0,
[ 2483.111877] part1,8,18,71,69,57,6,1,0,0,0,0,0,0,0,0,0,0,0,0,0,
[ 2483.118074] part2,7,19,105,132,64,18,6,1,0,0,0,0,0,0,0,0,0,0,0,0,
[ 2483.124500] part3,0,0,2,1,0,0,0,0,0,0,0,0,0,0,0,0,0,0,0,0,
[ 2483.130333] part4,0,1,0,0,3,0,0,0,0,0,0,0,0,0,0,0,0,0,0,0,
[ 2483.136145] part5,3,90,98,70,43,26,59,11,20,11,24,13,11,0,0,0,0,0,0,0,
[ 2484.128567] part1,0,0,0,0,0,0,0,0,0,0,0,0,0,0,0,0,0,0,0,0,
[ 2484.134400] part2,0,0,0,0,0,0,0,0,0,0,0,0,0,0,0,0,0,0,0,0,
[ 2484.140228] part3,0,0,0,0,0,0,0,0,0,0,0,0,0,0,0,0,0,0,0,0,
[ 2484.146049] part4,0,0,0,0,0,0,0,0,0,0,0,0,0,0,0,0,0,0,0,0,
[ 2484.151873] part5,1,123,98,54,35,20,50,16,21,15,17,18,6,2,1,0,0,0,0,0,
[ 2484.289535] (1)-2541	[[HDMI][AUDIOF]] Audio STS : FSM=5(CHECK), hbr=0/0, sample_cnt= 69013, hbr_sample_cnt=0, fifo_ov=0, type=2(LPCM), ch_mode=0, ch_num=2, acr_freq=48000, wait_acr_cnt=1
[ 2485.145288] part1,0,0,1,7,24,16,28,8,4,0,1,0,3,1,1,0,0,0,0,0,
[ 2485.151391] part2,4,0,1,1,1,0,2,2,1,0,0,0,0,0,0,0,0,0,0,0,
[ 2485.157218] part3,0,1,0,0,0,0,0,0,0,0,0,0,0,0,0,0,0,0,0,0,
[ 2485.163036] part4,2,0,0,1,2,1,2,1,0,0,0,0,0,0,0,0,0,0,0,0,
[ 2485.168850] part5,10,126,130,141,65,61,106,37,18,11,18,17,7,3,0,0,0,0,0,0,
[ 2486.161910] part1,3,24,76,49,54,42,29,25,6,7,3,0,0,3,1,0,0,0,0,0,
[ 2486.168373] part2,0,6,13,9,10,3,7,6,5,2,4,1,1,0,0,0,0,0,0,0,
[ 2486.174347] part3,3,5,10,7,10,3,8,0,1,0,0,0,0,0,0,0,0,0,0,0,
[ 2486.180352] part4,1,0,10,10,7,0,1,0,0,0,0,0,0,0,0,0,0,0,0,0,
[ 2486.186336] part5,11,89,123,80,56,42,66,29,13,11,27,14,6,3,4,0,0,0,0,0,
[ 2487.195252] part1,78,714,1346,907,640,371,203,71,41,19,5,4,0,1,1,0,0,0,0,0,
[ 2487.202577] part2,28,129,298,570,934,644,482,177,131,35,36,10,25,7,9,0,0,0,0,0,
[ 2487.210233] part3,54,353,862,1037,942,613,500,194,112,23,15,9,0,1,0,0,0,0,0,0,
[ 2487.217797] part4,44,222,477,467,346,191,86,31,20,8,5,1,1,0,0,1,0,0,0,0,
[ 2487.224838] part5,10,137,237,137,112,64,78,43,27,26,24,16,9,3,1,0,1,0,0,0,
[ 2487.739555] (2)-2539	[[HDMI][PWR][WARN]] PWR_STS : FG_HDMI=1, P0/P1/P2/P3(active,fsm,vs_cnt,pol,int) =  P0(0,PS_OFF,0,0,0)/P1(0,PS_OFF,0,0,0)/P2(0,PS_OFF,0,0,0)/P3(1,PS_OFF,81490,1,0)
[ 2488.228612] part1,97,618,1057,637,458,262,157,67,60,25,7,4,4,6,3,0,1,1,0,0,
[ 2488.235941] part2,31,192,697,1031,1476,867,657,179,75,12,2,0,0,0,0,0,0,0,0,0,
[ 2488.243409] part3,36,317,845,854,847,565,370,160,72,32,16,5,0,0,0,0,0,0,0,0,
[ 2488.250806] part4,25,262,671,550,423,228,137,49,24,7,5,2,2,0,0,0,0,0,0,0,
[ 2488.257943] part5,23,189,381,275,241,112,107,62,46,24,31,14,14,1,3,1,0,0,0,0,
[ 2489.261947] part1,16,19,91,226,351,149,114,34,19,4,4,2,1,0,0,0,0,0,0,0,
[ 2489.268918] part2,31,141,316,332,278,106,71,29,14,4,1,0,0,0,0,0,0,0,0,0,
[ 2489.275957] part3,28,80,305,399,356,187,102,46,26,10,4,1,0,0,0,0,0,0,0,0,
[ 2489.283098] part4,7,2,38,208,378,181,144,31,11,1,0,0,0,0,0,0,0,0,0,0,
[ 2489.289871] part5,4,93,111,64,42,17,52,21,17,10,20,19,6,4,0,0,0,0,0,0,

[END] 12/6/2019 4:09:45 PM
