[BEGIN] 12/6/2019 3:55:47 PM
[ 1664.637045] $$$   hi_02_PhTable_AutoGen   $$$
[ 1664.819633] (3)-0000	part1,59,271,385,202,82,43,13,15,3,1,2,1,0,1,0,0,0,0,0,0,
[ 1664.827418] part2,1074,3120,2336,1242,681,303,143,52,26,16,4,4,1,0,0,0,0,0,0,0,
[ 1664.835073] part3,1868,4682,3038,1528,907,458,266,114,70,25,14,6,1,0,0,0,0,0,0,0,
[ 1664.842892] part4,1524,4741,3500,1964,1182,616,370,223,184,92,66,42,26,28,14,5,4,2,0,0,
[ 1664.851236] part5,1551,6547,4471,1976,798,234,92,23,15,3,3,2,3,0,0,0,0,0,0,0,
[ 1665.852943] part1,70,285,382,229,88,29,14,11,7,6,1,0,0,0,1,0,0,0,0,0,
[ 1665.859754] part2,1245,3162,2359,1304,689,327,129,66,34,10,0,2,2,3,0,0,0,0,0,0,
[ 1665.867398] part3,2000,4885,3066,1669,809,458,265,111,55,18,11,4,2,0,0,0,0,0,0,0,
[ 1665.875223] part4,1767,5120,3593,2130,1263,645,374,229,155,75,63,36,32,21,14,4,6,4,1,0,
[ 1665.883584] part5,2225,8889,5803,2405,936,323,127,29,12,11,3,2,2,0,0,0,0,0,0,0,
[ 1666.886278] part1,[ 1666.887096] (0)-0000	$$$   hi_02_PhTable_AutoGen   $$$
[ 1666.887096] 
(3)-0000	5,110,401,401,360,169,104,64,51,20,11,2,0,0,0,0,0,0,0,0,
[ 1666.901052] part2,43,539,894,929,733,479,357,234,176,71,48,20,20,6,0,0,0,0,0,0,
[ 1666.908717] part3,104,814,931,632,482,244,150,86,75,25,17,11,4,2,0,0,0,0,0,0,
[ 1666.916194] part4,117,237,179,89,73,36,32,12,29,16,13,1,5,1,0,0,0,0,0,0,
[ 1666.923230] part5,60,406,498,343,109,56,25,23,17,11,12,6,6,1,0,0,0,0,0,0,
[ 1667.919695] part1,3,80,325,397,368,195,122,60,48,22,11,1,2,0,1,0,0,0,0,0,
[ 1667.926843] part2,32,437,847,846,636,462,356,236,185,91,71,24,18,8,3,2,0,0,0,0,
[ 1667.934496] part3,92,759,867,645,494,267,153,108,59,26,25,10,5,3,1,0,0,0,0,0,
[ 1667.941991] part4,77,204,210,79,68,49,30,20,21,19,10,4,3,0,0,0,0,0,0,0,
[ 1667.948945] part5,58,346,574,338,116,45,42,27,31,9,10,2,3,0,1,0,0,0,0,0,
[ 1668.952981] part1,358,3770,4254,1882,997,453,226,108,50,20,13,10,8,1,1,0,0,0,0,0,
[ 1668.960828] part2,980,6553,3683,1607,891,446,235,83,63,23,16,7,3,1,1,1,0,0,0,0,
[ 1668.968479] part3,1224,5321,2128,1087,749,344,154,58,41,13,3,2,0,1,0,1,0,0,0,0,
[ 1668.976139] part4,158,1382,1507,922,677,334,164,79,70,38,15,0,1,1,0,0,0,0,0,0,
[ 1668.983711] part5,815,2333,1827,975,458,265,166,83,73,49,26,8,5,3,0,0,0,0,0,0,
[ 1669.949505] (0)-2541	[[HDMI][AUDIOF]] Audio STS : FSM=5(CHECK), hbr=0/0, sample_cnt= 29450, hbr_sample_cnt=0, fifo_ov=0, type=2(LPCM), ch_mode=0, ch_num=2, acr_freq=48000, wait_acr_cnt=1
[ 1669.986366] part1,382,4073,4140,1739,842,427,213,93,51,30,10,7,0,2,2,1,0,0,0,0,
[ 1669.994028] part2,1223,6811,3491,1683,970,409,223,97,74,33,12,8,3,5,0,0,0,0,0,0,
[ 1670.001769] part3,1353,5129,2082,1050,737,265,163,44,38,11,11,1,1,0,2,0,0,0,0,0,
[ 1670.009511] part4,240,1557,1424,853,604,330,164,77,86,31,14,1,0,0,0,0,0,0,0,0,
[ 1670.017071] part5,912,2658,1821,953,530,242,159,90,85,35,22,10,9,4,1,0,0,0,0,0,
[ 1671.019662] part1,260,961,851,493,346,216,129,71,41,19,26,16,23,10,15,8,2,0,0,0,
[ 1671.027418] part2,274,721,608,446,223,161,87,51,26,14,20,9,10,4,3,1,0,0,0,0,
[ 1671.034812] part3,312,1765,1289,932,492,272,168,86,61,36,11,10,18,7,8,5,5,1,0,0,
[ 1671.042549] part4,836,1630,1241,841,518,229,136,81,47,34,19,13,9,3,5,0,0,0,0,0,
[ 1671.050192] part5,736,3557,3121,1986,1152,639,344,164,95,54,38,22,14,12,7,2,3,2,1,0,
[ 1671.629653] (1)-2539	[[HDMI][PWR][WARN]] PWR_STS : FG_HDMI=1, P0/P1/P2/P3(active,fsm,vs_cnt,pol,int) =  P0(0,PS_OFF,0,0,0)/P1(0,PS_OFF,0,0,0)/P2(0,PS_OFF,0,0,0)/P3(1,PS_OFF,34904,1,0)
[ 1672.053035] part1,231,936,821,510,373,227,145,74,50,30,28,27,18,7,17,2,0,0,0,0,
[ 1672.060700] part2,246,710,543,419,285,154,104,54,39,13,22,7,8,5,2,1,0,0,0,0,
[ 1672.068102] part3,295,1711,1176,827,500,254,171,98,82,38,24,9,9,7,9,2,2,0,1,0,
[ 1672.075663] part4,818,1363,1186,749,425,278,157,91,62,32,26,13,7,13,9,2,1,0,0,0,
[ 1672.083402] part5,661,3169,3005,1953,1166,664,350,209,106,57,37,14,9,7,4,2,2,0,1,0,
[ 1673.086355] part1,289,1493,1549,1344,1132,789,528,336,221,124,102,47,33,16,11,3,1,5,1,0,
[ 1673.094831] part2,727,4505,3542,2020,1443,888,653,380,286,160,111,50,48,32,13,10,4,1,1,0,
[ 1673.103362] part3,881,3920,3922,2419,1867,1347,923,500,332,239,166,71,66,26,32,16,11,7,2,1,
[ 1673.112069] part4,382,2225,3107,3057,2070,1356,1031,677,521,280,199,93,49,21,23,10,13,3,2,0,
[ 1673.120854] part5,173,1678,2811,2141,1458,913,745,605,528,285,213,112,89,42,26,10,13,2,6,5,
[ 1674.119724] part1,163,612,558,304,150,60,22,12,2,3,0,0,0,0,0,0,0,0,0,0,
[ 1674.126702] part2,3412,7475,4524,2469,1132,533,261,88,52,21,11,1,0,0,0,0,1,0,0,0,
[ 1674.134524] part3,5651,12539,7979,4051,2164,1149,639,281,213,84,33,20,14,3,2,1,0,0,0,0,
[ 1674.142874] part4,2417,8843,8321,5355,3367,1973,1212,650,395,181,101,42,26,8,5,0,0,0,0,0,
[ 1674.151401] part5,1237,6026,6540,4324,3088,1790,1095,523,344,167,101,56,25,7,6,2,3,1,0,4,
[ 1675.153041] part1,151,567,526,287,141,57,18,7,2,1,0,0,0,0,0,0,0,0,0,0,
[ 1675.159936] part2,3384,7721,4538,2395,1103,441,196,91,35,6,1,3,0,0,0,0,0,0,0,0,
[ 1675.167583] part3,5530,12398,7942,4095,2138,1084,691,307,161,97,44,15,13,7,2,0,1,0,0,0,
[ 1675.175936] part4,2403,8624,8203,5220,3182,1922,1174,640,400,211,98,52,16,6,4,2,0,0,0,0,
[ 1675.184381] part5,1165,5488,6163,4126,2773,1641,1052,574,369,178,78,38,38,5,2,3,4,3,0,0,
[ 1676.186384] part1,3360,7463,4367,2389,1639,832,521,308,211,99,71,23,15,9,5,0,2,0,0,1,
[ 1676.194585] part2,2544,3802,1871,1003,529,337,219,119,88,78,33,23,5,6,1,0,0,0,0,0,
[ 1676.202492] part3,2449,5566,2571,1348,856,373,200,100,74,27,27,17,3,6,0,0,0,0,0,0,
[ 1676.210401] part4,787,1774,1161,650,418,251,159,96,69,41,20,7,9,0,1,0,1,0,0,0,
[ 1676.217975] part5,1346,3555,2752,1672,975,592,320,178,125,81,52,23,6,19,5,2,0,0,1,0,
[ 1677.219737] part1,2407,5977,3650,2032,1399,798,451,242,188,112,66,29,17,12,3,1,0,0,0,0,
[ 1677.228112] part2,1929,3574,1985,986,581,323,202,111,93,59,32,10,11,0,1,0,0,0,0,0,
[ 1677.236025] part3,1914,5032,2762,1476,888,424,234,114,85,55,34,17,8,0,0,0,0,0,0,0,
[ 1677.243947] part4,575,1347,1112,594,397,258,168,111,49,30,23,6,4,0,0,1,0,0,0,0,
[ 1677.251595] part5,1238,3746,2944,1980,1080,610,392,219,162,81,49,29,17,12,8,2,2,3,0,0,
[ 1678.253068] part1,2988,5752,3128,1747,1175,714,401,221,167,103,70,37,22,10,3,0,0,0,0,0,
[ 1678.261430] part2,2588,4109,2074,898,518,271,178,103,64,27,24,12,1,0,0,0,0,0,0,0,
[ 1678.269262] part3,2004,4864,2684,1322,849,416,250,138,78,40,34,11,7,1,1,1,0,0,0,0,
[ 1678.277181] part4,650,1382,1183,682,465,284,178,86,79,31,17,8,2,5,1,1,0,0,0,0,
[ 1678.284746] part5,1512,3921,3012,1806,1043,567,370,224,144,91,41,32,18,16,6,2,1,1,0,1,
[ 1679.286423] part1,59,1198,2658,1415,921,478,319,165,151,91,52,43,30,11,12,4,3,0,0,0,
[ 1679.294518] part2,718,3975,4177,2788,1996,1066,514,308,246,99,97,49,38,8,16,9,5,3,0,1,
[ 1679.302785] part3,510,4415,6364,3828,2541,1398,950,665,532,259,163,110,95,39,24,12,10,8,4,2,
[ 1679.311574] part4,1591,
[ 1679.313878] (3)-0000	4287,2916,1879,1424,871,539,351,342,175,134,86,81,27,23,8,8,3,3,1,
[ 1679.322403] part5,309,1638,1475,867,588,358,220,191,216,172,119,55,45,26,18,7,8,2,2,3,
[ 1680.319774] part1,1121,4508,4076,2495,1605,900,518,324,186,95,43,19,7,3,2,0,0,0,0,0,
[ 1680.327890] part2,1330,4771,3930,2293,1392,666,347,188,91,51,23,9,1,1,0,0,0,0,0,0,
[ 1680.335818] part3,1501,4093,2810,1718,974,488,255,105,57,29,15,7,1,3,0,0,0,0,0,0,
[ 1680.343650] part4,3081,7572,4817,2546,1408,663,361,139,62,18,6,1,2,0,0,0,0,0,0,0,
[ 1680.351467] part5,2240,7025,5002,2769,1546,711,395,197,101,44,23,9,5,1,0,0,0,0,0,0,
[ 1681.353126] part1,1083,4330,3915,2556,1587,845,523,317,189,64,54,18,7,2,3,1,0,1,0,0,
[ 1681.361239] part2,1418,4809,3889,2284,1324,646,335,176,53,26,14,4,3,0,0,0,0,0,0,0,
[ 1681.369158] part3,1443,3946,2671,1501,846,393,213,85,58,23,18,4,2,1,0,0,0,0,0,0,
[ 1681.376892] part4,3085,8046,5010,2729,1454,675,358,135,57,29,6,2,2,1,0,0,0,0,0,0,
[ 1681.384707] part5,2252,7204,4879,2810,1435,710,394,153,94,49,23,9,3,3,0,2,0,0,0,0,
[ 1681.889685] (0)-2539	[[HDMI][PWR][WARN]] PWR_STS : FG_HDMI=1, P0/P1/P2/P3(active,fsm,vs_cnt,pol,int) =  P0(0,PS_OFF,0,0,0)/P1(0,PS_OFF,0,0,0)/P2(0,PS_OFF,0,0,0)/P3(1,PS_OFF,35498,1,0)
[ 1682.329536] (0)-2541	[[HDMI][AUDIOF]] Audio STS : FSM=5(CHECK), hbr=0/0, sample_cnt= 30051, hbr_sample_cnt=0, fifo_ov=0, type=2(LPCM), ch_mode=0, ch_num=2, acr_freq=48000, wait_acr_cnt=1
[ 1682.386452] part1,878,3801,3806,2444,1415,705,424,227,86,32,12,10,6,3,1,1,0,0,0,0,
[ 1682.394394] part2,2721,7239,4625,2463,1311,579,261,103,59,24,15,0,1,0,0,0,0,0,0,0,
[ 1682.402303] part3,4284,10368,6337,3380,1774,811,353,157,72,26,14,3,1,1,0,0,0,0,0,0,
[ 1682.410297] part4,3677,10770,7696,4293,2349,1158,571,248,145,62,31,4,10,1,1,0,0,0,0,0,
[ 1682.418560] part5,5327,14512,10384,6093,3299,1576,821,369,172,96,46,15,9,6,1,0,0,0,0,0,
[ 1683.419844] part1,745,3389,3565,2279,1390,687,332,188,89,49,15,7,3,1,0,1,0,0,1,0,
[ 1683.427698] part2,2702,7297,4525,2456,1242,567,266,117,57,20,9,7,0,0,0,0,0,0,0,0,
[ 1683.435516] part3,4086,10416,6180,3358,1667,798,394,154,73,32,7,3,2,2,0,0,0,0,0,0,
[ 1683.443425] part4,3486,10634,7498,4301,2316,1138,548,274,139,65,32,8,2,2,1,1,0,0,0,0,
[ 1683.451606] part5,5269,14477,10372,5928,3078,1538,822,407,201,82,46,14,7,1,2,0,0,0,0,0,
[ 1684.453147] part1,43,211,110,40,22,35,36,16,3,0,0,0,0,0,0,0,0,0,0,0,
[ 1684.459857] part2,212,976,2063,1283,1464,767,540,282,210,129,139,49,22,7,3,1,0,0,0,0,
[ 1684.468028] part3,421,2428,1911,892,512,215,184,81,37,18,6,5,0,1,0,0,0,0,0,0,
[ 1684.475525] part4,1005,3306,2469,1394,710,284,182,84,38,22,4,3,1,0,0,0,0,0,0,0,
[ 1684.483181] part5,1753,6092,5170,2641,1477,633,311,164,98,33,15,7,3,2,2,0,0,1,0,0,
[ 1685.486493] part1,53,262,196,52,27,39,37,9,1,0,0,0,0,0,0,0,0,0,0,0,
[ 1685.493112] part2,215,1074,2042,1226,1488,817,533,268,224,128,109,67,45,12,3,0,0,0,0,0,
[ 1685.501467] part3,383,2378,1892,908,456,227,190,85,35,16,7,2,2,1,0,0,0,0,0,0,
[ 1685.508956] part4,1015,3370,2465,1351,707,333,149,82,47,18,2,4,1,1,0,0,0,0,0,0,
[ 1685.516605] part5,1633,5762,5239,2616,1467,654,275,152,100,48,28,6,6,1,0,0,0,0,0,0,
[ 1686.519853] part1,65,299,210,61,28,40,43,14,0,1,0,0,0,0,0,0,0,0,0,0,
[ 1686.526558] part2,219,970,2126,1273,1481,797,524,276,218,116,131,62,29,9,1,0,0,0,0,0,
[ 1686.534743] part3,431,2330,1897,816,508,264,174,82,48,9,5,1,0,0,0,0,0,0,0,0,
[ 1686.542143] part4,1083,3392,2510,1392,686,318,170,91,33,15,4,3,0,0,0,0,0,0,0,0,
[ 1686.549790] part5,1705,6122,5195,2663,1485,670,298,175,107,43,18,8,6,3,0,0,0,0,0,0,
[ 1687.553198] part1,62,306,256,91,21,37,44,20,3,1,0,0,0,0,0,0,0,0,0,0,
[ 1687.559918] part2,217,1036,2057,1272,1443,813,575,261,239,126,119,55,40,8,3,1,0,0,0,0,
[ 1687.568189] part3,431,2346,1870,843,491,194,179,90,42,12,4,0,0,0,0,0,0,0,0,0,
[ 1687.575665] part4,1063,3408,2466,1388,664,333,180,90,36,19,6,2,1,1,0,0,0,0,0,0,
[ 1687.583311] part5,1511,5634,4982,2696,1421,657,310,152,86,49,31,13,2,1,0,0,0,0,1,0,
[ 1688.586530] part1,1358,4593,2898,1410,656,269,132,59,24,11,6,1,0,0,0,1,0,0,0,0,
[ 1688.594204] part2,4602,10173,5862,2941,1377,660,258,115,63,31,10,6,2,0,1,0,0,0,0,0,
[ 1688.602209] part3,3066,6438,3825,1978,990,466,231,93,53,15,18,4,2,1,0,0,0,0,0,0,
[ 1688.609942] part4,378,2363,3096,2315,1643,992,505,278,188,74,35,9,4,4,2,1,0,0,0,0,
[ 1688.617847] part5,94,856,1530,1104,747,379,247,116,75,30,16,6,1,2,0,1,0,0,0,0,
[ 1689.619904] part1,1786,5229,3161,1509,671,261,140,75,27,11,1,0,0,1,0,0,0,0,0,0,
[ 1689.627580] part2,5018,10552,5935,3063,1462,658,281,110,60,26,11,10,3,0,1,0,0,0,0,0,
[ 1689.635672] part3,3193,6528,3913,2024,998,449,213,110,35,20,10,7,2,1,0,0,0,0,0,0,
[ 1689.643493] part4,458,2643,3299,2480,1683,1046,560,305,178,86,35,15,3,2,2,1,0,0,0,0,
[ 1689.651582] part5,132,970,1611,1164,714,385,210,105,53,26,9,8,4,0,0,0,0,0,0,0,
[ 1690.653220] part1,2184,6587,4782,2717,1411,649,289,128,49,23,7,3,2,0,1,1,0,0,0,0,
[ 1690.661069] part2,5083,13029,7573,4151,2007,891,368,156,62,26,8,1,1,1,0,0,0,0,0,0,
[ 1690.668980] part3,4999,10082,5505,2709,1285,585,235,92,37,17,7,2,1,0,0,0,0,0,0,0,
[ 1690.676802] part4,3035,9443,5701,2877,1386,548,224,58,24,9,3,0,0,1,0,0,0,0,0,0,
[ 1690.684465] part5,665,3527,3439,2088,1155,549,282,148,74,26,16,10,6,2,0,0,0,0,0,0,
[ 1691.686563] part1,2099,6864,5007,2845,1523,753,400,151,80,25,10,1,3,3,1,1,0,0,0,0,
[ 1691.694507] part2,4759,11989,7545,4126,2139,943,428,161,82,26,13,2,3,0,0,0,0,0,0,0,
[ 1691.702504] part3,4590,9819,5238,2788,1343,596,261,98,41,26,8,4,1,0,0,1,0,0,0,0,
[ 1691.710241] part4,2869,9450,5996,2986,1393,604,256,70,27,12,1,0,0,0,0,0,0,0,0,0,
[ 1691.717986] part5,617,3376,3607,2152,1243,618,317,176,69,40,15,5,2,4,0,1,0,0,0,0,
[ 1692.199603] (2)-2539	[[HDMI][PWR][WARN]] PWR_STS : FG_HDMI=1, P0/P1/P2/P3(active,fsm,vs_cnt,pol,int) =  P0(0,PS_OFF,0,0,0)/P1(0,PS_OFF,0,0,0)/P2(0,PS_OFF,0,0,0)/P3(1,PS_OFF,36094,1,0)
[ 1692.719948] part1,2017,6993,4855,2699,1518,712,323,137,64,27,11,3,2,0,0,0,0,0,0,0,
[ 1692.727880] part2,4803,12435,7608,4053,2035,934,404,161,56,21,8,1,3,1,0,0,0,0,0,0,
[ 1692.735782] part3,4313,9248,5184,2708,1282,563,240,111,40,19,8,1,3,0,0,0,0,0,0,0,
[ 1692.743617] part4,2726,9111,5719,2779,1321,568,222,70,20,13,1,0,0,0,0,0,0,0,0,0,
[ 1692.751356] part5,519,3016,3260,1989,1055,529,280,145,74,34,12,7,6,1,1,1,0,0,0,0,
[ 1693.753234] part1,3745,9551,4829,2042,800,261,66,16,2,1,0,0,0,0,0,0,0,0,0,0,
[ 1693.760645] part2,7674,16944,8172,3539,1308,435,155,62,17,14,2,1,0,0,0,0,0,0,0,0,
[ 1693.768467] part3,5841,15580,8571,4261,1903,881,377,180,106,61,36,18,7,12,1,1,0,0,0,0,
[ 1693.776744] part4,1904,4370,3562,3492,2783,1865,1364,858,623,350,195,123,65,24,14,7,2,3,1,0,
[ 1693.785531] part5,1467,4774,4880,3748,2358,1505,1030,667,398,204,142,78,41,15,6,1,2,1,1,0,
[ 1694.599560] (3)-2541	[[HDMI][AUDIOF]] Audio STS : FSM=5(CHECK), hbr=0/0, sample_cnt= 30652, hbr_sample_cnt=0, fifo_ov=0, type=2(LPCM), ch_mode=0, ch_num=2, acr_freq=48000, wait_acr_cnt=1
[ 1694.786589] part1,3407,9119,4723,2089,746,222,76,20,9,3,4,1,0,0,0,0,0,0,0,0,
[ 1694.794008] part2,7324,16328,7901,3474,1286,451,142,53,15,7,3,1,0,0,0,0,0,0,0,0,
[ 1694.801798] part3,5327,14329,8086,3986,1861,845,376,186,103,53,34,24,8,4,4,0,0,0,0,0,
[ 1694.810036] part4,1961,4296,3321,3192,2745,1813,1308,835,606,362,220,97,57,29,14,3,6,0,1,1,
[ 1694.818761] part5,1352,4201,4402,3397,2255,1439,1035,611,380,192,152,68,41,16,9,4,1,0,1,0,
[ 1695.819940] part1,7309,17393,9660,5114,2501,1155,489,204,100,43,18,4,2,2,1,0,0,0,0,0,
[ 1695.828134] part2,11992,24142,12971,6796,3053,1332,588,242,125,40,16,8,3,0,1,0,0,0,0,0,
[ 1695.836488] part3,12947,23248,12005,5966,2750,1225,535,198,101,33,19,3,2,0,0,1,0,0,0,0,
[ 1695.844846] part4,11299,22913,12528,6501,3210,1457,657,295,148,57,23,10,2,1,2,0,0,0,0,0,
[ 1695.853288] part5,7240,19242,11386,6182,3117,1495,714,325,152,67,43,13,8,5,1,0,2,0,0,0,
[ 1696.853277] part1,4715,14347,9007,4936,2412,1127,549,225,114,63,19,8,4,2,0,0,1,0,0,0,
[ 1696.861472] part2,9100,21918,12502,6391,3040,1426,629,260,124,43,14,7,3,2,0,0,0,0,0,0,
[ 1696.869748] part3,10253,21104,11287,5901,2673,1222,501,241,102,40,15,3,0,1,1,0,0,0,0,0,
[ 1696.878099] part4,8779,20465,11770,6184,3126,1453,698,317,165,65,36,11,5,1,0,0,0,0,0,0,
[ 1696.886445] part5,4536,15403,10508,5664,3037,1507,799,360,184,74,39,14,8,3,3,0,0,0,0,0,
[ 1697.886631] part1,811,3405,2823,1684,922,484,249,107,58,35,20,7,2,1,0,1,0,0,0,0,
[ 1697.894402] part2,4410,10647,5791,3060,1421,652,310,148,58,27,23,9,7,1,0,0,0,0,0,0,
[ 1697.902412] part3,6536,12915,6667,3517,1658,840,389,182,80,43,22,11,2,4,0,0,0,0,0,0,
[ 1697.910497] part4,4450,11373,6806,3720,1959,968,528,277,161,94,53,17,12,4,3,0,0,0,0,0,
[ 1697.918754] part5,2622,8218,5626,3129,1730,897,483,252,137,69,34,16,11,1,3,0,0,1,0,0,
[ 1698.919976] part1,817,3208,2794,1678,945,474,278,145,60,26,23,12,4,3,1,1,0,0,0,0,
[ 1698.927833] part2,4782,11417,6209,3141,1477,732,297,153,67,34,20,9,6,1,1,0,0,0,0,0,
[ 1698.935831] part3,6164,12408,6756,3401,1660,790,382,208,86,48,25,10,1,0,2,2,0,0,0,0,
[ 1698.943916] part4,4305,11124,6579,3638,1944,983,534,243,161,74,43,22,6,3,0,0,0,0,0,0,
[ 1698.952099] part5,2417,7844,5523,3038,1629,865,470,251,126,62,51,18,16,2,1,3,0,2,0,0,
[ 1699.953308] part1,1726,7156,6530,4261,2766,1581,1020,593,382,175,120,53,37,16,10,3,6,0,2,0,
[ 1699.962036] part2,5230,14185,9482,5649,3255,1855,1022,552,337,157,75,34,25,13,1,1,0,1,0,0,
[ 1699.970651] part3,7279,15829,9726,5652,3162,1611,845,431,226,115,47,32,13,3,2,1,1,0,0,0,
[ 1699.979087] part4,3711,10602,7597,4662,2566,1424,790,405,210,97,49,30,14,3,1,2,1,0,1,0,
[ 1699.987438] part5,950,4906,5131,3456,2255,1266,822,449,282,115,77,26,16,8,4,0,2,0,0,0,
[ 1700.986654] part1,1871,7522,6746,4395,2653,1707,1059,609,386,188,121,64,32,21,9,7,5,0,0,0,
[ 1700.995289] part2,5395,14320,9635,5737,3413,1879,1123,570,352,182,92,34,27,10,4,3,2,0,0,0,
[ 1701.003903] part3,7555,15647,9896,5610,3159,1572,862,462,246,106,68,24,14,5,0,0,1,0,0,0,
[ 1701.012332] part4,3909,10965,7636,4633,2641,1318,742,381,226,91,49,27,21,8,3,2,0,0,0,0,
[ 1701.020681] part5,1039,4891,5018,3289,2012,1298,852,431,257,130,66,40,15,8,10,3,1,0,0,0,
[ 1702.020051] part1,485,2799,3214,1986,1250,701,393,168,82,25,15,5,2,2,0,0,0,0,0,0,
[ 1702.027885] part2,2228,7099,4776,2348,1200,484,212,79,30,8,4,0,3,1,0,0,0,0,0,0,
[ 1702.035534] part3,2948,6360,3439,1848,878,414,187,66,37,10,4,1,0,0,0,0,0,0,0,0,
[ 1702.043203] part4,2749,6496,3912,2005,1062,514,292,
[ 1702.048036] (0)-0000	147,63,20,9,3,2,0,0,0,0,0,0,0,
[ 1702.053328] part5,649,2133,1884,1048,561,263,140,93,44,16,6,4,1,0,0,0,0,0,0,0,
[ 1702.409531] (2)-2539	[[HDMI][PWR][WARN]] PWR_STS : FG_HDMI=1, P0/P1/P2/P3(active,fsm,vs_cnt,pol,int) =  P0(0,PS_OFF,0,0,0)/P1(0,PS_OFF,0,0,0)/P2(0,PS_OFF,0,0,0)/P3(1,PS_OFF,36694,1,0)
[ 1703.053366] part1,1125,4883,4962,2580,1568,920,588,331,230,100,78,26,20,7,1,5,1,0,0,0,
[ 1703.061644] part2,1549,5077,4035,2128,1302,570,305,141,87,36,19,9,2,5,1,0,0,0,0,0,
[ 1703.069559] part3,4181,7653,4245,2351,1277,701,344,167,118,52,35,12,11,4,4,0,0,0,0,0,
[ 1703.077742] part4,6753,12236,7056,3786,1896,915,459,247,83,37,27,16,8,1,3,0,0,1,0,0,
[ 1703.085830] part5,1039,3382,3033,1859,1106,593,341,166,106,41,36,11,9,3,4,4,0,0,0,0,
[ 1704.086728] part1,965,4411,4885,2650,1624,876,616,319,216,101,69,25,21,6,5,2,1,0,0,0,
[ 1704.094923] part2,1437,5141,3978,2270,1316,638,285,174,76,37,23,4,2,3,2,0,0,0,0,0,
[ 1704.102844] part3,3909,7625,4239,2307,1357,667,363,175,124,61,39,16,10,5,4,1,0,0,0,0,
[ 1704.111021] part4,6130,11937,6895,3816,1925,917,494,254,112,45,28,6,9,4,0,2,0,0,0,0,
[ 1704.119103] part5,939,3434,3148,1909,1167,628,354,197,131,67,48,15,7,0,1,2,1,1,0,0,
[ 1705.120038] part1,965,4390,4910,2706,1577,862,524,287,177,92,58,21,16,6,3,0,1,0,0,0,
[ 1705.128163] part2,1649,5206,4239,2365,1285,622,361,158,82,39,22,12,4,2,0,1,0,0,0,0,
[ 1705.136172] part3,3788,7700,4307,2402,1269,716,422,167,117,63,38,15,18,6,2,1,0,0,0,0,
[ 1705.144352] part4,6136,12075,6865,3877,1915,934,477,246,94,58,27,13,12,6,2,1,1,0,0,0,
[ 1705.152522] part5,1084,3718,3420,2027,1279,653,390,217,154,64,45,21,8,5,2,0,1,0,0,0,
[ 1706.153377] part1,238,1663,2097,856,478,246,232,192,82,56,31,14,9,1,1,0,1,0,0,0,
[ 1706.161148] part2,336,1797,2027,1141,619,298,149,77,47,20,17,7,7,1,3,0,0,0,0,0,
[ 1706.168806] part3,1030,3579,3528,1700,1020,408,264,120,55,48,35,17,9,2,0,0,0,1,0,0,
[ 1706.176805] part4,1139,3758,3373,1714,1099,516,224,144,50,39,18,5,6,2,1,0,0,0,1,0,
[ 1706.184716] part5,742,3029,3023,1701,944,546,308,180,127,50,21,16,11,4,0,1,1,0,0,0,
[ 1706.869474] (2)-2541	[[HDMI][AUDIOF]] Audio STS : FSM=5(CHECK), hbr=0/0, sample_cnt= 31253, hbr_sample_cnt=0, fifo_ov=0, type=2(LPCM), ch_mode=0, ch_num=2, acr_freq=48000, wait_acr_cnt=1
[ 1707.186713] part1,135,319,178,187,251,163,130,59,26,5,5,1,0,0,0,0,0,0,0,0,
[ 1707.193961] part2,332,871,605,313,202,83,57,37,27,13,4,1,4,0,0,0,0,0,0,0,
[ 1707.201083] part3,282,952,1117,564,298,109,81,36,23,11,6,6,3,4,2,1,0,0,0,0,
[ 1707.208385] part4,98,354,456,167,86,47,53,20,25,13,20,10,16,19,14,6,4,2,1,1,
[ 1707.215784] part5,14,164,380,250,90,36,21,21,17,10,23,13,22,12,13,3,5,0,0,0,
[ 1708.220060] part1,170,367,266,243,226,161,107,48,20,10,6,2,4,0,2,1,1,0,0,0,
[ 1708.227384] part2,349,895,675,367,213,111,76,52,40,26,16,8,7,2,2,0,0,0,0,0,
[ 1708.234680] part3,282,944,985,595,325,127,93,50,36,26,19,10,12,8,6,2,1,1,0,0,
[ 1708.242165] part4,119,368,412,141,78,42,27,25,20,12,21,4,13,17,7,1,1,0,0,0,
[ 1708.249469] part5,18,182,331,260,79,39,26,13,20,14,11,10,10,10,5,9,5,0,0,0,
[ 1709.253406] part1,175,306,164,182,206,129,68,30,22,5,1,2,4,1,0,0,0,0,0,0,
[ 1709.260552] part2,399,981,676,348,176,117,74,44,24,11,9,2,2,0,0,1,0,0,0,0,
[ 1709.267765] part3,303,1058,914,495,264,137,77,50,30,17,13,10,6,5,2,2,0,1,0,0,
[ 1709.275252] part4,103,370,371,129,81,48,27,26,31,6,14,8,7,5,7,3,9,3,0,0,
[ 1709.282291] part5,20,167,346,269,72,41,23,18,10,5,16,5,4,8,14,7,10,2,0,0,
[ 1710.286748] part1,532,2929,2878,1728,1018,587,353,164,98,60,31,19,16,4,1,0,0,0,0,0,
[ 1710.294770] part2,2434,8148,5997,3281,1805,888,464,217,138,70,35,16,12,5,2,0,0,0,0,0,
[ 1710.302938] part3,3370,11010,7687,4088,2213,1085,517,290,144,64,36,19,13,6,0,0,0,0,0,0,
[ 1710.311300] part4,1468,5661,4196,2203,1224,568,317,151,68,33,15,8,3,1,1,0,0,0,0,0,
[ 1710.319223] part5,208,982,972,545,224,106,48,22,19,21,8,2,2,0,0,0,0,0,0,0,
[ 1711.320105] part1,348,1444,1237,582,363,160,84,28,15,2,1,0,0,0,0,0,0,0,0,0,
[ 1711.327420] part2,908,2898,1868,1049,538,265,123,66,21,9,5,0,1,0,0,0,0,0,0,0,
[ 1711.334906] part3,1267,3494,2086,1221,606,295,144,57,26,10,6,0,1,0,0,0,0,0,0,0,
[ 1711.342560] part4,889,3172,2795,1445,819,513,327,130,86,48,35,9,5,2,2,0,1,0,0,0,
[ 1711.350299] part5,1154,2824,2433,1200,688,344,240,132,98,67,59,12,11,12,0,0,0,0,0,0,
[ 1712.353486] part1,436,1683,1360,741,414,177,90,33,22,3,0,0,1,0,0,0,0,0,0,0,
[ 1712.360810] part2,895,2812,1788,992,518,246,118,58,26,9,4,1,3,0,0,0,0,0,0,0,
[ 1712.368210] part3,1275,3579,2159,1250,625,328,132,53,42,5,3,1,1,1,0,0,0,0,0,0,
[ 1712.375785] part4,863,3204,2632,1426,830,509,305,138,70,39,30,13,10,4,4,1,4,0,0,0,
[ 1712.383691] part5,1168,2690,2396,1239,668,312,257,140,106,71,61,15,7,3,0,0,0,0,0,0,
[ 1712.609585] (1)-2539	[[HDMI][PWR][WARN]] PWR_STS : FG_HDMI=1, P0/P1/P2/P3(active,fsm,vs_cnt,pol,int) =  P0(0,PS_OFF,0,0,0)/P1(0,PS_OFF,0,0,0)/P2(0,PS_OFF,0,0,0)/P3(1,PS_OFF,37292,1,0)
[ 1713.386782] part1,3,18,11,11,5,1,2,2,4,7,5,1,0,0,0,0,0,0,0,0,
[ 1713.392895] part2,13,27,32,15,24,19,10,5,3,9,5,3,1,2,1,0,0,0,0,0,
[ 1713.399313] part3,63,149,82,41,25,14,6,3,1,0,0,0,0,0,0,0,0,0,0,0,
[ 1713.405744] part4,20,45,30,14,21,5,0,1,0,0,0,0,0,0,0,0,0,0,0,0,
[ 1713.412001] part5,16,179,345,190,57,21,14,13,9,7,4,0,0,0,0,0,0,0,0,0,
[ 1714.420138] part1,4,28,6,2,2,0,0,1,0,0,0,0,0,0,0,0,0,0,0,0,
[ 1714.426074] part2,25,42,18,10,11,4,0,0,1,1,0,0,0,0,0,0,0,0,0,0,
[ 1714.432318] part3,110,195,126,80,46,24,18,8,5,1,2,0,0,0,0,0,0,0,0,0,
[ 1714.439037] part4,4,24,27,11,5,3,2,0,0,0,0,0,0,0,0,0,0,0,0,0,
[ 1714.445123] part5,20,133,321,190,56,25,17,10,10,3,6,0,0,0,0,0,0,0,0,0,
[ 1715.453513] part1,0,11,14,3,1,0,1,0,0,0,0,0,0,0,0,0,0,0,0,0,
[ 1715.459535] part2,10,29,28,10,6,0,2,1,0,0,0,0,0,0,0,0,1,1,0,0,
[ 1715.465700] part3,0,10,7,2,1,1,0,0,3,1,5,2,2,1,0,0,0,0,0,0,
[ 1715.471620] part4,16,39,35,31,14,14,6,1,3,1,3,1,9,0,2,0,0,0,0,0,
[ 1715.477947] part5,68,270,319,248,85,47,17,15,11,6,4,1,0,1,0,0,0,0,0,0,
[ 1716.486814] part1,0,12,10,11,1,3,0,0,0,0,0,0,0,0,0,0,0,0,0,0,
[ 1716.492917] part2,17,37,28,15,6,2,1,0,0,0,0,0,0,0,0,0,0,0,0,0,
[ 1716.499086] part3,3,6,4,5,2,0,0,0,0,0,0,0,0,0,0,0,0,0,0,0,
[ 1716.504903] part4,12,36,35,13,14,3,4,11,12,4,11,1,13,1,4,2,6,2,1,0,
[ 1716.511491] part5,27,207,307,198,64,27,12,14,14,5,12,2,1,0,0,0,0,0,0,0,
[ 1717.520214] part1,14,23,16,21,29,20,28,15,7,4,3,0,0,0,0,0,0,0,0,0,
[ 1717.526745] part2,141,381,282,191,130,86,39,23,8,2,1,0,0,0,0,0,0,0,0,0,
[ 1717.533698] part3,1441,4113,2470,1292,743,400,186,78,41,25,13,7,6,2,0,1,0,0,0,0,
[ 1717.541451] part4,3147,6954,4219,2183,1267,567,312,151,80,33,31,15,4,6,0,0,1,0,0,0,
[ 1717.549453] part5,2268,6692,3951,2045,913,407,189,112,81,51,44,15,7,3,3,0,0,0,0,0,
[ 1718.553527] part1,8,27,24,16,28,17,27,15,15,3,3,0,0,0,0,0,0,0,0,0,
[ 1718.560060] part2,185,441,351,202,165,94,46,22,10,2,2,1,0,0,0,0,0,0,0,0,
[ 1718.567111] part3,1696,4683,2709,1503,845,426,226,110,50,26,20,8,4,3,1,0,0,0,0,0,
[ 1718.574953] part4,3637,7772,4665,2459,1333,657,358,158,93,38,29,11,6,1,2,0,0,0,0,0,
[ 1718.582946] part5,2359,7104,4282,2138,903,438,234,123,81,50,36,19,9,6,0,0,0,0,0,0,
[ 1719.019500] (0)-2541	[[HDMI][AUDIOF]] Audio STS : FSM=5(CHECK), hbr=0/0, sample_cnt= 31854, hbr_sample_cnt=0, fifo_ov=0, type=2(LPCM), ch_mode=0, ch_num=2, acr_freq=48000, wait_acr_cnt=1
[ 1719.586865] part1,7,17,20,20,25,22,19,18,12,6,1,1,0,0,0,0,0,0,0,0,
[ 1719.593393] part2,134,376,321,196,146,79,43,20,11,1,1,0,0,0,0,0,0,0,0,0,
[ 1719.600439] part3,1554,4615,2604,1399,798,443,206,69,50,17,17,9,2,1,0,0,0,0,0,0,
[ 1719.608185] part4,3527,7603,4440,2373,1320,641,304,133,75,34,18,8,3,1,1,0,0,0,0,0,
[ 1719.616092] part5,2331,6887,4138,2126,951,440,211,108,70,39,49,10,8,3,2,0,0,0,0,0,
[ 1720.620195] part1,11,14,20,24,28,18,26,19,9,3,1,0,0,0,0,0,0,0,0,0,
[ 1720.626741] part2,169,323,285,181,129,80,32,17,9,1,1,0,0,0,0,0,0,0,0,0,
[ 1720.633698] part3,1621,4270,2419,1326,780,382,171,82,42,22,16,7,5,5,1,0,0,0,0,0,
[ 1720.641432] part4,3377,7369,4184,2261,1264,598,293,130,55,27,21,5,4,0,1,0,0,0,0,0,
[ 1720.649343] part5,2281,6646,3909,1961,837,438,227,117,68,42,30,14,8,2,1,0,0,0,0,0,
[ 1721.653549] part1,3357,8286,4539,2075,1021,456,249,97,55,11,7,1,0,1,0,1,0,0,0,0,
[ 1721.661321] part2,1944,4756,2672,1391,698,406,189,77,37,19,10,5,3,4,2,1,0,0,0,0,
[ 1721.669066] part3,2750,5780,3537,1640,799,347,154,91,64,34,22,12,6,7,0,1,1,0,0,0,
[ 1721.676888] part4,838,3172,2230,1322,802,390,217,77,61,21,22,5,2,1,2,0,0,0,0,0,
[ 1721.684527] part5,241,1466,1653,955,464,221,124,61,24,17,7,2,1,2,0,0,0,0,0,0,
[ 1722.686891] part1,3424,8363,4300,
[ 1722.690121] (1)-0000	1957,942,421,203,89,47,9,6,2,3,0,0,0,0,0,0,0,
[ 1722.696775] part2,1924,4820,2539,1328,665,354,141,53,26,12,7,3,2,3,1,1,1,0,0,0,
[ 1722.704434] part3,2875,6092,3014,1536,715,298,171,73,54,20,22,11,7,1,2,0,0,0,0,0,
[ 1722.712256] part4,851,3157,2177,1321,723,385,178,87,46,13,9,4,0,2,0,0,1,0,0,0,
[ 1722.719808] part5,
[ 1722.721661] (1)-0000	292,1312,1507,844,404,192,99,54,31,18,9,0,3,2,1,0,0,0,0,0,
[ 1722.829629] (0)-2539	[[HDMI][PWR][WARN]] PWR_STS : FG_HDMI=1, P0/P1/P2/P3(active,fsm,vs_cnt,pol,int) =  P0(0,PS_OFF,0,0,0)/P1(0,PS_OFF,0,0,0)/P2(0,PS_OFF,0,0,0)/P3(1,PS_OFF,37888,1,0)
[ 1723.720241] part1,449,2335,3042,2188,1587,819,505,248,152,78,76,32,9,12,10,4,3,2,0,0,
[ 1723.728449] part2,1604,5944,5633,2210,1280,623,345,163,87,41,32,19,6,4,3,0,0,0,0,0,
[ 1723.736449] part3,2261,8596,5760,2844,1636,769,436,214,113,61,34,22,5,1,5,0,1,0,0,0,
[ 1723.744533] part4,1136,4417,3544,1988,1260,742,367,250,164,44,36,15,4,2,1,0,0,0,0,0,
[ 1723.752621] part5,324,1241,1157,613,274,120,67,37,24,8,7,0,0,0,0,0,0,0,0,0,
[ 1724.753610] part1,444,2387,2851,2386,1592,828,535,255,151,84,65,33,26,13,7,5,6,3,1,0,
[ 1724.761812] part2,1717,6246,5236,2128,1375,672,348,192,92,58,27,10,9,5,2,2,1,0,0,0,
[ 1724.769818] part3,2234,8802,5445,2801,1676,764,402,202,139,48,41,14,4,1,2,1,1,0,0,0,
[ 1724.777905] part4,1323,4329,3489,1999,1220,690,382,184,115,55,42,12,5,2,2,2,0,0,0,0,
[ 1724.785989] part5,264,966,970,548,220,117,65,23,29,12,6,0,0,0,1,0,0,0,0,0,
[ 1725.786918] part1,5,90,177,71,38,25,21,8,2,0,0,0,0,0,0,0,0,0,0,0,
[ 1725.793362] part2,16,381,873,324,92,45,16,4,1,0,0,0,0,0,0,0,0,0,0,0,
[ 1725.800059] part3,41,261,436,176,127,62,25,2,0,0,0,0,0,0,0,0,0,0,0,0,
[ 1725.806850] part4,15,95,119,62,28,12,12,3,3,2,1,0,0,0,0,0,0,0,0,0,
[ 1725.813352] part5,26,240,330,227,100,29,22,15,10,10,6,0,0,0,0,0,0,0,0,0,
[ 1726.820378] part1,13,124,183,68,44,19,9,3,1,0,0,0,0,0,0,0,0,0,0,0,
[ 1726.826925] part2,21,429,922,399,99,39,22,3,1,0,0,0,0,0,0,0,0,0,0,0,
[ 1726.833621] part3,44,228,432,189,102,44,24,4,0,0,0,0,0,0,0,0,0,0,0,0,
[ 1726.840405] part4,16,71,96,63,45,29,12,7,4,1,0,0,0,0,0,0,0,0,0,0,
[ 1726.846830] part5,22,218,337,252,85,35,21,19,9,11,2,0,0,0,0,0,0,0,0,0,
[ 1727.853606] part1,402,814,461,218,107,62,34,18,11,7,4,2,0,0,0,0,0,0,0,0,
[ 1727.860662] part2,1411,3149,1985,1116,606,314,221,102,61,38,29,8,1,2,0,0,0,0,0,0,
[ 1727.868497] part3,1614,4020,2002,1086,598,321,180,80,41,21,10,2,1,2,0,0,0,0,0,0,
[ 1727.876249] part4,1613,4234,2254,1098,578,297,175,78,36,14,10,4,3,0,0,0,0,0,0,0,
[ 1727.883985] part5,1146,3572,2094,1165,632,336,176,70,42,20,5,2,1,1,0,0,0,0,0,0,
[ 1728.886957] part1,323,679,372,193,97,40,42,21,14,5,1,1,1,0,0,0,0,0,0,0,
[ 1728.893938] part2,1277,3067,2001,1029,587,309,200,99,66,37,26,5,0,1,0,1,0,0,0,0,
[ 1728.901686] part3,1431,3688,1985,1105,649,332,151,83,46,15,9,4,4,0,0,0,0,0,0,0,
[ 1728.909331] part4,1465,3953,2230,1022,581,302,160,95,43,7,4,4,1,0,0,0,0,0,0,0,
[ 1728.916883] part5,1210,3259,1914,1076,558,316,167,72,39,12,2,3,1,1,0,0,0,0,0,0,
part1,17,88,84,52,25,13,6,0,3,1,0,0,0,0,0,0,0,0,0,0,
[ 1729.925358] part2,198,775,575,322,198,106,80,28,34,22,14,8,6,1,2,0,1,0,0,1,
[ 1729.932655] part3,677,1814,1411,810,431,204,131,59,43,26,11,5,7,9,3,1,0,1,0,0,
[ 1729.940215] part4,1069,2673,2107,1316,840,454,260,151,101,53,29,35,19,16,7,1,1,3,3,1,
[ 1729.948394] part5,178,862,1144,807,555,290,205,104,76,43,47,29,29,19,10,9,6,0,3,2,
[ 1730.953657] part1,3,16,11,4,0,0,0,0,0,0,0,0,0,0,0,0,0,0,0,0,
[ 1730.959672] part2,27,183,125,52,24,11,0,0,0,0,0,0,0,0,0,0,0,0,0,0,
[ 1730.966179] part3,102,294,218,80,27,12,1,0,0,0,0,0,0,0,0,0,0,0,0,0,
[ 1730.972797] part4,129,347,219,85,46,7,3,0,0,0,0,0,0,0,0,0,0,0,0,0,
[ 1730.979315] part5,7,80,92,17,8,1,0,0,0,0,0,0,0,0,0,0,0,0,0,0,
[ 1731.229507] (1)-2541	[[HDMI][AUDIOF]] Audio STS : FSM=5(CHECK), hbr=0/0, sample_cnt= 32455, hbr_sample_cnt=0, fifo_ov=0, type=2(LPCM), ch_mode=0, ch_num=2, acr_freq=48000, wait_acr_cnt=1
[ 1731.986983] part1,0,0,0,0,0,0,0,0,0,0,0,0,0,0,0,0,0,0,0,0,
[ 1731.992832] part2,1,199,168,534,104,81,11,23,5,4,3,7,2,1,0,5,3,0,0,0,
[ 1731.999601] part3,0,370,249,802,37,35,1,6,7,7,2,8,11,1,5,0,4,1,1,0,
[ 1732.006222] part4,2,316,482,418,52,5,1,2,2,0,0,0,0,0,0,0,0,0,0,0,
[ 1732.012645] part5,0,0,31,36,40,4,0,0,0,0,0,0,0,0,0,0,0,0,0,0,

[END] 12/6/2019 3:57:07 PM
