[BEGIN] 12/6/2019 4:16:31 PM
[ 2910.599886] part1,0,1068,18,8,12,9,1,0,0,0,0,0,0,0,0,0,0,0,0,0,
[ 2910.606154] part2,1,8,61,111,143,57,37,9,3,5,2,0,0,0,0,0,0,0,0,0,
[ 2910.612593] part3,0,42,99,106,54,30,12,3,1,1,0,0,0,0,0,0,0,0,0,0,
[ 2910.619031] part4,1,9,84,170,115,48,50,17,12,10,4,2,0,0,0,0,0,0,0,0,
[ 2910.625712] part5,153,14,95,536,1237,129,128,40,23,16,9,4,2,0,1,0,0,0,0,0,
[ 2911.489533] (1)-2539	[[HDMI][PWR][WARN]] PWR_STS : FG_HDMI=1, P0/P1/P2/P3(active,fsm,vs_cnt,pol,int) =  P0(0,PS_OFF,0,0,0)/P1(0,PS_OFF,0,0,0)/P2(0,PS_OFF,0,0,0)/P3(1,PS_OFF,105666,1,0)
[ 2911.633239] part1,2,1063,20,4,3,0,1,0,0,1,0,0,0,0,0,0,0,0,0,0,
[ 2911.639412] part2,0,8,64,91,51,28,19,6,2,1,0,0,0,0,0,0,0,0,0,0,
[ 2911.645670] part3,0,18,94,81,34,7,3,7,6,3,0,0,0,0,0,0,
[ 2911.650887] (3)-0000	0,0,0,0,
[ 2911.654128] part4,0,4,63,211,109,50,45,20,10,11,4,2,0,0,0,0,0,0,0,0,
[ 2911.660807] part5,253,14,88,540,1160,132,112,37,23,19,14,4,1,0,0,0,0,0,0,0,
[ 2912.666594] part1,0,1073,7,0,0,0,0,0,0,0,0,0,0,0,0,0,0,0,0,0,
[ 2912.672690] part2,0,6,41,31,12,3,0,0,0,0,0,0,0,0,0,0,0,0,0,0,
[ 2912.678774] part3,1,11,62,78,47,9,4,0,1,0,0,0,0,0,0,0,0,0,0,0,
[ 2912.684929] part4,2,4,73,183,76,38,40,17,14,10,4,1,1,0,0,0,0,0,0,0,
[ 2912.691546] part5,190,12,104,637,1022,123,101,31,20,21,8,4,3,0,0,0,0,0,0,0,
[ 2913.699907] part1,0,1071,8,4,6,1,0,0,0,0,0,0,0,0,0,0,0,0,0,0,
[ 2913.706011] part2,0,0,14,16,19,2,9,2,0,0,0,0,0,0,0,0,0,0,0,0,
[ 2913.712103] part3,7,127,454,452,223,202,150,90,85,41,35,13,16,1,2,0,0,0,0,0,
[ 2913.719490] part4,3,10,78,256,110,48,53,28,19,8,1,1,0,0,0,0,0,0,0,0,
[ 2913.726180] part5,114,14,104,532,1116,106,114,39,18,14,5,5,2,2,0,0,0,0,0,0,
[ 2914.733264] part1,0,1071,12,0,1,0,0,0,0,0,0,0,0,0,0,0,0,0,0,0,
[ 2914.739460] part2,0,2,0,2,0,0,0,0,3,2,0,0,0,0,0,0,0,0,0,0,
[ 2914.745271] part3,15,237,710,573,306,181,133,101,70,38,29,9,4,0,0,0,0,0,0,0,
[ 2914.752680] part4,1,2,73,211,92,45,38,20,13,9,3,2,0,0,0,0,0,0,0,0,
[ 2914.759237] part5,151,16,103,502,1141,97,117,43,25,14,9,3,3,1,0,0,1,0,0,0,
[ 2915.766602] part1,0,1075,5,2,5,0,0,0,0,0,0,0,0,0,0,0,0,0,0,0,
[ 2915.772724] part2,0,1,66,235,137,37,12,9,5,2,1,1,0,0,0,0,0,0,0,0,
[ 2915.779146] part3,9,51,306,554,294,64,68,35,36,12,10,6,1,0,0,0,0,0,0,0,
[ 2915.786113] part4,1,3,43,222,100,46,37,20,15,8,0,0,1,0,0,0,0,0,0,0,
[ 2915.792720] part5,386,15,139,468,1120,109,120,44,27,18,7,3,3,3,1,0,0,0,0,0,
[ 2916.799963] part1,0,1077,3,3,2,1,0,0,0,0,0,0,0,0,0,0,0,0,0,0,
[ 2916.806075] part2,0,0,158,207,103,45,21,6,6,0,0,0,0,0,0,0,0,0,0,0,
[ 2916.812580] part3,6,165,513,478,247,104,94,60,45,28,8,6,3,0,1,0,0,0,0,0,
[ 2916.819637] part4,1,6,42,259,117,48,32,11,19,9,2,0,2,0,0,0,0,0,0,0,
[ 2916.826239] part5,428,21,90,536,1107,118,110,36,26,8,7,6,1,4,0,0,0,0,0,0,
[ 2917.833287] part1,0,1067,23,27,16,4,0,0,3,0,0,0,0,0,0,0,0,0,0,0,
[ 2917.839645] part2,0,16,60,27,14,5,10,3,2,0,0,0,0,0,0,0,0,0,0,0,
[ 2917.845901] part3,0,0,4,5,2,2,0,1,0,0,0,0,0,0,0,0,0,0,0,0,
[ 2917.851732] part4,1,29,104,139,88,54,56,24,21,9,5,2,1,1,0,0,0,0,0,0,
[ 2917.858414] part5,142,30,163,404,1070,117,136,60,74,40,37,11,2,3,0,0,0,0,0,0,
[ 2918.189525] (0)-2541	[[HDMI][AUDIOF]] Audio STS : FSM=5(CHECK), hbr=0/0, sample_cnt= 90048, hbr_sample_cnt=0, fifo_ov=0, type=2(LPCM), ch_mode=0, ch_num=2, acr_freq=48000, wait_acr_cnt=1
[ 2918.866676] part1,0,1051,21,14,25,8,3,0,2,0,0,0,0,0,0,0,0,0,0,0,
[ 2918.873034] part2,0,16,74,107,84,16,5,2,3,0,1,0,0,0,0,0,0,0,0,0,
[ 2918.879387] part3,0,2,23,22,29,7,8,3,3,4,3,0,0,0,0,0,0,0,0,0,
[ 2918.885466] part4,2,13,58,198,112,47,38,19,32,26,11,5,2,3,0,1,0,0,0,0,
[ 2918.892320] part5,442,38,111,457,1054,104,126,69,37,12,15,5,2,2,0,0,0,0,0,0,
[ 2919.899985] part1,0,1021,95,289,340,55,11,9,0,0,0,0,0,0,0,0,0,0,0,0,
[ 2919.906697] part2,0,18,47,22,7,1,0,0,0,0,0,0,0,0,0,0,0,0,0,0,
[ 2919.912781] part3,0,6,10,13,11,3,0,0,0,0,0,0,0,0,0,0,0,0,0,0,
[ 2919.918860] part4,1,12,23,227,102,43,25,16,7,5,3,0,2,0,0,0,0,0,0,0,
[ 2919.925467] part5,94,46,74,557,1171,134,76,37,23,14,8,2,3,2,0,0,0,0,0,0,
[ 2920.933321] part1,22,1114,1043,1537,1341,576,428,295,236,115,59,28,40,14,12,8,6,0,0,0,
[ 2920.941595] part2,0,1,6,76,117,74,70,31,37,26,22,17,12,3,8,8,17,15,9,2,
[ 2920.948551] part3,0,2,25,26,51,40,30,32,23,7,19,7,10,4,2,1,0,0,0,0,
[ 2920.955160] part4,2,8,22,257,218,66,42,35,26,14,17,3,2,0,0,1,1,0,0,0,
[ 2920.961925] part5,27,63,57,507,1196,92,66,35,31,23,14,9,7,3,1,0,0,0,0,0,
[ 2921.669699] (3)-2539	[[HDMI][PWR][WARN]] PWR_STS : FG_HDMI=1, P0/P1/P2/P3(active,fsm,vs_cnt,pol,int) =  P0(0,PS_OFF,0,0,0)/P1(0,PS_OFF,0,0,0)/P2(0,PS_OFF,0,0,0)/P3(1,PS_OFF,106262,1,0)
[ 2921.966686] part1,12,1058,873,1453,1351,580,419,339,220,135,98,39,40,20,17,10,8,0,1,0,
[ 2921.974972] part2,2,0,5,114,217,132,100,42,58,30,27,21,18,12,2,0,0,0,0,0,
[ 2921.982103] part3,0,0,10,60,155,91,70,53,55,48,32,6,11,4,4,1,0,0,0,0,
[ 2921.988879] part4,0,12,20,257,181,57,54,41,40,15,16,10,10,1,0,0,0,0,0,0,
[ 2921.995916] part5,15,63,58,483,1252,92,43,27,27,13,11,6,3,1,0,0,0,0,0,0,
[ 2923.000046] part1,3,1019,345,701,893,557,327,194,160,88,98,83,37,18,25,6,5,2,3,0,
[ 2923.007902] part2,1,2,18,108,279,209,188,104,96,58,48,25,21,18,7,5,0,2,1,0,
[ 2923.015211] part3,0,1,12,168,260,101,82,59,73,36,40,15,8,0,2,0,0,0,0,0,
[ 2923.022157] part4,3,9,30,292,163,62,40,24,10,9,8,2,0,0,0,0,0,0,0,0,
[ 2923.031044] part5,11,58,68,437,1207,62,31,22,21,10,4,3,2,2,1,0,0,0,0,0,
[ 2924.033392] part1,0,1044,144,217,161,76,45,26,22,15,6,2,3,1,0,2,1,1,1,0,
[ 2924.040461] part2,6,66,288,357,193,117,65,26,21,6,12,11,10,5,7,3,2,1,0,0,
[ 2924.047585] part3,0,0,55,148,63,22,17,16,6,5,1,1,0,0,0,0,0,0,0,0,
[ 2924.054019] part4,1,36,104,312,157,61,44,23,25,10,6,8,5,2,0,0,0,0,0,0,
[ 2924.060909] part5,23,54,64,518,1133,101,64,36,33,22,7,3,1,3,0,0,0,0,0,0,
[ 2925.066710] part1,0,1028,196,232,147,69,61,25,24,11,3,2,4,0,2,1,0,0,0,0,
[ 2925.073760] part2,3,51,221,281,143,49,24,16,5,2,1,3,1,1,0,2,2,2,0,0,
[ 2925.080445] part3,0,5,65,157,88,40,22,4,3,0,0,0,0,0,0,1,1,0,0,0,
[ 2925.086798] part4,1,18,74,286,116,48,38,21,9,6,13,3,3,1,0,0,0,0,0,0,
[ 2925.093491] part5,13,49,85,597,1042,100,84,34,28,14,11,3,3,4,3,1,1,0,0,0,
[ 2926.100045] part1,0,1026,150,153,86,22,12,2,3,1,1,0,0,0,0,0,0,0,0,0,
[ 2926.106763] part2,1,33,143,104,66,16,6,3,4,8,8,5,0,0,0,0,0,0,0,0,
[ 2926.113190] part3,2,13,100,186,82,15,4,0,0,0,0,0,0,0,0,0,0,0,0,0,
[ 2926.119631] part4,0,22,88,240,129,59,79,35,25,11,7,1,1,0,0,0,0,0,0,0,
[ 2926.126399] part5,59,32,102,500,1195,121,114,53,22,18,7,6,7,2,4,6,0,0,1,0,
[ 2927.133400] part1,0,1077,55,83,45,7,1,0,0,0,0,0,0,0,0,0,0,0,0,0,
[ 2927.139757] part2,1,6,73,188,122,38,19,13,8,4,1,2,3,1,0,0,0,0,0,0,
[ 2927.146280] part3,0,45,171,113,70,46,27,7,5,1,2,0,0,0,0,0,0,0,0,0,
[ 2927.152802] part4,1,3,73,187,90,49,34,28,10,8,3,2,2,0,0,0,0,0,0,0,
[ 2927.159314] part5,205,15,101,555,1253,163,169,61,28,12,7,4,2,0,1,0,0,0,0,0,
[ 2928.166744] part1,0,1079,6,20,8,4,0,0,0,0,0,0,0,0,0,0,0,0,0,0,
[ 2928.172925] part2,0,17,84,132,81,41,22,8,1,1,1,0,0,0,1,0,0,0,0,0,
[ 2928.179358] part3,2,34,145,91,42,13,14,3,5,1,0,0,0,0,0,0,0,0,0,0,
[ 2928.185789] part4,0,39,62,156,86,43,40,13,18,9,6,1,1,0,0,0,0,1,0,0,
[ 2928.192389] part5,281,16,92,546,1213,130,118,30,36,18,11,3,3,2,0,0,0,0,0,0,
[ 2929.200082] part1,0,1064,14,14,7,9,2,0,0,0,0,0,0,0,0,0,0,0,0,0,
[ 2929.206354] part2,1,4,71,102,62,23,8,3,0,0,0,0,0,0,0,0,0,0,0,0,
[ 2929.212618] part3,1,6,69,102,59,34,25,8,5,2,3,0,0,0,0,0,0,0,0,0,
[ 2929.218951] part4,2,4,72,228,146,68,46,19,15,9,2,3,1,0,0,0,0,0,0,0,
[ 2929.225569] part5,205,11,71,564,1148,128,111,42,19,10,13,7,1,0,1,0,0,0,0,0,
[ 2930.233416] part1,2,1079,10,4,2,1,1,2,1,0,0,0,0,0,0,0,0,0,0,0,
[ 2930.239616] part2,0,0,12,53,43,15,24,1,3,0,0,0,0,0,0,0,0,0,0,0,
[ 2930.245869] part3,5,63,237,357,226,146,128,77,56,27,23,7,7,3,5,0,0,0,0,0,
[ 2930.252990] part4,3,5,78,238,153,71,57,26,12,6,3,1,0,1,0,0,0,0,0,0,
[ 2930.259595] part5,93,15,91,549,1099,126,108,46,18,17,7,2,0,2,1,0,0,0,0,0,
[ 2930.349498] (0)-2541	[[HDMI][AUDIOF]] Audio STS : FSM=5(CHECK), hbr=0/0, sample_cnt= 90649, hbr_sample_cnt=0, fifo_ov=0, type=2(LPCM), ch_mode=0, ch_num=2, acr_freq=48000, wait_acr_cnt=1
[ 2931.283445] part1,0,1072,25,5,0,0,0,0,0,0,0,0,0,0,0,0,0,0,0,0,
[ 2931.289617] part2,0,1,3,10,1,0,1,2,3,1,0,0,0,0,0,0,0,0,0,0,
[ 2931.295529] part3,14,273,693,480,277,185,188,93,89,39,21,16,3,2,0,0,0,0,0,0,
[ 2931.302926] part4,4,6,85,218,109,64,44,26,9,8,1,1,1,0,0,0,0,0,0,0,
[ 2931.309436] part5,203,25,94,547,1114,111,106,40,23,13,12,10,1,1,0,1,0,0,0,0,
[ 2931.759540] (0)-2539	[[HDMI][PWR][WARN]] PWR_STS : FG_HDMI=1, P0/P1/P2/P3(active,fsm,vs_cnt,pol,int) =  P0(0,PS_OFF,0,0,0)/P1(0,PS_OFF,0,0,0)/P2(0,PS_OFF,0,0,0)/P3(1,PS_OFF,106860,1,0)
[ 2932.316787] part1,0,1078,3,4,2,1,1,1,1,0,0,0,0,0,0,0,0,0,0,0,
[ 2932.322882] part2,0,6,13,15,23,11,23,18,11,6,4,0,0,0,0,0,0,0,0,0,
[ 2932.329316] part3,17,275,668,417,288,156,99,45,54,29,19,7,2,3,0,0,0,0,0,0,
[ 2932.336539] part4,1,5,74,204,90,39,33,24,14,7,5,4,0,0,0,0,0,0,0,0,
[ 2932.343054] part5,317,18,107,551,1077,102,114,48,23,17,10,1,3,1,0,0,1,0,0,0,
[ 2933.350157] part1,0,1082,4,5,1,0,0,0,0,0,0,0,0,0,0,0,0,0,0,0,
[ 2933.356256] part2,0,0,27,63,60,35,8,5,2,1,0,0,0,0,0,0,0,0,0,0,
[ 2933.362429] part3,1,73,403,314,303,121,108,60,48,29,33,8,9,0,0,0,0,0,0,0,
[ 2933.369559] part4,2,13,50,297,119,70,48,17,8,6,4,1,1,0,0,0,0,0,0,0,
[ 2933.376161] part5,343,18,88,528,1123,122,96,41,22,22,7,2,2,1,0,0,0,0,0,0,
[ 2934.383472] part1,1,1078,4,0,0,0,0,0,0,0,0,0,0,0,0,0,0,0,0,0,
[ 2934.389567] part2,0,2,24,17,1,0,0,0,0,0,0,0,0,0,0,0,0,0,0,0,
[ 2934.395562] part3,5,50,267,230,81,34,5,3,0,0,0,0,0,0,0,0,0,0,0,0,
[ 2934.401981] part4,4,5,101,172,86,41,37,17,15,5,3,3,1,0,0,0,0,0,0,0,
[ 2934.408595] part5,337,22,74,627,1045,96,96,44,20,11,7,5,2,2,0,0,1,0,0,0,
[ 2935.416845] part1,0,1066,18,3,8,3,10,4,10,3,0,1,0,0,0,0,0,0,0,0,
[ 2935.423215] part2,2,17,68,62,60,26,12,5,0,0,1,0,0,0,0,0,0,0,0,0,
[ 2935.429559] part3,0,1,21,81,73,39,36,25,13,1,0,0,0,0,0,0,0,0,0,0,
[ 2935.436028] part4,0,2,105,141,84,58,48,26,29,13,2,4,2,0,0,0,0,0,0,0,
[ 2935.442756] part5,628,21,83,529,1144,133,136,54,33,14,11,4,1,1,0,0,0,0,0,0,
[ 2936.450155] part1,0,1066,24,9,0,0,4,0,0,0,1,1,0,0,0,0,0,0,0,0,
[ 2936.456354] part2,0,22,73,58,34,22,28,14,18,4,0,0,0,0,0,0,0,0,0,0,
[ 2936.462869] part3,1,3,19,14,10,4,5,1,1,0,0,0,0,0,0,0,0,0,0,0,
[ 2936.468963] part4,2,10,29,224,105,47,72,44,32,15,10,4,1,0,0,0,0,0,0,0,
[ 2936.475833] part5,407,38,83,501,1155,91,86,41,28,14,5,4,1,4,0,0,0,0,0,0,
[ 2937.483504] part1,8,1077,757,1260,1160,410,264,179,101,42,36,26,15,4,2,0,0,0,0,0,
[ 2937.491363] part2,0,15,18,40,47,26,17,3,8,11,3,1,0,0,0,0,0,0,0,0,
[ 2937.497783] part3,0,13,11,20,9,7,16,10,6,8,7,2,3,11,8,0,0,0,0,0,
[ 2937.504134] part4,0,15,26,212,111,37,20,14,27,16,8,3,2,0,0,0,0,0,0,0,
[ 2937.510916] part5,41,56,78,490,1170,87,62,22,15,13,3,6,2,2,0,0,1,0,0,0,
[ 2938.516857] part1,7,1075,984,1616,1338,549,442,285,225,124,78,39,38,21,29,12,5,2,1,1,
[ 2938.525055] part2,0,1,17,72,209,136,112,72,73,32,25,15,17,16,7,2,2,0,0,0,
[ 2938.532178] part3,1,0,3,43,111,47,58,58,61,44,29,23,20,3,1,1,0,0,0,0,
[ 2938.538959] part4,2,7,20,237,149,61,29,30,33,11,10,2,4,0,1,0,0,0,0,0,
[ 2938.545747] part5,11,64,61,469,1226,63,40,24,25,18,21,5,12,6,1,2,0,0,0,0,
[ 2939.550188] part1,2,1029,383,842,1054,555,329,215,193,117,127,42,43,18,15,11,13,3,1,0,
[ 2939.558473] part2,3,1,16,172,262,167,159,70,65,39,28,12,4,1,0,0,0,0,0,0,
[ 2939.565499] part3,3,0,14,198,238,80,51,51,49,35,33,23,12,7,3,1,1,0,0,0,
[ 2939.572458] part4,3,8,37,255,170,43,40,27,23,15,6,2,3,5,2,0,0,0,0,0,
[ 2939.579148] part5,16,61,67,488,1165,66,35,18,30,16,17,9,7,4,0,0,0,0,0,0,
[ 2940.583548] part1,1,1042,121,233,139,68,46,35,29,15,8,4,0,1,0,0,0,0,0,0,
[ 2940.590605] part2,5,65,253,327,181,101,65,30,26,14,18,13,16,9,6,4,3,1,0,0,
[ 2940.597827] part3,0,1,17,67,19,1,4,3,7,1,1,2,0,1,0,0,0,0,0,0,
[ 2940.603923] part4,2,17,55,248,147,52,27,15,4,2,5,0,1,0,0,0,0,0,0,0,
[ 2940.610514] part5,18,47,88,553,1067,109,71,29,29,16,15,7,4,0,2,0,0,1,0,4,
[ 2941.616894] part1,0,1021,169,221,152,59,60,38,25,11,7,2,2,1,0,0,0,0,0,0,
[ 2941.623955] part2,8,79,267,375,200,76,65,19,10,7,11,1,5,0,1,1,1,0,0,0,
[ 2941.630829] part3,0,4,79,167,90,21,26,10,6,0,0,0,0,0,0,0,0,0,0,0,
[ 2941.637268] part4,2,38,156,333,138,55,51,39,27,14,9,7,7,2,0,0,0,0,0,0,
[ 2941.644126] part5,18,48,66,515,1151,90,60,36,42,16,5,3,4,3,0,0,0,0,0,0,
[ 2941.939543] (1)-2539	[[HDMI][PWR][WARN]] PWR_STS : FG_HDMI=1, P0/P1/P2/P3(active,fsm,vs_cnt,pol,int) =  P0(0,PS_OFF,0,0,0)/P1(0,PS_OFF,0,0,0)/P2(0,PS_OFF,0,0,0)/P3(1,PS_OFF,107456,1,0)
[ 2942.559482] (1)-2541	[[HDMI][AUDIOF]] Audio STS : FSM=5(CHECK), hbr=0/0, sample_cnt= 91250, hbr_sample_cnt=0, fifo_ov=0, type=2(LPCM), ch_mode=0, ch_num=2, acr_freq=48000, wait_acr_cnt=1
[ 2942.650231] part1,0,1047,167,216,160,58,61,32,13,10,6,1,0,0,0,0,2,1,0,0,
[ 2942.657280] part2,6,54,315,314,186,93,54,23,16,9,2,2,0,0,0,1,1,0,0,0,
[ 2942.664068] part3,2,24,104,212,115,69,51,30,18,11,1,0,0,0,0,0,0,0,0,0,
[ 2942.670930] part4,0,61,205,280,125,56,60,63,41,12,8,11,12,6,3,2,1,2,0,0,
[ 2942.677976] part5,39,34,98,587,1246,146,146,81,39,22,19,9,6,3,0,0,0,0,0,0,
[ 2943.683562] part1,0,1059,26,11,22,10,3,0,0,0,0,0,0,0,0,0,0,0,0,0,
[ 2943.690021] part2,0,22,120,204,104,28,32,9,3,1,1,0,0,0,0,0,0,0,0,0,
[ 2943.696629] part3,0,22,86,118,65,13,14,9,6,1,0,0,0,0,0,0,0,0,0,0,
[ 2943.703041] part4,2,3,72,182,92,30,40,22,9,7,4,0,2,0,0,0,0,0,0,0,
[ 2943.709478] part5,186,18,89,523,1229,150,125,50,25,14,10,4,0,1,1,0,0,0,0,0,
[ 2944.716952] part1,0,1071,20,6,6,3,0,0,0,0,0,0,0,0,0,0,0,0,0,0,
[ 2944.723155] part2,1,9,61,104,78,31,13,8,3,3,1,1,0,0,0,0,0,0,0,0,
[ 2944.729495] part3,2,30,130,133,52,21,15,10,5,2,1,0,0,0,0,0,0,0,0,0,
[ 2944.736108] part4,0,7,82,165,123,44,39,18,13,7,6,1,0,0,0,0,0,0,0,0,
[ 2944.742720] part5,278,16,81,545,1208,123,133,41,20,16,4,7,2,0,1,0,0,0,0,0,
[ 2945.750267] part1,0,1072,14,4,7,5,2,0,0,0,0,0,0,0,0,0,0,0,0,0,
[ 2945.756451] part2,1,9,90,107,52,31,11,10,3,3,1,0,0,0,0,0,0,0,0,0,
[ 2945.762873] part3,0,14,78,78,47,14,17,1,2,5,0,0,0,0,0,0,0,0,0,0,
[ 2945.769228] part4,0,4,65,226,121,51,33,21,
[ 2945.773283] (3)-0000	13,6,5,3,0,1,0,0,0,0,0,0,
[ 2945.778124] part5,237,17,87,514,1174,121,121,45,20,15,9,3,2,0,0,0,0,0,0,0,
[ 2946.783678] part1,0,1081,1,1,0,0,0,0,0,0,0,0,0,0,0,0,0,0,0,0,
[ 2946.789786] part2,0,0,6,9,3,1,1,1,0,0,0,0,0,0,0,0,0,0,0,0,
[ 2946.795608] part3,0,13,55,113,73,72,57,17,4,0,1,0,0,0,0,0,0,0,0,0,
[ 2946.802136] part4,0,5,66,185,90,45,38,19,12,7,2,0,1,0,0,0,0,0,0,0,
[ 2946.808642] part5,155,15,101,581,1065,114,90,39,20,20,8,3,2,1,0,0,1,0,0,0,
[ 2947.816950] part1,0,1076,6,1,1,4,0,0,0,0,0,0,0,0,0,0,0,0,0,0,
[ 2947.823047] part2,0,0,9,3,9,3,4,0,0,0,0,0,0,0,0,0,0,0,0,0,
[ 2947.828869] part3,27,345,732,519,251,173,160,70,52,21,11,4,3,0,1,0,0,0,0,0,
[ 2947.836185] part4,3,5,54,240,90,42,35,22,16,11,2,1,0,0,0,0,0,0,0,0,
[ 2947.842773] part5,94,15,85,520,1144,114,115,38,19,16,9,8,3,1,0,0,0,0,0,0,
[ 2948.850294] part1,1,1074,15,2,2,0,0,0,0,0,0,0,0,0,0,0,0,0,0,0,
[ 2948.856475] part2,0,1,9,11,25,3,10,14,7,6,4,0,0,0,0,0,0,0,0,0,
[ 2948.862643] part3,15,265,783,591,326,168,145,88,60,21,16,6,0,0,0,0,0,0,0,0,
[ 2948.869953] part4,3,4,67,221,114,42,49,18,13,6,3,1,0,0,0,0,0,0,0,0,
[ 2948.876549] part5,292,20,112,572,1058,122,103,44,27,16,8,3,3,1,0,0,0,0,0,0,
[ 2949.883644] part1,0,1076,4,0,0,0,0,0,0,0,0,0,0,0,0,0,0,0,0,0,
[ 2949.889754] part2,0,1,48,215,163,27,24,13,5,3,1,1,0,0,0,0,0,0,0,0,
[ 2949.896278] part3,6,77,319,489,304,115,71,44,30,20,10,3,3,0,1,2,0,0,0,0,
[ 2949.903317] part4,2,3,73,240,125,79,47,25,13,5,2,0,0,0,0,0,0,0,0,0,
[ 2949.909915] part5,397,21,64,543,1114,137,93,37,33,19,8,5,0,0,1,0,0,0,0,0,
[ 2950.916985] part1,0,1057,24,4,1,0,0,0,0,0,0,0,0,0,0,0,0,0,0,0,
[ 2950.923175] part2,0,0,176,248,75,43,9,2,1,0,0,0,0,0,0,0,0,0,0,0,
[ 2950.929524] part3,8,154,510,440,200,114,96,46,25,24,12,5,0,0,0,0,0,0,0,0,
[ 2950.936639] part4,3,12,76,268,87,40,41,22,12,12,1,3,0,0,0,0,0,0,0,0,
[ 2950.943336] part5,482,25,79,602,1065,102,100,39,16,19,5,6,1,3,0,0,0,0,0,0,
[ 2951.950323] part1,1,1052,32,17,8,2,0,0,0,0,0,0,0,0,0,0,0,0,0,0,
[ 2951.956608] part2,0,14,69,40,23,11,6,6,3,0,0,0,0,0,0,0,0,0,0,0,
[ 2951.962860] part3,0,1,14,37,39,24,16,5,5,0,0,0,0,0,0,0,0,0,0,0,
[ 2951.969108] part4,3,11,139,164,120,53,64,20,14,9,2,3,0,0,0,0,0,0,0,0,
[ 2951.975888] part5,132,15,163,501,1083,152,109,56,61,38,53,11,0,1,0,1,0,0,0,0,
[ 2952.019629] (3)-2539	[[HDMI][PWR][WARN]] PWR_STS : FG_HDMI=1, P0/P1/P2/P3(active,fsm,vs_cnt,pol,int) =  P0(0,PS_OFF,0,0,0)/P1(0,PS_OFF,0,0,0)/P2(0,PS_OFF,0,0,0)/P3(1,PS_OFF,108022,1,0)
[ 2952.983676] part1,0,1058,19,26,34,7,3,0,0,2,1,0,0,0,0,0,0,0,0,0,
[ 2952.990053] part2,1,21,89,119,68,11,2,3,2,0,0,0,0,0,0,0,0,0,0,0,
[ 2952.996390] part3,0,2,27,46,28,26,28,17,9,0,1,0,0,0,0,0,0,0,0,0,
[ 2953.002735] part4,3,66,40,144,127,59,50,34,40,9,7,2,2,0,0,0,0,0,0,0,
[ 2953.009432] part5,292,26,83,438,1061,112,121,59,29,33,34,6,3,2,1,0,0,0,0,0,
[ 2954.017021] part1,2,1021,233,633,507,112,62,18,11,6,0,0,0,0,0,0,0,0,0,0,
[ 2954.024092] part2,0,10,27,11,0,0,0,0,0,0,0,0,0,0,0,0,0,0,0,0,
[ 2954.030168] part3,0,1,9,16,2,0,0,0,0,0,0,0,0,0,0,0,0,0,0,0,
[ 2954.036084] part4,1,12,17,220,96,38,31,8,16,4,2,1,1,0,0,0,0,0,0,0,
[ 2954.042595] part5,76,43,65,531,1229,96,73,34,21,12,6,4,1,3,0,1,0,0,0,0,
[ 2954.689526] (0)-2541	[[HDMI][AUDIOF]] Audio STS : FSM=5(CHECK), hbr=0/0, sample_cnt= 91851, hbr_sample_cnt=0, fifo_ov=0, type=2(LPCM), ch_mode=0, ch_num=2, acr_freq=48000, wait_acr_cnt=1
[ 2955.050372] part1,16,1168,982,1617,1395,596,489,349,233,110,63,42,33,19,18,8,9,4,1,0,
[ 2955.058571] part2,4,4,15,106,144,107,89,50,36,19,36,8,13,8,13,14,17,12,11,8,
[ 2955.065955] part3,0,0,2,29,75,41,52,32,34,20,20,9,5,1,0,0,0,0,0,0,
[ 2955.072479] part4,2,18,29,220,154,73,66,64,74,51,26,14,13,4,5,2,0,0,0,0,
[ 2955.079536] part5,12,58,65,500,1191,73,60,32,36,28,15,10,8,2,1,1,0,0,0,0,
[ 2956.083737] part1,6,990,401,942,1180,488,406,291,249,143,130,49,25,19,24,14,14,3,5,1,
[ 2956.091929] part2,1,1,20,183,263,117,100,36,38,40,41,21,8,4,4,1,1,0,0,0,
[ 2956.098968] part3,0,0,4,95,153,81,95,52,64,27,31,7,11,4,2,0,0,0,0,0,
[ 2956.105673] part4,1,9,18,215,184,62,60,36,32,17,17,7,8,3,1,0,0,0,0,0,
[ 2956.112453] part5,14,63,69,436,1222,100,38,18,29,25,12,3,4,2,2,0,0,0,0,0,
[ 2957.117052] part1,3,1063,136,254,154,46,41,28,16,7,3,1,1,1,0,0,0,0,0,0,
[ 2957.124019] part2,1,34,142,163,107,52,36,24,25,11,10,11,3,6,4,3,2,0,0,0,
[ 2957.131068] part3,0,0,3,10,1,2,3,5,5,2,1,3,0,0,0,0,0,0,0,0,
[ 2957.136977] part4,3,8,62,275,130,49,34,13,18,13,10,4,6,2,0,0,0,0,0,0,
[ 2957.143743] part5,33,60,78,611,1111,116,92,41,38,36,27,13,9,0,1,0,1,0,0,0,
[ 2958.150413] part1,1,1056,140,211,150,54,50,31,23,17,11,5,3,0,2,1,0,0,0,0,
[ 2958.157555] part2,3,68,286,305,169,106,64,15,4,3,8,8,12,7,8,1,2,2,0,0,
[ 2958.164423] part3,2,3,62,171,46,7,10,4,0,0,0,0,0,0,0,0,0,0,0,0,
[ 2958.170679] part4,1,22,113,312,135,65,38,20,15,10,4,4,8,0,0,0,0,0,0,0,
[ 2958.177543] part5,24,55,84,524,1199,100,70,46,25,20,7,4,4,2,0,0,0,0,0,0,
[ 2959.183737] part1,0,1010,169,212,187,43,51,32,19,11,2,2,2,5,6,0,1,0,0,0,
[ 2959.190799] part2,5,78,284,317,143,57,31,14,11,5,3,3,7,4,4,2,3,0,0,0,
[ 2959.197592] part3,0,5,39,195,106,18,22,14,10,6,1,1,2,0,0,0,0,0,0,0,
[ 2959.204188] part4,1,14,39,240,135,86,60,33,14,12,5,4,5,2,4,0,0,0,0,0,
[ 2959.210970] part5,44,41,68,590,1211,163,114,44,43,24,17,9,6,0,3,2,0,0,1,5,
[ 2960.217080] part1,0,1038,88,49,9,5,4,0,0,0,0,0,0,0,0,0,0,0,0,0,
[ 2960.223369] part2,1,15,67,55,26,14,6,0,0,0,0,0,0,0,0,0,0,0,0,0,
[ 2960.229622] part3,0,3,56,48,10,2,1,0,0,0,0,0,0,0,0,0,0,0,0,0,
[ 2960.235691] part4,3,10,36,210,93,38,37,25,17,6,1,2,0,0,0,0,0,0,0,0,
[ 2960.242299] part5,138,29,90,505,1217,107,87,35,24,12,7,4,2,4,1,0,0,1,0,0,
[ 2961.250437] part1,0,1070,18,16,26,6,1,0,0,0,0,0,0,0,0,0,0,0,0,0,
[ 2961.256806] part2,1,11,131,294,140,25,18,7,0,0,0,0,0,0,0,0,0,0,0,0,
[ 2961.263398] part3,0,33,84,116,50,27,17,7,2,0,0,0,0,0,0,0,0,0,0,0,
[ 2961.269835] part4,0,7,87,176,110,61,41,23,14,5,3,1,1,0,0,0,0,0,0,0,
[ 2961.276440] part5,219,14,98,597,1308,178,128,44,19,16,11,3,2,0,0,0,0,0,0,0,
[ 2962.109655] (2)-2539	[[HDMI][PWR][WARN]] PWR_STS : FG_HDMI=1, P0/P1/P2/P3(active,fsm,vs_cnt,pol,int) =  P0(0,PS_OFF,0,0,0)/P1(0,PS_OFF,0,0,0)/P2(0,PS_OFF,0,0,0)/P3(1,PS_OFF,108612,1,0)
[ 2963.317126] part1,0,1068,28,12,4,1,1,0,0,0,0,0,0,0,0,0,0,0,0,0,
[ 2963.323405] part2,0,3,83,117,43,21,5,0,0,0,0,0,0,0,0,0,0,0,0,0,
[ 2963.329656] part3,1,5,89,95,54,15,11,7,2,0,0,0,0,0,0,0,0,0,0,0,
[ 2963.335924] part4,3,13,73,239,141,45,35,8,15,12,4,1,0,0,0,0,0,0,0,0,
[ 2963.342609] part5,233,16,84,608,1076,120,113,43,20,16,9,5,1,1,0,0,0,0,0,0,
[ 2964.350471] part1,0,1047,23,15,17,0,0,0,0,0,0,0,0,0,0,0,0,0,0,0,
[ 2964.356828] part2,0,0,7,6,20,23,14,7,6,0,0,0,0,0,0,0,0,0,0,0,
[ 2964.362915] part3,2,73,238,231,160,121,131,72,80,36,22,8,6,3,0,0,0,0,0,0,
[ 2964.370056] part4,2,5,114,327,145,66,62,27,14,5,2,1,0,0,0,0,0,0,0,0,
[ 2964.376740] part5,102,16,95,525,1120,102,113,41,21,14,9,4,1,1,1,0,0,0,0,0,
[ 2965.383807] part1,0,1073,18,6,1,0,0,0,0,0,0,0,0,0,0,0,0,0,0,0,
[ 2965.389990] part2,1,0,10,6,1,0,5,2,2,3,0,0,0,0,0,0,0,0,0,0,
[ 2965.395899] part3,7,237,675,504,306,156,137,71,99,34,18,15,7,1,0,0,0,0,0,0,
[ 2965.403204] part4,3,6,79,234,101,49,45,20,13,8,4,1,0,0,0,0,0,0,0,0,
[ 2965.409800] part5,255,21,88,572,1093,115,106,42,24,11,8,4,1,2,0,0,0,0,0,0,
[ 2966.417156] part1,0,1077,4,5,7,1,0,0,0,0,0,0,0,0,0,0,0,0,0,0,
[ 2966.423248] part2,0,1,20,21,50,22,30,17,14,2,5,2,0,0,0,0,0,0,0,0,
[ 2966.429690] part3,4,105,282,281,205,110,72,46,26,26,33,13,1,0,0,0,0,0,0,0,
[ 2966.436908] part4,0,11,112,155,89,40,37,20,14,11,4,4,2,0,0,0,0,0,0,0,
[ 2966.443690] part5,334,17,138,521,1068,116,111,48,27,12,12,7,4,1,0,0,0,0,0,0,
[ 2966.869526] (2)-2541	[[HDMI][AUDIOF]] Audio STS : FSM=5(CHECK), hbr=0/0, sample_cnt= 92452, hbr_sample_cnt=0, fifo_ov=0, type=2(LPCM), ch_mode=0, ch_num=2, acr_freq=48000, wait_acr_cnt=1
[ 2967.450528] part1,0,1078,13,6,2,2,0,0,0,0,0,0,0,0,0,0,0,0,0,0,
[ 2967.456717] part2,1,0,84,99,29,20,32,4,2,0,1,0,0,0,0,0,0,0,0,0,
[ 2967.462978] part3,11,87,438,450,359,141,122,82,51,26,25,7,6,4,1,0,0,0,0,0,
[ 2967.470191] part4,2,14,58,236,105,58,52,23,14,9,3,1,0,0,0,0,0,0,0,0,
[ 2967.476893] part5,398,22,97,538,1114,111,104,34,27,17,6,3,1,2,1,0,0,0,0,0,
[ 2968.483837] part1,0,1075,11,1,1,0,0,0,0,0,0,0,0,0,0,0,0,0,0,0,
[ 2968.490044] part2,0,11,36,10,2,0,0,0,0,0,0,0,0,0,0,0,0,0,0,0,
[ 2968.496122] part3,0,25,55,36,3,1,0,0,0,0,0,0,0,0,0,0,0,0,0,0,
[ 2968.502199] part4,1,5,73,222,74,55,34,21,10,8,3,0,0,0,0,0,0,0,0,0,
[ 2968.508718] part5,188,33,91,634,1020,93,102,37,22,14,9,6,2,1,0,0,1,0,0,0,
[ 2969.517179] part1,0,1064,13,4,0,1,1,0,0,1,0,0,0,0,0,0,0,0,0,0,
[ 2969.523380] part2,0,13,68,112,70,27,4,2,1,2,0,0,0,0,0,0,0,0,0,0,
[ 2969.529713] part3,0,0,6,33,45,18,25,12,8,2,2,0,0,0,0,0,0,0,0,0,
[ 2969.535966] part4,2,60,77,114,119,64,101,40,46,18,9,4,1,0,0,0,0,0,0,0,
[ 2969.542832] part5,625,32,82,467,1209,118,151,62,60,30,11,8,0,1,0,2,0,0,0,0,
[ 2970.550528] part1,0,1067,29,1,1,0,0,0,0,0,0,0,0,0,0,0,0,0,0,0,
[ 2970.556727] part2,1,23,72,37,37,20,18,13,12,0,0,0,0,0,0,0,0,0,0,0,
[ 2970.563235] part3,0,8,11,45,26,16,8,1,0,0,0,0,0,0,0,0,0,0,0,0,
[ 2970.569416] part4,2,12,29,214,106,56,48,28,22,10,1,0,0,0,0,0,0,0,0,0,
[ 2970.576192] part5,199,41,86,696,969,92,76,39,21,12,6,6,4,3,0,1,0,0,0,0,
[ 2971.583868] part1,12,1096,774,1471,1238,435,337,218,153,74,37,22,21,10,6,3,1,0,0,0,
[ 2971.591896] part2,0,1,17,65,66,45,17,6,7,3,17,13,6,2,0,0,0,0,0,0,
[ 2971.598316] part3,0,0,12,16,19,10,7,8,13,13,18,16,25,15,3,4,3,0,0,0,
[ 2971.605019] part4,1,9,15,224,108,39,38,18,26,20,16,1,3,1,0,0,0,0,0,0,
[ 2971.611801] part5,14,67,68,498,1149,82,40,21,21,10,6,3,3,4,0,0,0,0,0,0,
[ 2972.259519] (0)-2539	[[HDMI][PWR][WARN]] PWR_STS : FG_HDMI=1, P0/P1/P2/P3(active,fsm,vs_cnt,pol,int) =  P0(0,PS_OFF,0,0,0)/P1(0,PS_OFF,0,0,0)/P2(0,PS_OFF,0,0,0)/P3(1,PS_OFF,109196,1,0)
[ 2972.617211] part1,17,1101,938,1495,1423,587,453,310,234,115,85,33,38,20,18,13,6,1,0,0,
[ 2972.625499] part2,0,2,23,204,202,118,88,61,58,25,18,9,8,10,4,1,1,0,0,0,
[ 2972.632449] part3,0,0,4,59,139,85,79,77,55,42,32,13,22,4,0,1,0,0,0,0,
[ 2972.639247] part4,4,10,19,245,167,72,42,26,35,20,15,8,7,7,7,4,2,0,0,2,
[ 2972.646117] part5,8,56,48,439,1240,92,50,17,31,10,9,6,3,5,1,2,2,0,0,0,
[ 2973.650558] part1,0,991,385,841,991,519,280,200,185,119,119,38,38,18,27,13,11,2,4,0,
[ 2973.658669] part2,1,2,9,175,309,174,153,91,68,32,27,20,13,1,3,0,1,0,0,0,
[ 2973.665709] part3,2,3,23,228,239,90,86,47,62,43,32,14,16,7,6,0,1,0,0,0,
[ 2973.672671] part4,3,7,44,288,161,43,33,20,14,12,6,4,3,2,4,0,0,0,0,0,
[ 2973.679352] part5,16,61,64,458,1191,71,44,19,23,18,17,5,7,3,1,0,0,0,0,0,
[ 2974.683907] part1,0,1031,137,197,135,66,47,37,21,7,8,4,6,1,1,2,2,0,0,0,
[ 2974.690872] part2,7,43,248,339,234,85,70,27,17,13,10,7,11,1,7,2,3,0,0,0,
[ 2974.697918] part3,1,2,24,122,21,3,3,6,3,0,0,1,1,1,0,0,0,0,0,0,
[ 2974.704078] part4,0,12,53,305,154,52,36,20,12,4,6,2,9,0,0,0,0,0,0,0,
[ 2974.710762] part5,15,56,78,538,1091,99,59,34,29,22,15,2,3,2,0,0,0,0,0,0,
[ 2975.717249] part1,2,1019,165,223,180,52,50,33,12,10,4,3,0,1,0,0,0,0,0,0,
[ 2975.724309] part2,3,50,220,324,176,80,42,26,8,3,4,1,5,2,0,4,0,0,0,0,
[ 2975.731004] part3,1,4,68,201,65,20,19,12,5,2,1,1,0,0,0,0,0,0,0,0,
[ 2975.737428] part4,2,26,133,257,112,52,62,24,9,7,2,3,2,0,0,0,0,0,0,0,
[ 2975.744123] part5,19,55,83,522,1179,93,73,28,26,19,15,4,3,1,0,0,0,0,0,0,
[ 2976.750603] part1,1,1025,172,238,144,53,47,16,18,12,3,1,1,0,3,1,1,0,0,0,
[ 2976.757670] part2,7,60,247,263,205,70,37,16,14,3,4,2,5,2,5,1,1,2,0,0,
[ 2976.764456] part3,2,30,133,202,113,52,47,15,18,12,5,2,0,0,0,0,0,0,0,0,
[ 2976.771312] part4,2,63,258,306,126,70,75,66,34,13,8,5,4,1,0,2,2,0,0,0,
[ 2976.778191] part5,51,37,115,589,1289,159,128,64,42,28,8,9,4,3,2,1,0,0,0,0,
[ 2977.783958] part1,0,1074,11,20,60,20,1,1,1,0,0,0,0,0,0,0,0,0,0,0,
[ 2977.790417] part2,0,23,96,135,69,28,18,10,2,0,0,0,0,0,0,0,0,0,0,0,
[ 2977.796933] part3,3,32,122,96,49,17,10,5,3,0,0,0,0,0,0,0,0,0,0,0,
[ 2977.803367] part4,0,3,76,179,89,29,42,31,12,4,1,0,2,0,0,0,0,0,0,0,
[ 2977.809893] part5,228,16,91,553,1229,147,155,61,39,14,10,1,2,0,1,0,0,0,0,0,
[ 2978.817373] part1,0,1062,20,1,3,0,0,0,0,0,0,0,0,0,0,0,0,0,0,0,
[ 2978.823594] part2,1,13,76,142,80,22,17,7,7,1,0,0,0,0,0,0,0,0,0,0,
[ 2978.830038] part3,0,37,157,170,58,20,14,14,4,0,3,3,2,1,0,0,0,0,0,0,
[ 2978.836689] part4,0,31,86,160,101,54,35,25,8,9,4,2,0,0,1,0,0,0,0,0,
[ 2978.843288] part5,276,17,85,535,1210,135,123,35,27,17,10,3,2,1,0,0,0,0,0,0,
[ 2979.099485] (3)-2541	[[HDMI][AUDIOF]] Audio STS : FSM=5(CHECK), hbr=0/0, sample_cnt= 93053, hbr_sample_cnt=0, fifo_ov=0, type=2(LPCM), ch_mode=0, ch_num=2, acr_freq=48000, wait_acr_cnt=1
[ 2979.850626] part1,0,1061,18,10,5,1,0,0,0,0,0,0,0,0,0,0,0,0,0,0,
[ 2979.856909] part2,1,3,72,113,93,23,11,3,6,2,0,0,0,0,0,0,0,0,0,0,
[ 2979.863244] part3,0,6,39,90,63,16,17,4,4,9,2,0,0,0,0,0,0,0,0,0,
[ 2979.869510] part4,1,6,63,227,129,52,37,15,13,8,4,2,1,1,0,0,0,0,0,0,
[ 2979.876108] part5,197,29,86,600,1117,112,114,41,27,17,9,5,2,0,0,0,0,0,0,0,
[ 2980.883979] part1,0,1080,0,0,5,1,3,0,0,0,0,0,0,0,0,0,0,0,0,0,
[ 2980.890078] part2,0,0,16,38,29,0,0,0,3,2,0,0,0,0,0,0,0,0,0,0,
[ 2980.896161] part3,1,39,129,188,152,72,81,30,27,7,3,1,0,0,0,0,0,0,0,0,
[ 2980.902949] part4,1,3,69,225,127,49,42,30,11,7,1,2,0,0,0,0,0,0,0,0,
[ 2980.909542] part5,136,17,84,579,1090,117,94,45,13,19,11,3,2,2,0,0,0,0,0,0,
[ 2981.917318] part1,0,1066,16,4,1,4,4,0,1,0,0,0,0,0,0,0,0,0,0,0,
[ 2981.923494] part2,0,10,9,7,10,1,0,0,0,0,0,0,0,0,0,0,0,0,0,0,
[ 2981.929494] part3,22,256,721,572,306,161,147,84,73,44,31,19,29,4,0,0,0,0,0,0,
[ 2981.936976] part4,1,6,70,215,109,49,31,20,14,9,2,0,0,0,0,0,0,0,0,0,
[ 2981.943573] part5,120,14,94,532,1121,101,120,38,26,17,5,3,2,0,1,0,0,0,0,0,
[ 2982.459544] (1)-2539	[[HDMI][PWR][WARN]] PWR_STS : FG_HDMI=1, P0/P1/P2/P3(active,fsm,vs_cnt,pol,int) =  P0(0,PS_OFF,0,0,0)/P1(0,PS_OFF,0,0,0)/P2(0,PS_OFF,0,0,0)/P3(1,PS_OFF,109788,1,0)
[ 2982.950665] part1,0,1072,16,0,0,0,1,0,0,0,0,0,0,0,0,0,0,0,0,0,
[ 2982.956846] part2,0,0,2,5,4,1,2,0,2,0,0,0,0,0,0,0,0,0,0,0,
[ 2982.962668] part3,27,234,729,623,348,151,160,72,63,17,16,11,6,2,0,0,0,0,0,0,
[ 2982.970058] part4,3,1,61,219,98,47,44,15,14,12,1,3,0,0,0,0,0,0,0,0,
[ 2982.976656] part5,296,23,89,555,1096,111,111,39,18,20,8,4,2,0,0,1,0,0,0,0,
[ 2983.984009] part1,0,1069,12,0,0,0,0,0,0,0,0,0,0,0,0,0,0,0,0,0,
[ 2983.990200] part2,1,7,68,150,96,33,11,6,1,0,0,1,2,0,0,0,0,0,0,0,
[ 2983.996551] part3,4,69,439,482,262,105,116,72,81,35,38,11,11,3,0,0,0,0,0,0,
[ 2984.003855] part4,0,9,62,228,101,64,66,40,19,3,2,0,1,0,0,0,0,0,0,0,
[ 2984.010462] part5,283,14,89,554,1104,134,98,35,22,18,8,2,1,1,0,0,0,0,0,0,
[ 2985.017355] part1,0,1078,8,2,0,0,0,0,0,0,0,0,0,0,0,0,0,0,0,0,
[ 2985.023469] part2,0,0,52,227,105,30,3,1,0,1,0,0,0,0,0,0,0,0,0,0,
[ 2985.029808] part3,11,172,483,280,183,74,48,33,20,13,10,3,0,0,0,0,0,0,0,0,
[ 2985.036931] part4,1,3,111,227,86,47,38,16,13,9,3,0,1,0,0,0,0,0,0,0,
[ 2985.043539] part5,493,20,78,575,1083,115,100,34,22,15,6,4,2,2,0,0,0,0,0,0,
[ 2986.050745] part1,0,1052,30,3,8,7,4,2,1,0,0,0,0,0,0,0,0,0,0,0,
[ 2986.056949] part2,2,16,64,42,27,22,3,5,4,3,0,0,0,0,0,0,0,0,0,0,
[ 2986.063189] part3,0,3,12,57,113,58,47,18,9,0,0,0,0,0,0,0,0,0,0,0,
[ 2986.069633] part4,1,3,113,216,107,52,42,25,21,8,4,4,0,0,0,0,0,0,0,0,
[ 2986.076318] part5,265,19,122,557,1048,106,109,39,30,20,18,2,3,1,1,0,0,0,0,0,
[ 2987.084041] part1,0,1055,15,14,18,1,2,1,0,5,0,0,0,0,0,0,0,0,0,0,
[ 2987.090415] part2,1,22,101,147,55,12,7,0,0,0,0,0,0,0,0,0,0,0,0,0,
[ 2987.096831] part3,0,13,59,66,56,24,25,24,13,8,3,0,0,0,0,0,0,0,0,0,
[ 2987.103361] part4,3,50,49,157,156,71,59,35,14,17,7,0,1,0,0,0,0,0,0,0,
[ 2987.110139] part5,300,32,85,535,1117,113,89,29,24,20,25,4,7,1,0,0,0,0,0,0,
[ 2988.117424] part1,4,1027,310,796,732,169,112,38,42,18,7,1,3,0,0,0,0,0,0,0,
[ 2988.124663] part2,0,13,32,27,4,1,0,0,0,0,0,0,0,0,0,0,0,0,0,0,
[ 2988.130730] part3,0,3,7,5,0,1,1,0,1,0,0,0,0,0,0,0,0,0,0,0,
[ 2988.136566] part4,1,12,20,220,85,40,28,6,6,5,4,3,0,0,0,0,0,0,0,0,
[ 2988.142985] part5,87,61,67,558,1148,87,71,24,17,20,8,2,4,4,0,0,0,0,0,0,
[ 2989.150724] part1,20,1119,915,1568,1366,690,465,314,249,135,71,35,27,26,22,8,4,1,0,0,
[ 2989.158923] part2,0,1,10,100,127,78,83,43,52,22,23,9,5,3,8,3,23,13,12,10,
[ 2989.166039] part3,0,0,0,27,82,45,62,52,50,47,49,23,19,3,2,0,0,0,0,0,
[ 2989.172741] part4,0,9,19,205,124,59,55,46,47,24,23,15,13,3,5,4,1,0,0,0,
[ 2989.179697] part5,17,58,60,465,1200,85,48,26,35,17,10,9,10,3,5,0,0,0,0,0,
[ 2990.184204] part1,3,950,449,930,1146,512,343,241,228,112,111,49,51,21,29,4,7,2,2,0,
[ 2990.192269] part2,0,0,29,203,319,131,79,42,29,31,21,23,10,4,3,4,4,1,0,0,
[ 2990.199306] part3,0,0,17,127,157,70,78,55,49,31,23,11,4,3,0,0,0,0,0,0,
[ 2990.206180] part4,6,12,19,260,167,85,45,33,17,16,21,7,5,3,1,0,0,0,0,0,
[ 2990.213048] part5,9,62,71,446,1213,71,41,17,34,19,18,7,3,3,0,0,0,0,0,0,

[END] 12/6/2019 4:18:07 PM
