[BEGIN] 12/6/2019 3:36:20 PM
[  495.173594] part1,51,273,252,102,38,13,6,4,2,0,0,0,0,0,0,0,0,0,0,0,
[  495.180236] part2,3,0,0,0,0,0,0,0,0,0,0,0,0,0,0,0,0,0,0,0,
[  495.186041] part3,71,108,69,33,47,37,42,4,6,2,0,0,0,0,0,0,0,0,0,0,
[  495.192568] part4,34,129,107,18,10,1,6,13,11,5,3,1,0,0,0,0,0,0,0,0,
[  495.199167] part5,29,88,173,44,10,6,6,4,4,1,3,0,0,0,0,0,0,0,0,0,
[  496.206939] part1,32,218,134,47,12,1,1,0,0,0,0,0,0,0,0,0,0,0,0,0,
[  496.213398] part2,1,13,34,54,48,26,29,8,2,0,0,0,0,0,0,0,0,0,0,0,
[  496.219730] part3,21,77,75,92,107,39,65,38,48,14,14,3,11,2,9,2,2,1,0,0,
[  496.226702] part4,8,19,18,5,2,0,0,0,0,0,0,0,0,0,0,0,0,0,0,0,
[  496.232687] part5,31,84,205,21,31,8,27,11,17,5,0,0,0,0,0,0,0,0,0,0,
[  497.240280] part1,54,212,158,29,5,0,0,0,0,0,0,0,0,0,0,0,0,0,0,0,
[  497.246651] part2,2,0,0,0,0,0,0,0,0,0,0,0,0,0,0,0,0,0,0,0,
[  497.252465] part3,3,0,0,0,1,2,3,0,0,0,3,5,26,11,14,3,0,0,0,0,
[  497.258551] part4,3,0,0,0,1,0,2,2,0,0,0,0,0,0,0,0,0,0,0,0,
[  497.264364] part5,27,85,192,29,7,7,3,1,0,0,1,0,0,0,0,0,0,0,0,0,
[  498.256953] part1,36,474,516,194,52,8,4,0,0,0,3,0,0,0,0,0,0,0,0,0,
[  498.263503] part2,2,11,146,154,60,39,16,9,19,9,13,1,4,2,0,0,0,0,0,0,
[  498.270186] part3,41,78,129,98,120,84,75,27,29,13,8,0,1,0,0,0,0,0,0,0,
[  498.277041] part4,2,3,20,29,31,16,12,13,14,4,8,1,4,0,0,0,0,0,0,0,
[  498.283484] part5,41,79,200,27,12,8,2,1,0,0,0,0,0,0,0,0,0,0,0,0,
[  499.290302] part1,31,473,533,178,47,8,6,0,4,3,6,0,0,0,0,0,0,0,0,0,
[  499.296852] part2,10,21,133,128,115,41,20,7,8,8,2,2,4,2,0,0,0,0,0,0,
[  499.303532] part3,90,257,253,182,150,83,88,45,38,14,8,3,3,1,0,0,0,0,0,0,
[  499.310582] part4,7,32,85,68,61,25,16,12,7,12,2,0,0,0,0,0,0,0,0,0,
[  499.317103] part5,35,86,201,33,53,19,19,1,0,0,1,0,0,0,0,0,0,0,0,0,
[  500.323647] part1,47,473,529,181,56,6,1,0,2,2,9,2,0,0,0,0,0,0,0,0,
[  500.330191] part2,3,19,115,72,101,53,14,1,1,1,1,1,0,0,0,0,0,0,0,0,
[  500.336700] part3,61,223,289,192,144,102,79,40,46,9,16,6,3,0,1,0,0,0,0,0,
[  500.343848] part4,19,47,124,65,77,22,35,20,14,3,8,2,1,1,0,0,0,0,0,0,
[  500.350540] part5,23,75,223,35,47,18,5,1,0,0,1,0,0,0,0,0,0,0,0,0,
[  501.356999] part1,
[  501.358872] (2)-0000	42,495,513,172,53,20,9,2,2,1,11,1,0,0,0,0,0,0,0,0,
[  501.366010] part2,5,24,133,64,97,51,15,1,1,1,3,2,0,0,0,0,0,0,0,0,
[  501.372429] part3,42,216,269,193,119,69,69,28,32,10,8,1,2,0,0,0,0,0,0,0,
[  501.379472] part4,28,78,156,92,91,46,52,12,5,8,2,1,0,0,0,0,0,0,0,0,
[  501.386079] part5,34,66,224,45,48,14,12,1,1,1,0,0,0,0,0,0,0,0,0,0,
[  502.390346] part1,55,296,472,220,162,212,232,93,160,44,50,8,25,3,1,0,0,0,0,0,
[  502.397847] part2,158,857,1739,612,467,261,193,80,108,27,38,9,11,1,0,0,0,0,0,0,
[  502.405492] part3,34,629,837,315,141,43,15,5,2,0,0,0,0,0,0,0,0,0,0,0,
[  502.412278] part4,94,844,1262,609,328,129,74,24,25,6,6,3,1,1,2,0,0,0,0,0,
[  502.419400] part5,182,1098,1930,570,315,124,89,42,27,19,10,2,2,0,0,0,0,0,0,0,
[  503.423688] part1,95,700,1221,514,220,137,189,90,123,58,66,20,23,4,1,0,0,0,0,0,
[  503.431358] part2,270,1892,3386,870,690,313,146,59,18,15,12,3,3,1,0,1,2,0,0,0,
[  503.438918] part3,79,1029,1317,297,107,44,13,5,2,0,0,0,0,0,0,0,0,0,0,0,
[  503.445873] part4,54,680,1035,366,251,104,48,19,21,11,7,1,3,0,0,0,0,0,0,0,
[  503.453080] part5,146,1194,1879,559,333,165,64,36,48,7,19,3,0,0,0,0,0,0,0,0,
[  503.949577] (3)-2539	[[HDMI][PWR][WARN]] PWR_STS : FG_HDMI=1, P0/P1/P2/P3(active,fsm,vs_cnt,pol,int) =  P0(0,PS_OFF,0,0,0)/P1(0,PS_OFF,0,0,0)/P2(0,PS_OFF,0,0,0)/P3(1,PS_OFF,27552,1,0)
[  504.457047] part1,566,4464,4530,987,623,302,102,43,25,19,8,3,7,3,1,0,0,0,0,0,
[  504.464536] part2,976,5276,3352,733,385,170,77,51,22,8,12,6,13,6,0,0,0,0,0,0,
[  504.472018] part3,397,3012,1813,263,150,58,25,13,23,16,18,4,2,1,0,0,0,0,0,0,
[  504.479405] part4,77,312,589,150,152,151,84,28,25,9,8,9,5,0,0,0,0,0,0,0,
[  504.486438] part5,61,109,234,66,43,35,14,3,2,0,1,0,0,0,0,0,0,0,0,0,
[  504.829495] (1)-2541	[[HDMI][AUDIOF]] Audio STS : FSM=5(CHECK), hbr=0/0, sample_cnt= 23440, hbr_sample_cnt=0, fifo_ov=0, type=2(LPCM), ch_mode=0, ch_num=2, acr_freq=48000, wait_acr_cnt=1
[  505.490378] part1,697,5122,4451,874,587,269,107,34,21,17,10,7,6,1,1,1,1,0,0,0,
[  505.497960] part2,1005,5233,3711,767,411,175,82,51,28,10,6,8,16,5,1,0,0,0,0,0,
[  505.505527] part3,326,2429,1757,294,181,54,41,24,22,12,16,5,3,0,0,0,0,0,0,0,
[  505.512919] part4,1861,9127,2031,587,271,117,47,31,48,32,24,10,3,0,0,0,0,0,0,0,
[  505.520565] part5,391,5393,3190,410,163,74,30,10,2,0,0,0,0,0,0,0,0,0,0,0,
[  506.523715] part1,63,402,537,153,31,12,1,1,0,0,0,0,0,0,0,0,0,0,0,0,
[  506.530351] part2,1,0,0,0,0,0,0,0,0,0,0,0,0,0,0,0,0,0,0,0,
[  506.536163] part3,21,15,23,54,100,84,170,98,157,76,120,55,92,20,38,1,0,0,0,0,
[  506.543645] part4,14,9,23,14,12,23,44,30,78,29,36,6,32,0,3,1,0,0,0,0,
[  506.550433] part5,34,92,175,32,14,5,0,0,0,0,0,0,0,0,0,0,0,0,0,0,
[  507.557061] part1,14,452,576,184,73,20,13,3,0,0,0,0,0,0,0,0,0,0,0,0,
[  507.563786] part2,2,6,51,35,18,7,6,4,3,1,0,0,0,0,0,0,0,0,0,0,
[  507.569849] part3,475,1444,1117,593,344,152,103,51,26,13,15,5,0,1,1,0,0,0,0,0,
[  507.577417] part4,280,1315,1084,378,201,106,76,32,18,14,7,2,2,0,0,0,0,0,0,0,
[  507.584818] part5,34,99,167,29,8,3,0,0,0,0,0,0,0,0,0,0,0,0,0,0,
[  508.590404] part1,103,938,1398,455,144,49,30,15,15,9,5,0,2,1,0,0,0,0,0,0,
[  508.597556] part2,308,849,1581,251,171,77,48,30,19,12,8,9,9,8,1,1,3,1,0,0,
[  508.604761] part3,106,580,1373,519,128,30,22,11,25,22,14,2,4,0,0,0,2,1,1,0,
[  508.612065] part4,4,64,417,269,186,100,97,24,32,11,9,8,1,1,0,0,0,0,0,0,
[  508.619025] part5,66,59,230,22,12,5,2,1,0,1,0,0,0,0,0,0,0,0,0,0,
[  509.623760] part1,27,404,614,191,71,18,16,0,0,0,0,0,0,0,0,0,0,0,0,0,
[  509.630468] part2,0,1,0,0,0,0,0,0,0,0,0,0,0,0,0,0,0,0,0,0,
[  509.636289] part3,100,505,545,336,251,128,153,119,131,77,104,52,42,20,13,2,1,0,0,0,
[  509.644295] part4,68,401,688,392,250,137,174,83,64,24,27,11,9,0,0,0,0,0,0,0,
[  509.651679] part5,21,79,197,21,14,7,0,1,0,0,0,0,0,0,0,0,0,0,0,0,
[  510.657098] part1,25,449,574,183,81,19,11,0,0,0,0,0,0,0,0,0,0,0,0,0,
[  510.663808] part2,0,0,0,0,0,0,0,0,0,0,0,0,0,0,0,0,0,0,0,0,
[  510.669632] part3,17,68,101,120,95,87,105,102,122,69,82,66,66,22,36,9,2,0,0,0,
[  510.677206] part4,34,330,380,193,272,190,191,67,103,42,76,21,26,4,0,0,0,0,0,0,
[  510.684760] part5,19,95,183,20,13,10,24,11,26,9,22,13,15,0,2,0,0,0,0,0,
[  511.690448] part1,484,2686,3007,819,290,151,128,104,43,26,19,9,5,0,1,1,0,0,0,0,
[  511.698111] part2,45,106,195,168,314,288,307,114,119,35,37,12,13,2,2,2,0,0,0,0,
[  511.705762] part3,89,189,733,947,976,530,737,399,363,112,60,
[  511.711448] (2)-0000	22,30,16,11,5,1,0,0,0,
[  511.715974] part4,40,125,293,214,288,177,223,145,108,51,64,31,51,8,8,1,6,5,1,0,
[  511.723635] part5,133,462,773,293,257,220,177,95,84,42,53,9,9,4,3,0,2,2,0,0,
[  512.723794] part1,507,3107,3095,786,351,136,114,70,35,28,21,13,7,1,5,0,0,0,0,0,
[  512.731458] part2,134,1182,1442,575,170,111,195,115,155,56,96,44,55,7,11,3,1,0,0,0,
[  512.739472] part3,67,164,550,711,991,961,778,294,190,82,102,46,66,29,30,10,23,3,3,1,
[  512.747570] part4,3,53,368,179,190,147,214,74,90,58,75,39,38,14,58,8,11,0,0,0,
[  512.755129] part5,32,154,607,283,250,143,205,132,118,23,18,5,8,5,10,2,2,0,1,0,
[  513.757146] part1,160,1637,2883,804,287,123,108,48,37,19,19,6,3,1,1,0,0,0,0,0,
[  513.764729] part2,36,366,1683,1122,282,123,279,133,169,58,84,31,58,10,18,2,5,0,0,0,
[  513.772736] part3,33,86,482,469,651,595,506,146,112,37,32,2,1,0,0,0,0,0,0,0,
[  513.780125] part4,263,545,921,411,254,220,206,96,96,60,127,72,92,40,70,6,16,1,2,1,
[  513.788028] part5,44,124,449,322,296,159,203,139,116,31,22,4,7,6,5,3,6,1,0,0,
[  514.089586] (1)-2539	[[HDMI][PWR][WARN]] PWR_STS : FG_HDMI=1, P0/P1/P2/P3(active,fsm,vs_cnt,pol,int) =  P0(0,PS_OFF,0,0,0)/P1(0,PS_OFF,0,0,0)/P2(0,PS_OFF,0,0,0)/P3(1,PS_OFF,28142,1,0)
[  514.790464] part1,0,0,0,0,0,0,0,0,0,0,0,0,0,0,0,0,0,0,0,0,
[  514.796303] part2,0,0,0,0,0,0,0,0,0,0,0,0,0,0,0,0,0,0,0,0,
[  514.802111] part3,0,0,0,0,0,0,0,0,0,0,0,0,0,0,0,0,0,0,0,0,
[  514.807941] part4,0,0,0,0,0,0,0,0,0,0,0,0,0,0,0,0,0,0,0,0,
[  514.813748] part5,0,0,0,0,0,0,0,0,0,0,0,0,0,0,0,0,0,0,0,0,

[END] 12/6/2019 3:36:50 PM
