[BEGIN] 12/6/2019 4:10:02 PM
[ 2523.228975] part1,159,437,282,34,13,1,0,0,0,0,0,0,0,0,0,0,0,0,0,0,
[ 2523.235522] part2,3,1,7,3,0,0,0,0,0,0,0,0,0,0,0,0,0,0,0,0,
[ 2523.241327] part3,51,256,309,218,181,58,63,24,17,13,8,1,1,0,0,0,0,0,0,0,
[ 2523.248385] part4,11,52,181,144,103,54,42,35,26,18,12,2,4,2,1,0,0,0,0,0,
[ 2523.255428] part5,47,135,375,79,36,25,14,12,15,6,12,4,3,0,0,0,0,0,0,0,
[ 2524.262334] part1,140,417,333,204,102,48,27,10,11,3,3,0,3,2,0,0,0,0,0,0,
[ 2524.269403] part2,3,0,1,4,2,0,4,4,0,1,1,0,1,0,0,0,0,0,0,0,
[ 2524.275213] part3,1,2,6,8,22,9,9,4,1,0,0,0,0,0,0,0,0,0,0,0,
[ 2524.281130] part4,0,9,24,94,140,57,51,17,30,20,19,4,0,0,0,0,0,0,0,0,
[ 2524.287819] part5,84,107,346,83,22,13,9,3,2,1,0,0,0,0,0,0,0,0,0,0,
[ 2525.295686] part1,167,371,241,54,28,10,13,3,2,0,0,0,0,0,0,0,0,0,0,0,
[ 2525.302404] part2,25,2,2,0,1,0,0,0,0,0,0,0,0,0,0,0,0,0,0,0,
[ 2525.308303] part3,19,2,3,1,3,0,0,0,0,0,0,0,0,0,0,0,0,0,0,0,
[ 2525.314222] part4,0,0,1,0,0,0,0,0,0,0,0,0,0,0,0,0,0,0,0,0,
[ 2525.320028] part5,61,108,359,75,16,12,6,1,1,0,0,0,0,0,0,0,0,0,0,0,
[ 2526.312380] part1,177,448,364,126,68,31,21,9,9,5,1,0,1,0,0,0,0,0,0,0,
[ 2526.319188] part2,125,374,545,287,159,62,48,25,20,10,2,2,3,0,2,0,0,0,0,0,
[ 2526.326315] part3,40,99,393,166,73,43,29,5,15,5,3,3,1,0,0,0,0,0,0,0,
[ 2526.333002] part4,14,122,115,21,7,6,4,4,2,0,0,0,1,0,0,0,0,0,0,0,
[ 2526.339353] part5,75,173,394,121,57,25,11,1,0,0,0,0,0,0,0,0,0,0,0,0,
[ 2527.345704] part1,173,490,416,96,62,34,19,9,7,3,3,1,0,0,0,0,0,0,0,0,
[ 2527.352423] part2,64,483,647,320,134,54,53,26,17,6,5,3,0,1,1,1,0,0,0,0,
[ 2527.359368] part3,19,95,387,158,69,29,30,17,13,7,8,0,0,0,0,0,0,0,0,0,
[ 2527.366159] part4,7,56,101,12,7,8,11,4,5,1,0,0,0,0,0,0,0,0,0,0,
[ 2527.372413] part5,38,210,409,109,55,19,2,1,2,0,0,0,0,0,0,0,0,0,0,0,
[ 2528.379045] part1,149,416,234,49,9,2,0,0,0,0,0,0,0,0,0,0,0,0,0,0,
[ 2528.385502] part2,1,1,4,7,44,23,5,0,0,0,0,0,0,0,0,0,0,0,0,0,
[ 2528.391488] part3,8,2,3,4,22,27,90,37,8,0,0,0,0,0,0,0,0,0,0,0,
[ 2528.397662] part4,2,0,0,0,0,0,0,0,0,0,0,0,0,0,0,0,0,0,0,0,
[ 2528.403463] part5,56,90,382,63,12,17,5,1,1,0,0,0,0,0,0,0,0,0,0,0,
[ 2529.309550] (2)-2539	[[HDMI][PWR][WARN]] PWR_STS : FG_HDMI=1, P0/P1/P2/P3(active,fsm,vs_cnt,pol,int) =  P0(0,PS_OFF,0,0,0)/P1(0,PS_OFF,0,0,0)/P2(0,PS_OFF,0,0,0)/P3(1,PS_OFF,83840,1,0)
[ 2529.395746] part1,179,385,233,30,5,0,0,0,0,0,0,0,0,0,0,0,0,0,0,0,
[ 2529.402204] part2,2,0,14,24,67,31,49,13,6,0,0,0,0,0,0,0,0,0,0,0,
[ 2529.408541] part3,
[ 2529.410399] (3)-0000	4,2,2,16,65,76,55,21,36,4,1,0,0,0,0,0,0,0,0,0,
[ 2529.417181] part4,0,0,0,0,0,0,0,0,2,0,0,0,0,0,0,0,0,0,0,0,
[ 2529.423012] part5,55,99,380,57,15,10,6,4,1,0,0,0,0,0,0,0,0,0,0,0,
[ 2530.429065] part1,117,355,231,39,1,0,0,0,0,0,0,0,0,0,0,0,0,0,0,0,
[ 2530.435524] part2,5,8,13,22,135,79,101,40,3,0,0,0,0,0,0,0,0,0,0,0,
[ 2530.442033] part3,3,3,11,96,280,280,283,125,90,15,8,0,0,0,0,0,0,0,0,0,
[ 2530.448905] part4,0,0,1,1,35,49,58,52,55,10,25,2,0,0,0,0,0,0,0,0,
[ 2530.455336] part5,56,89,389,69,20,15,6,8,6,1,1,0,2,0,0,0,0,0,0,0,
[ 2531.462400] part1,155,490,328,72,23,2,0,0,0,0,0,0,0,0,0,0,0,0,0,0,
[ 2531.468938] part2,0,2,22,43,13,0,7,6,6,1,1,0,0,0,0,0,0,0,0,0,
[ 2531.475008] part3,1,0,0,0,2,8,5,1,1,0,0,0,0,0,0,0,0,0,0,0,
[ 2531.480829] part4,0,0,0,0,0,0,0,0,0,0,0,0,0,0,0,0,0,0,0,0,
[ 2531.486625] part5,53,154,773,596,206,95,38,15,8,0,0,0,0,0,0,0,0,0,0,0,
[ 2532.479105] part1,153,498,295,52,16,2,0,0,0,0,0,0,0,0,0,0,0,0,0,0,
[ 2532.485650] part2,0,0,0,0,0,0,0,0,0,0,0,0,0,0,0,0,0,0,0,0,
[ 2532.491466] part3,0,0,0,0,0,0,0,0,0,0,0,0,0,0,0,0,0,0,0,0,
[ 2532.497279] part4,0,0,0,0,0,0,0,0,0,0,0,0,0,0,0,0,0,0,0,0,
[ 2532.503099] part5,70,99,374,68,11,10,10,1,1,1,0,0,0,0,0,0,0,0,0,0,
[ 2533.495765] part1,161,455,306,50,13,5,0,0,0,0,0,0,0,0,0,0,0,0,0,0,
[ 2533.502298] part2,0,0,0,0,0,0,0,0,0,0,0,0,0,0,0,0,0,0,0,0,
[ 2533.508123] part3,1,0,0,0,0,0,0,0,2,0,2,0,0,0,0,0,0,0,0,0,
[ 2533.513969] part4,0,0,0,0,0,0,0,0,0,0,0,0,0,0,0,0,0,0,0,0,
[ 2533.519796] part5,65,95,374,65,14,17,4,2,0,0,0,0,0,0,0,0,0,0,0,0,
[ 2534.409537] (0)-2541	[[HDMI][AUDIOF]] Audio STS : FSM=5(CHECK), hbr=0/0, sample_cnt= 71417, hbr_sample_cnt=0, fifo_ov=0, type=2(LPCM), ch_mode=0, ch_num=2, acr_freq=48000, wait_acr_cnt=1
[ 2534.512448] part1,183,460,293,51,9,8,0,0,0,0,0,0,0,0,0,0,0,0,0,0,
[ 2534.518899] part2,0,0,0,0,0,0,0,0,0,0,0,0,0,0,0,0,0,0,0,0,
[ 2534.524714] part3,1,0,0,0,0,0,0,0,0,0,0,0,0,0,0,0,0,0,0,0,
[ 2534.530557] part4,0,0,0,0,0,0,0,0,0,0,0,0,0,0,0,0,0,0,0,0,
[ 2534.536361] part5,69,95,374,68,14,14,5,1,1,1,0,0,0,0,0,0,0,0,0,0,
[ 2535.529174] part1,173,476,369,115,64,44,27,9,7,3,4,0,0,0,0,0,0,0,0,0,
[ 2535.535980] part2,226,865,824,305,129,50,47,24,10,8,16,1,2,2,3,0,2,0,0,0,
[ 2535.543112] part3,50,322,594,267,156,87,54,16,12,1,3,1,0,0,0,0,0,0,0,0,
[ 2535.550065] part4,1,0,0,0,0,0,0,0,0,0,0,0,0,0,0,0,0,0,0,0,
[ 2535.555884] part5,40,140,394,115,56,39,12,17,1,3,0,0,0,0,0,0,0,0,0,0,
[ 2536.562478] part1,157,494,356,126,65,42,15,17,9,6,0,0,0,0,0,0,0,0,0,0,
[ 2536.569375] part2,93,522,702,328,168,89,61,35,21,12,14,5,10,7,3,0,2,0,0,0,
[ 2536.576589] part3,29,153,466,205,95,75,54,19,22,10,3,2,1,0,0,0,0,0,0,0,
[ 2536.583544] part4,0,0,0,0,0,0,0,0,0,0,0,0,0,0,0,0,0,0,0,0,
[ 2536.589367] part5,43,119,399,103,56,23,14,12,11,2,1,0,1,0,0,0,0,0,0,0,
[ 2537.595850] part1,132,367,242,53,39,25,15,1,0,0,0,0,0,0,0,0,0,0,0,0,
[ 2537.602613] part2,1,0,0,0,13,3,0,0,0,0,0,0,0,0,0,0,0,0,0,0,
[ 2537.608503] part3,10,1,1,2,2,7,8,1,3,1,0,0,0,0,0,0,0,0,0,0,
[ 2537.614455] part4,1,1,20,18,25,29,19,5,5,0,2,0,0,0,0,0,0,0,0,0,
[ 2537.620694] part5,49,114,346,77,14,16,2,0,2,0,0,0,0,0,0,0,0,0,0,0,
[ 2538.629146] part1,158,453,293,64,8,3,1,0,0,0,0,0,0,0,0,0,0,0,0,0,
[ 2538.635603] part2,21,4,27,13,19,13,16,20,23,12,22,7,2,1,0,0,0,0,0,0,
[ 2538.642291] part3,3,1,2,1,1,3,3,16,27,1,1,3,1,1,0,0,0,0,0,0,
[ 2538.648306] part4,0,0,0,0,0,0,0,0,0,0,0,0,0,0,0,0,0,0,0,0,
[ 2538.654102] part5,79,95,361,81,25,9,5,2,0,0,0,0,0,0,0,0,0,0,0,0,
[ 2539.631049] (0)-2539	[[HDMI][PWR][WARN]] PWR_STS : FG_HDMI=1, P0/P1/P2/P3(active,fsm,vs_cnt,pol,int) =  P0(0,PS_OFF,0,0,0)/P1(0,PS_OFF,0,0,0)/P2(0,PS_OFF,0,0,0)/P3(1,PS_OFF,84428,1,0)
[ 2539.662507] part1,183,438,272,67,14,5,2,0,0,0,0,0,0,0,0,0,0,0,0,0,
[ 2539.669035] part2,1,0,0,0,0,0,0,0,0,0,0,0,0,0,0,0,0,0,0,0,
[ 2539.674860] part3,24,31,54,9,5,3,0,0,0,0,0,0,0,0,0,0,0,0,0,0,
[ 2539.680970] part4,5,0,0,0,0,0,0,0,0,0,0,0,0,0,0,0,0,0,0,0,
[ 2539.686783] part5,59,92,377,69,19,11,5,3,0,0,0,0,0,0,0,0,0,0,0,0,
[ 2540.679188] part1,190,441,277,61,22,3,2,0,0,0,0,0,0,0,0,0,0,0,0,0,
[ 2540.685739] part2,7,24,50,32,7,0,1,0,0,0,0,0,0,0,0,0,0,0,0,0,
[ 2540.691804] part3,0,0,0,0,0,0,0,0,0,0,0,0,0,0,0,0,0,0,0,0,
[ 2540.697635] part4,0,0,0,0,0,0,0,0,0,0,0,0,0,0,0,0,0,0,0,0,
[ 2540.703442] part5,96,138,351,61,19,9,1,4,0,0,0,0,0,0,0,0,0,0,0,0,

[END] 12/6/2019 4:10:36 PM
