[BEGIN] 12/6/2019 4:38:07 PM
[ 4204.180587] part1,26,659,503,503,490,315,237,175,168,88,68,43,29,16,7,8,10,2,1,1,
[ 4204.188439] part2,9,112,373,475,647,645,634,462,385,263,302,202,177,119,114,45,57,30,23,30,
[ 4204.197134] part3,27,364,1095,1270,1224,918,624,351,291,168,104,59,39,17,26,19,7,1,5,6,
[ 4204.205491] part4,43,398,837,976,815,677,578,411,359,197,183,96,78,34,23,13,10,10,10,12,
[ 4204.213927] part5,41,83,206,629,1029,551,454,334,268,135,98,70,70,41,46,25,22,4,2,11,
[ 4205.213984] part1,11,498,481,340,408,371,418,271,275,183,173,116,109,65,55,28,30,5,3,3,
[ 4205.222362] part2,13,178,433,926,1023,954,644,403,306,204,195,166,154,87,50,42,46,16,11,10,
[ 4205.231067] part3,3,156,601,556,601,391,326,246,200,142,155,107,195,111,124,52,47,25,14,15,
[ 4205.239775] part4,19,120,221,397,330,183,140,117,96,74,94,60,42,33,26,15,25,5,5,2,
[ 4205.247694] part5,22,
[ 4205.249827] (3)-0000	36,177,342,543,114,76,41,33,33,30,36,23,13,15,16,4,1,1,3,
[ 4205.599479] (1)-2541	[[HDMI][AUDIOF]] Audio STS : FSM=5(CHECK), hbr=0/0, sample_cnt= 152552, hbr_sample_cnt=0, fifo_ov=0, type=2(LPCM), ch_mode=0, ch_num=2, acr_freq=48000, wait_acr_cnt=1
[ 4206.247283] part1,14,662,864,755,699,613,580,392,361,225,203,135,217,108,160,102,95,39,38,20,
[ 4206.256183] part2,26,186,564,866,832,646,506,375,303,244,167,101,74,39,36,32,33,11,10,9,
[ 4206.264622] part3,29,381,1184,1324,1129,816,673,410,442,261,174,114,78,66,48,30,14,19,9,13,
[ 4206.273326] part4,31,169,440,439,428,283,251,192,215,143,122,63,45,29,29,29,20,2,4,5,
[ 4206.281500] part5,46,93,329,409,809,144,163,195,193,99,50,42,27,11,12,5,4,3,4,7,
[ 4207.280661] part1,22,584,415,488,518,365,272,172,163,106,68,38,41,13,21,8,11,3,6,1,
[ 4207.288695] part2,20,131,346,540,620,721,601,399,388,255,240,177,189,114,92,72,70,41,27,27,
[ 4207.297398] part3,24,261,826,1232,1098,768,560,413,283,185,143,78,58,30,21,9,15,3,5,13,
[ 4207.305749] part4,40,412,740,935,869,603,621,465,325,233,145,85,55,41,34,15,9,7,6,10,
[ 4207.313923] part5,43,44,171,562,842,531,489,349,305,182,123,96,73,41,42,36,16,9,8,3,
[ 4208.313978] part1,12,345,539,473,400,380,425,341,286,187,117,82,72,39,65,22,12,4,2,0,
[ 4208.322184] part2,19,248,628,1154,1101,854,722,491,382,248,167,175,132,74,58,29,28,14,7,14,
[ 4208.330890] part3,11,184,615,586,499,391,325,215,216,131,156,168,257,131,176,54,64,24,24,13,
[ 4208.339671] part4,11,130,253,426,380,219,191,96,100,84,78,63,55,33,27,21,10,8,5,3,
[ 4208.347586] part5,23,76,175,311,509,128,99,52,47,32,42,27,38,22,13,5,6,2,1,2,
[ 4209.347340] part1,26,622,790,530,631,471,487,468,361,293,269,226,249,186,179,95,76,43,23,23,
[ 4209.356152] part2,14,97,355,527,667,532,514,372,347,240,166,90,80,50,62,36,47,21,14,4,
[ 4209.364417] part3,29,427,1300,1178,909,813,573,399,366,238,192,107,96,51,48,33,29,17,18,15,
[ 4209.373120] part4,22,165,261,414,461,316,221,139,141,100,85,71,56,39,39,8,10,7,3,7,
[ 4209.381119] part5,59,45,135,292,762,98,109,109,126,81,92,35,34,10,15,8,3,3,3,8,
[ 4210.380664] part1,19,527,350,502,528,412,332,190,152,107,100,77,69,23,23,10,7,5,1,3,
[ 4210.388780] part2,14,148,494,667,791,666,614,417,415,309,249,182,194,109,107,60,48,17,25,23,
[ 4210.397570] part3,38,379,1116,1418,1182,775,550,380,270,188,151,73,63,31,18,11,7,9,2,3,
[ 4210.405914] part4,61,384,766,897,684,490,441,416,351,207,142,76,61,34,29,20,18,6,7,8,
[ 4210.414093] part5,41,68,203,420,724,397,400,298,272,166,139,88,82,45,38,33,22,8,5,5,
[ 4211.414006] part1,16,477,210,266,365,191,186,77,55,37,31,24,10,5,6,1,1,0,0,0,
[ 4211.421500] part2,10,78,226,336,644,589,543,458,385,238,216,105,80,43,37,20,14,5,4,6,
[ 4211.429674] part3,12,140,398,643,1037,935,707,501,348,224,184,147,153,108,91,57,40,20,14,7,
[ 4211.438376] part4,48,283,917,1365,1434,1072,830,522,440,274,210,145,123,49,50,23,12,5,7,9,
[ 4211.446994] part5,37,234,1163,
[ 4211.449937] (2)-0000	2175,2064,1009,618,346,194,141,53,24,25,16,24,5,15,8,2,2,
[ 4212.219561] (0)-2539	[[HDMI][PWR][WARN]] PWR_STS : FG_HDMI=1, P0/P1/P2/P3(active,fsm,vs_cnt,pol,int) =  P0(0,PS_OFF,0,0,0)/P1(0,PS_OFF,0,0,0)/P2(0,PS_OFF,0,0,0)/P3(1,PS_OFF,179888,1,0)
[ 4212.447352] part1,16,650,625,425,540,425,402,401,408,282,257,232,281,130,124,75,66,40,25,25,
[ 4212.456164] part2,9,69,242,453,513,451,529,430,376,244,215,110,115,52,55,38,39,16,10,5,
[ 4212.464513] part3,17,401,914,905,845,770,749,477,422,240,175,117,98,52,51,26,22,11,15,13,
[ 4212.473042] part4,25,166,292,446,427,281,214,129,128,98,64,53,48,30,38,19,17,12,8,6,
[ 4212.481136] part5,80,56,165,280,775,109,107,78,100,99,96,54,37,26,18,4,5,5,2,7,
[ 4213.480687] part1,30,747,504,453,505,402,392,266,213,171,141,110,84,33,28,11,7,2,2,2,
[ 4213.488890] part2,21,129,442,660,694,606,563,350,359,300,262,197,170,93,127,68,62,43,31,17,
[ 4213.497591] part3,27,306,1247,1335,1148,821,626,425,308,200,165,86,85,27,27,6,17,6,3,9,
[ 4213.505952] part4,27,307,633,679,606,375,361,352,338,229,185,95,78,53,36,25,16,6,6,11,
[ 4213.514216] part5,38,66,156,316,578,113,227,212,199,155,134,95,111,46,49,25,31,7,5,6,
[ 4214.514045] part1,25,676,471,381,421,232,167,99,87,53,47,33,36,15,13,4,2,1,0,0,
[ 4214.521723] part2,21,93,404,492,645,638,668,442,352,226,220,152,113,54,39,17,10,8,7,12,
[ 4214.530078] part3,32,236,584,900,1068,850,640,405,350,202,148,127,136,95,88,48,40,20,16,8,
[ 4214.538693] part4,84,612,1646,1719,1351,1030,824,560,423,252,189,126,113,69,56,14,24,6,5,15,
[ 4214.547479] part5,31,111,358,928,1524,959,638,392,244,172,93,50,51,27,31,14,15,9,7,2,
[ 4215.547379] part1,13,566,594,465,522,463,486,407,392,309,247,194,212,97,88,66,58,25,11,19,
[ 4215.556008] part2,15,83,316,607,655,558,513,369,303,212,188,144,147,79,60,36,28,18,15,8,
[ 4215.564465] part3,19,238,939,970,906,733,609,469,426,232,192,129,108,51,56,27,26,7,9,9,
[ 4215.572817] part4,29,198,420,513,500,279,228,212,139,107,70,56,47,39,26,9,12,11,3,4,
[ 4215.580901] part5,54,79,246,308,780,119,125,100,105,78,76,48,49,25,13,7,4,1,0,1,
[ 4216.580810] part1,22,528,481,424,523,531,414,316,247,158,148,81,92,40,37,17,6,2,4,3,
[ 4216.588929] part2,28,159,423,563,702,530,499,346,390,314,260,151,192,96,106,55,41,30,30,19,
[ 4216.597636] part3,33,485,1209,1356,1167,808,608,433,315,222,136,76,65,39,27,15,15,11,5,6,
[ 4216.606173] part4,29,280,580,704,650,447,340,272,277,164,151,99,96,42,41,24,15,14,9,27,
[ 4216.614526] part5,106,64,122,426,628,80,159,188,168,141,106,84,53,44,38,25,12,7,4,4,
[ 4217.614080] part1,24,682,371,471,438,230,206,126,107,55,57,20,30,11,14,5,4,2,0,1,
[ 4217.621932] part2,21,200,550,531,662,577,556,403,322,228,202,126,139,85,52,32,20,7,1,7,
[ 4217.630288] part3,34,187,585,896,1165,861,614,418,319,160,159,104,71,57,54,47,45,20,16,15,
[ 4217.638899] part4,49,379,1045,1258,1178,855,765,538,390,312,276,160,85,67,51,30,23,9,6,12,
[ 4217.647509] part5,60,228,1138,2164,1764,913,531,300,203,128,86,39,43,28,29,17,8,4,4,6,
[ 4217.849468] (2)-2541	[[HDMI][AUDIOF]] Audio STS : FSM=5(CHECK), hbr=0/0, sample_cnt= 153153, hbr_sample_cnt=0, fifo_ov=0, type=2(LPCM), ch_mode=0, ch_num=2, acr_freq=48000, wait_acr_cnt=1
[ 4218.647414] part1,0,0,0,0,0,0,0,0,0,0,0,0,0,0,0,0,0,0,0,0,
[ 4218.653245] part2,0,0,0,0,0,0,0,0,0,0,0,0,0,0,0,0,0,0,0,0,
[ 4218.659066] part3,0,0,0,0,0,0,0,0,0,0,0,0,0,0,0,0,0,0,0,0,
[ 4218.664886] part4,0,0,0,0,0,0,
[ 4218.667875] (1)-0000	0,0,0,0,0,0,0,0,0,0,0,0,0,0,
[ 4218.672991] part5,0,0,0,0,0,0,0,0,0,0,0,0,0,0,0,0,0,0,0,0,

[END] 12/6/2019 4:38:33 PM
