[BEGIN] 12/6/2019 4:06:19 PM
[ 2299.743196] part1,302,681,1715,1594,1208,933,670,500,297,145,89,49,29,20,14,10,6,1,0,3,
[ 2299.751571] part2,59,1152,2799,1684,1006,638,443,244,229,163,127,91,65,37,20,15,8,4,1,3,
[ 2299.760011] part3,101,1922,3670,2124,825,474,288,130,92,53,41,29,24,10,10,7,4,1,2,3,
[ 2299.768109] part4,43,865,1583,1083,589,321,247,105,75,55,30,18,9,8,7,4,10,5,3,2,
[ 2299.775844] part5,14,544,952,641,477,464,250,96,159,146,176,139,72,27,15,2,1,0,0,0,
[ 2300.776558] part1,303,652,1790,1563,1269,950,648,487,289,131,87,66,37,8,12,4,1,0,0,1,
[ 2300.784736] part2,53,1183,2881,1594,944,598,417,261,196,139,97,87,64,38,23,14,9,3,1,3,
[ 2300.793005] part3,107,2100,3953,2221,803,488,280,132,98,60,35,29,16,15,10,7,4,0,5,3,
[ 2300.801100] part4,66,974,2310,1536,900,465,386,166,116,83,48,43,24,8,9,7,12,5,4,0,
[ 2300.809013] part5,27,486,693,464,372,396,210,68,101,93,160,104,61,18,12,6,5,1,1,0,
[ 2301.119463] (1)-2541	[[HDMI][AUDIOF]] Audio STS : FSM=5(CHECK), hbr=0/0, sample_cnt= 60101, hbr_sample_cnt=0, fifo_ov=0, type=2(LPCM), ch_mode=0, ch_num=2, acr_freq=48000, wait_acr_cnt=1
[ 2301.809911] part1,295,666,1655,1583,1186,954,694,509,310,137,91,43,26,15,9,5,4,1,0,0,
[ 2301.818108] part2,52,1184,3180,1944,1153,717,568,242,242,163,128,98,57,29,23,10,7,2,2,2,
[ 2301.826553] part3,101,1827,3837,2091,829,461,330,128,85,55,45,24,26,15,22,5,2,5,2,3,
[ 2301.834646] part4,80,854,1887,1198,765,555,351,185,181,94,71,37,24,18,9,7,11,4,1,0,
[ 2301.842642] part5,26,543,932,698,569,626,255,94,150,133,188,108,81,23,19,6,3,0,0,0,
[ 2302.211704] (0)-2539	[[HDMI][PWR][WARN]] PWR_STS : FG_HDMI=1, P0/P1/P2/P3(active,fsm,vs_cnt,pol,int) =  P0(0,PS_OFF,0,0,0)/P1(0,PS_OFF,0,0,0)/P2(0,PS_OFF,0,0,0)/P3(1,PS_OFF,70874,1,0)
[ 2302.843229] part1,295,640,1662,1540,1197,957,701,519,279,152,94,52,31,15,10,6,7,2,0,2,
[ 2302.851519] part2,57,1054,2571,1627,1045,731,539,284,242,187,123,90,74,37,27,18,13,3,1,3,
[ 2302.860051] part3,66,2045,3728,2259,988,511,296,158,104,48,35,23,29,10,9,4,6,1,4,3,
[ 2302.868049] part4,64,942,2011,1425,1125,596,334,177,130,78,71,51,25,12,12,6,13,2,3,1,
[ 2302.876216] part5,26,569,893,728,537,665,286,103,126,160,182,116,92,35,24,9,4,0,0,1,
[ 2303.876575] part1,321,634,1698,1504,1235,902,684,534,268,143,84,34,41,13,14,5,5,3,0,0,
[ 2303.884878] part2,65,1286,3367,2111,1204,804,585,322,243,194,133,90,79,37,18,14,11,2,3,3,
[ 2303.893407] part3,129,2409,4356,2377,999,537,301,138,95,45,33,26,26,7,6,7,5,1,1,4,
[ 2303.901318] part4,70,976,2308,1626,1026,589,358,188,126,71,50,13,14,8,8,3,5,3,0,0,
[ 2303.909223] part5,23,557,908,684,661,726,300,114,97,131,229,120,85,29,15,8,2,2,1,0,
[ 2304.909932] part1,277,675,1641,1590,1250,861,681,496,287,139,83,55,27,14,8,7,9,6,3,0,
[ 2304.918139] part2,55,1056,2742,1611,1041,729,487,253,242,178,125,109,79,45,40,15,9,5,4,4,
[ 2304.926659] part3,104,1985,4145,2248,946,503,304,148,112,50,32,25,13,7,15,2,5,4,3,5,
[ 2304.934748] part4,67,899,1871,1355,966,635,352,235,147,92,70,53,29,13,5,9,19,3,2,0,
[ 2304.942746] part5,20,540,920,667,609,626,281,94,128,127,198,125,79,31,15,6,3,1,0,0,
[ 2305.943267] part1,272,639,1681,1520,1223,880,716,486,288,145,91,57,31,17,11,5,7,4,2,2,
[ 2305.951553] part2,31,1003,2585,1540,937,563,360,235,203,138,138,55,70,29,24,8,17,0,5,6,
[ 2305.959904] part3,100,1838,3911,2088,964,462,318,137,88,50,26,32,25,8,8,4,4,2,1,4,
[ 2305.967818] part4,74,899,1952,1276,869,481,312,202,169,87,82,58,48,17,16,9,20,6,2,0,
[ 2305.975911] part5,23,531,851,626,627,641,269,97,124,101,216,142,91,23,15,7,2,1,1,1,
[ 2306.976639] part1,286,678,1758,1595,1182,919,683,474,308,158,113,53,33,20,10,5,6,0,0,1,
[ 2306.985015] part2,70,1091,2648,1661,885,620,421,244,214,174,127,82,78,51,23,18,7,5,5,1,
[ 2306.993363] part3,104,1999,3610,1833,849,441,252,157,89,54,54,27,20,17,5,13,4,2,4,2,
[ 2307.001462] part4,59,1111,2219,1738,1137,548,365,206,156,88,73,41,52,18,14,4,14,3,1,1,
[ 2307.009741] part5,21,583,904,671,612,643,273,125,110,157,202,105,78,26,9,5,3,1,0,0,
[ 2308.009954] part1,291,621,1643,1491,1112,948,710,452,306,129,86,41,31,17,5,2,5,2,0,0,
[ 2308.018148] part2,57,811,2641,1615,907,569,466,252,260,161,135,88,70,43,22,15,9,4,2,5,
[ 2308.026405] part3,108,2049,3893,1937,955,533,298,170,115,58,43,29,17,9,11,3,2,3,3,2,
[ 2308.034498] part4,53,1131,2482,1854,1283,630,360,222,165,96,89,47,35,7,9,7,16,3,0,0,
[ 2308.042594] part5,29,635,1105,797,680,721,292,126,155,154,212,130,67,22,11,3,2,2,3,0,
[ 2309.043294] part1,280,453,1351,1346,1021,830,696,467,249,117,80,57,40,20,16,7,4,0,0,1,
[ 2309.051578] part2,43,858,2632,1692,1069,681,536,306,249,169,149,76,80,41,24,14,10,4,4,1,
[ 2309.060024] part3,64,1819,3678,1869,800,451,294,142,99,47,39,27,20,13,6,4,7,2,3,3,
[ 2309.067942] part4,80,1027,2711,1782,1170,624,348,184,142,93,79,40,30,15,10,11,15,5,0,1,
[ 2309.076295] part5,22,557,910,706,669,688,252,105,124,150,216,104,79,21,14,4,5,0,0,0,
[ 2310.076638] part1,298,672,1815,1593,1221,919,668,481,310,136,78,60,35,20,10,4,3,0,0,2,
[ 2310.084928] part2,44,1181,3219,1793,989,580,417,244,218,154,111,75,69,23,24,8,9,4,0,6,
[ 2310.093199] part3,80,1756,3870,1802,829,392,301,143,78,56,25,17,29,8,10,3,7,3,4,1,
[ 2310.101111] part4,75,1014,2510,1808,1091,627,349,194,155,100,73,36,34,20,17,6,13,4,2,1,
[ 2310.109457] part5,23,569,951,701,711,640,247,92,137,145,196,119,71,32,14,4,1,1,0,1,
[ 2311.109991] part1,257,534,1335,1242,1036,788,684,483,258,125,92,61,33,25,15,1,6,3,2,0,
[ 2311.118280] part2,37,640,2070,1518,912,578,510,295,249,175,129,74,78,45,25,23,10,5,2,1,
[ 2311.126634] part3,103,1852,3546,1889,816,436,294,149,94,48,46,25,21,7,4,6,5,4,2,4,
[ 2311.134548] part4,39,1032,2023,1700,1226,720,364,237,146,78,85,41,41,21,20,11,12,3,3,0,
[ 2311.142895] part5,22,499,976,770,574,666,271,123,134,173,176,89,88,23,13,5,2,0,1,0,
[ 2312.143333] part1,272,581,1769,1551,1234,894,664,440,270,110,84,58,33,9,18,6,1,2,0,0,
[ 2312.151543] part2,50,945,2866,1973,977,603,452,222,194,160,104,68,60,37,29,21,12,4,3,5,
[ 2312.159891] part3,89,1993,3915,1969,848,515,293,150,84,65,22,28,18,10,8,2,5,0,1,4,
[ 2312.167803] part4,96,1054,2647,1856,1227,565,340,210,139,99,55,49,34,21,15,4,13,2,0,1,
[ 2312.176066] part5,22,545,1004,685,651,722,233,140,153,140,198,91,74,24,17,3,1,0,0,0,
[ 2312.319615] (1)-2539	[[HDMI][PWR][WARN]] PWR_STS : FG_HDMI=1, P0/P1/P2/P3(active,fsm,vs_cnt,pol,int) =  P0(0,PS_OFF,0,0,0)/P1(0,PS_OFF,0,0,0)/P2(0,PS_OFF,0,0,0)/P3(1,PS_OFF,71474,1,0)
[ 2313.176675] part1,285,703,1721,1584,1251,916,671,432,264,135,82,38,21,17,10,4,2,1,0,1,
[ 2313.184970] part2,57,1029,2674,1752,936,652,438,261,226,139,126,76,66,21,27,13,9,1,3,1,
[ 2313.193319] part3,119,1806,3835,1801,890,414,253,143,86,43,46,23,19,17,10,7,3,0,5,4,
[ 2313.201406] part4,87,980,2688,1880,1158,611,326,202,146,71,69,32,38,18,10,6,7,5,1,0,
[ 2313.209500] part5,28,599,967,697,645,678,253,115,128,133,190,111,79,20,12,8,4,0,0,0,
[ 2313.339519] (2)-2541	[[HDMI][AUDIOF]] Audio STS : FSM=5(CHECK), hbr=0/0, sample_cnt= 60702, hbr_sample_cnt=0, fifo_ov=0, type=2(LPCM), ch_mode=0, ch_num=2, acr_freq=48000, wait_acr_cnt=1
[ 2314.210025] part1,265,628,1643,1579,1149,838,694,483,307,123,88,50,54,8,6,2,1,0,1,1,
[ 2314.218138] part2,57,1123,3006,1816,1127,752,467,246,222,136,117,73,60,42,20,20,7,3,3,8,
[ 2314.226576] part3,100,1724,3469,1924,1011,435,281,181,96,48,60,30,22,12,12,8,7,4,2,4,
[ 2314.234745] part4,53,1067,2137,1760,1147,495,299,177,155,69,89,55,42,8,9,7,13,9,1,0,
[ 2314.242842] part5,18,585,924,718,622,698,236,123,131,139,206,92,63,24,17,5,0,1,0,0,
[ 2315.243386] part1,288,672,1691,1492,1170,811,642,449,241,121,79,41,27,13,11,3,0,2,0,0,
[ 2315.251680] part2,76,1268,3185,2056,1076,629,461,231,198,126,112,65,52,31,28,6,6,0,1,1,
[ 2315.260023] part3,121,2002,3868,2032,794,451,266,143,88,58,32,26,24,11,6,4,4,4,6,1,
[ 2315.268028] part4,73,1142,2544,1824,1084,550,308,193,144,75,58,47,31,10,15,6,17,4,1,1,
[ 2315.276301] part5,21,613,962,727,635,706,248,83,149,140,163,94,92,21,15,6,2,1,1,0,
[ 2316.276825] part1,310,631,1686,1454,1136,868,708,432,270,115,98,58,37,15,7,5,2,1,0,0,
[ 2316.285017] part2,47,970,2613,1742,865,541,372,250,189,144,94,57,55,43,20,15,14,2,5,1,
[ 2316.293282] part3,94,1904,3823,1919,796,417,290,129,82,53,32,31,13,14,8,3,3,3,2,6,
[ 2316.301214] part4,51,1021,2141,1473,1145,528,330,197,137,80,71,32,40,23,15,12,11,8,1,0,
[ 2316.309565] part5,13,596,933,722,641,682,243,97,186,126,175,95,63,26,16,5,1,0,1,0,
[ 2317.310066] part1,276,671,1836,1618,1260,886,654,438,293,145,70,52,38,20,9,5,4,2,0,1,
[ 2317.318266] part2,60,1124,3204,1986,1001,663,387,239,220,136,112,55,52,34,25,14,10,2,1,2,
[ 2317.326797] part3,120,1795,3738,2079,824,377,244,138,83,53,39,27,32,27,23,9,6,0,5,1,
[ 2317.334891] part4,38,861,1561,1009,633,379,294,174,230,134,139,51,52,24,27,16,23,9,7,5,
[ 2317.343250] part5,21,553,832,590,499,494,201,100,116,135,196,106,72,18,20,4,0,0,0,0,
[ 2318.343477] part1,317,657,1780,1587,1242,928,656,466,297,141,81,52,45,15,7,5,6,1,0,1,
[ 2318.351670] part2,59,1154,3086,1958,958,612,432,206,170,127,92,59,65,31,33,8,10,3,2,3,
[ 2318.359943] part3,76,1405,3516,2073,927,413,301,177,77,59,44,37,21,13,16,7,8,2,1,5,
[ 2318.367966] part4,59,530,1496,1594,985,571,464,269,221,112,124,67,65,37,22,17,26,8,1,0,
[ 2318.376344] part5,29,605,1007,681,619,658,208,115,160,131,178,102,64,23,12,4,0,3,0,0,
[ 2319.376752] part1,277,788,1923,1493,1263,887,683,452,285,154,87,45,32,22,9,2,1,1,0,0,
[ 2319.384951] part2,65,1197,3014,1836,912,602,379,241,173,131,114,57,58,27,22,7,6,3,2,3,
[ 2319.393224] part3,89,1741,3838,2285,954,393,325,149,82,69,36,41,22,16,8,2,6,3,1,5,
[ 2319.401133] part4,53,799,2460,2287,1334,775,534,305,190,110,84,55,38,18,8,17,13,3,0,1,
[ 2319.409386] part5,23,610,1004,697,718,599,232,136,113,126,181,73,86,20,19,6,0,0,2,0,
[ 2320.410098] part1,11,159,341,399,167,77,47,40,9,8,3,1,2,0,0,0,1,0,0,1,
[ 2320.416997] part2,63,663,684,265,98,60,43,24,15,21,14,14,11,1,2,0,0,0,0,0,
[ 2320.424207] part3,168,2806,2396,678,307,191,140,71,44,20,13,1,5,0,0,1,4,1,1,3,
[ 2320.431771] part4,65,889,975,253,142,91,37,27,34,34,16,7,12,2,4,0,7,0,0,1,
[ 2320.438987] part5,2,349,289,127,72,51,24,24,19,15,15,6,10,4,3,4,9,1,4,12,
[ 2321.443450] part1,14,140,382,321,100,28,20,8,6,4,2,2,0,1,0,0,2,0,0,0,
[ 2321.450252] part2,0,6,16,29,23,10,17,13,14,1,7,3,3,3,0,1,0,0,0,0,
[ 2321.456671] part3,11,168,563,450,298,225,206,122,112,45,50,23,14,8,9,9,4,3,4,1,
[ 2321.464334] part4,0,6,67,110,96,71,45,19,22,10,8,11,3,0,0,1,0,0,0,0,
[ 2321.471025] part5,1,375,244,94,85,29,24,20,16,9,6,1,0,0,1,0,0,0,0,1,
[ 2322.476786] part1,18,120,379,329,114,22,19,7,8,0,3,1,2,0,0,0,3,0,0,0,
[ 2322.483596] part2,0,10,50,47,26,17,19,16,8,5,4,4,1,2,1,0,0,0,0,0,
[ 2322.490021] part3,27,300,609,409,307,241,196,90,70,25,22,8,10,4,9,9,1,1,1,0,
[ 2322.497420] part4,0,22,86,101,58,52,33,18,8,6,5,4,4,1,1,0,0,0,0,0,
[ 2322.503931] part5,1,341,279,120,84,31,35,19,5,8,1,1,1,1,1,0,0,0,0,0,
[ 2322.549557] (2)-2539	[[HDMI][PWR][WARN]] PWR_STS : FG_HDMI=1, P0/P1/P2/P3(active,fsm,vs_cnt,pol,int) =  P0(0,PS_OFF,0,0,0)/P1(0,PS_OFF,0,0,0)/P2(0,PS_OFF,0,0,0)/P3(1,PS_OFF,72072,1,0)
[ 2323.510123] part1,16,128,396,330,85,38,10,13,7,2,3,1,5,0,1,0,0,0,1,0,
[ 2323.516914] part2,0,1,0,16,39,8,18,7,10,3,5,2,1,1,0,0,0,0,0,0,
[ 2323.523086] part3,6,99,249,190,136,94,77,36,47,29,38,20,55,27,40,9,14,3,4,2,
[ 2323.530479] part4,0,2,25,8,12,27,20,7,1,5,1,0,1,0,0,0,0,0,0,0,
[ 2323.536634] part5,1,331,265,84,55,21,35,16,7,6,8,2,0,1,0,0,0,0,0,0,
[ 2324.543473] part1,22,221,629,728,319,189,191,158,183,120,51,35,11,10,36,14,17,6,7,9,
[ 2324.551585] part2,0,10,63,114,93,114,126,116,139,80,47,16,10,8,7,6,15,7,2,2,
[ 2324.558980] part3,4,27,100,245,420,484,409,157,103,64,51,25,35,14,9,0,0,0,0,0,
[ 2324.566547] part4,3,97,1135,976,407,500,265,153,125,90,87,63,40,23,8,3,0,2,1,1,
[ 2324.574192] part5,2,281,328,364,236,227,140,29,14,6,1,2,1,0,0,0,0,0,0,0,

[END] 12/6/2019 4:07:00 PM
