[BEGIN] 12/6/2019 3:40:34 PM
[  750.859835] (3)-0000	part1,24,87,433,566,170,87,32,11,21,9,8,5,2,2,0,0,0,0,0,0,
[  750.867726] part2,0,1,0,0,0,0,0,0,0,0,0,0,0,0,0,0,0,0,0,0,
[  750.873590] part3,0,0,1,22,69,35,24,12,17,0,1,0,0,0,0,0,0,0,0,0,
[  750.879970] part4,0,0,0,0,0,0,0,0,0,0,0,0,0,0,0,0,0,0,0,0,
[  750.885793] part5,8,4,70,301,102,3,0,0,0,0,0,0,0,0,0,0,0,0,0,0,
[  751.893057] part1,9,93,402,547,197,71,26,5,31,51,11,2,2,2,2,0,0,0,0,0,
[  751.899951] part2,0,1,4,7,12,20,36,20,53,22,19,9,0,0,0,0,0,0,0,0,
[  751.906389] part3,0,3,24,17,11,13,19,27,42,20,11,5,1,0,0,0,0,0,0,0,
[  751.912978] part4,0,0,0,0,0,0,0,0,0,0,0,0,0,0,0,0,0,0,0,0,
[  751.918800] part5,7,5,66,278,126,4,1,1,0,0,0,0,0,0,0,0,0,0,0,0,
[  752.569582] (0)-2539	[[HDMI][PWR][WARN]] PWR_STS : FG_HDMI=1, P0/P1/P2/P3(active,fsm,vs_cnt,pol,int) =  P0(0,PS_OFF,0,0,0)/P1(0,PS_OFF,0,0,0)/P2(0,PS_OFF,0,0,0)/P3(1,PS_OFF,41668,1,0)
[  752.926395] part1,16,77,403,557,198,73,29,6,17,71,7,3,1,3,0,0,0,0,0,0,
[  752.933294] part2,0,15,31,31,46,17,6,2,1,1,0,0,0,0,0,0,0,0,0,0,
[  752.939546] part3,1,24,59,33,19,45,77,36,32,16,9,2,0,0,0,0,0,0,0,0,
[  752.946139] part4,0,0,0,0,0,0,0,0,0,0,0,0,0,0,0,0,0,0,0,0,
[  752.951957] part5,7,6,63,297,104,6,3,0,0,0,0,0,0,0,0,0,0,0,0,0,
[  753.479549] (0)-2541	[[HDMI][AUDIOF]] Audio STS : FSM=5(CHECK), hbr=0/0, sample_cnt= 35460, hbr_sample_cnt=0, fifo_ov=0, type=2(LPCM), ch_mode=0, ch_num=2, acr_freq=48000, wait_acr_cnt=1
[  753.959743] part1,13,95,381,553,173,82,26,10,4,5,3,2,3,2,0,1,0,0,0,0,
[  753.966557] part2,1,3,44,27,31,20,2,0,0,0,0,0,0,0,0,0,0,0,0,0,
[  753.972712] part3,0,0,0,1,15,23,24,9,1,0,0,0,0,0,0,0,0,0,0,0,
[  753.978798] part4,0,0,0,0,0,0,0,0,0,0,5,0,0,0,0,0,0,0,0,0,
[  753.984613] part5,9,5,77,303,90,7,0,0,0,0,0,0,0,0,0,0,0,0,0,0,
[  754.976428] part1,12,84,385,564,203,75,27,40,18,42,13,5,0,3,0,1,0,0,0,0,
[  754.983485] part2,0,0,0,1,0,0,4,9,16,4,4,0,0,0,0,0,0,0,0,0,
[  754.989396] part3,0,2,29,26,8,11,5,1,0,0,2,0,[  754.993651] (2)-0000	$$$   hi_02_PhTable_AutoGen   $$$
[  754.993651] 
(0)-0000	0,0,0,0,0,0,0,0,
[  755.003022] part4,0,0,0,3,16,33,29,23,23,3,12,2,0,0,0,0,0,0,0,0,
[  755.009354] part5,7,6,70,271,126,8,0,1,0,0,0,0,0,0,0,0,0,0,0,0,
[  755.710335] $$$   hi_02_PhTable_AutoGen   $$$
[  756.009794] (2)-0000	part1,14,83,422,545,177,77,28,11,23,28,6,2,1,4,0,1,0,0,0,0,
[  756.017740] part2,0,0,0,0,3,1,8,3,13,3,0,0,0,0,0,0,0,0,0,0,
[  756.023660] part3,0,0,0,0,2,18,48,32,25,9,6,0,0,0,0,0,0,0,0,0,
[  756.029820] part4,0,0,0,0,1,0,0,0,9,4,2,0,0,0,0,0,0,0,0,0,
[  756.035645] part5,9,4,68,288,111,9,1,0,0,0,0,0,0,0,0,0,0,0,0,0,
[  757.043111] part1,12,85,417,565,182,79,25,8,8,2,6,2,0,4,2,0,0,0,0,0,
[  757.049842] part2,0,0,0,0,1,0,0,0,0,0,0,0,0,0,0,0,0,0,0,0,
[  757.055650] part3,0,22,89,68,99,73,89,69,62,18,15,3,4,0,0,0,0,0,0,0,
[  757.062344] part4,0,0,0,0,0,0,0,0,0,0,0,0,0,0,0,0,0,0,0,0,
[  757.068161] part5,10,5,78,292,97,6,1,0,0,0,0,0,0,0,0,0,0,0,0,0,
[  758.076464] part1,15,86,399,563,201,80,21,9,8,4,3,3,1,3,0,1,0,0,0,0,
[  758.083192] part2,0,0,2,0,1,0,2,0,7,8,6,0,0,0,0,0,0,0,0,0,
[  758.088993] part3,0,7,110,71,46,44,36,9,11,4,8,0,0,0,0,0,0,0,0,0,
[  758.095432] part4,0,0,0,5,58,55,23,8,1,2,1,0,0,0,0,0,0,0,0,0,
[  758.101504] part5,7,5,73,284,112,5,1,0,0,0,0,0,0,0,0,0,0,0,0,0,
[  759.109821] part1,16,86,392,542,176,72,20,8,9,2,4,3,1,2,0,1,0,0,0,2,
[  759.116538] part2,0,0,0,0,0,1,3,0,0,0,0,0,0,0,0,0,0,0,0,0,
[  759.122348] part3,0,2,6,29,30,17,20,6,10,0,0,0,0,0,0,0,0,0,0,0,
[  759.128620] part4,2,43,181,263,223,162,160,29,8,2,0,0,0,0,0,0,0,0,0,0,
[  759.135479] part5,5,4,103,415,291,82,84,11,7,3,3,0,0,0,0,0,0,0,0,0,
[  760.143171] part1,17,76,386,552,181,75,24,4,11,3,4,3,0,3,0,1,0,0,0,0,
[  760.149967] part2,0,0,0,0,0,0,0,0,0,0,0,0,0,0,0,0,0,0,0,0,
[  760.155786] part3,0,0,1,0,10,26,21,7,4,2,1,0,0,0,0,0,0,0,0,0,
[  760.161872] part4,1,38,114,169,185,107,95,31,17,7,0,0,0,0,0,0,0,0,0,0,
[  760.168723] part5,4,5,97,394,258,73,82,25,6,4,1,0,0,0,0,0,0,0,0,0,
[  761.176484] part1,15,90,407,543,203,79,26,9,8,3,5,5,1,3,1,1,1,0,1,0,
[  761.183188] part2,0,0,0,0,0,0,0,0,0,0,0,0,0,0,0,0,0,0,0,0,
[  761.189006] part3,0,0,0,0,38,63,40,6,2,0,0,0,0,0,0,0,0,0,0,0,
[  761.195091] part4,0,17,95,184,206,94,58,19,16,4,5,1,1,0,0,0,0,0,0,0,
[  761.201782] part5,3,11,130,407,300,103,116,31,13,4,2,2,2,0,0,0,0,0,0,0,
[  762.209850] part1,20,91,413,544,195,72,23,12,8,1,4,2,1,4,1,1,0,0,0,0,
[  762.216641] part2,0,0,3,11,51,62,81,113,57,11,7,0,0,0,0,0,0,0,0,0,
[  762.223165] part3,8,74,402,754,816,485,392,143,83,27,8,5,2,0,0,0,0,0,0,0,
[  762.230299] part4,0,0,18,43,207,193,266,118,156,35,20,4,0,0,0,0,0,0,0,0,
[  762.237381] part5,10,77,353,713,597,306,206,108,101,40,52,10,13,0,0,0,0,0,0,0,
[  762.889584] (3)-2539	[[HDMI][PWR][WARN]] PWR_STS : FG_HDMI=1, P0/P1/P2/P3(active,fsm,vs_cnt,pol,int) =  P0(0,PS_OFF,0,0,0)/P1(0,PS_OFF,0,0,0)/P2(0,PS_OFF,0,0,0)/P3(1,PS_OFF,42258,1,0)
[  763.243174] part1,17,87,423,542,195,78,23,10,5,4,8,1,4,1,1,1,0,0,0,0,
[  763.249972] part2,0,3,27,29,81,85,96,133,74,14,9,0,0,0,0,0,0,0,0,0,
[  763.256591] part3,4,195,686,848,676,422,240,101,52,20,2,0,0,0,0,0,0,0,0,0,
[  763.263800] part4,0,1,15,75,209,116,150,104,113,50,14,0,1,0,0,0,0,0,0,0,
[  763.270835] part5,4,119,555,876,664,330,224,100,141,51,53,11,10,3,1,0,0,0,0,0,
[  764.276549] part1,17,90,424,545,193,76,25,8,10,6,1,5,0,3,1,0,0,0,0,0,
[  764.283352] part2,0,12,77,90,110,97,104,120,90,11,6,0,0,0,0,0,0,0,0,0,
[  764.290216] part3,3,61,343,884,1019,596,361,118,65,15,4,3,1,0,0,0,0,0,0,0,
[  764.297423] part4,0,0,36,120,162,128,168,92,112,28,16,2,2,0,0,0,0,0,0,0,
[  764.304460] part5,9,53,450,770,638,275,192,129,110,37,37,13,7,1,0,0,0,0,0,0,
[  765.309877] part1,14,86,411,571,191,82,22,9,7,4,5,1,1,3,0,1,1,0,0,0,
[  765.316607] part2,3,35,324,564,618,401,312,201,81,19,4,0,0,0,0,0,0,0,0,0,
[  765.323726] part3,1,8,47,181,403,174,145,47,45,21,5,0,0,0,0,0,0,0,0,0,
[  765.330593] part4,0,0,6,28,75,105,261,150,176,51,28,3,0,0,0,0,0,0,0,0,
[  765.337463] part5,8,41,381,750,622,318,187,63,32,15,29,2,1,0,0,0,0,0,0,0,
[  765.799518] (2)-2541	[[HDMI][AUDIOF]] Audio STS : FSM=5(CHECK), hbr=0/0, sample_cnt= 36061, hbr_sample_cnt=0, fifo_ov=0, type=2(LPCM), ch_mode=0, ch_num=2, acr_freq=48000, wait_acr_cnt=1
[  766.343216] part1,14,88,388,651,381,496,869,470,177,6,5,5,1,1,0,0,0,0,0,0,
[  766.350463] part2,0,0,13,140,452,361,131,68,84,12,18,1,1,0,0,0,0,0,0,0,
[  766.357410] part3,0,0,2,2,4,4,31,47,47,14,26,0,0,0,0,0,0,0,0,0,
[  766.363676] part4,0,0,0,1,2,1,23,31,19,2,5,1,0,0,0,0,0,0,0,0,
[  766.369756] part5,13,6,65,278,129,5,1,0,0,0,0,0,0,0,0,0,0,0,0,0,
[  767.376548] part1,16,118,755,1379,936,513,503,477,619,91,5,5,3,2,1,0,0,0,0,0,
[  767.384050] part2,1,28,138,178,252,144,118,23,22,7,13,3,0,0,0,0,0,0,0,0,
[  767.391084] part3,0,1,10,55,73,12,12,3,5,0,1,0,0,0,0,0,0,0,0,0,
[  767.397355] part4,0,0,0,3,7,19,32,14,6,0,0,0,0,0,0,0,0,0,0,0,
[  767.403432] part5,6,9,59,273,129,14,2,0,0,0,0,0,0,0,0,0,0,0,0,0,
[  768.409927] part1,13,89,420,550,189,80,31,12,13,5,5,2,2,3,0,0,0,0,0,0,
[  768.416804] part2,0,0,1,0,0,0,0,0,0,0,0,0,0,0,0,0,0,0,0,0,
[  768.422628] part3,0,0,0,0,0,0,0,0,0,0,0,0,0,0,0,0,0,0,0,0,
[  768.428455] part4,6,206,845,896,856,408,215,88,43,26,22,7,1,0,0,0,0,0,0,0,
[  768.435665] part5,21,400,1902,2047,1343,757,468,173,145,42,38,8,9,2,0,0,0,0,0,0,

[END] 12/6/2019 3:41:03 PM
