[BEGIN] 12/6/2019 3:37:47 PM
[  586.024607] part1,0,0,0,0,1,0,0,0,0,0,0,0,0,0,0,0,0,0,0,0,
[  586.030446] part2,7,5,28,147,114,48,70,23,51,13,3,4,2,4,2,0,4,0,0,0,
[  586.037139] part3,37,74,276,353,297,139,119,67,43,21,25,11,6,8,5,2,1,2,1,0,
[  586.044428] part4,20,33,140,245,221,107,95,26,5,8,5,1,1,1,0,0,0,0,0,0,
[  586.051296] part5,0,0,0,0,0,0,0,0,0,0,0,0,0,0,0,0,0,0,0,0,
[  586.099588] (3)-2539	[[HDMI][PWR][WARN]] PWR_STS : FG_HDMI=1, P0/P1/P2/P3(active,fsm,vs_cnt,pol,int) =  P0(0,PS_OFF,0,0,0)/P1(0,PS_OFF,0,0,0)/P2(0,PS_OFF,0,0,0)/P3(1,PS_OFF,32272,1,0)
[  587.057931] part1,0,0,0,0,0,0,2,0,0,0,0,0,0,0,0,0,0,0,0,0,
[  587.063781] part2,8,1,105,132,226,122,80,24,18,6,2,3,4,2,0,3,0,0,0,0,
[  587.070554] part3,43,73,294,401,367,198,117,60,52,29,22,9,6,2,3,2,2,0,0,0,
[  587.077767] part4,19,37,160,235,255,100,79,21,15,5,2,0,3,0,1,0,0,0,0,0,
[  587.084731] part5,0,0,0,0,0,0,0,0,0,0,0,0,0,0,0,0,0,0,0,0,
[  588.091288] part1,0,0,0,0,5,2,1,0,0,0,0,0,0,0,0,0,0,0,0,0,
[  588.097141] part2,4,7,68,115,220,102,96,9,13,1,4,0,7,1,1,0,3,0,0,0,
[  588.103734] part3,24,82,316,355,309,182,138,78,66,30,26,15,14,6,1,2,2,1,1,0,
[  588.111139] part4,15,20,172,258,231,108,68,18,8,7,5,1,0,0,0,1,0,0,0,0,
[  588.118009] part5,0,0,0,1,4,3,5,0,0,0,0,0,0,0,0,0,0,0,0,0,
[  589.124617] part1,0,0,0,3,10,6,15,0,0,0,0,0,0,0,0,0,0,0,0,0,
[  589.130635] part2,21,17,150,274,356,211,147,42,21,9,5,5,5,0,3,0,1,0,0,0,
[  589.137662] part3,36,42,205,346,335,153,168,62,44,31,34,22,11,6,3,3,0,0,0,0,
[  589.145072] part4,15,24,162,234,217,89,50,16,20,5,11,3,2,1,2,2,0,0,0,0,
[  589.152028] part5,0,0,0,0,4,6,5,0,0,0,0,0,0,0,0,0,0,0,0,0,
[  590.157956] part1,0,0,0,0,0,1,0,0,0,0,0,0,0,0,0,0,0,0,0,0,
[  590.163789] part2,16,33,234,330,397,167,176,45,37,9,6,3,4,0,1,0,1,0,0,0,
[  590.170825] part3,47,53,242,395,399,226,187,76,79,25,39,22,16,5,6,2,1,1,0,0,
[  590.178221] part4,14,11,118,237,198,71,54,10,21,5,2,2,4,1,5,0,0,0,0,0,
[  590.185079] part5,0,0,0,0,5,1,0,0,0,0,0,0,0,0,0,0,0,0,0,0,
[  591.191334] part1,0,0,0,0,0,0,0,0,0,0,0,0,0,0,0,0,0,0,0,0,
[  591.197156] part2,23,50,211,323,359,170,128,52,31,9,7,5,2,0,1,1,1,0,0,0,
[  591.204197] part3,44,42,174,308,320,173,161,85,87,34,30,17,21,6,7,4,1,0,0,0,
[  591.211594] part4,11,11,173,268,181,98,63,15,18,6,4,2,3,1,6,0,1,0,0,0,
[  591.218444] part5,
[  591.220301] (1)-5052	0,0,0,0,0,0,0,0,0,0,0,0,0,0,0,0,0,0,0,0,
[  591.509485] (3)-2541	[[HDMI][AUDIOF]] Audio STS : FSM=5(CHECK), hbr=0/0, sample_cnt= 27647, hbr_sample_cnt=0, fifo_ov=0, type=2(LPCM), ch_mode=0, ch_num=2, acr_freq=48000, wait_acr_cnt=1
[  592.224649] part1,0,0,0,0,0,0,0,0,0,0,0,0,0,0,0,0,0,0,0,0,
[  592.230485] part2,9,21,178,319,333,116,117,44,25,9,9,5,4,1,0,2,1,0,0,0,
[  592.237449] part3,17,34,189,317,283,183,202,94,88,28,33,19,14,9,9,2,3,0,0,0,
[  592.244849] part4,12,8,151,289,253,81,53,17,10,3,4,1,7,4,1,0,0,0,0,0,
[  592.251617] part5,0,0,0,0,0,0,0,0,0,0,0,0,0,0,0,0,0,0,0,0,
[  593.257995] part1,0,0,0,0,0,0,0,0,0,0,0,0,0,0,0,0,0,0,0,0,
[  593.263831] part2,1,0,3,19,93,37,86,27,52,3,6,1,0,0,0,0,0,0,0,0,
[  593.270173] part3,6,37,28,14,28,33,70,34,47,17,30,2,6,2,2,0,0,0,0,0,
[  593.276854] part4,11,28,50,47,44,21,20,9,3,0,1,0,0,0,0,0,0,0,0,0,
[  593.283289] part5,0,0,0,0,0,0,0,0,0,0,0,0,0,0,0,0,0,0,0,0,
[  594.274673] part1,0,0,0,0,0,0,0,0,0,0,0,0,0,0,0,0,0,0,0,0,
[  594.280507] part2,1,0,36,46,89,27,36,5,24,15,22,3,2,0,0,0,0,0,0,0,
[  594.287029] part3,0,46,13,4,2,2,16,9,24,8,26,1,7,0,0,0,0,0,0,0,
[  594.293286] part4,0,0,0,0,0,0,0,0,0,0,0,0,0,0,0,0,0,0,0,0,
[  594.299093] part5,0,0,0,0,0,0,0,0,0,0,0,0,0,0,0,0,0,0,0,0,
[  595.291346] part1,0,0,0,0,1,1,1,0,0,1,1,0,0,0,0,0,0,0,0,0,
[  595.297188] part2,0,0,0,0,1,0,0,0,0,0,0,0,0,0,0,0,0,0,0,0,
[  595.302997] part3,0,1,0,0,0,0,1,0,0,0,0,0,0,0,0,0,0,0,0,0,
[  595.308824] part4,2,0,1,2,6,9,13,4,4,3,6,0,3,2,0,0,0,0,0,0,
[  595.314715] part5,0,0,5,7,4,11,35,12,17,3,2,4,0,0,0,0,0,0,0,0,
[  596.308023] part1,2,4,6,43,219,233,180,16,0,0,0,0,0,0,0,0,0,0,0,0,
[  596.314563] part2,7,1,0,0,0,0,0,0,0,0,2,0,0,0,0,0,0,0,0,0,
[  596.320388] part3,3,0,0,1,13,5,8,5,14,3,3,1,0,0,0,0,0,0,0,0,
[  596.326371] part4,1,1,1,0,10,5,6,0,9,0,0,0,0,0,0,0,0,0,0,0,
[  596.332278] part5,1,0,4,2,12,2,2,0,0,0,0,0,0,0,0,0,0,0,0,0,
[  596.619593] (3)-2539	[[HDMI][PWR][WARN]] PWR_STS : FG_HDMI=1, P0/P1/P2/P3(active,fsm,vs_cnt,pol,int) =  P0(0,PS_OFF,0,0,0)/P1(0,PS_OFF,0,0,0)/P2(0,PS_OFF,0,0,0)/P3(1,PS_OFF,32858,1,0)
[  597.324704] part1,2,1,0,0,3,4,3,1,2,0,0,0,0,0,0,0,0,0,0,0,
[  597.330532] part2,2,1,0,0,9,16,23,8,6,0,1,0,0,0,0,0,0,0,0,0,
[  597.336534] part3,5,5,7,2,8,7,67,32,37,2,1,0,0,0,0,0,0,0,0,0,
[  597.342608] part4,2,0,0,0,0,0,1,0,4,3,4,0,0,0,0,0,0,0,0,0,
[  597.348430] part5,0,0,0,3,17,20,37,12,10,0,0,0,0,0,0,0,0,0,0,0,
[  598.341384] part1,0,0,0,1,1,3,10,2,0,0,0,0,0,0,0,0,0,0,0,0,
[  598.347314] part2,0,0,0,0,0,0,7,1,40,4,0,0,0,0,0,0,0,0,0,0,
[  598.353203] part3,0,0,0,0,0,0,0,0,0,0,0,0,0,0,0,0,0,0,0,0,
[  598.359049] part4,0,0,0,0,0,0,0,0,0,0,0,0,0,0,0,0,0,0,0,0,
[  598.364853] part5,0,0,0,0,0,0,0,0,0,0,0,0,0,0,0,0,0,0,0,0,
[  599.358047] part1,0,0,3,12,23,4,11,4,14,4,1,1,0,0,0,0,0,0,0,0,
[  599.364242] part2,0,0,3,3,16,5,15,8,12,4,2,0,0,0,0,0,0,0,0,0,
[  599.370319] part3,0,6,17,24,33,23,27,18,8,2,3,0,0,0,0,0,0,0,0,0,
[  599.376654] part4,0,0,0,0,0,0,0,0,5,0,0,0,0,0,0,0,0,0,0,0,
[  599.382486] part5,0,0,0,0,0,0,0,0,0,0,0,0,0,0,0,0,0,0,0,0,
[  600.374765] part1,0,0,3,6,23,10,49,17,31,5,0,0,0,0,0,0,0,0,0,0,
[  600.381029] part2,0,2,10,15,110,73,141,37,26,3,0,0,0,0,0,0,0,0,0,0,
[  600.387644] part3,1,3,14,29,62,19,36,5,4,1,0,0,0,0,0,0,0,0,0,0,
[  600.393902] part4,3,2,9,13,35,24,67,32,21,0,0,0,0,0,0,0,0,0,0,0,
[  600.400239] part5,1,0,0,0,0,0,0,0,0,0,0,0,0,0,0,0,0,0,0,0,
[  601.408083] part1,0,1,2,7,25,30,57,44,78,11,6,1,2,0,2,0,0,0,0,0,
[  601.414445] part2,2,0,6,28,85,81,148,55,47,6,0,1,0,0,0,0,0,0,0,0,
[  601.420881] part3,2,3,12,17,58,35,51,16,15,2,3,
[  601.425415] (3)-0000	0,0,0,0,0,0,0,0,0,
[  601.429600] part4,1,4,21,25,35,25,43,5,2,0,0,0,0,0,0,0,0,0,0,0,
[  601.435841] part5,0,0,0,0,0,0,0,0,0,0,0,0,0,0,0,0,0,0,0,0,
[  602.441430] part1,0,0,0,2,18,34,56,15,43,7,24,4,0,0,0,0,0,0,0,0,
[  602.447793] part2,0,0,0,0,6,6,13,1,1,0,0,0,0,0,0,0,0,0,0,0,
[  602.453708] part3,1,0,0,3,8,10,30,9,23,12,19,7,18,0,0,0,0,0,0,0,
[  602.460040] part4,0,0,0,0,0,0,1,0,0,0,0,0,0,0,0,0,0,0,0,0,
[  602.465864] part5,0,0,2,2,10,8,15,4,3,0,0,0,0,0,0,0,0,0,0,0,
[  603.458096] part1,0,0,0,0,0,0,4,12,52,11,37,0,1,0,0,0,0,0,0,0,
[  603.464271] part2,0,0,0,0,8,18,72,16,1,0,0,0,0,0,0,0,0,0,0,0,
[  603.470355] part3,2,0,2,12,86,35,103,43,76,17,37,4,23,1,0,0,0,0,0,0,
[  603.477047] part4,0,0,0,0,9,3,0,0,0,0,0,0,0,0,0,0,0,0,0,0,
[  603.482867] part5,1,0,0,0,5,2,19,16,15,0,1,0,0,0,0,0,0,0,0,0,
[  604.019512] (3)-2541	[[HDMI][AUDIOF]] Audio STS : FSM=5(CHECK), hbr=0/0, sample_cnt= 28248, hbr_sample_cnt=0, fifo_ov=0, type=2(LPCM), ch_mode=0, ch_num=2, acr_freq=48000, wait_acr_cnt=1
[  604.474782] part1,0,0,0,0,0,0,0,0,0,0,0,0,0,0,0,0,0,0,0,0,
[  604.480630] part2,0,0,0,0,0,0,0,0,0,0,0,0,0,0,0,0,0,0,0,0,
[  604.486442] part3,0,0,0,0,0,0,0,0,0,0,0,0,0,0,0,0,0,0,0,0,
[  604.492273] part4,0,0,0,0,0,0,0,0,0,0,0,0,0,0,0,0,0,0,0,0,
[  604.498083] part5,0,0,0,0,0,0,0,0,0,0,0,0,0,0,0,0,0,0,0,0,

[END] 12/6/2019 3:38:19 PM
