[BEGIN] 12/6/2019 4:01:33 PM
[ 2015.873410] part1,51,460,388,162,128,82,47,27,28,18,12,7,8,1,2,0,0,0,0,0,
[ 2015.880573] part2,0,0,0,0,0,0,0,0,0,0,0,0,0,0,0,0,0,0,0,0,
[ 2015.886375] part3,0,0,0,0,0,0,0,0,0,0,0,0,0,0,0,0,0,0,0,0,
[ 2015.892204] part4,0,0,0,0,0,0,0,0,0,0,0,0,0,0,0,0,0,0,0,0,
[ 2015.898018] part5,96,485,450,77,19,8,5,0,0,0,0,0,0,0,0,0,0,0,0,0,
[ 2016.179502] (0)-2541	[[HDMI][AUDIOF]] Audio STS : FSM=5(CHECK), hbr=0/0, sample_cnt= 46278, hbr_sample_cnt=0, fifo_ov=0, type=2(LPCM), ch_mode=0, ch_num=2, acr_freq=48000, wait_acr_cnt=1
[ 2016.890167] part1,54,497,401,206,114,34,25,19,15,11,8,7,5,0,1,0,0,0,0,0,
[ 2016.897235] part2,0,1,4,4,8,20,39,31,28,11,10,1,0,0,0,0,0,0,0,0,
[ 2016.903583] part3,0,0,0,0,0,0,0,0,0,0,0,0,0,0,0,0,0,0,0,0,
[ 2016.909388] part4,0,0,0,0,0,0,0,0,0,0,0,0,0,0,0,0,0,0,0,0,
[ 2016.915217] part5,118,609,324,46,22,8,3,0,0,0,0,0,0,0,0,0,0,0,0,0,
[ 2017.923457] part1,56,488,407,161,116,49,25,20,18,13,7,4,5,3,0,0,0,0,0,0,
[ 2017.930533] part2,0,0,0,0,0,0,0,0,0,0,0,0,0,0,0,0,0,0,0,0,
[ 2017.936352] part3,0,0,0,0,0,0,0,0,0,0,0,0,0,0,0,0,0,0,0,0,
[ 2017.942166] part4,0,0,0,0,0,0,0,0,0,0,0,0,0,0,0,0,0,0,0,0,
[ 2017.947989] part5,85,475,438,82,35,10,5,1,0,0,0,0,0,0,0,0,0,0,0,0,
[ 2018.940108] part1,58,449,394,153,115,58,24,19,13,6,9,5,2,3,1,0,1,0,0,0,
[ 2018.947076] part2,0,1,21,48,23,9,10,1,0,0,0,0,0,0,0,0,0,0,0,0,
[ 2018.953254] part3,0,0,0,0,0,0,0,0,0,0,0,0,0,0,0,0,0,0,0,0,
[ 2018.959061] part4,0,0,0,0,0,0,0,0,0,0,0,0,0,0,0,0,0,0,0,0,
[ 2018.964887] part5,74,506,419,79,28,7,4,0,0,0,0,0,0,0,0,0,0,0,0,0,
[ 2019.956792] part1,84,850,744,686,391,232,164,85,98,100,106,82,90,47,43,32,23,9,10,1,
[ 2019.964905] part2,275,1615,2510,1741,1282,635,488,349,299,164,160,80,68,36,27,9,6,1,0,0,
[ 2019.973343] part3,284,1907,3779,2348,2231,1466,993,581,381,151,62,19,6,4,0,0,0,0,0,0,
[ 2019.981509] part4,376,1682,2232,1812,1520,966,817,514,533,267,198,87,68,19,22,6,2,3,3,2,
[ 2019.989948] part5,99,327,1077,915,610,361,205,142,225,159,215,123,156,106,86,56,16,4,0,0,
[ 2020.990136] part1,112,905,792,698,469,285,199,129,111,84,114,102,143,89,107,37,34,3,5,3,
[ 2020.998598] part2,243,1403,2272,1729,1163,635,384,183,161,80,69,31,39,26,28,12,4,1,0,0,
[ 2021.006948] part3,246,1795,4134,2354,1963,940,462,198,89,49,19,8,4,2,1,0,0,0,0,0,
[ 2021.014774] part4,382,1494,2511,1993,1469,857,543,266,159,75,47,29,50,18,28,8,2,2,2,4,
[ 2021.023042] part5,60,319,1098,963,679,292,193,117,91,88,126,69,96,80,89,48,11,3,0,0,
[ 2022.023497] part1,69,665,451,460,249,148,153,111,85,50,28,23,13,7,4,2,2,1,0,0,
[ 2022.031077] part2,0,9,24,21,50,40,48,53,49,39,41,22,36,17,14,6,9,3,2,6,
[ 2022.038034] part3,0,0,0,0,0,0,2,3,4,0,12,6,13,4,6,0,0,0,1,0,
[ 2022.044031] part4,0,0,0,0,5,3,13,10,11,14,13,7,1,0,0,0,0,0,0,0,
[ 2022.050275] part5,11,90,445,262,148,75,27,30,28,26,10,4,8,3,0,0,1,0,0,0,
[ 2022.629504] (2)-2539	[[HDMI][PWR][WARN]] PWR_STS : FG_HDMI=1, P0/P1/P2/P3(active,fsm,vs_cnt,pol,int) =  P0(0,PS_OFF,0,0,0)/P1(0,PS_OFF,0,0,0)/P2(0,PS_OFF,0,0,0)/P3(1,PS_OFF,54996,1,0)
[ 2023.056829] part1,645,2958,3235,2096,1279,616,443,263,159,112,98,71,37,18,18,17,17,5,3,0,
[ 2023.065373] part2,516,2881,2516,1315,950,428,249,183,134,78,41,28,20,11,3,0,0,0,0,0,
[ 2023.073461] part3,405,2114,3291,1633,753,413,313,171,127,64,46,17,18,8,5,6,1,1,2,4,
[ 2023.081470] part4,336,1364,1658,1651,917,487,304,172,85,56,44,15,23,6,2,1,0,2,1,1,
[ 2023.089390] part5,183,953,1901,1069,617,436,317,133,83,54,46,13,16,6,4,1,1,1,1,0,
[ 2024.090174] part1,578,4227,3027,1845,1230,720,457,250,235,131,146,61,49,32,22,8,8,4,2,24,
[ 2024.098718] part2,312,1719,3505,3126,1979,948,598,320,185,128,82,44,50,22,19,9,8,18,18,16,
[ 2024.107336] part3,491,2642,2743,1414,699,345,214,75,43,22,13,14,8,16,12,5,0,0,0,0,
[ 2024.115254] part4,213,1212,1156,607,400,236,153,113,70,32,40,17,19,4,12,2,4,0,0,1,
[ 2024.123170] part5,91,414,708,398,260,196,190,130,108,59,49,17,7,6,5,6,2,0,1,0,
[ 2025.123520] part1,668,3768,2943,1719,1174,918,586,346,298,157,161,69,63,30,24,14,11,7,3,19,
[ 2025.132236] part2,316,1673,3696,2832,1673,894,562,348,254,144,94,71,50,31,26,9,4,19,15,12,
[ 2025.140853] part3,554,2819,2822,1277,746,517,314,146,86,49,23,15,10,12,8,3,1,0,0,0,
[ 2025.148858] part4,112,796,1019,484,293,243,147,86,67,35,23,18,17,10,6,4,2,1,0,0,
[ 2025.156593] part5,18,184,725,498,315,220,129,113,132,54,39,12,12,4,5,0,3,1,0,0,
[ 2026.156897] part1,506,2880,2762,1931,1043,642,457,290,291,182,171,94,83,45,27,16,4,1,2,1,
[ 2026.165444] part2,9,144,402,534,558,454,384,223,160,106,146,88,75,29,22,10,13,6,9,14,
[ 2026.173629] part3,7,25,170,181,172,93,55,21,16,9,21,7,11,9,26,9,29,12,17,25,
[ 2026.181020] part4,4,35,134,107,95,58,44,26,37,42,75,31,62,30,41,18,35,11,20,46,
[ 2026.188675] part5,7,92,497,291,111,69,35,30,37,22,25,10,5,1,1,2,1,0,0,0,
[ 2027.190203] part1,463,2869,3537,1888,1064,613,558,301,313,169,165,73,70,64,39,19,25,23,25,13,
[ 2027.199111] part2,18,138,451,539,578,514,467,249,165,101,136,83,83,31,24,16,11,7,6,7,
[ 2027.207291] part3,4,42,90,115,104,50,41,27,24,17,17,4,13,5,33,19,51,21,20,18,
[ 2027.214759] part4,6,102,208,140,125,108,98,43,30,14,22,14,24,12,7,4,6,2,2,1,
[ 2027.222167] part5,9,92,490,308,92,61,37,31,31,21,36,12,4,1,1,2,1,1,0,0,
part1,278,10872,11273,1212,473,266,140,90,56,25,18,12,8,8,2,0,0,0,0,0,
[ 2028.230183] part2,284,17133,11476,666,231,183,137,64,25,12,9,1,1,0,0,0,0,0,0,0,
[ 2028.237827] part3,353,11479,8564,1974,1058,592,340,170,87,39,27,11,10,4,4,0,0,0,0,0,
[ 2028.245925] part4,282,21947,14378,757,288,172,181,92,51,26,20,13,9,0,1,0,0,0,0,0,
[ 2028.253754] part5,568,12541,11692,963,301,180,108,72,46,27,20,7,2,3,2,0,0,1,0,0,
[ 2028.369589] (2)-2541	[[HDMI][AUDIOF]] Audio STS : FSM=5(CHECK), hbr=0/0, sample_cnt= 46879, hbr_sample_cnt=0, fifo_ov=0, type=2(LPCM), ch_mode=0, ch_num=2, acr_freq=48000, wait_acr_cnt=1
[ 2029.256893] part1,164,975,1291,1185,935,692,351,186,124,64,60,27,16,11,11,3,3,3,1,0,
[ 2029.265004] part2,280,397,515,489,245,197,90,40,65,22,33,15,20,11,14,2,1,1,0,0,
[ 2029.272652] part3,479,1945,2368,1640,1248,762,402,225,126,66,48,27,26,9,18,13,3,5,2,3,
[ 2029.280916] part4,143,883,1930,1517,1420,963,666,403,256,134,89,60,38,21,28,14,10,7,6,0,
[ 2029.289367] part5,229,414,1621,1634,1814,1288,887,485,328,171,105,39,25,9,1,0,0,0,0,0,
[ 2030.290238] part1,52,416,351,410,206,91,64,38,22,13,14,6,5,1,1,0,0,0,0,0,
[ 2030.297386] part2,5,26,69,159,185,121,144,65,51,30,16,6,4,1,2,0,0,0,0,0,
[ 2030.304429] part3,1117,5045,4256,2471,1638,992,647,405,201,123,103,59,47,16,9,3,4,0,0,0,
[ 2030.312877] part4,88,365,445,441,421,285,246,169,156,100,175,113,152,71,45,7,3,0,0,0,
[ 2030.321057] part5,333,357,517,402,316,237,199,124,120,79,165,87,129,62,27,3,1,0,0,0,
[ 2031.323652] part2,4246,23819,2753,768,457,303,167,94,89,28,23,18,14,9,11,5,0,0,0,0,
[ 2031.331651] part3,3563,18403,4209,1614,922,495,308,166,116,93,32,14,17,9,4,1,1,0,0,0,
[ 2031.339829] part4,4232,21722,2268,669,358,219,125,96,59,41,27,14,5,1,1,0,0,0,0,0,
[ 2031.347663] part5,2115,13273,3389,1348,640,386,224,115,39,29,25,9,4,1,2,0,0,0,0,0,
[ 2032.356944] (0)-0000	part1,164,1320,1672,671,342,167,114,31,19,14,14,0,0,0,1,0,0,0,0,0,
[ 2032.365310] part2,21,313,349,151,106,84,61,18,10,4,1,1,3,0,0,0,0,0,0,0,
[ 2032.372271] part3,36,556,506,181,62,40,30,14,3,4,4,2,0,0,1,0,0,0,0,0,
[ 2032.379041] part4,6,36,3,26,22,4,2,1,0,0,0,0,0,0,0,0,0,0,0,0,
[ 2032.385121] part5,817,121,455,246,115,35,12,13,5,1,0,0,0,0,0,0,0,0,0,0,
[ 2032.779578] (0)-2539	[[HDMI][PWR][WARN]] PWR_STS : FG_HDMI=1, P0/P1/P2/P3(active,fsm,vs_cnt,pol,int) =  P0(0,PS_OFF,0,0,0)/P1(0,PS_OFF,0,0,0)/P2(0,PS_OFF,0,0,0)/P3(1,PS_OFF,55588,1,0)
[ 2033.390272] part1,68,458,370,415,209,96,57,38,21,5,9,7,2,1,0,0,0,0,0,0,
[ 2033.397251] part2,1,2,3,17,8,10,10,2,6,3,3,0,2,0,0,0,0,0,0,0,
[ 2033.403328] part3,12,249,622,497,305,174,90,53,39,17,13,8,4,0,2,1,0,0,0,0,
[ 2033.410535] part4,31,375,1046,1016,655,329,205,112,75,42,19,16,15,13,0,0,1,1,0,0,
[ 2033.418372] part5,52,493,284,157,45,11,5,2,1,0,0,0,0,0,0,0,0,0,0,0,
[ 2034.423619] part1,64,387,435,441,532,360,201,121,77,35,21,8,5,2,1,1,0,0,0,0,
[ 2034.431034] part2,30,331,1041,1443,1246,712,382,185,123,58,32,18,8,8,9,0,0,1,0,0,
[ 2034.438858] part3,6,75,203,315,407,341,254,141,88,49,27,21,10,4,2,3,0,1,0,0,
[ 2034.446245] part4,2,56,300,654,727,503,244,146,87,41,29,17,5,4,0,1,0,1,0,0,
[ 2034.453549] part5,82,443,350,223,184,255,273,153,83,34,27,16,7,6,1,0,0,0,0,0,
[ 2035.456969] part1,178,599,897,979,1302,1078,1009,734,593,323,239,108,66,21,9,3,7,2,1,1,
[ 2035.465348] part2,181,568,834,976,1404,1245,1074,667,608,290,193,63,55,16,12,3,0,0,0,0,
[ 2035.473697] part3,256,493,992,1071,1503,1289,1047,722,531,258,170,69,57,24,13,2,1,1,0,0,
[ 2035.482131] part4,94,538,804,709,813,679,625,400,319,151,83,38,24,19,14,12,2,0,0,0,
[ 2035.490130] part5,414,823,1224,893,654,403,239,202,157,91,72,43,23,2,8,2,6,4,11,10,
[ 2036.490323] part1,239,1084,1182,1211,1170,892,796,536,389,206,145,100,84,30,19,6,7,5,2,0,
[ 2036.498878] part2,93,177,348,741,1330,1447,1514,1059,923,521,338,146,97,32,30,16,12,5,1,1,
[ 2036.507490] part3,126,154,325,718,1162,1269,1273,920,696,397,274,120,84,35,23,13,10,2,2,0,
[ 2036.516096] part4,140,280,412,711,1081,1190,1126,841,642,358,214,99,90,39,16,12,5,6,3,0,
[ 2036.524532] part5,257,550,1002,1533,1419,876,713,423,329,139,119,56,45,25,17,3,8,1,3,2,
part1,64,588,382,462,222,149,81,49,36,17,16,10,7,2,0,1,0,0,0,0,
[ 2037.529692] part2,3,45,88,85,38,14,16,16,6,0,3,3,5,1,0,0,0,0,0,0,
[ 2037.536128] part3,16,141,381,427,303,252,250,182,162,114,88,34,28,15,12,15,12,0,0,1,
[ 2037.544220] part4,13,169,230,382,212,112,84,99,88,59,55,22,11,6,3,1,2,0,0,0,
[ 2037.551612] part5,19,81,470,299,128,43,21,18,30,24,12,9,3,1,1,1,0,0,0,0,
[ 2038.556994] part1,73,447,355,259,171,72,31,23,13,7,7,6,6,1,0,0,0,0,0,0,
[ 2038.563965] part2,1,1,2,6,6,5,7,2,1,3,4,1,0,0,2,0,0,0,0,0,
[ 2038.569779] part3,148,1117,1537,1247,741,504,334,207,136,106,82,30,19,10,4,3,1,0,0,0,
[ 2038.577965] part4,100,628,758,676,552,348,307,245,173,101,105,87,65,36,32,30,9,5,3,1,
[ 2038.586138] part5,78,295,418,226,141,77,108,60,47,32,28,29,11,7,1,0,0,0,0,0,
[ 2039.590331] part1,66,480,355,414,187,99,58,36,29,22,16,8,6,2,0,0,0,0,0,0,
[ 2039.597475] part2,212,1425,1550,979,686,448,357,249,175,100,81,31,28,15,9,1,0,0,0,0,
[ 2039.605567] part3,560,3326,2446,1379,801,466,393,287,214,175,143,107,82,50,34,21,7,2,1,0,
[ 2039.614099] part4,6,19,33,54,71,68,58,68,79,54,40,37,20,8,2,0,0,0,0,0,
[ 2039.620954] part5,47,385,612,270,168,129,125,116,79,76,51,29,41,14,16,13,9,8,8,2,
[ 2040.539491] (3)-2541	[[HDMI][AUDIOF]] Audio STS : FSM=5(CHECK), hbr=0/0, sample_cnt= 47480, hbr_sample_cnt=0, fifo_ov=0, type=2(LPCM), ch_mode=0, ch_num=2, acr_freq=48000, wait_acr_cnt=1
[ 2040.640362] part1,0,0,0,0,0,0,0,0,0,0,0,0,0,0,0,0,0,0,0,0,
[ 2040.646201] part2,0,0,0,0,0,0,0,0,0,0,0,0,0,0,0,0,0,0,0,0,
[ 2040.652020] part3,0,0,0,0,0,0,0,0,0,0,0,0,0,0,0,0,0,0,0,0,
[ 2040.657847] part4,0,0,0,0,0,0,0,0,0,0,0,0,0,0,0,0,0,0,0,0,
[ 2040.663657] part5,0,0,0,0,0,0,0,0,0,0,0,0,0,0,0,0,0,0,0,0,

[END] 12/6/2019 4:02:15 PM
