[BEGIN] 12/6/2019 4:10:48 PM
[ 2565.412781] part1,0,2,10,14,12,6,2,0,0,0,0,0,0,0,0,0,0,0,0,0,
[ 2565.418870] part2,0,5,72,147,402,279,180,109,81,32,15,5,9,3,4,0,1,0,0,0,
[ 2565.425906] part3,0,3,20,48,107,62,77,59,55,23,21,8,5,5,9,2,5,0,1,0,
[ 2565.432608] part4,0,4,16,4,62,44,26,4,8,5,1,0,1,0,1,0,0,0,0,0,
[ 2565.438762] part5,10,8,162,216,71,15,5,5,7,0,0,0,0,0,1,0,3,0,0,0,
[ 2566.446128] part1,0,3,14,15,3,3,6,0,1,0,0,0,0,0,0,0,0,0,0,0,
[ 2566.452130] part2,0,10,73,222,359,269,170,97,82,32,24,11,8,8,11,2,2,0,0,0,
[ 2566.459355] part3,0,3,29,65,106,63,55,40,39,13,15,8,5,2,8,2,7,0,1,0,
[ 2566.466047] part4,0,5,24,15,52,27,17,1,4,1,1,1,2,0,0,0,0,0,0,0,
[ 2566.472298] part5,15,5,160,227,65,12,12,2,5,1,1,0,1,0,0,0,0,0,0,0,
[ 2567.479530] part1,1,3,14,20,9,3,4,2,10,3,6,4,6,3,3,0,0,0,0,0,
[ 2567.485632] part2,0,9,112,277,374,187,122,85,48,25,21,13,14,4,7,2,1,1,0,0,
[ 2567.492856] part3,2,4,6,43,57,25,30,14,11,6,7,2,4,0,12,2,8,0,0,0,
[ 2567.499279] part4,0,5,18,10,42,10,3,1,2,2,1,1,4,0,0,0,0,0,0,0,
[ 2567.505442] part5,12,7,162,223,72,9,10,2,1,3,1,0,0,0,0,1,3,0,0,0,
[ 2568.512822] part1,1,4,15,20,2,8,6,6,14,4,3,4,2,2,0,2,0,0,0,0,
[ 2568.518927] part2,2,11,97,202,338,242,171,89,69,25,24,13,28,16,8,1,0,0,0,0,
[ 2568.526236] part3,0,0,9,22,39,46,52,39,37,10,9,2,4,2,4,3,11,2,2,0,
[ 2568.532743] part4,0,2,17,5,11,20,35,4,1,1,1,1,2,1,0,0,0,0,0,0,
[ 2568.538915] part5,21,7,164,224,66,10,8,3,4,1,3,0,4,2,2,1,0,0,0,0,
[ 2569.546193] part1,0,3,13,16,7,14,11,3,4,4,3,1,3,1,2,2,0,0,1,0,
[ 2569.552389] part2,0,26,135,417,478,207,134,75,77,54,40,17,28,11,14,4,4,0,0,0,
[ 2569.559873] part3,1,12,45,100,95,49,31,24,12,4,5,1,4,0,3,2,6,1,0,0,
[ 2569.566464] part4,0,2,17,13,33,5,1,3,1,1,1,0,3,1,1,2,0,0,0,0,
[ 2569.572545] part5,3,6,165,233,56,12,7,2,3,2,1,0,0,0,1,1,7,0,0,0,
[ 2570.579515] part1,0,0,0,0,0,0,0,0,0,0,0,0,0,0,0,0,0,0,0,0,
[ 2570.585368] part2,0,3,96,54,73,40,69,33,33,11,13,
[ 2570.590074] (1)-0000	3,4,7,3,2,0,0,0,0,
[ 2570.594261] part3,6,85,319,276,215,130,71,41,37,19,26,8,14,11,14,3,0,1,0,0,
[ 2570.601551] part4,4,150,408,345,218,178,135,65,59,18,23,7,3,0,1,0,0,0,0,0,
1,PS_OFF,86206,1,0)
[ 2570.627067] (1)-0000	0,4,133,122,47,18,16,18,18,7,21,12,12,7,8,3,1,1,1,0,
[ 2571.629536] part1,0,0,0,0,0,0,0,0,0,0,0,0,0,0,0,0,0,0,0,0,
[ 2571.635364] part2,1,17,166,167,134,80,73,53,37,32,44,39,27,10,7,1,0,0,0,0,
[ 2571.642590] part3,4,59,124,114,76,61,41,17,15,10,7,5,3,0,1,1,0,1,0,0,
[ 2571.649372] part4,3,11,40,81,100,67,70,45,52,41,24,1,4,2,5,0,0,0,0,0,
[ 2571.656142] part5,3,6,158,112,53,10,15,12,12,16,17,12,15,6,11,5,4,0,1,1,
[ 2571.869524] (2)-2541	[[HDMI][AUDIOF]] Audio STS : FSM=5(CHECK), hbr=0/0, sample_cnt= 73220, hbr_sample_cnt=0, fifo_ov=0, type=2(LPCM), ch_mode=0, ch_num=2, acr_freq=48000, wait_acr_cnt=1
[ 2572.662855] part1,0,0,0,0,0,0,0,0,0,0,0,0,0,0,0,0,0,0,0,0,
[ 2572.668697] part2,1,43,182,102,131,74,116,78,74,31,32,20,28,7,12,3,1,0,0,0,
[ 2572.676010] part3,1,26,44,43,59,35,29,30,26,15,12,6,9,2,3,0,0,0,0,0,
[ 2572.682704] part4,1,37,109,135,151,93,63,55,29,18,2,2,3,3,2,0,0,0,0,0,
[ 2572.689572] part5,2,17,161,107,49,6,15,15,12,11,13,11,14,7,12,5,4,0,0,0,
[ 2573.696201] part1,0,0,0,0,0,0,0,0,0,0,0,0,0,0,0,0,0,0,0,0,
[ 2573.702049] part2,13,111,303,275,154,114,121,74,62,41,27,11,14,5,3,0,0,0,0,0,
[ 2573.709530] part3,5,73,193,198,127,77,59,50,40,13,9,7,2,1,0,0,0,0,0,0,
[ 2573.716386] part4,6,73,211,293,213,135,118,39,20,3,1,0,3,0,0,0,0,0,0,0,
[ 2573.723346] part5,0,10,151,117,57,15,16,13,14,11,17,5,15,11,10,4,4,0,0,0,
[ 2574.729548] part1,0,0,2,0,7,4,6,1,2,0,0,0,0,0,0,0,0,0,0,0,
[ 2574.735396] part2,3,24,33,80,201,180,119,82,73,31,42,20,10,6,11,4,8,1,0,0,
[ 2574.742610] part3,2,9,38,72,76,25,8,7,8,9,44,16,31,7,2,0,0,0,0,0,
[ 2574.749038] part4,0,0,0,0,0,0,0,0,0,0,1,0,0,0,0,0,0,0,0,0,
[ 2574.754861] part5,6,10,280,247,86,26,17,5,2,3,0,0,0,0,0,0,0,0,0,0,
[ 2575.762889] part1,0,0,0,0,0,0,0,0,0,0,0,0,0,0,0,0,0,0,0,0,
[ 2575.768736] part2,0,4,10,33,85,156,170,116,131,70,83,27,18,4,0,0,0,0,0,0,
[ 2575.775862] part3,2,1,0,4,10,9,18,16,24,7,27,19,64,8,2,0,0,0,0,0,
[ 2575.782298] part4,0,0,0,0,0,0,0,0,0,1,0,0,0,0,0,0,0,0,0,0,
[ 2575.788115] part5,9,8,260,261,115,24,16,1,4,1,0,0,0,0,0,0,0,0,0,0,
[ 2576.796239] part1,0,0,0,0,0,0,1,4,4,4,3,1,0,0,0,0,0,0,0,0,
[ 2576.802084] part2,3,38,153,233,322,223,223,110,75,47,32,19,16,7,2,3,0,0,0,0,
[ 2576.809465] part3,0,29,99,186,149,85,88,61,58,26,23,8,12,1,0,0,0,0,0,0,
[ 2576.816424] part4,0,0,0,0,0,0,0,0,0,0,1,0,0,0,0,0,0,0,0,0,
[ 2576.822243] part5,6,12,247,255,96,26,8,11,2,0,1,0,0,0,0,0,0,0,0,0,
[ 2577.829601] part1,0,0,0,0,0,0,0,0,0,0,0,0,0,0,0,0,0,0,0,0,
[ 2577.835434] part2,1,6,61,93,155,67,50,15,14,8,12,10,9,2,7,2,0,0,0,0,
[ 2577.842127] part3,1,51,189,234,214,85,63,49,30,22,24,6,9,8,5,4,0,0,0,0,
[ 2577.849091] part4,7,150,451,387,275,177,176,89,93,46,28,5,3,4,2,1,0,0,0,0,
[ 2577.856304] part5,1,4,125,124,74,18,16,16,18,13,9,6,15,5,9,1,0,0,1,0,
[ 2578.862959] part1,0,0,0,0,0,0,0,0,0,0,0,0,0,0,0,0,0,0,0,0,
[ 2578.868781] part2,0,3,63,77,96,55,44,23,22,7,8,4,5,0,8,3,0,0,0,0,
[ 2578.875218] part3,2,83,263,184,180,100,67,36,29,12,18,18,4,1,1,6,8,4,0,0,
[ 2578.882356] part4,12,157,456,429,264,223,162,86,55,28,17,8,2,0,0,1,0,0,0,0,
[ 2578.889648] part5,0,7,159,128,47,16,10,11,15,6,17,4,10,1,7,1,1,1,0,0,
[ 2579.896282] part1,1,2,65,100,127,83,66,51,74,76,89,51,39,6,2,2,0,0,1,0,
[ 2579.903247] part2,6,20,196,340,410,182,182,138,127,103,168,136,135,49,53,27,27,20,18,36,
[ 2579.911697] part3,0,0,10,36,95,186,371,287,302,176,142,109,147,61,66,43,37,9,7,17,
[ 2579.919627] part4,8,6,72,283,402,255,283,242,236,123,127,100,100,41,35,12,10,4,7,2,
[ 2579.927622] part5,18,19,207,387,283,108,55,38,30,13,3,3,3,1,2,0,1,0,0,0,
[ 2580.929758] part1,1,19,60,99,157,96,72,67,94,85,100,42,36,4,5,1,0,0,1,0,
[ 2580.936844] part2,1,11,179,328,360,135,156,102,184,118,199,150,174,70,63,40,19,18,18,28,
FF,0,0,0)/P2(0,PS_OFF,0,0,0)/P3(1,PS_OFF,86796,1,0)
[ 2580.966237] (2)-3883	194,229,109,184,90,60,30,37,14,10,28,
[ 2580.972120] part4,2,3,50,263,426,215,250,274,286,153,192,147,161,48,62,23,24,2,2,5,
[ 2580.980114] part5,2,17,215,350,240,81,69,31,27,8,7,1,3,1,1,0,0,0,1,0,
[ 2581.979634] part1,0,7,32,71,161,98,72,41,93,70,115,33,30,12,7,0,0,0,1,0,
[ 2581.986704] part2,3,16,136,357,329,149,158,149,163,142,169,131,220,55,63,24,22,26,11,26,
[ 2581.995139] part3,0,3,12,48,113,174,457,353,400,155,166,125,163,79,73,33,26,10,12,28,
[ 2582.003320] part4,1,12,67,209,447,306,338,293,286,169,188,154,163,56,63,20,24,6,4,8,
[ 2582.011417] part5,13,10,198,340,325,132,56,24,20,6,10,0,2,0,1,0,0,1,0,0,
[ 2583.012984] part1,1,7,57,101,183,76,70,49,86,64,94,41,32,11,3,3,1,0,0,0,
[ 2583.020042] part2,1,19,202,312,322,160,130,148,174,115,192,163,181,64,60,27,29,9,17,27,
[ 2583.028388] part3,2,0,8,41,94,162,325,299,370,175,186,149,181,76,63,34,23,10,13,22,
[ 2583.036400] part4,4,8,73,243,444,288,279,296,328,183,188,133,151,62,69,24,25,4,2,6,
[ 2583.044401] part5,32,14,219,379,261,115,77,31,25,12,10,5,1,1,1,0,1,0,0,0,

[END] 12/6/2019 4:11:18 PM
