[BEGIN] 12/6/2019 4:07:13 PM
[ 2351.410437] part1,251,609,748,682,575,460,552,364,404,225,271,140,200,87,83,40,41,22,33,30,
[ 2351.419157] part2,9,476,1031,895,1133,900,917,544,584,289,266,126,146,58,81,23,23,13,5,15,
[ 2351.427771] part3,70,1241,2247,1995,1834,1243,1034,586,459,205,158,85,67,43,34,15,23,5,8,3,
[ 2351.436479] part4,16,345,629,540,362,185,108,87,80,35,31,12,9,5,3,3,1,0,0,0,
[ 2351.443863] part5,15,335,490,255,84,42,27,26,22,14,14,7,5,2,1,0,0,0,0,0,
[ 2352.443790] part1,230,624,844,609,635,487,465,277,332,245,239,139,146,64,77,30,44,18,22,20,
[ 2352.452516] part2,22,565,1927,1670,1771,1401,1385,794,819,384,326,157,138,55,71,33,35,8,13,13,
[ 2352.461483] part3,75,1005,1765,1354,1200,761,484,285,304,140,137,55,55,19,20,14,12,3,7,9,
[ 2352.470011] part4,15,276,336,332,261,150,142,81,96,57,45,14,11,7,4,3,1,0,0,0,
[ 2352.477484] part5,3,270,443,235,79,25,7,7,3,4,12,5,3,3,2,0,1,0,0,0,
[ 2353.049520] (1)-2539	[[HDMI][PWR][WARN]] PWR_STS : FG_HDMI=1, P0/P1/P2/P3(active,fsm,vs_cnt,pol,int) =  P0(0,PS_OFF,0,0,0)/P1(0,PS_OFF,0,0,0)/P2(0,PS_OFF,0,0,0)/P3(1,PS_OFF,73834,1,0)
[ 2353.477128] part1,156,582,844,745,824,576,430,286,267,177,149,77,76,29,29,18,9,5,3,1,
[ 2353.485334] part2,18,478,1681,1511,1703,1413,1526,931,808,401,360,166,151,75,55,26,25,9,11,14,
[ 2353.494297] part3,6,310,986,959,753,517,428,282,272,119,105,41,36,20,29,12,4,2,2,1,
[ 2353.502292] part4,10,258,362,343,270,183,110,62,73,59,41,28,13,5,3,0,1,0,0,0,
[ 2353.509765] part5,6,283,453,221,74,38,11,12,12,5,17,6,5,3,0,0,0,0,0,0,
[ 2354.510479] part1,233,462,451,292,130,31,6,1,0,0,0,0,0,0,0,0,0,0,0,0,
[ 2354.517278] part2,9,96,204,178,165,75,48,38,30,11,11,10,3,0,1,0,0,0,0,0,
[ 2354.524304] part3,34,218,332,340,357,288,302,249,267,158,169,83,76,29,40,16,24,26,14,7,
[ 2354.532667] part4,0,47,61,28,15,33,14,17,36,26,35,22,35,12,10,3,0,0,0,0,
[ 2354.539718] part5,4,240,426,244,57,20,5,1,2,1,0,0,0,0,0,0,0,0,0,0,
[ 2355.543809] part1,224,471,464,277,124,34,10,1,0,0,0,0,0,0,0,0,0,0,0,0,
[ 2355.550695] part2,2,39,109,130,97,91,93,53,70,36,31,15,8,1,1,0,4,0,0,0,
[ 2355.557643] part3,0,8,51,96,111,83,121,115,148,72,137,53,70,32,29,8,21,18,4,0,
[ 2355.565219] part4,0,49,65,41,9,29,9,6,14,4,0,0,0,0,0,0,0,0,0,0,
[ 2355.571465] part5,3,265,421,225,67,25,28,16,11,7,14,6,1,1,0,0,0,0,0,0,
[ 2356.577153] part1,15466,43140,1510,295,497,480,356,268,186,78,53,24,13,10,5,3,6,5,2,7,
[ 2356.585441] part2,5608,3248,1331,555,735,458,351,221,181,193,236,122,57,25,11,2,0,0,0,0,
[ 2356.593876] part3,1595,706,561,387,418,312,251,177,174,132,74,72,62,41,21,22,21,9,20,36,
[ 2356.602320] part4,3154,668,1035,730,975,781,388,292,314,228,252,95,127,62,64,30,20,7,3,2,
[ 2356.610854] part5,24703,24814,876,779,639,381,264,177,96,51,16,12,16,8,4,6,5,3,2,0,
[ 2357.610507] part1,237,481,512,345,234,183,224,138,83,24,18,11,10,6,4,0,2,1,3,0,
[ 2357.618179] part2,12,12,14,27,82,102,136,100,114,57,80,24,26,4,5,3,2,0,0,0,
[ 2357.625475] part3,3,11,52,110,352,434,437,326,411,279,237,163,192,113,123,56,43,25,20,22,
[ 2357.634048] part4,0,54,176,352,656,418,669,310,292,83,48,18,10,6,3,4,2,2,6,2,
[ 2357.641523] part5,9,279,422,237,233,167,167,96,112,36,56,50,63,40,39,28,24,17,9,8,
[ 2358.643839] part1,222,453,449,289,154,63,106,98,65,35,33,14,13,7,12,0,2,0,0,0,
[ 2358.651422] part2,0,0,2,16,52,228,574,227,64,29,21,24,32,23,19,13,8,3,5,11,
[ 2358.658726] part3,0,1,50,120,189,301,528,573,633,360,269,129,65,30,14,5,2,1,3,5,
[ 2358.666463] part4,0,45,60,45,41,63,193,244,376,130,80,48,45,28,37,18,21,12,9,23,
[ 2358.674200] part5,3,272,384,224,104,48,44,34,50,31,64,30,38,20,31,19,23,9,11,20,
[ 2359.677218] part1,237,798,833,539,373,183,96,28,22,14,1,1,0,0,0,0,0,0,0,0,
[ 2359.684455] part2,44,638,1023,723,542,344,243,118,64,29,25,20,14,7,8,3,0,0,0,3,
[ 2359.692125] part3,59,411,520,461,329,244,263,151,120,90,113,87,81,45,50,28,19,7,4,4,
[ 2359.700220] part4,6,71,189,215,262,200,238,137,159,94,119,87,109,52,76,26,26,6,9,1,
[ 2359.708223] part5,4,264,410,235,84,27,25,10,12,6,3,3,1,1,0,0,0,0,2,0,
[ 2360.710533] part1,262,997,1013,723,490,270,230,175,148,76,64,33,55,12,19,0,1,1,0,0,
[ 2360.718559] part2,97,584,1090,698,629,460,357,183,127,57,40,31,17,10,13,10,4,1,0,2,
[ 2360.726572] part3,20,306,560,434,335,265,256,163,156,105,121,62,79,40,46,30,31,5,7,6,
[ 2360.734751] part4,22,146,242,170,158,103,118,68,64,48,64,22,50,34,48,16,13,8,7,1,
[ 2360.742570] part5,3,239,525,302,188,164,194,149,143,79,92,66,88,50,58,23,10,6,12,4,
[ 2361.743925] part1,226,516,615,467,455,189,193,66,40,20,14,3,9,2,5,2,0,0,0,0,
[ 2361.751341] part2,2,34,261,478,422,273,302,166,139,60,41,13,10,5,4,3,0,0,0,0,
[ 2361.758810] part3,36,213,413,364,337,255,268,153,172,120,128,89,94,59,59,32,28,9,10,15,
[ 2361.767197] part4,29,166,150,111,113,67,48,24,38,36,46,40,33,28,37,24,35,13,5,0,
[ 2361.774968] part5,3,262,435,228,75,37,25,10,12,21,24,18,29,24,32,23,30,6,7,1,
[ 2362.029487] (1)-2541	[[HDMI][AUDIOF]] Audio STS : FSM=5(CHECK), hbr=0/0, sample_cnt= 63106, hbr_sample_cnt=0, fifo_ov=0, type=2(LPCM), ch_mode=0, ch_num=2, acr_freq=48000, wait_acr_cnt=1
[ 2362.777226] part1,234,679,1661,869,523,239,101,50,50,46,26,9,7,3,5,0,4,2,0,2,
[ 2362.784731] part2,0,16,435,272,226,148,142,97,76,38,30,14,7,9,13,2,3,2,1,6,
[ 2362.792027] part3,42,292,452,356,274,199,169,82,76,58,60,22,35,36,55,26,36,18,23,10,
[ 2362.800114] part4,0,48,47,45,22,16,14,3,10,3,2,0,2,0,3,2,3,2,5,9,
[ 2362.806552] part5,3,275,421,200,76,17,5,1,0,2,3,1,2,2,7,2,6,4,13,19,
[ 2363.269597] (1)-2539	[[HDMI][PWR][WARN]] PWR_STS : FG_HDMI=1, P0/P1/P2/P3(active,fsm,vs_cnt,pol,int) =  P0(0,PS_OFF,0,0,0)/P1(0,PS_OFF,0,0,0)/P2(0,PS_OFF,0,0,0)/P3(1,PS_OFF,74430,1,0)
[ 2363.810582] part1,215,451,464,278,157,82,110,94,28,5,3,0,0,0,0,0,0,0,0,0,
[ 2363.817733] part2,38,341,489,486,415,189,125,48,32,8,7,1,0,1,0,1,0,0,0,0,
[ 2363.824849] part3,2,36,91,98,142,113,118,97,68,48,64,37,27,10,13,4,1,0,0,0,
[ 2363.832171] part4,26,201,263,235,176,105,74,14,12,6,2,0,0,0,1,2,0,0,0,0,
[ 2363.839213] part5,5,255,442,279,112,34,18,11,6,2,0,0,0,0,0,0,0,0,0,0,
[ 2364.843915] part1,220,459,470,297,218,116,123,51,30,4,1,0,0,0,0,0,0,0,0,0,
[ 2364.851152] part2,48,449,1010,617,353,175,88,41,27,10,4,3,1,1,1,0,1,1,0,0,
[ 2364.858368] part3,26,239,334,267,275,180,120,44,59,25,18,8,6,1,0,2,0,0,0,0,
[ 2364.865676] part4,41,415,622,583,446,284,239,139,134,48,50,22,32,21,12,4,4,1,1,0,
[ 2364.873496] part5,10,321,606,434,250,96,44,20,17,11,3,4,4,0,1,1,0,0,0,1,
[ 2365.877271] part1,235,484,526,348,192,80,72,56,42,15,6,5,1,1,0,0,0,0,0,2,
[ 2365.884421] part2,121,463,498,323,196,98,35,24,11,4,1,2,0,0,0,0,0,0,0,0,
[ 2365.891474] part3,13,295,203,64,30,7,12,7,10,7,5,2,3,0,0,0,0,0,0,0,
[ 2365.898080] part4,15,228,404,174,115,31,27,1,3,0,0,0,0,0,0,0,0,0,0,0,
[ 2365.904851] part5,3,255,496,263,97,38,24,4,5,1,0,0,0,0,0,0,0,0,0,0,
[ 2366.910607] part1,230,570,788,630,452,227,64,18,32,11,4,3,1,1,2,0,1,0,3,1,
[ 2366.917842] part2,53,683,1479,887,624,298,120,81,55,33,34,32,13,8,11,13,10,7,10,14,
[ 2366.925858] part3,115,597,1086,963,659,283,139,55,29,18,9,14,6,4,9,2,3,7,1,4,
[ 2366.933343] part4,89,728,946,639,547,188,95,43,34,10,7,2,4,1,1,0,0,0,0,0,
[ 2366.940460] part5,32,379,570,343,240,133,96,54,54,23,12,5,6,2,2,0,0,0,0,0,
[ 2367.943944] part1,217,570,745,457,348,151,54,21,25,4,7,4,2,0,1,0,0,0,0,0,
[ 2367.951098] part2,89,942,1439,883,757,357,146,61,35,24,26,17,13,12,11,11,12,10,9,11,
[ 2367.959198] part3,124,664,1108,801,604,288,148,65,34,23,17,6,10,6,3,1,6,7,3,11,
[ 2367.966850] part4,83,830,1048,603,610,217,88,50,21,6,6,2,4,3,1,0,0,4,0,2,
[ 2367.973968] part5,82,500,601,401,261,158,93,68,37,26,15,11,2,0,1,0,0,0,0,0,
[ 2368.977288] part1,231,521,535,330,220,102,47,29,18,12,7,2,1,0,1,0,0,0,0,0,
[ 2368.984542] part2,85,1040,1609,981,824,369,123,87,60,30,20,10,8,5,4,3,2,4,2,8,
[ 2368.992112] part3,81,677,978,715,596,266,138,87,64,42,17,10,6,10,3,4,4,5,5,8,
[ 2368.999590] part4,82,680,1050,787,539,258,79,33,21,13,5,4,4,5,5,5,2,4,2,6,
[ 2369.006812] part5,57,585,707,419,267,151,88,47,52,23,10,6,2,0,0,0,0,0,0,0,
[ 2370.010634] part1,215,523,523,305,208,77,47,23,18,12,6,2,2,1,0,0,0,0,0,0,
[ 2370.017789] part2,194,1165,1401,900,689,288,90,41,24,13,5,6,3,5,6,2,4,2,2,1,
[ 2370.025179] part3,143,972,1180,830,608,296,140,89,48,40,24,16,25,8,18,8,14,14,13,12,
[ 2370.033269] part4,105,783,1009,776,533,207,72,28,22,15,10,4,3,2,1,3,5,2,4,15,
[ 2370.040749] part5,32,490,642,400,270,132,82,61,32,21,8,1,0,0,0,0,0,0,0,0,
[ 2371.044075] part1,218,449,430,
[ 2371.047034] (1)-0000	264,162,108,151,173,219,100,30,27,23,11,3,1,0,0,0,0,
[ 2371.054300] part2,0,1,29,97,298,411,549,378,249,103,85,55,18,11,7,4,2,1,1,7,
[ 2371.061692] part3,43,389,914,1244,1215,935,672,482,401,299,222,131,99,38,41,23,22,9,5,8,
[ 2371.070129] part4,3,89,168,319,613,471,431,292,197,127,129,84,74,29,12,7,
[ 2371.077011] (1)-0000	11,4,2,0,
[ 2371.080336] part5,4,231,404,323,204,148,93,68,77,72,87,49,29,18,8,3,4,3,4,0,
[ 2372.077337] part1,208,396,458,254,141,33,14,5,2,3,3,2,4,2,1,1,1,0,0,0,
[ 2372.084225] part2,2,3,17,48,67,34,166,79,47,23,13,3,9,2,11,3,4,2,4,24,
[ 2372.091088] part3,5,79,212,214,250,167,229,226,347,278,248,119,103,52,44,15,11,8,3,3,
[ 2372.099273] part4,0,54,90,102,71,73,68,60,91,24,14,6,6,2,0,4,1,0,0,0,
[ 2372.106054] part5,5,239,442,230,135,203,353,315,261,118,79,69,94,54,79,39,35,9,6,0,
[ 2373.110736] part1,227,451,486,289,164,78,47,15,18,14,38,35,27,6,5,2,0,1,4,23,
[ 2373.118241] part2,1,2,23,26,54,35,24,16,18,24,47,33,51,23,28,9,15,8,12,37,
[ 2373.125451] part3,3,15,59,216,255,242,320,194,221,102,143,107,91,59,50,32,42,19,17,17,
[ 2373.133729] part4,4,63,53,34,95,144,217,129,121,84,82,24,30,13,22,14,12,7,6,13,
[ 2373.141385] part5,4,246,393,231,81,33,10,7,4,6,12,1,4,0,0,0,0,0,0,0,
[ 2373.519547] (2)-2539	[[HDMI][PWR][WARN]] PWR_STS : FG_HDMI=1, P0/P1/P2/P3(active,fsm,vs_cnt,pol,int) =  P0(0,PS_OFF,0,0,0)/P1(0,PS_OFF,0,0,0)/P2(0,PS_OFF,0,0,0)/P3(1,PS_OFF,75022,1,0)
[ 2374.144018] part1,224,451,486,310,317,369,330,192,293,110,54,32,35,17,17,7,23,13,9,12,
[ 2374.152300] part2,6,12,62,139,122,165,253,208,257,192,181,130,96,40,21,3,5,3,6,12,
[ 2374.160210] part3,6,29,104,161,157,119,126,95,116,89,98,61,65,25,56,23,29,4,7,7,
[ 2374.167965] part4,6,83,124,107,157,106,88,35,28,16,21,12,23,20,32,14,44,31,31,5,
[ 2374.175703] part5,5,234,436,219,77,25,7,6,3,4,2,0,0,0,0,0,0,0,0,13,
[ 2374.319850] (3)-2541	[[HDMI][AUDIOF]] Audio STS : FSM=5(CHECK), hbr=0/0, sample_cnt= 63707, hbr_sample_cnt=0, fifo_ov=0, type=2(LPCM), ch_mode=0, ch_num=2, acr_freq=48000, wait_acr_cnt=1
[ 2375.177363] part1,201,531,435,239,163,70,52,18,8,7,6,3,2,1,0,1,0,1,0,0,
[ 2375.184346] part2,1,1,378,1585,1469,1324,1205,829,552,235,142,53,35,10,14,7,10,2,2,4,
[ 2375.192531] part3,0,5,180,478,498,523,525,317,262,138,112,58,27,5,5,5,3,1,0,1,
[ 2375.200097] part4,0,60,89,67,227,461,819,289,221,83,51,36,27,25,18,14,15,12,19,28,
[ 2375.208011] part5,24,199,358,246,516,453,472,214,220,130,121,96,84,46,52,45,55,21,14,28,
[ 2376.210703] part1,3254,7094,675,518,670,450,297,162,92,46,45,31,7,4,8,5,4,6,4,8,
[ 2376.218471] part2,2825,4058,1179,999,1543,1502,1065,706,413,269,222,127,88,30,30,12,8,4,2,4,
[ 2376.227267] part3,1935,2031,239,281,488,513,414,281,267,192,148,81,67,35,25,11,10,4,6,5,
[ 2376.235706] part4,92,145,435,243,390,792,962,576,462,228,171,78,53,24,22,14,13,9,7,14,
[ 2376.243970] part5,982,1436,465,285,359,241,210,174,160,101,71,52,56,37,52,45,39,8,6,6,
[ 2377.244061] part1,225,466,453,274,146,39,12,2,0,0,0,0,0,0,0,0,0,0,0,0,
[ 2377.250962] part2,1,1,0,2,11,10,17,3,20,5,7,5,12,5,8,4,2,0,0,0,
[ 2377.257220] part3,0,3,15,8,10,1,4,4,14,7,7,6,5,4,2,0,0,0,0,0,
[ 2377.263301] part4,0,36,47,30,9,5,0,0,0,0,0,0,0,0,0,0,0,0,0,0,
[ 2377.269386] part5,5,249,437,198,75,26,7,2,2,1,0,0,0,0,0,0,0,0,0,0,
[ 2378.277394] part1,223,464,465,279,128,33,11,0,0,0,0,0,0,0,0,0,0,0,0,0,
[ 2378.284292] part2,0,0,0,0,0,0,0,0,0,0,0,0,0,0,0,0,0,0,0,0,
[ 2378.290093] part3,0,0,0,0,0,0,0,0,0,0,0,0,0,0,0,0,0,0,0,0,
[ 2378.295940] part4,0,50,54,12,6,4,1,0,0,0,0,0,0,0,0,0,0,0,0,0,
[ 2378.302010] part5,4,292,409,204,62,19,6,3,0,0,0,0,0,0,0,0,0,0,0,0,

[END] 12/6/2019 4:07:54 PM
