[BEGIN] 12/6/2019 4:03:44 PM
[ 2144.774890] part1,8,162,324,116,33,11,8,5,1,1,2,0,0,0,0,0,0,0,0,0,
[ 2144.781467] part2,2,107,173,51,31,22,13,6,43,21,37,3,0,0,0,0,0,0,0,0,
[ 2144.788298] part3,4,3,23,44,66,51,111,39,61,14,2,0,0,0,0,0,0,0,0,0,
[ 2144.794913] part4,31,21,14,34,87,33,49,18,50,8,23,5,16,5,2,0,0,0,0,0,
[ 2144.801693] part5,122,456,257,87,45,23,9,4,3,2,3,0,3,4,3,2,0,0,0,0,
[ 2145.808172] part1,6,133,262,176,55,20,13,7,3,2,1,0,0,0,0,0,0,0,0,0,
[ 2145.814808] part2,2,141,161,46,13,3,9,4,43,9,46,1,0,0,0,0,0,0,0,0,
[ 2145.821328] part3,1,5,17,26,74,74,109,41,82,25,28,11,0,0,0,0,0,0,0,0,
[ 2145.828099] part4,14,15,8,41,84,46,63,19,33,3,1,0,0,0,0,0,0,0,0,0,
[ 2145.834628] part5,115,436,306,113,60,29,43,15,41,7,15,4,9,0,3,0,0,0,0,0,
[ 2146.329561] (0)-2539	[[HDMI][PWR][WARN]] PWR_STS : FG_HDMI=1, P0/P1/P2/P3(active,fsm,vs_cnt,pol,int) =  P0(0,PS_OFF,0,0,0)/P1(0,PS_OFF,0,0,0)/P2(0,PS_OFF,0,0,0)/P3(1,PS_OFF,62048,1,0)
[ 2146.841514] part1,5,137,293,168,38,20,11,5,4,1,1,0,0,0,0,0,0,0,0,0,
[ 2146.848151] part2,1,116,171,49,18,5,5,3,40,14,41,3,0,0,0,0,0,0,0,0,
[ 2146.854749] part3,1,4,15,27,48,27,97,23,91,21,39,6,1,0,0,0,0,0,0,0,
[ 2146.861359] part4,18,19,13,29,89,63,57,15,39,2,0,0,0,0,0,0,0,0,0,0,
[ 2146.867970] part5,113,446,275,89,61,24,44,14,22,4,8,2,7,0,1,0,0,0,0,0,
[ 2147.874860] part1,6,97,238,186,73,27,15,10,7,3,2,0,2,0,0,0,0,0,0,0,
[ 2147.881500] part2,2,108,193,65,33,10,2,2,0,0,0,1,0,0,0,0,0,0,0,0,
[ 2147.887920] part3,0,0,0,0,0,0,0,0,0,0,0,0,0,0,0,0,0,0,0,0,
[ 2147.893754] part4,0,0,0,0,0,0,0,0,0,0,0,0,0,0,0,0,0,0,0,0,
[ 2147.899558] part5,154,363,143,25,13,1,0,0,0,0,0,0,0,0,0,0,0,0,0,0,
[ 2148.891536] part1,8,143,242,149,49,16,7,2,7,0,5,0,1,1,1,4,7,3,0,4,
[ 2148.898077] part2,3,127,177,63,33,12,9,3,21,9,2,1,0,0,0,0,0,0,0,0,
[ 2148.904600] part3,0,0,0,19,32,9,7,9,12,2,1,0,0,0,0,0,0,0,0,0,
[ 2148.910671] part4,0,0,4,141,264,93,53,31,35,11,10,1,0,0,0,0,0,0,0,0,
[ 2148.917370] part5,141,362,140,27,11,4,0,0,0,0,0,0,0,0,0,0,0,0,0,0,
[ 2149.924891] part1,5,209,300,120,20,14,4,3,3,0,0,0,0,0,0,0,0,0,0,0,
[ 2149.931446] part2,2,150,261,82,39,7,3,6,0,0,0,0,0,0,0,0,0,0,0,0,
[ 2149.937790] part3,0,41,213,209,154,111,103,41,46,20,7,1,2,4,0,0,0,0,0,0,
[ 2149.944828] part4,0,36,44,124,105,52,3,0,7,1,0,0,0,0,0,0,0,0,0,0,
[ 2149.951261] part5,151,368,137,23,11,3,0,0,0,0,0,0,0,0,0,0,0,0,0,0,
[ 2150.958223] part1,4,201,275,134,29,12,8,2,6,0,1,0,2,0,0,0,0,0,0,0,
[ 2150.964771] part2,5,138,216,49,62,50,52,15,52,15,10,1,1,0,0,0,0,0,0,0,
[ 2150.971625] part3,0,0,1,6,2,3,40,44,11,4,0,0,0,0,0,0,0,0,0,0,
[ 2150.977721] part4,0,9,97,157,112,92,88,77,19,5,0,0,0,0,0,0,0,0,0,0,
[ 2150.984325] part5,148,385,134,20,11,4,0,0,0,0,0,0,0,0,0,0,0,0,0,0,
[ 2151.991578] part1,3,167,256,145,37,22,11,7,10,5,4,1,0,0,0,2,1,0,0,2,
[ 2151.998287] part2,2,123,162,57,20,12,3,1,2,0,1,0,0,0,0,0,0,0,0,0,
[ 2152.004704] part3,0,0,0,1,12,9,1,1,3,0,0,0,0,0,0,0,0,0,0,0,
[ 2152.010631] part4,0,5,53,106,175,152,70,16,7,0,0,0,0,0,0,0,0,0,0,0,
[ 2152.017235] part5,
[ 2152.019092] (2)-0000	129,436,243,96,55,22,3,0,1,0,0,0,0,0,0,0,0,0,0,0,
[ 2152.219491] (1)-2541	[[HDMI][AUDIOF]] Audio STS : FSM=5(CHECK), hbr=0/0, sample_cnt= 52889, hbr_sample_cnt=0, fifo_ov=0, type=2(LPCM), ch_mode=0, ch_num=2, acr_freq=48000, wait_acr_cnt=1
[ 2153.024923] part1,8,170,324,110,51,36,28,7,5,1,0,0,0,0,0,0,0,0,0,0,
[ 2153.031550] part2,2,132,172,61,64,19,43,21,58,23,25,7,14,1,2,0,0,0,0,0,
[ 2153.038495] part3,1,13,25,39,51,25,39,29,32,17,31,13,31,8,4,0,0,0,0,0,
[ 2153.045371] part4,0,0,0,0,0,0,0,0,0,0,0,0,0,0,0,0,0,0,0,0,
[ 2153.051175] part5,135,382,133,22,13,2,0,1,1,0,0,0,0,0,0,0,0,0,0,0,
[ 2154.058299] part1,6,154,344,186,176,71,60,14,8,1,3,0,0,0,0,0,0,0,0,0,
[ 2154.065089] part2,1,143,198,89,65,21,46,21,44,18,38,6,6,1,1,0,0,0,0,0,
[ 2154.071946] part3,15,42,63,61,73,49,65,29,37,18,41,13,18,3,12,0,0,0,0,0,
[ 2154.079000] part4,0,0,0,0,0,0,0,0,0,0,0,0,0,0,0,0,0,0,0,0,
[ 2154.084800] part5,116,432,184,32,9,2,0,1,0,0,0,0,0,0,0,0,0,0,0,0,
[ 2155.091613] part1,8,185,359,200,161,64,43,7,5,0,0,0,0,0,0,0,0,0,0,0,
[ 2155.098327] part2,4,152,228,112,92,43,53,26,59,19,33,7,6,0,0,0,0,0,0,0,
[ 2155.105288] part3,14,49,75,67,77,56,45,38,33,16,42,12,18,10,5,0,0,0,0,0,
[ 2155.112334] part4,0,0,0,0,0,0,0,0,0,0,0,0,0,0,0,0,0,0,0,0,
[ 2155.118136] part5,137,436,173,27,9,5,1,0,0,0,0,0,0,0,0,0,0,0,0,0,
[ 2156.124952] part1,7,173,317,174,93,29,42,17,9,0,1,1,1,0,0,0,0,0,0,0,
[ 2156.131657] part2,4,147,230,124,92,27,55,38,51,24,29,4,8,1,0,0,0,0,0,0,
[ 2156.138621] part3,37,75,102,91,90,52,52,46,46,19,31,8,17,10,6,1,0,0,0,0,
[ 2156.145660] part4,0,0,0,0,0,0,0,0,0,0,0,0,0,0,0,0,0,0,0,0,
[ 2156.151483] part5,121,447,219,40,8,3,0,0,0,0,0,0,0,0,0,0,0,0,0,0,
[ 2156.599612] (0)-2539	[[HDMI][PWR][WARN]] PWR_STS : FG_HDMI=1, P0/P1/P2/P3(active,fsm,vs_cnt,pol,int) =  P0(0,PS_OFF,0,0,0)/P1(0,PS_OFF,0,0,0)/P2(0,PS_OFF,0,0,0)/P3(1,PS_OFF,62638,1,0)
[ 2157.158292] part1,33,287,465,370,272,216,237,103,57,24,15,7,0,0,1,0,0,0,0,0,
[ 2157.165710] part2,14,208,305,239,314,252,342,126,132,36,14,9,1,0,0,0,0,0,0,0,
[ 2157.173195] part3,4,29,107,166,256,183,270,173,177,43,49,12,12,6,5,1,1,0,0,0,
[ 2157.180675] part4,1,29,135,192,261,193,200,91,130,41,91,18,19,3,1,0,0,0,0,0,
[ 2157.188053] part5,111,490,467,333,332,117,171,59,113,24,51,7,6,0,1,1,0,0,0,0,
[ 2158.191630] part1,24,273,481,384,252,195,250,102,68,14,6,3,0,0,0,0,0,0,0,0,
[ 2158.198959] part2,16,194,262,228,300,273,333,125,122,36,34,10,1,0,0,0,0,0,0,0,
[ 2158.206523] part3,2,18,87,150,206,174,280,170,174,42,47,18,11,9,4,4,0,1,0,0,
[ 2158.213911] part4,0,0,50,90,121,72,91,43,92,28,79,23,26,6,4,1,0,0,0,0,
[ 2158.220775] part5,133,498,485,377,418,132,168,74,124,34,44,7,4,4,0,0,0,0,0,0,
[ 2159.224993] part1,5,126,251,167,56,25,13,15,10,4,2,2,0,0,1,0,0,0,0,0,
[ 2159.231807] part2,0,142,158,40,20,7,2,0,2,0,0,0,0,0,0,0,0,0,0,0,
[ 2159.238152] part3,0,0,1,4,20,27,43,22,20,6,6,3,6,0,0,0,4,0,0,0,
[ 2159.244415] part4,0,0,0,0,2,4,43,27,29,8,21,4,2,1,8,0,4,0,0,0,
[ 2159.250580] part5,103,491,216,60,30,6,1,3,9,0,0,0,0,0,0,0,0,0,0,0,
[ 2160.258331] part1,5,177,268,141,41,21,7,9,3,0,1,0,0,0,0,0,0,0,0,0,
[ 2160.264879] part2,1,119,158,56,26,12,2,6,2,1,2,1,1,0,0,0,0,0,0,0,
[ 2160.271300] part3,0,0,5,5,9,10,53,30,31,19,30,6,5,1,0,0,0,0,0,0,
[ 2160.277694] part4,0,3,4,2,10,2,12,17,14,6,2,0,0,0,0,0,0,0,0,0,
[ 2160.283854] part5,103,480,301,110,47,5,0,0,1,0,0,0,0,0,0,0,0,0,0,0,
[ 2161.291681] part1,5,148,260,151,45,18,10,9,9,2,3,2,1,0,0,1,0,0,0,0,
[ 2161.298306] part2,2,138,175,49,23,13,5,0,0,0,1,1,0,0,0,0,0,0,0,0,
[ 2161.304733] part3,0,0,4,27,22,5,9,3,2,1,0,0,0,0,0,0,0,0,0,0,
[ 2161.310747] part4,0,1,4,11,47,94,179,57,89,26,38,13,13,5,5,3,0,0,0,0,
[ 2161.317517] part5,108,465,205,53,18,7,3,1,1,0,0,0,0,0,0,0,0,0,0,0,
[ 2162.325038] part1,0,0,0,0,0,0,0,0,0,0,0,0,0,0,0,0,0,0,0,0,
[ 2162.330864] part2,0,0,0,0,0,0,0,0,0,0,0,0,0,0,0,0,0,0,0,0,
[ 2162.336499] (3)-0000	
[ 2162.338978] part3,0,0,0,0,0,0,0,0,0,0,0,0,0,0,0,0,0,0,0,0,
[ 2162.344800] part4,0,0,0,0,0,0,0,0,0,0,0,0,0,0,0,0,0,0,0,0,
[ 2162.350612] part5,0,0,0,0,0,0,0,0,0,0,0,0,0,0,0,0,0,0,0,0,

[END] 12/6/2019 4:04:17 PM
