[BEGIN] 12/6/2019 3:35:11 PM
[  446.639737] part1,369,951,944,318,92,41,12,3,1,0,0,0,0,0,0,0,0,0,0,0,
[  446.646546] part2,25,185,398,145,34,28,4,6,3,0,0,0,0,0,0,0,0,0,0,0,
[  446.653141] part3,225,1477,1145,219,55,27,23,9,3,0,0,0,0,0,0,0,0,0,0,0,
[  446.660100] part4,20,10,32,37,48,31,26,12,9,0,0,0,0,0,0,0,0,0,0,0,
[  446.666621] part5,100,104,305,48,4,0,0,0,0,0,0,0,0,0,0,0,0,0,0,0,
[  447.673074] part1,348,992,942,315,91,27,5,1,0,0,0,0,0,0,0,0,0,0,0,0,
[  447.679787] part2,20,169,394,126,37,10,5,2,1,0,0,0,0,0,0,0,0,0,0,0,
[  447.686378] part3,151,1096,1008,193,65,23,26,9,6,0,0,0,0,0,0,0,0,0,0,0,
[  447.693342] part4,16,2,27,46,49,18,28,14,12,0,0,0,0,0,0,0,0,0,0,0,
[  447.699860] part5,122,103,294,62,0,0,0,0,0,0,0,0,0,0,0,0,0,0,0,0,
[  448.706420] part1,395,1758,837,288,158,47,15,1,5,0,0,0,0,0,0,0,0,0,0,0,
[  448.713395] part2,30,216,404,204,140,43,47,10,6,3,2,2,1,0,0,0,0,0,0,0,
[  448.720245] part3,9,59,162,89,41,36,25,11,3,1,1,0,2,1,0,0,0,0,0,0,
[  448.726771] part4,1,0,0,1,1,1,6,1,4,0,0,0,0,0,0,0,0,0,0,0,
[  448.732586] part5,116,99,304,58,1,0,0,0,0,0,0,0,0,0,0,0,0,0,0,0,
[  449.739803] part1,354,1727,840,302,92,25,3,0,0,0,0,0,0,0,0,0,0,0,0,0,
[  449.746592] part2,1,2,20,7,5,1,0,0,0,0,0,0,0,0,0,0,0,0,0,0,
[  449.752501] part3,50,109,197,105,114,75,87,26,16,6,2,1,0,0,0,0,0,0,0,0,
[  449.759457] part4,
[  449.761313] (3)-3883	41,187,351,181,82,19,4,1,0,0,0,0,0,0,0,0,0,0,0,0,
[  449.768351] part5,106,107,311,75,17,7,6,0,0,0,0,0,0,0,0,0,0,0,0,0,
[  450.773101] part1,336,942,940,305,87,30,10,4,1,0,0,0,0,0,0,0,0,0,0,0,
[  450.779897] part2,15,141,400,100,30,7,0,1,3,0,0,0,0,0,0,0,0,0,0,0,
[  450.786407] part3,138,1084,1000,156,56,31,23,14,2,0,0,0,0,0,0,0,0,0,0,0,
[  450.793453] part4,22,10,27,44,49,21,23,12,3,0,0,0,0,0,0,0,0,0,0,0,
[  450.799955] part5,120,107,289,65,2,0,0,0,0,0,0,0,0,0,0,0,0,0,0,0,
[  451.806451] part1,363,1748,877,268,79,24,5,0,0,0,0,0,0,0,0,0,0,0,0,0,
[  451.813235] part2,1,4,24,11,1,0,0,0,0,0,0,0,0,0,0,0,0,0,0,0,
[  451.819234] part3,54,175,264,173,153,115,101,24,14,2,1,0,0,0,0,0,0,0,0,0,
[  451.826357] part4,60,275,388,184,99,23,12,0,0,0,0,0,0,0,0,0,0,0,0,0,
[  451.833049] part5,117,113,312,71,23,17,4,1,2,0,0,0,0,0,0,0,0,0,0,0,
[  452.839807] part1,350,1726,867,283,82,27,2,0,0,0,0,0,0,0,0,0,0,0,0,0,
[  452.846601] part2,0,1,23,7,2,0,0,0,0,0,0,0,0,0,0,0,0,0,0,0,
[  452.852513] part3,37,108,179,141,114,81,108,40,13,3,4,0,0,0,0,0,0,0,0,0,
[  452.859539] part4,32,216,283,218,112,21,10,0,1,0,0,0,0,0,0,0,0,0,0,0,
[  452.866329] part5,116,109,298,77,16,11,6,2,3,0,0,0,0,0,0,0,0,0,0,0,
[  453.339519] (2)-2539	[[HDMI][PWR][WARN]] PWR_STS : FG_HDMI=1, P0/P1/P2/P3(active,fsm,vs_cnt,pol,int) =  P0(0,PS_OFF,0,0,0)/P1(0,PS_OFF,0,0,0)/P2(0,PS_OFF,0,0,0)/P3(1,PS_OFF,24592,1,0)
[  453.873143] part1,338,915,949,313,88,28,9,1,0,0,0,0,0,0,0,0,0,0,0,0,
[  453.879863] part2,16,130,375,108,34,11,2,1,3,0,0,0,0,0,0,0,0,0,0,0,
[  453.886469] part3,158,1110,923,185,64,35,26,10,7,0,0,0,0,0,0,0,0,0,0,0,
[  453.893423] part4,5,9,26,36,41,26,30,10,12,0,0,0,0,0,0,0,0,0,0,0,
[  453.899855] part5,106,103,298,57,4,0,1,0,0,0,0,0,0,0,0,0,0,0,0,0,
[  454.906477] part1,337,910,951,309,93,25,4,2,1,0,0,0,0,0,0,0,0,0,0,0,
[  454.913203] part2,0,0,0,0,0,0,0,0,0,0,0,0,0,0,0,0,0,0,0,0,
[  454.919009] part3,6,103,191,73,34,7,11,2,2,0,0,0,0,0,0,0,0,0,0,0,
[  454.925443] part4,98,881,830,291,119,35,17,4,4,0,0,0,0,0,0,0,0,0,0,0,
[  454.932216] part5,115,124,369,82,20,6,2,1,1,0,0,0,0,0,0,0,0,0,0,0,
[  455.939841] part1,402,1745,842,345,119,28,11,3,1,0,0,0,0,0,0,0,0,0,0,0,
[  455.946827] part2,53,415,624,310,169,81,45,13,11,2,2,1,0,0,0,0,0,0,0,0,
[  455.953763] part3,5,47,118,51,34,14,20,3,5,3,1,2,0,0,1,0,0,0,0,0,
[  455.960200] part4,0,0,0,0,0,0,0,3,1,0,0,0,0,0,0,0,0,0,0,0,
[  455.966009] part5,107,94,317,49,2,0,0,0,0,0,0,0,0,0,0,0,0,0,0,0,
[  456.289703] (0)-2541	[[HDMI][AUDIOF]] Audio STS : FSM=5(CHECK), hbr=0/0, sample_cnt= 21036, hbr_sample_cnt=0, fifo_ov=0, type=2(LPCM), ch_mode=0, ch_num=2, acr_freq=48000, wait_acr_cnt=1
[  456.973171] part1,397,1757,867,330,99,34,14,2,3,0,0,0,0,0,0,0,0,0,0,0,
[  456.980057] part2,60,515,747,293,161,72,53,14,9,4,1,0,0,0,0,0,0,0,0,0,
[  456.986910] part3,6,54,113,48,28,16,14,6,2,2,3,0,3,1,0,0,0,0,0,0,
[  456.993351] part4,0,1,0,0,0,0,0,0,2,0,0,0,0,0,0,0,0,0,0,0,
[  456.999156] part5,114,102,297,58,2,0,0,0,0,0,0,0,0,0,0,0,0,0,0,0,
[  458.006520] part1,344,901,965,313,80,29,5,0,1,0,0,0,0,0,0,0,0,0,0,0,
[  458.013227] part2,0,0,0,0,0,0,0,0,0,0,0,0,0,0,0,0,0,0,0,0,
[  458.019048] part3,3,29,145,81,39,16,14,5,1,0,0,0,0,0,0,0,0,0,0,0,
[  458.025484] part4,152,1091,955,315,135,39,28,3,4,0,0,0,0,0,0,0,0,0,0,0,
[  458.032427] part5,110,122,369,79,20,2,6,0,1,0,0,0,0,0,0,0,0,0,0,0,
[  459.039872] part1,344,906,941,332,86,24,4,1,0,0,0,0,0,0,0,0,0,0,0,0,
[  459.046579] part2,0,0,0,0,0,0,0,0,0,0,0,0,0,0,0,0,0,0,0,0,
[  459.052406] part3,9,129,202,88,43,17,12,4,5,1,0,0,0,0,0,0,0,0,0,0,
[  459.058928] part4,177,1192,986,284,132,41,27,4,3,0,0,0,0,0,0,0,0,0,0,0,
[  459.065876] part5,120,127,375,88,22,6,3,3,0,1,0,0,0,0,0,0,0,0,0,0,
[  460.073201] part1,395,1735,862,330,104,44,15,1,2,0,0,0,0,0,0,0,0,0,0,0,
[  460.080164] part2,60,512,712,284,163,84,47,12,9,2,1,4,0,0,0,0,0,0,0,0,
[  460.087038] part3,5,61,122,38,31,17,13,9,10,2,2,2,3,0,1,1,0,0,0,0,
[  460.093550] part4,0,0,0,0,1,0,11,10,2,0,0,0,0,0,0,0,0,0,0,0,
[  460.099544] part5,117,100,294,60,3,0,0,0,0,0,0,0,0,0,0,0,0,0,0,0,
[  461.106637] part1,371,1233,1497,757,433,265,254,102,75,16,10,1,0,0,0,0,0,0,0,0,
[  461.114352] part2,15,175,722,349,203,138,127,52,29,8,6,
[  461.119603] (2)-0000	0,2,0,0,0,0,0,0,0,
[  461.123784] part3,23,196,619,150,99,60,99,53,29,2,0,0,0,0,0,0,0,0,0,0,
[  461.130658] part4,63,273,1193,329,128,100,181,225,337,80,52,6,2,0,0,0,0,0,0,0,
[  461.138218] part5,165,326,1168,539,359,216,241,131,229,78,49,7,5,3,2,1,3,0,0,0,
[  462.139913] part1,367,1208,1447,760,368,212,266,108,52,11,13,5,1,0,0,0,0,0,0,0,
[  462.147586] part2,17,271,711,241,258,159,168,33,18,7,6,0,0,0,0,0,0,0,0,0,
[  462.154719] part3,26,257,729,209,130,81,117,41,26,2,0,0,0,0,0,0,0,0,0,0,
[  462.161750] part4,22,131,457,211,92,127,387,240,333,96,65,6,3,0,0,0,0,0,0,0,
[  462.169139] part5,157,434,1158,582,395,243,250,128,238,107,75,7,4,0,0,0,0,0,0,0,
[  463.173235] part1,362,1262,1458,672,356,201,261,79,39,9,13,4,0,0,0,1,0,0,0,0,
[  463.180741] part2,16,189,478,206,236,166,227,46,28,5,0,0,0,0,0,0,0,0,0,0,
[  463.187874] part3,29,259,814,181,108,49,62,18,48,2,1,0,0,0,0,0,0,0,0,0,
[  463.194816] part4,23,92,412,166,89,72,72,68,172,69,46,2,1,0,0,0,0,0,0,0,
[  463.201863] part5,141,375,1040,523,390,270,255,106,253,117,116,6,11,2,0,0,0,1,0,0,
[  463.509623] (2)-2539	[[HDMI][PWR][WARN]] PWR_STS : FG_HDMI=1, P0/P1/P2/P3(active,fsm,vs_cnt,pol,int) =  P0(0,PS_OFF,0,0,0)/P1(0,PS_OFF,0,0,0)/P2(0,PS_OFF,0,0,0)/P3(1,PS_OFF,25186,1,0)
[  464.206587] part1,372,1228,1423,653,383,206,210,87,50,10,12,4,0,0,0,0,0,0,0,0,
[  464.214183] part2,22,167,465,192,226,175,238,73,9,1,1,0,2,0,0,0,0,0,0,0,
[  464.221224] part3,31,274,826,227,133,57,60,27,27,6,0,1,0,0,0,0,0,0,0,0,
[  464.228177] part4,24,117,562,183,89,68,98,84,95,28,38,2,0,0,0,0,0,0,0,0,
[  464.235222] part5,139,284,981,550,443,263,212,103,273,155,115,13,15,1,0,0,1,0,0,0,

[END] 12/6/2019 3:35:59 PM
