[BEGIN] 12/6/2019 3:42:24 PM
[  863.789494] (3)-2541	[[HDMI][AUDIOF]] Audio STS : FSM=5(CHECK), hbr=0/0, sample_cnt= 40869, hbr_sample_cnt=0, fifo_ov=0, type=2(LPCM), ch_mode=0, ch_num=2, acr_freq=48000, wait_acr_cnt=1
[  864.360949] part1,1,54,193,173,79,26,9,4,3,0,1,0,0,0,0,0,0,0,0,0,
[  864.367407] part2,0,0,0,3,54,66,40,33,30,14,8,2,2,1,0,0,0,0,0,0,
[  864.373741] part3,2,11,53,218,409,277,173,122,180,115,86,57,60,25,29,22,34,13,1,0,
[  864.381660] part4,0,2,17,101,222,252,245,166,134,88,91,46,29,8,16,3,4,0,2,0,
[  864.389059] part5,1,3,87,201,125,144,147,69,68,38,47,18,17,3,2,1,1,0,0,0,
[  864.559519] (2)-2539	[[HDMI][PWR][WARN]] PWR_STS : FG_HDMI=1, P0/P1/P2/P3(active,fsm,vs_cnt,pol,int) =  P0(0,PS_OFF,0,0,0)/P1(0,PS_OFF,0,0,0)/P2(0,PS_OFF,0,0,0)/P3(1,PS_OFF,48194,1,0)
[  865.410952] part1,2,49,184,188,83,25,12,2,2,2,0,0,0,0,0,0,0,0,0,0,
[  865.417491] part2,3,0,6,88,246,109,60,19,15,11,4,3,8,3,5,0,3,0,0,0,
[  865.424105] part3,8,45,159,372,441,288,190,155,116,65,70,39,47,15,17,11,8,6,0,0,
[  865.431850] part4,1,7,70,283,365,248,172,102,125,91,68,51,62,21,11,7,2,2,1,0,
[  865.439322] part5,1,2,86,272,221,74,44,18,14,4,8,2,3,1,0,0,0,0,0,0,
[  866.444309] part1,1,50,188,186,78,18,18,3,5,3,1,0,0,0,0,0,0,0,0,0,
[  866.450848] part2,0,0,4,64,200,71,15,8,10,13,10,3,2,2,2,0,1,0,0,0,
[  866.457370] part3,17,90,184,419,520,272,204,156,139,103,116,53,83,40,27,16,7,2,3,1,
[  866.465373] part4,0,3,49,225,455,315,163,108,144,90,89,39,33,12,15,3,1,0,1,0,
[  866.472846] part5,2,4,81,388,268,57,26,17,19,5,6,2,6,0,0,0,0,0,0,0,
[  867.477678] part1,82,1893,2941,2197,693,263,174,83,60,48,52,28,31,43,58,52,39,19,24,14,
[  867.486060] part2,43,164,494,796,182,77,48,24,18,12,10,10,4,0,1,0,1,1,0,0,
[  867.493282] part3,31,297,520,690,368,122,50,27,17,7,4,0,7,0,0,0,1,0,0,1,
[  867.500316] part4,37,332,1133,1107,479,133,86,56,41,15,13,4,3,1,1,0,0,0,0,0,
[  867.507705] part5,4,32,314,1181,951,371,234,75,64,21,24,4,4,1,3,1,0,0,0,0,
[  868.510983] part1,89,1852,3088,2141,726,276,178,78,71,52,44,35,30,39,50,42,43,31,17,6,
[  868.519275] part2,39,179,517,808,178,79,39,24,20,7,12,4,5,1,1,2,1,1,0,1,
[  868.526319] part3,38,285,532,648,402,129,52,30,7,7,1,1,5,1,1,0,1,0,1,0,
[  868.533261] part4,29,269,1159,1004,561,125,83,48,33,12,13,1,1,1,1,0,0,0,0,0,
[  868.540650] part5,12,31,311,1108,1018,342,219,81,68,18,28,6,6,1,2,1,0,1,0,0,
[  869.544360] part1,50,1807,3139,2107,753,263,166,82,66,31,44,45,51,36,46,49,47,23,16,8,
[  869.552651] part2,46,157,472,804,208,70,56,24,19,15,13,3,4,3,1,0,1,0,0,0,
[  869.559777] part3,29,336,440,710,409,111,56,30,19,7,2,0,3,5,0,0,0,0,0,1,
[  869.566858] part4,3,142,939,931,512,176,140,78,49,19,16,5,1,0,0,0,0,0,0,0,
[  869.574126] part5,13,35,283,873,1168,306,203,70,53,25,25,5,2,4,2,0,0,0,0,0,
[  870.577678] part1,64,1821,3030,2145,750,258,174,80,66,42,33,34,47,53,61,40,47,25,11,11,
[  870.586057] part2,32,185,471,784,200,88,47,25,19,14,12,5,2,3,3,1,0,0,1,0,
[  870.593176] part3,20,343,462,634,443,117,44,34,17,7,0,2,6,1,1,0,0,1,0,0,
[  870.600222] part4,14,251,1209,952,560,172,153,82,63,30,19,7,5,1,0,0,0,0,0,0,
[  870.607623] part5,8,31,283,987,1157,343,194,76,63,26,26,6,2,2,1,3,1,0,0,0,
[  871.611018] part1,66,1916,3105,2051,760,262,148,93,68,46,48,38,48,48,46,45,45,23,17,5,
[  871.619305] part2,43,175,496,809,175,77,44,27,25,14,10,4,2,4,0,0,1,0,0,1,
[  871.626422] part3,31,356,515,676,405,149,33,16,13,4,3,4,2,1,2,2,0,1,0,0,
[  871.633473] part4,23,265,1345,1106,465,164,155,84,61,23,10,1,1,0,0,0,0,0,0,0,
[  871.640955] part5,13,43,281,1041,1161,308,212,95,72,22,22,11,4,1,2,0,1,1,0,0,
[  872.644360] part1,2,52,235,325,239,56,41,11,11,1,0,0,0,0,0,0,0,0,0,0,
[  872.651151] part2,5,20,111,395,397,163,90,22,18,13,19,6,13,1,0,0,0,0,0,0,
[  872.658281] part3,8,27,63,354,348,135,108,48,46,21,7,1,0,0,0,0,0,0,0,0,
[  872.665246] part4,0,2,35,168,228,320,405,146,136,32,11,0,0,0,0,0,0,0,0,0,
[  872.672360] part5,5,10,96,389,384,237,398,338,494,116,56,5,2,0,0,0,0,0,0,0,
[  873.677705] part1,3,56,257,320,222,98,47,17,10,1,0,0,0,0,0,0,0,0,0,0,
[  873.684494] part2,1,5,11,51,172,250,179,70,43,16,12,6,7,2,0,0,0,0,0,0,
[  873.691370] part3,0,16,31,97,137,87,89,30,39,7,1,0,0,0,0,0,0,0,0,0,
[  873.697965] part4,0,2,38,88,216,241,353,99,99,45,10,0,0,0,0,0,0,0,0,0,
[  873.704821] part5,7,6,77,350,342,271,401,254,534,72,85,14,1,0,1,0,0,1,0,0,
[  874.711042] part1,4,55,225,274,157,36,19,12,14,1,0,0,0,0,0,0,0,0,0,0,
[  874.717844] part2,2,0,22,88,165,98,86,27,21,12,9,2,0,0,0,0,0,0,0,0,
[  874.724455] part3,3,15,48,340,366,152,84,29,29,12,2,0,0,0,0,0,0,0,0,0,
[  874.731317] part4,2,9,46,98,189,191,282,119,145,24,12,0,0,0,0,0,0,0,0,0,
[  874.738351] part5,5,5,85,347,296,237,329,288,556,89,85,14,0,0,0,1,0,0,0,0,
[  874.949625] (2)-2539	[[HDMI][PWR][WARN]] PWR_STS : FG_HDMI=1, P0/P1/P2/P3(active,fsm,vs_cnt,pol,int) =  P0(0,PS_OFF,0,0,0)/P1(0,PS_OFF,0,0,0)/P2(0,PS_OFF,0,0,0)/P3(1,PS_OFF,48778,1,0)
[  875.744398] part1,3,47,238,291,176,42,24,13,18,1,0,0,0,0,0,0,0,0,0,0,
[  875.751214] part2,1,3,49,210,233,96,105,42,29,11,16,4,0,0,0,0,0,0,0,0,
[  875.758084] part3,0,17,69,231,233,105,73,48,68,15,5,2,0,0,0,0,0,0,0,0,
[  875.764941] part4,2,14,44,142,255,224,384,136,91,32,10,0,0,0,0,0,0,0,0,0,
[  875.772079] part5,9,9,134,388,341,266,397,251,549,100,92,15,8,1,0,0,0,0,0,0,
[  876.199508] (3)-2541	[[HDMI][AUDIOF]] Audio STS : FSM=5(CHECK), hbr=0/0, sample_cnt= 41470, hbr_sample_cnt=0, fifo_ov=0, type=2(LPCM), ch_mode=0, ch_num=2, acr_freq=48000, wait_acr_cnt=1
[  876.777842] part1,1,45,204,173,77,17,9,8,5,4,1,0,0,0,0,0,0,0,0,0,
[  876.784307] part2,4,1,0,52,157,71,18,4,1,1,0,0,0,0,0,0,1,0,0,0,
[  876.790558] part3,5,87,247,559,619,248,146,124,92,74,59,48,51,40,36,15,12,6,2,0,
[  876.798293] part4,2,21,97,270,531,240,186,123,102,70,59,34,26,7,1,3,0,0,0,0,
[  876.805695] part5,3,1,77,338,275,80,38,21,35,26,27,14,20,2,3,0,0,0,0,0,
[  877.811082] part1,1,51,188,186,75,19,14,5,5,3,3,0,0,0,0,0,0,0,0,0,
[  877.817627] part2,3,0,1,62,165,76,25,16,10,11,5,0,2,1,1,0,0,0,0,0,
[  877.824136] part3,4,49,168,355,505,327,247,159,145,57,52,31,41,21,26,24,23,7,4,0,
[  877.831970] part4,1,7,61,234,460,260,185,105,100,60,72,45,39,11,9,2,2,1,0,0,
[  877.839370] part5,2,0,69,356,272,63,33,20,27,13,11,4,6,2,2,1,0,0,0,0,
[  878.844480] part1,2,51,189,185,78,18,10,5,5,5,1,0,0,0,0,0,0,0,0,0,
[  878.851020] part2,4,1,1,75,178,76,25,14,10,3,5,1,1,0,1,0,0,0,0,0,
[  878.857444] part3,2,55,216,467,544,280,211,126,102,64,80,54,52,36,38,13,17,8,3,1,
[  878.865274] part4,3,14,75,236,506,280,164,112,111,79,78,44,40,12,11,1,1,0,0,0,
[  878.872837] part5,3,3,79,362,267,56,25,11,23,13,9,2,3,0,0,0,0,0,0,0,
[  879.877796] part1,1,50,181,190,80,18,13,5,2,2,3,0,0,0,0,0,0,0,0,0,
[  879.884320] part2,4,1,0,144,182,144,118,62,51,35,22,9,6,5,4,3,0,0,0,0,
[  879.891183] part3,2,10,118,343,427,324,219,79,57,45,67,44,40,26,20,8,5,0,0,2,
[  879.898671] part4,0,18,61,241,459,283,155,97,137,88,84,44,28,8,4,2,0,0,0,0,
[  879.905969] part5,2,2,78,361,249,54,35,14,15,8,15,5,1,2,0,0,0,0,0,0,
[  880.911220] part1,1,49,192,190,71,21,12,2,2,3,3,1,0,0,0,0,0,0,0,0,
[  880.917782] part2,2,0,6,133,209,175,176,70,41,18,12,7,8,4,3,5,4,0,0,0,
[  880.924709] part3,1,6,29,198,481,270,187,114,97,61,55,43,42,21,21,14,3,3,1,2,
[  880.932247] part4,0,10,66,250,498,258,171,114,106,79,61,44,30,7,5,1,0,1,0,0,
[  880.939634] part5,2,3,71,351,280,48,27,16,19,16,11,3,1,1,0,0,0,0,0,0,

[END] 12/6/2019 3:42:55 PM
