[BEGIN] 12/6/2019 3:30:45 PM
[  177.103468] part1,8479,11638,4500,1961,825,347,142,66,22,13,6,2,2,1,0,0,0,0,0,0,
[  177.111223] part2,14127,17088,7089,3156,1324,529,213,81,33,20,11,7,3,0,1,0,0,0,0,0,
[  177.119234] part3,16488,19717,8011,3690,1519,581,256,128,60,20,7,7,0,0,0,0,0,0,0,0,
[  177.127236] part4,19977,23843,9029,4361,1956,918,458,241,146,55,29,15,7,4,0,0,1,0,0,0,
[  177.135495] part5,9157,11118,5471,2868,1318,604,304,123,51,24,11,4,3,1,2,0,0,0,0,0,
[  178.136814] part1,7559,11617,4407,1898,816,319,109,53,30,19,14,2,2,2,0,0,0,0,0,0,
[  178.144660] part2,13017,17170,6987,3095,1184,502,212,86,48,23,10,11,3,0,0,0,0,0,0,0,
[  178.152759] part3,15164,19554,7899,3645,1493,533,267,126,77,25,8,5,1,0,1,0,0,0,0,0,
[  178.160761] part4,18747,23817,8692,4433,1985,921,455,223,150,71,42,15,11,2,1,0,1,1,1,2,
[  178.169110] part5,8625,10958,5227,2842,1270,612,314,122,87,27,18,7,3,3,2,0,0,0,1,0,
[  179.170154] part1,7694,11580,4338,1939,852,327,113,50,41,13,11,5,4,0,1,0,1,0,0,0,
[  179.178006] part2,13202,17094,6729,2955,1266,518,203,113,45,20,9,7,2,1,3,0,0,0,0,0,
[  179.186009] part3,15100,19405,7897,3596,1528,556,274,129,72,25,11,8,3,0,0,0,0,0,0,0,
[  179.194092] part4,18297,23705,8583,4289,1922,967,452,216,135,90,33,20,10,1,2,3,0,1,0,0,
[  179.202436] part5,7874,10511,5201,2744,1295,584,334,127,74,23,13,9,1,3,2,0,1,0,0,0,
[  180.203514] part1,7491,11294,4389,2006,867,309,136,60,30,13,8,2,3,3,1,0,1,0,0,0,
[  180.211285] part2,11712,14500,6008,2592,1056,385,211,70,37,28,12,7,2,0,1,0,0,0,0,0,
[  180.219287] part3,15330,19484,7882,3703,1532,567,297,122,66,34,11,5,3,1,0,0,0,0,0,0,
[  180.227376] part4,18988,23696,8583,4346,2025,939,438,218,148,83,35,14,6,4,3,1,1,1,1,0,
[  180.235640] part5,8383,10779,5399,2804,1325,627,320,121,64,31,13,5,6,3,2,0,0,0,0,0,
[  181.236852] part1,7264,11455,4217,1985,852,336,134,52,25,14,8,2,4,2,1,0,0,0,0,0,
[  181.244614] part2,12985,16961,6708,3003,1330,497,224,103,38,21,11,10,5,2,1,1,0,0,0,0,
[  181.252792] part3,14754,19519,7740,3608,1533,632,268,121,64,41,22,5,1,0,2,0,0,0,0,0,
[  181.260868] part4,18343,23746,8548,4329,1983,962,503,224,159,72,42,13,11,7,2,1,1,1,0,0,
[  181.269226] part5,7804,10842,5247,2837,1255,671,286,134,66,37,21,2,5,3,1,0,0,1,0,0,
[  182.270222] part1,7457,11607,4245,1929,851,345,142,52,38,16,9,3,3,2,1,0,0,0,0,0,
[  182.277988] part2,12827,16797,6497,2922,1218,511,196,87,60,18,12,7,7,2,2,0,0,0,0,0,
[  182.285984] part3,14431,18877,7411,3518,1400,549,304,118,54,25,20,5,1,0,0,0,0,0,0,0,
[  182.294069] part4,18693,23709,8505,4259,1945,955,439,239,145,96,38,23,12,2,1,1,1,1,0,0,
[  182.302425] part5,7889,10926,5258,2863,1286,641,320,153,95,23,12,6,3,1,2,1,0,0,0,0,
[  183.259495] (3)-2541	[[HDMI][AUDIOF]] Audio STS : FSM=5(CHECK), hbr=0/0, sample_cnt= 7814, hbr_sample_cnt=0, fifo_ov=0, type=2(LPCM), ch_mode=0, ch_num=2, acr_freq=48000, wait_acr_cnt=1
[  183.303533] part1,7721,11495,4340,1932,887,322,162,58,29,13,6,4,1,0,0,1,0,0,0,0,
[  183.311296] part2,13273,16691,6754,3054,1294,491,246,99,52,29,10,10,3,2,2,1,0,1,0,0,
[  183.319378] part3,15332,19073,7737,3621,1471,596,291,121,53,21,17,2,3,3,1,0,0,0,0,0,
[  183.327477] part4,19129,23681,8785,4242,1988,965,463,256,136,75,35,26,5,4,2,1,2,1,0,1,
[  183.335745] part5,8125,10678,5323,2808,1297,639,321,135,70,34,14,6,2,1,0,0,1,0,0,0,
[  183.889650] (2)-2539	[[HDMI][PWR][WARN]] PWR_STS : FG_HDMI=1, P0/P1/P2/P3(active,fsm,vs_cnt,pol,int) =  P0(0,PS_OFF,0,0,0)/P1(0,PS_OFF,0,0,0)/P2(0,PS_OFF,0,0,0)/P3(1,PS_OFF,9306,1,0)
[  184.336971] part1,6791,10548,4118,1837,805,339,138,61,31,22,8,5,1,1,0,0,0,0,0,0,
[  184.344747] part2,12609,16768,6472,3031,1281,488,207,96,59,20,9,6,5,3,0,0,0,0,0,0,
[  184.352689] part3,14704,19116,7903,3600,1543,599,297,140,70,34,12,8,3,1,1,0,1,0,0,0,
[  184.360836] part4,18638,23748,8495,4167,2082,935,476,226,160,81,38,26,10,2,2,3,0,1,0,0,
[  184.369239] part5,7696,10544,5181,2850,1405,671,335,116,80,29,12,5,7,1,1,1,1,0,0,0,
[  185.370232] part1,7315,11138,4269,1897,845,325,145,74,23,14,5,2,1,2,1,1,0,0,0,0,
[  185.377983] part2,12959,17016,6788,3234,1271,540,222,88,47,24,10,4,6,2,1,0,1,0,0,0,
[  185.385999] part3,14895,19049,7840,3587,1509,604,302,125,64,37,14,3,1,2,0,0,0,0,0,0,
[  185.394091] part4,18934,23940,8510,4250,2017,951,477,242,140,74,50,26,6,3,2,0,0,2,0,1,
[  185.402352] part5,8011,10576,5262,2819,1355,606,326,132,76,21,14,7,3,1,2,1,2,2,0,1,
[  186.403570] part1,7247,11062,4255,1943,853,312,138,76,27,18,7,6,0,0,1,0,0,0,0,0,
[  186.411329] part2,12535,16416,6466,2885,1244,491,217,81,47,11,9,14,10,0,1,0,0,0,0,0,
[  186.419433] part3,14995,19063,7812,3551,1496,577,331,111,88,42,14,3,2,1,0,0,0,0,0,0,
[  186.427523] part4,18867,23853,8537,4305,2015,880,496,234,152,84,38,22,11,1,0,1,2,1,2,0,
[  186.435873] part5,8062,10783,5337,2807,1422,604,303,126,96,30,13,7,3,3,0,0,2,0,1,0,
[  187.436926] part1,7213,10912,4148,1884,829,308,135,37,28,16,12,2,2,0,0,0,0,0,0,0,
[  187.444786] part2,12521,16835,6536,2914,1171,495,206,87,50,14,20,6,8,1,1,0,0,0,0,0,
[  187.452800] part3,14715,19065,7703,3569,1453,597,304,152,58,19,17,14,4,1,0,0,0,0,0,0,
[  187.460971] part4,18658,23666,8459,4313,2017,932,463,260,144,73,47,23,7,6,2,3,2,0,1,0,
[  187.469229] part5,7875,10850,5266,2877,1385,606,315,139,60,25,15,8,1,2,1,1,3,0,0,0,
[  188.470255] part1,6727,10047,3834,1751,708,273,109,50,17,7,4,3,0,1,0,0,0,0,0,0,
[  188.477945] part2,11875,15719,6234,2798,1104,465,208,94,44,25,23,13,8,5,4,1,0,0,0,0,
[  188.486042] part3,14069,18230,7391,3284,1341,550,247,138,72,25,8,6,1,1,2,0,2,0,0,2,
[  188.494045] part4,16141,20612,7213,3532,1487,721,319,177,85,46,15,12,10,4,3,1,1,0,0,1,
[  188.502312] part5,6172,9290,4256,2144,1010,472,219,78,41,22,8,3,3,1,0,0,1,1,0,0,
[  189.503606] part1,7237,10815,4044,1772,811,304,113,48,18,12,5,3,2,0,0,0,0,0,0,0,
[  189.511379] part2,12353,16237,6466,2916,1153,526,247,108,49,23,10,12,2,2,1,2,0,0,0,0,
[  189.519557] part3,14546,18413,7473,3306,1306,525,259,157,63,32,5,6,1,0,0,1,0,0,0,0,
[  189.527553] part4,18123,22850,8203,4053,1883,921,428,252,141,83,38,16,4,5,5,3,0,1,0,0,
[  189.535823] part5,7322,10324,4869,2646,1234,537,258,99,65,24,15,3,1,1,0,3,3,1,1,0,
[  190.536948] part1,4738,4465,1475,641,271,101,44,20,7,3,1,1,0,0,0,0,0,0,0,0,
[  190.544285] part2,3490,4469,1344,514,271,87,32,18,6,6,2,2,3,0,0,0,0,0,1,0,
[  190.551486] part3,6232,6336,1813,628,258,95,36,9,4,1,2,1,1,1,0,0,0,0,0,0,
[  190.558624] part4,4228,5228,1750,798,290,90,35,26,10,2,0,2,0,0,0,0,0,0,0,0,
[  190.565926] part5,1567,2628,1332,645,287,120,42,22,11,5,3,2,0,1,0,0,0,0,0,0,
[  191.570287] part1,5101,4913,1615,712,263,125,49,23,13,6,2,2,0,2,0,0,0,0,0,0,
[  191.577699] part2,8143,8549,2550,860,414,177,71,57,25,11,3,0,1,0,0,0,0,0,0,0,
[  191.585169] part3,12813,11404,3249,1371,573,213,95,32,14,6,6,2,0,2,0,0,0,0,0,0,
[  191.592831] part4,4582,5105,1812,722,327,104,56,32,19,11,7,7,1,3,0,0,0,0,0,0,
[  191.600307] part5,2062,2930,1375,666,290,108,42,12,11,3,0,2,0,1,0,0,0,0,0,0,
[  192.603629] part1,1642,1408,525,296,123,36,13,7,0,1,0,0,0,0,0,0,0,0,0,0,
[  192.610691] part2,2403,3602,962,283,131,38,14,5,1,3,0,1,0,0,0,0,0,0,0,0,
[  192.617743] part3,4739,4894,1217,417,153,51,14,5,3,0,0,0,0,0,0,0,0,0,0,0,
[  192.624877] part4,3679,4202,1327,532,195,61,23,7,4,3,0,0,0,0,0,0,0,0,0,0,
[  192.631994] part5,3483,4472,1858,838,367,139,55,24,13,5,1,0,0,1,0,0,0,0,0,0,
[  193.637005] part1,5253,5096,1663,727,311,120,61,24,11,8,4,1,0,0,1,0,0,1,0,0,
[  193.644407] part2,8531,8890,2734,941,427,170,80,54,22,9,4,1,0,1,0,0,0,0,0,0,
[  193.651807] part3,13143,11866,3455,1404,564,226,97,30,14,2,1,2,0,0,0,0,0,0,0,0,
[  193.659467] part4,5215,5696,1951,774,339,111,46,26,17,6,8,5,1,1,1,0,0,0,0,0,
[  193.666850] part5,2563,3614,1513,680,298,96,54,12,11,2,2,1,0,0,0,0,0,0,0,0,
[  194.069700] (0)-2539	[[HDMI][PWR][WARN]] PWR_STS : FG_HDMI=1, P0/P1/P2/P3(active,fsm,vs_cnt,pol,int) =  P0(0,PS_OFF,0,0,0)/P1(0,PS_OFF,0,0,0)/P2(0,PS_OFF,0,0,0)/P3(1,PS_OFF,9878,1,0)
[  194.686998] part1,1521,1414,499,190,90,39,10,6,1,0,0,0,0,0,0,0,0,0,0,0,
[  194.693975] part2,2103,3434,909,262,115,47,10,3,2,3,0,0,0,1,0,0,0,0,0,0,
[  194.701005] part3,4765,4914,1147,409,193,53,13,4,2,0,0,0,0,0,0,0,0,0,0,0,
[  194.708155] part4,4928,5452,1812,731,308,122,47,33,15,4,4,1,1,0,0,0,0,0,0,0,
[  194.715549] part5,2110,2933,1236,571,266,88,34,16,4,2,1,1,1,1,0,0,0,0,0,0,
[  195.469476] (3)-2541	[[HDMI][AUDIOF]] Audio STS : FSM=5(CHECK), hbr=0/0, sample_cnt= 8415, hbr_sample_cnt=0, fifo_ov=0, type=2(LPCM), ch_mode=0, ch_num=2, acr_freq=48000, wait_acr_cnt=1
[  195.737025] part1,4985,4879,1580,700,312,114,48,26,9,2,6,1,0,0,0,0,0,0,0,0,
[  195.744366] part2,7425,8255,2790,913,393,177,80,51,13,6,4,2,0,1,0,0,0,0,0,0,
[  195.751806] part3,12986,11563,3271,1375,592,207,94,38,19,5,5,1,0,1,0,0,0,0,0,0,
[  195.759507] part4,4764,4977,1733,694,319,97,38,30,17,6,6,1,0,1,0,0,0,0,0,0,
[  195.766815] part5,1878,2758,1243,593,247,89,29,13,4,3,1,2,0,1,0,0,0,0,0,0,
[  196.770364] part1,2416,1973,672,320,142,61,21,14,9,0,0,1,0,0,1,0,0,0,0,0,
[  196.777524] part2,5542,7012,2286,956,413,190,67,34,15,10,5,2,3,1,1,0,0,0,0,0,
[  196.785006] part3,4647,4991,1157,337,166,61,23,6,0,4,1,0,0,0,0,0,0,0,0,0,
[  196.792127] part4,2137,2552,825,331,119,38,22,0,2,0,0,0,0,0,0,0,0,0,0,0,
[  196.799175] part5,1513,2324,1112,518,220,92,37,18,7,1,2,1,0,0,0,0,0,0,0,0,
[  197.803678] part1,6553,8942,4024,1689,606,269,75,36,18,9,10,5,4,2,2,1,1,0,1,0,
[  197.811264] part2,10983,13300,4215,1819,704,311,186,64,90,42,32,5,8,0,1,0,0,0,0,0,
[  197.819178] part3,16478,18273,5839,2680,1087,527,265,108,95,42,8,4,0,1,1,0,0,0,0,0,
[  197.827173] part4,9177,9883,3509,1610,660,222,87,21,8,0,0,0,0,0,0,0,0,0,0,0,
[  197.834571] part5,8394,8507,3598,1698,663,296,109,50,25,21,4,3,3,1,2,0,0,0,0,0,
[  198.837064] part1,8761,12767,4622,1739,658,278,92,52,15,8,12,5,3,3,0,0,1,2,1,1,
[  198.844732] part2,10471,14260,4067,1882,723,327,218,71,111,24,25,6,4,1,0,0,0,0,0,0,
[  198.852732] part3,17117,20557,5605,2652,1147,541,375,148,73,59,5,5,4,0,1,1,0,0,0,0,
[  198.860733] part4,10820,12325,4133,1946,808,315,131,50,22,4,3,2,0,0,0,0,0,0,0,0,
[  198.868474] part5,9744,11221,3934,1939,796,309,132,51,25,22,8,3,3,3,2,1,0,1,0,2,
[  199.870387] part1,8757,13048,4805,1796,666,286,103,33,17,6,10,9,4,0,1,0,3,0,0,2,
[  199.878152] part2,10317,14415,4077,1925,712,320,209,76,121,28,33,8,6,0,0,0,0,0,0,0,
[  199.886148] part3,17075,20445,5509,2538,1191,572,343,140,95,60,5,5,4,1,2,0,2,1,1,2,
[  199.894149] part4,11073,13037,4071,1947,739,287,95,27,12,6,4,1,0,0,0,0,0,0,0,0,
[  199.901812] part5,10898,11922,4042,1944,718,311,156,45,34,12,8,5,4,1,1,1,0,2,0,1,
[  200.903732] part1,9000,13853,5047,1870,749,315,118,40,23,7,12,7,3,0,4,3,1,0,2,0,
[  200.911494] part2,10368,14160,4162,1871,675,284,181,88,132,39,15,8,6,0,0,0,0,0,0,0,
[  200.919491] part3,18306,21375,5756,2764,1244,597,362,118,98,66,11,10,4,1,4,1,1,1,1,4,
[  200.927682] part4,11651,13814,4389,2102,814,320,137,31,21,12,5,1,0,0,0,1,0,0,0,0,
[  200.935513] part5,11252,13361,4288,2075,776,308,145,57,35,21,10,4,1,1,2,0,1,0,0,1,
[  201.937075] part1,9673,14792,5346,2153,773,346,134,49,18,6,9,6,5,3,3,1,0,0,2,0,
[  201.944741] part2,10313,14423,4069,1924,706,324,203,73,125,31,22,11,6,2,0,0,0,0,0,0,
[  201.952817] part3,16214,19804,5535,2557,1107,546,306,135,74,57,15,7,8,4,1,1,1,1,1,2,
[  201.960917] part4,11607,14193,4565,2054,823,323,133,43,16,7,1,1,0,0,0,1,0,0,0,0,
[  201.968649] part5,12368,14666,4491,2266,843,346,130,50,40,26,9,3,4,2,2,2,1,0,0,1,
[  202.970422] part1,8575,13441,5087,2067,751,364,127,56,11,4,9,4,4,0,1,0,2,1,2,0,
[  202.978086] part2,9636,13772,3771,1790,567,262,219,66,91,33,28,11,5,1,0,0,0,0,0,0,
[  202.986010] part3,15049,19066,5111,2294,1012,476,291,118,47,26,5,1,1,0,0,0,0,0,0,0,
[  202.994016] part4,10368,12718,3952,1943,723,257,146,44,20,6,2,2,0,0,0,0,0,0,0,0,
[  203.001749] part5,9877,11770,3991,2042,739,320,135,63,36,20,5,6,2,1,1,3,0,0,0,1,
[  204.003757] part1,7262,11700,
[  204.006621] (1)-0000	4554,1835,679,279,124,35,11,5,13,2,3,0,1,0,4,0,1,1,
[  204.013804] part2,8789,12851,3647,1534,563,264,198,76,94,26,19,11,10,0,0,0,0,0,0,0,
[  204.021815] part3,14236,18387,5034,2172,918,489,258,120,53,26,5,0,2,0,0,0,0,0,0,0,
[  204.029728] part4,9405,11783,3781,1734,621,316,99,33,12,5,3,2,0,0,0,0,0,
[  204.036536] (1)-0000	0,0,0,
[  204.039586] part5,8065,10132,3468,1835,695,269,132,58,38,21,6,3,2,1,2,0,1,0,0,1,
[  204.209546] (1)-2539	[[HDMI][PWR][WARN]] PWR_STS : FG_HDMI=1, P0/P1/P2/P3(active,fsm,vs_cnt,pol,int) =  P0(0,PS_OFF,0,0,0)/P1(0,PS_OFF,0,0,0)/P2(0,PS_OFF,0,0,0)/P3(1,PS_OFF,10456,1,0)
[  205.037144] part1,7439,12823,4727,1956,816,347,98,47,16,7,4,3,5,2,2,0,1,0,2,2,
[  205.044741] part2,9424,13663,3929,1716,674,281,198,77,132,21,42,14,10,0,0,0,1,0,0,0,
[  205.052834] part3,13227,17900,4776,2132,994,478,272,117,74,52,12,10,4,4,6,1,0,1,1,2,
[  205.060925] part4,9347,12028,3815,1660,655,269,92,42,19,1,0,1,0,0,0,1,0,0,0,0,
[  205.068494] part5,8096,10885,3769,1859,731,273,117,58,34,15,2,4,2,4,1,0,0,0,0,0,
[  206.070466] part1,8306,13826,5264,1903,743,315,113,27,16,7,11,3,6,0,2,0,2,0,2,1,
[  206.078236] part2,9051,13108,3987,1773,659,252,193,75,113,23,20,9,6,0,1,0,0,0,0,0,
[  206.086149] part3,12341,16076,4346,1830,779,381,189,119,77,34,9,15,3,5,4,1,0,2,0,3,
[  206.094145] part4,10577,13027,4131,1705,717,301,113,37,16,9,2,2,1,0,0,0,0,0,0,0,
[  206.101890] part5,12038,13320,4069,2060,733,325,142,62,36,16,12,3,1,2,1,0,1,0,0,0,
[  207.103804] part1,7654,12280,4848,1897,599,234,77,31,6,11,4,6,2,1,2,1,1,2,0,1,
[  207.111400] part2,9207,12424,3958,1809,652,240,185,79,95,19,20,12,2,2,1,0,0,0,0,0,
[  207.119312] part3,11761,15288,4386,1840,813,380,192,98,72,44,11,8,4,2,5,0,1,2,2,2,
[  207.127217] part4,11191,12901,4173,1878,768,325,138,54,29,17,7,6,1,2,0,0,2,0,0,0,
[  207.135055] part5,11026,12094,4123,2017,730,309,127,66,38,8,12,4,0,1,1,2,1,1,0,0,
[  207.589511] (0)-2541	[[HDMI][AUDIOF]] Audio STS : FSM=5(CHECK), hbr=0/0, sample_cnt= 9016, hbr_sample_cnt=0, fifo_ov=0, type=2(LPCM), ch_mode=0, ch_num=2, acr_freq=48000, wait_acr_cnt=1
[  208.137132] part1,7696,12793,4782,1757,556,240,77,27,9,8,5,4,3,1,3,1,3,1,0,0,
[  208.144637] part2,8815,12683,3702,1701,603,237,172,83,135,21,21,13,3,1,1,0,0,0,0,0,
[  208.152633] part3,8892,13064,3410,1435,673,313,180,94,72,42,11,4,10,5,5,3,1,0,3,4,
[  208.160556] part4,7288,9751,3071,1393,513,209,89,22,10,0,2,0,1,0,0,1,0,1,0,0,
[  208.168040] part5,10446,13185,3941,1875,793,334,130,65,37,16,6,5,0,2,1,0,1,1,0,0,
[  209.170506] part1,7516,12742,4764,1707,487,189,64,28,14,5,6,8,3,2,0,0,5,0,1,0,
[  209.178093] part2,8412,12038,3481,1608,562,218,172,84,111,15,16,9,4,2,1,0,0,0,0,0,
[  209.186000] part3,14846,18691,5130,2332,977,378,210,96,70,50,12,6,11,7,5,4,1,2,3,2,
[  209.194008] part4,9488,11744,3856,1658,706,298,136,37,15,5,5,1,1,1,0,0,0,0,0,0,
[  209.201656] part5,10001,12735,3879,1930,722,314,128,59,36,22,5,5,3,2,0,2,2,0,1,1,
[  210.203822] part1,7700,12750,4734,1629,506,181,70,22,10,12,5,8,1,1,0,1,2,0,2,1,
[  210.211490] part2,7614,10787,3291,1384,529,208,159,80,117,22,13,8,4,1,0,0,0,0,0,0,
[  210.219408] part3,10755,14375,4037,1722,775,299,175,91,53,43,6,4,13,3,3,5,2,2,3,5,
[  210.227335] part4,9374,11452,3913,1716,693,282,109,37,16,9,6,1,2,1,0,1,0,0,0,0,
[  210.234984] part5,10323,12968,3900,1941,743,329,148,63,25,15,3,4,1,3,1,1,0,0,0,0,
[  211.237183] part1,6267,10963,3942,1401,357,127,66,19,8,7,5,5,1,0,2,1,3,0,1,0,
[  211.244678] part2,6408,9475,2724,1065,452,173,133,73,80,19,7,7,1,0,0,0,0,0,0,0,
[  211.252341] part3,9487,13118,3722,1449,632,261,173,70,44,19,11,11,4,10,3,1,2,3,1,2,
[  211.260346] part4,9245,11622,3687,1583,631,305,144,58,18,8,10,4,3,0,0,1,0,0,0,0,
[  211.268079] part5,9056,11007,3423,1654,654,291,108,56,25,15,9,3,4,3,3,0,1,0,1,1,
[  212.270515] part1,5009,9325,3290,1154,290,94,44,11,6,3,8,3,3,3,1,1,1,0,1,0,
[  212.277846] part2,4636,7818,2101,860,311,131,132,61,81,12,2,10,4,3,1,0,0,0,0,0,
[  212.285509] part3,11061,15084,4396,1879,758,354,181,89,41,8,7,1,0,1,1,0,0,1,0,0,
[  212.293237] part4,6662,8581,2892,1123,468,192,88,32,10,11,6,1,4,1,0,0,1,0,1,0,
[  212.300794] part5,6857,8791,2720,1310,546,236,106,53,27,16,2,1,2,3,1,0,0,0,0,1,
[  213.303853] part1,4780,9253,3256,1210,262,111,45,14,7,2,8,4,1,0,0,0,3,1,3,0,
[  213.311277] part2,4651,8181,2041,836,251,130,131,52,101,13,6,9,0,1,0,0,0,0,0,0,
[  213.318939] part3,13511,17680,4722,2080,802,351,181,75,50,28,7,1,1,0,0,0,0,0,0,0,
[  213.326764] part4,8983,10724,3283,1588,596,266,132,51,16,11,6,2,0,4,1,0,0,0,0,0,
[  213.334495] part5,6318,8251,2633,1319,519,261,94,44,29,11,6,1,2,0,1,0,0,0,0,1,
[  214.309627] (0)-2539	[[HDMI][PWR][WARN]] PWR_STS : FG_HDMI=1, P0/P1/P2/P3(active,fsm,vs_cnt,pol,int) =  P0(0,PS_OFF,0,0,0)/P1(0,PS_OFF,0,0,0)/P2(0,PS_OFF,0,0,0)/P3(1,PS_OFF,11050,1,0)
[  214.337242] part1,3286,2803,884,382,151,72,31,11,5,4,1,2,0,0,2,0,0,1,0,0,
[  214.344392] part2,5675,7084,2274,769,368,154,56,21,10,4,4,1,3,0,0,0,0,0,0,0,
[  214.351779] part3,9523,8495,2342,1011,427,161,60,17,8,6,1,0,0,0,0,0,0,0,0,0,
[  214.359167] part4,4219,5100,1617,734,294,98,43,30,16,10,4,0,0,0,0,0,0,0,0,0,
[  214.366563] part5,3172,4101,1553,743,305,121,60,24,14,3,4,1,0,1,0,0,0,0,0,0,
[  215.370562] part1,3642,2962,973,442,199,71,22,16,6,4,6,3,0,0,0,1,0,0,0,0,
[  215.377719] part2,7757,7902,2470,824,418,143,68,41,16,9,3,0,0,0,0,0,0,0,0,0,
[  215.385102] part3,9938,8718,2366,1012,460,196,85,21,7,4,1,1,0,0,0,0,0,0,0,0,
[  215.392487] part4,4543,5258,1670,746,344,91,40,25,11,3,2,1,0,0,0,0,0,0,0,0,
[  215.399801] part5,2881,3635,1545,665,278,139,58,21,14,5,0,1,0,1,0,0,0,0,0,0,
[  216.403933] part1,3395,2841,875,412,169,71,39,11,8,6,1,2,0,1,0,0,0,0,0,0,
[  216.411083] part2,7401,7620,2267,800,372,171,73,51,14,10,4,2,3,1,0,0,0,0,0,0,
[  216.418558] part3,9802,8880,2382,1028,455,183,66,36,10,2,1,0,1,0,0,0,0,0,0,0,
[  216.426045] part4,3976,4595,1482,694,280,79,41,22,15,12,2,2,2,0,0,0,0,0,0,0,
[  216.433434] part5,2530,3339,1384,607,308,96,42,16,17,8,1,1,0,1,0,0,0,0,0,0,
[  217.437245] part1,4066,3575,1111,451,214,93,31,18,10,6,1,2,0,0,0,0,0,0,0,0,
[  217.444563] part2,8100,8091,2692,1043,459,226,107,47,26,19,5,6,1,1,0,1,0,0,0,0,
[  217.452211] part3,10541,9061,2502,1084,516,196,81,27,9,2,1,0,0,0,0,0,0,0,0,0,
[  217.459696] part4,4755,5436,1814,846,314,106,44,34,14,4,5,1,0,0,0,0,0,0,0,0,
[  217.467082] part5,2482,3292,1334,606,261,98,56,19,13,7,3,0,0,1,0,0,0,0,0,0,
[  218.470597] part1,1807,1168,441,201,91,33,14,2,3,1,0,0,0,0,0,0,0,0,0,0,
[  218.477567] part2,3919,4720,1256,477,231,89,35,16,11,8,3,1,0,0,1,0,0,0,0,0,
[  218.484869] part3,6154,5892,1509,616,226,93,31,19,5,1,0,0,2,0,0,1,0,0,0,0,
[  218.492094] part4,2247,2377,737,317,140,48,35,9,2,2,0,2,1,0,0,0,0,0,0,0,
[  218.499122] part5,3318,4107,1661,764,323,141,63,16,15,4,3,0,0,1,0,0,0,0,0,0,
[  219.503935] part1,4013,3555,1045,410,217,86,38,16,6,5,3,0,0,1,0,0,0,0,0,0,
[  219.511159] part2,7937,8582,3165,1131,500,215,114,56,32,14,16,2,3,4,1,1,0,1,0,0,
[  219.518901] part3,10233,8981,2340,945,381,143,67,23,13,3,5,1,0,0,0,0,0,0,0,0,
[  219.526382] part4,5069,5519,1789,816,331,109,42,30,18,11,2,3,1,0,0,0,0,0,0,0,
[  219.533849] part5,2640,3272,1268,594,269,98,33,15,14,7,2,2,1,0,0,0,0,0,0,0,
[  219.679568] (0)-2541	[[HDMI][AUDIOF]] Audio STS : FSM=5(CHECK), hbr=0/0, sample_cnt= 9617, hbr_sample_cnt=0, fifo_ov=0, type=2(LPCM), ch_mode=0, ch_num=2, acr_freq=48000, wait_acr_cnt=1
[  220.537273] part1,6326,5422,1749,767,322,120,65,27,8,6,2,2,1,1,0,0,0,0,0,0,
[  220.544602] part2,8592,8773,2866,1088,476,188,91,37,13,8,4,1,1,1,0,0,0,0,0,0,
[  220.552086] part3,8325,7521,2258,905,344,142,53,21,7,3,2,3,1,0,0,0,0,0,0,0,
[  220.559380] part4,4960,4799,1710,675,282,108,43,15,9,3,3,0,0,0,0,0,0,0,0,0,
[  220.566674] part5,5215,5762,2284,1081,447,170,72,36,18,6,0,1,0,1,0,0,0,0,0,0,
[  221.570620] part1,4105,3553,1021,436,197,82,38,20,6,4,2,1,1,0,0,0,0,0,0,0,
[  221.577870] part2,9089,8963,2871,1114,482,221,95,66,35,12,12,5,2,2,1,0,0,0,0,0,
[  221.585522] part3,10802,9134,2433,1077,466,217,87,25,11,4,3,1,0,0,0,0,0,0,0,0,
[  221.593081] part4,5016,5405,1894,920,351,120,58,45,24,14,5,2,4,0,1,0,0,0,0,0,
[  221.600559] part5,2654,3319,1534,736,338,131,53,29,21,13,4,0,1,1,0,0,0,0,0,0,
[  222.603969] part1,5127,4551,1326,655,264,99,43,21,11,4,4,0,0,0,1,0,0,0,0,0,
[  222.611300] part2,10539,10216,3179,1101,526,218,121,46,29,14,5,2,1,0,0,0,0,0,0,0,
[  222.619124] part3,14121,12190,3497,1440,586,234,120,35,25,8,2,2,0,0,0,0,0,0,0,0,
[  222.626860] part4,7574,7828,2552,1149,460,160,70,50,16,14,5,2,0,0,1,0,0,0,0,0,
[  222.634431] part5,8285,8615,2970,1415,601,226,93,53,21,13,7,3,1,0,0,1,0,0,0,0,
[  223.637311] part1,4092,3549,1044,428,203,69,34,19,4,4,1,1,1,0,0,0,0,0,0,0,
[  223.644559] part2,8883,8689,2969,1090,521,225,116,78,32,23,13,7,7,2,3,0,1,0,0,0,
[  223.652298] part3,10681,8896,2312,1015,418,163,63,23,11,6,1,0,0,0,0,1,0,0,0,0,
[  223.659861] part4,5074,5368,1609,760,313,89,55,31,22,12,7,2,2,0,0,0,0,0,0,0,
[  223.667265] part5,2745,3517,1473,677,304,116,55,22,19,4,4,1,1,1,0,0,0,0,0,0,
[  224.459627] (3)-2539	[[HDMI][PWR][WARN]] PWR_STS : FG_HDMI=1, P0/P1/P2/P3(active,fsm,vs_cnt,pol,int) =  P0(0,PS_OFF,0,0,0)/P1(0,PS_OFF,0,0,0)/P2(0,PS_OFF,0,0,0)/P3(1,PS_OFF,11646,1,0)
[  224.670654] part1,5103,4494,1371,656,290,107,51,14,6,3,2,0,3,0,0,0,0,0,0,0,
[  224.677988] part2,11490,12318,4202,1732,774,343,189,81,52,19,9,8,3,3,0,2,0,0,0,0,
[  224.685808] part3,14427,12101,3398,1370,633,248,115,38,22,6,1,4,2,1,0,0,0,0,0,1,
[  224.693550] part4,7874,7883,2574,1145,451,137,58,43,18,11,1,4,0,0,0,0,0,0,0,0,
[  224.701122] part5,7219,8097,3075,1426,568,233,83,33,17,6,4,2,2,1,0,0,0,0,1,0,
[  225.704040] part1,10019,11166,3557,1343,539,196,74,34,16,10,9,4,0,2,0,1,0,0,0,1,
[  225.711796] part2,17537,16199,5349,1908,620,187,101,31,27,14,6,9,2,0,0,0,0,0,0,0,
[  225.719615] part3,19732,19937,6252,2541,956,319,143,85,59,14,10,2,0,0,0,0,0,0,0,0,
[  225.727541] part4,23160,23305,6580,2784,1194,449,197,89,51,29,14,14,3,2,1,1,1,0,0,0,
[  225.735637] part5,13394,12443,4828,2252,
(3)-0000	928,411,191,97,53,20,18,4,1,1,1,0,0,1,0,0,
[  226.737340] part1,8993,10531,3307,1280,486,167,51,21,10,3,3,3,1,0,1,1,0,0,1,0,
[  226.744922] part2,15680,14514,4930,1663,545,167,60,33,20,12,13,14,13,6,6,2,0,0,0,0,
[  226.752918] part3,17786,17552,5615,2135,797,275,126,56,49,12,9,1,1,0,0,0,0,0,0,0,
[  226.760759] part4,20613,22200,5787,2627,1055,448,233,109,53,39,13,9,9,0,2,1,1,0,0,0,
[  226.768848] part5,12689,11578,
[  226.771782] (2)-0000	4205,1734,698,310,117,47,24,7,7,1,1,2,0,0,0,0,0,0,
[  227.770694] part1,11458,12836,3938,1563,561,188,67,27,8,9,3,1,1,0,0,0,0,0,0,0,
[  227.778278] part2,19380,19308,6422,2573,969,333,140,52,30,16,14,14,17,7,5,2,3,0,0,0,
[  227.786383] part3,20582,19378,6260,2355,806,263,139,49,35,13,7,4,1,0,0,0,0,0,0,0,
[  227.794213] part4,21333,23093,5978,2529,937,387,159,94,44,18,11,6,3,2,0,0,0,0,0,0,
[  227.802117] part5,9178,9153,2741,1083,411,190,71,34,12,14,5,2,0,2,0,0,0,0,0,0,
[  228.804037] part1,10218,11691,3544,1396,502,179,71,29,16,9,3,1,0,1,0,0,0,0,0,0,
[  228.811704] part2,18232,18258,6080,2294,812,301,121,63,33,17,10,9,11,8,13,3,0,0,0,0,
[  228.819800] part3,17394,16975,5451,2055,733,223,120,61,40,18,
[  228.825548] (1)-0000	8,1,3,0,0,0,0,0,0,0,
[  228.829920] part4,17439,19566,4987,2096,791,314,163,76,36,14,13,3,3,1,0,1,0,0,0,0,
[  228.837834] part5,8348,8028,2335,877,308,150,57,18,11,3,4,1,1,1,1,0,0,0,0,0,
[  229.837372] part1,10835,12206,3820,1470,556,206,79,38,19,16,6,0,1,3,1,0,0,0,0,0,
[  229.845144] part2,17225,16213,5365,1975,659,190,110,41,33,11,9,6,0,2,1,0,0,0,0,0,
[  229.852979] part3,18838,18339,6005,2367,866,264,139,63,35,26,6,2,0,0,0,0,0,0,0,0,
[  229.860803] part4,21146,21057,5829,2691,869,324,167,83,52,26,15,3,5,0,0,0,0,0,0,0,
[  229.868712] part5,12375,11071,3871,1768,684,301,139,57,26,10,3,1,5,1,0,0,0,0,0,0,
[  230.870725] part1,10733,12045,3747,1471,522,205,78,36,16,6,4,3,1,0,0,0,0,0,0,0,
[  230.878411] part2,18716,17862,6007,2216,832,268,114,53,25,9,20,11,11,7,11,3,1,0,0,0,
[  230.886498] part3,18637,17954,5948,2295,804,315,139,64,39,35,10,3,1,0,0,0,0,0,0,0,
[  230.894397] part4,24186,23823,6901,3062,1270,589,266,149,109,65,22,6,2,0,1,2,0,0,0,0,
[  230.902570] part5,8764,8563,3084,1426,582,233,103,43,30,16,4,4,0,1,2,0,1,0,0,0,
[  231.904078] part1,11773,12932,4134,1461,541,205,74,45,15,9,5,1,0,0,0,0,0,0,0,0,
[  231.911758] part2,20071,19145,6104,2455,917,314,137,58,22,21,15,5,14,6,9,1,0,0,0,0,
[  231.919753] part3,20833,19388,6340,2352,864,269,151,54,29,20,7,3,3,0,0,0,0,0,0,0,
[  231.927579] part4,24010,23550,6846,3019,1322,518,317,135,108,58,24,10,4,0,1,0,0,0,0,0,
[  231.935851] part5,13220,12165,4619,2229,979,421,199,97,36,12,10,3,1,4,0,0,0,0,0,0,
[  232.039526] (2)-2541	[[HDMI][AUDIOF]] Audio STS : FSM=5(CHECK), hbr=0/0, sample_cnt= 10218, hbr_sample_cnt=0, fifo_ov=0, type=2(LPCM), ch_mode=0, ch_num=2, acr_freq=48000, wait_acr_cnt=1
[  232.937410] part1,13019,13825,4338,1678,656,261,109,41,23,14,6,2,0,1,1,0,0,0,0,0,
[  232.945252] part2,21633,20102,6471,2573,970,333,144,63,37,12,5,4,4,1,0,0,0,0,0,0,
[  232.953075] part3,24434,22926,7577,3049,1094,370,217,89,41,26,5,1,1,0,1,1,0,0,0,0,
[  232.960992] part4,29758,28178,8569,3780,1555,745,314,163,121,41,25,7,5,1,0,0,1,0,0,0,
[  232.969174] part5,14312,12618,4899,2395,995,430,182,91,42,14,8,4,1,3,1,0,0,0,0,0,
[  233.970754] part1,12909,13924,4389,1661,639,237,90,60,26,13,12,4,2,1,1,0,0,0,0,0,
[  233.978602] part2,21297,20142,6781,2685,999,371,149,80,30,21,9,2,2,1,1,1,0,0,0,0,
[  233.986416] part3,24158,22580,7638,3059,1114,411,181,79,50,23,5,2,3,1,0,0,0,0,0,0,
[  233.994337] part4,29384,28293,8454,3732,1541,688,347,191,112,63,16,13,6,2,0,0,1,0,0,0,
[  234.002607] part5,15010,13812,5247,2594,1025,462,226,88,34,22,5,2,1,2,0,0,0,0,0,0,
[  234.689617] (3)-2539	[[HDMI][PWR][WARN]] PWR_STS : FG_HDMI=1, P0/P1/P2/P3(active,fsm,vs_cnt,pol,int) =  P0(0,PS_OFF,0,0,0)/P1(0,PS_OFF,0,0,0)/P2(0,PS_OFF,0,0,0)/P3(1,PS_OFF,12242,1,0)
[  235.004126] part1,9265,13275,4726,1776,508,227,63,34,12,6,13,3,3,1,6,1,0,1,0,2,
[  235.011786] part2,8685,11875,3650,1643,608,210,149,64,95,21,25,2,2,0,0,0,0,0,0,0,
[  235.019611] part3,7503,11314,3316,1413,669,283,143,69,50,31,6,2,1,0,2,0,1,0,0,0,
[  235.027355] part4,4458,5624,1350,548,183,65,39,19,9,4,0,0,0,0,0,0,0,0,0,1,
[  235.034564] part5,4331,4411,1517,776,256,106,47,34,11,9,3,1,0,1,0,0,0,0,0,0,
[  236.037449] part1,2808,5864,2372,929,215,62,34,9,7,2,5,4,2,1,0,1,1,1,2,1,
[  236.044601] part2,4167,6922,1785,802,323,139,126,32,105,12,20,3,2,0,0,0,0,0,0,0,
[  236.052346] part3,6489,10291,2727,1204,557,245,119,68,53,23,2,0,1,1,0,0,0,0,0,0,
[  236.060085] part4,6280,7890,2725,1076,511,219,98,30,14,6,2,2,2,0,0,0,0,0,0,0,
[  236.067548] part5,11561,12362,3598,1751,683,273,143,44,24,18,12,5,3,3,0,1,2,0,2,0,
[  237.070854] part1,8695,14072,4896,1766,570,228,113,26,23,7,5,6,7,0,2,2,1,2,1,1,
[  237.078537] part2,8561,12721,3799,1745,616,259,171,62,102,26,9,6,4,4,0,0,0,0,0,0,
[  237.086367] part3,15391,18702,4974,2133,819,354,158,90,71,32,1,7,0,0,0,1,0,0,0,0,
[  237.094197] part4,7720,9331,2327,1027,426,154,84,27,15,6,13,4,1,3,1,0,0,0,1,0,
[  237.101757] part5,4175,4944,1441,738,263,90,53,19,10,7,2,2,0,0,0,1,0,0,0,0,
[  238.104150] part1,3354,7543,
[  238.106928] (2)-0000	2980,1165,370,129,43,18,7,6,4,5,2,1,0,0,2,0,2,3,
[  238.113851] part2,5103,8555,2042,848,323,125,157,30,123,15,42,7,3,0,0,0,0,0,0,0,
[  238.121601] part3,7261,11240,2947,1289,589,255,130,64,51,22,3,1,0,2,0,1,0,0,0,0,
[  238.129340] part4,3975,5781,1312,625,255,68,28,18,11,1,2,1,0,1,0,0,0,0,0,1,
[  238.136629] part5,5825,6965,2166,1102,460,166,87,47,27,9,15,3,6,2,1,1,1,0,0,0,
[  239.137479] part1,9104,14585,5457,1929,674,303,121,40,20,9,11,3,5,0,0,2,2,0,1,4,
[  239.145251] part2,8433,12063,3802,1745,595,253,170,67,77,20,11,8,4,1,2,0,0,0,0,0,
[  239.153083] part3,16104,18183,5236,2227,938,351,173,71,53,23,7,2,0,0,0,0,0,0,0,0,
[  239.160907] part4,7783,8991,2276,1091,469,152,86,28,12,5,6,6,1,3,3,0,0,0,0,0,
[  239.168386] part5,3209,4100,1472,712,289,112,55,21,15,5,1,0,1,2,0,0,0,0,0,0,
[  240.170823] part1,9368,15446,5471,1986,774,295,120,44,21,10,10,5,4,3,1,3,2,0,0,1,
[  240.178683] part2,7440,11091,2978,1374,461,197,149,65,85,20,5,9,1,2,0,0,0,0,0,0,
[  240.186415] part3,15834,18379,5025,2067,895,353,189,83,61,38,10,3,7,5,4,3,0,2,0,3,
[  240.194321] part4,7790,9187,2233,1051,451,181,91,39,20,4,5,2,0,3,0,1,0,0,0,0,
[  240.201808] part5,7108,8507,1970,1049,394,151,59,27,14,9,6,0,0,1,0,0,0,0,0,0,
[  241.204172] part1,9621,15087,5669,2054,858,307,132,36,20,12,10,4,5,2,1,0,4,0,1,0,
[  241.212028] part2,7821,11491,3551,1695,657,244,161,78,60,18,9,5,3,2,0,0,0,0,0,0,
[  241.219761] part3,15700,18102,5043,2195,916,327,186,66,38,19,2,0,0,0,0,0,0,0,0,0,
[  241.227590] part4,11031,12561,4108,1709,785,365,177,62,22,14,11,2,1,1,0,1,0,0,0,0,
[  241.235518] part5,11547,12986,3932,2001,743,335,151,50,36,18,6,1,3,2,5,1,0,0,2,1,
[  242.237600] part1,9623,15321,5810,2058,838,318,133,46,13,14,12,8,5,3,3,0,2,1,4,0,
[  242.245460] part2,7726,11468,3568,1744,627,251,165,67,68,21,14,3,3,1,0,0,0,0,0,0,
[  242.253281] part3,15641,18157,5090,2091,869,344,187,77,57,24,5,2,0,0,2,0,0,0,0,0,
[  242.261117] part4,10779,12507,3921,1645,677,324,157,60,36,11,10,10,2,4,0,0,0,0,0,0,
[  242.269118] part5,10141,11140,2995,1458,522,238,106,41,33,11,9,3,4,2,2,0,0,1,1,0,
[  243.270851] part1,1381,904,269,125,56,28,10,2,0,1,0,0,0,0,0,0,0,0,0,0,
[  243.277732] part2,2064,3002,745,247,104,39,19,5,0,2,2,0,0,0,0,0,0,0,0,0,
[  243.284779] part3,4068,4276,980,338,144,49,13,2,3,1,0,0,0,0,0,0,0,0,0,0,
[  243.291820] part4,2003,2200,685,281,132,48,16,8,1,0,0,0,0,0,0,0,0,0,0,0,
[  243.298852] part5,3758,4479,1836,862,331,130,42,20,8,2,0,1,1,2,0,1,0,0,0,0,
[  244.304221] part1,3254,2794,807,395,160,64,21,11,8,2,1,1,0,0,0,0,1,0,0,0,
[  244.311370] part2,7864,8016,2223,796,330,173,76,36,13,7,0,0,0,0,1,0,0,0,0,0,
[  244.318770] part3,10495,9225,2624,1140,483,196,90,31,12,4,4,1,1,0,0,0,0,0,0,0,
[  244.326331] part4,4053,4509,1314,611,221,82,29,11,5,1,1,0,0,0,0,0,0,0,0,0,
[  244.333536] part5,3242,4067,1676,799,351,140,66,22,13,7,1,1,0,1,0,0,0,0,0,0,
[  244.399500] (2)-2541	[[HDMI][AUDIOF]] Audio STS : FSM=5(CHECK), hbr=0/0, sample_cnt= 10819, hbr_sample_cnt=0, fifo_ov=0, type=2(LPCM), ch_mode=0, ch_num=2, acr_freq=48000, wait_acr_cnt=1
[  245.069562] (3)-2539	[[HDMI][PWR][WARN]] PWR_STS : FG_HDMI=1, P0/P1/P2/P3(active,fsm,vs_cnt,pol,int) =  P0(0,PS_OFF,0,0,0)/P1(0,PS_OFF,0,0,0)/P2(0,PS_OFF,0,0,0)/P3(1,PS_OFF,12828,1,0)
[  245.337547] part1,1469,1026,227,89,40,16,8,5,0,1,0,0,0,0,0,0,0,0,0,0,
[  245.344358] part2,2005,3099,664,281,89,26,18,5,2,3,2,0,0,0,0,0,0,0,0,0,
[  245.351314] part3,4367,4313,843,275,112,35,9,0,2,0,0,0,0,0,0,0,0,0,0,0,
[  245.358260] part4,2281,2286,534,216,73,31,20,4,1,1,0,0,0,0,0,0,0,0,0,0,
[  245.365221] part5,3378,4676,1768,907,357,137,47,25,13,4,3,1,2,0,1,0,0,0,0,0,
[  246.370933] part1,2922,2398,735,366,129,78,37,16,6,7,2,0,0,0,0,0,1,0,0,0,
[  246.378134] part2,8823,9002,2655,1076,517,245,118,61,37,17,8,6,5,1,0,1,0,0,0,0,
[  246.385784] part3,12176,9956,2828,1205,518,194,97,38,10,3,4,2,0,0,0,0,0,0,0,0,
[  246.393340] part4,5885,5988,1901,788,323,109,53,29,19,12,9,5,1,1,1,0,0,0,0,0,
[  246.400817] part5,6679,6830,2269,988,432,161,74,30,14,3,2,1,0,0,0,0,0,0,0,0,
[  247.404228] part1,4665,4224,1177,582,249,110,46,15,12,6,3,2,2,0,0,0,0,0,0,0,
[  247.411656] part2,10576,10465,3438,1423,644,286,154,96,41,18,11,7,6,3,2,1,0,0,0,0,
[  247.419572] part3,10558,9177,2319,885,353,122,51,26,8,3,4,1,0,0,1,0,0,0,0,0,
[  247.426959] part4,5983,6072,1962,826,331,137,56,28,19,6,3,1,0,1,0,0,0,0,0,0,
[  247.434356] part5,6615,6749,2287,1009,433,170,72,38,19,9,2,2,0,1,0,0,0,0,0,0,
[  248.437582] part1,5748,5071,1484,655,300,123,60,28,9,2,3,1,1,0,0,0,0,0,0,0,
[  248.444908] part2,10853,11247,3863,1563,714,303,157,80,36,18,10,6,2,2,1,0,0,1,0,0,
[  248.452820] part3,14695,12321,3559,1565,585,256,108,29,17,6,1,4,0,0,0,0,0,0,0,0,
[  248.460565] part4,7289,7147,2334,976,399,137,66,29,13,8,3,2,0,1,0,0,0,0,0,0,
[  248.467957] part5,6466,7022,2700,1219,507,212,100,45,28,12,6,3,2,1,0,0,1,0,0,0,
[  249.470923] part1,10847,11653,3637,1349,505,182,60,28,12,5,2,0,1,0,0,0,0,0,0,0,
[  249.478598] part2,17664,16256,5413,1815,614,227,111,52,29,15,2,5,4,3,0,0,0,0,0,0,
[  249.486421] part3,21916,20225,6583,2628,895,334,154,83,35,16,19,0,1,1,0,0,0,0,0,0,
[  249.494336] part4,22634,21871,6355,2806,1152,501,241,94,62,46,21,23,2,0,2,1,0,0,0,1,
[  249.502425] part5,12453,12407,4724,2179,990,421,207,89,48,19,9,4,5,4,0,0,0,0,0,0,
[  250.504283] part1,10071,11173,3298,1298,466,142,53,20,8,6,0,2,0,0,0,0,0,0,0,0,
[  250.511873] part2,16537,15400,5008,1799,588,209,92,41,26,14,7,12,17,2,8,4,1,0,0,0,
[  250.519784] part3,20346,18882,6130,2348,871,328,145,80,30,14,10,4,2,1,0,0,0,0,0,0,
[  250.527711] part4,17966,19178,5494,2489,1032,415,184,82,55,31,19,10,3,0,1,1,0,0,1,2,
[  250.535803] part5,7887,8260,2653,1185,474,234,97,46,22,7,4,0,1,1,0,0,0,0,0,0,
[  251.537614] part1,11348,12542,3917,1484,605,208,87,45,29,7,4,6,2,0,0,0,0,0,0,0,
[  251.545277] part2,18392,17890,5837,2228,800,298,115,51,26,21,20,9,15,7,6,3,0,0,0,0,
[  251.553281] part3,21712,20551,6567,2365,903,303,141,67,33,10,12,5,0,1,0,0,0,0,0,0,
[  251.561205] part4,20380,21424,5722,2413,858,376,169,70,27,14,10,3,3,1,0,1,0,0,0,0,
[  251.569120] part5,8143,9095,3223,1548,658,319,151,56,23,24,7,8,6,5,0,0,0,0,0,0,
[  252.570952] part1,10590,11290,3384,1204,446,160,59,19,10,0,2,0,1,1,0,0,0,0,0,0,
[  252.578622] part2,16786,15718,5061,1691,581,196,57,36,31,15,20,13,12,8,5,2,1,0,0,0,
[  252.586641] part3,20249,19010,6144,2288,842,310,135,79,29,20,14,6,1,0,0,0,0,0,0,0,
[  252.594561] part4,18453,19602,5340,2507,1032,432,205,94,50,29,11,2,5,2,3,1,0,1,0,2,
[  252.602559] part5,8165,8581,2577,1184,469,219,90,29,20,8,4,2,0,1,0,0,0,0,0,0,
[  253.604293] part1,11014,12524,3770,1413,593,221,70,42,23,14,10,5,4,1,0,0,1,0,0,0,
[  253.612144] part2,18943,18174,5866,2258,808,266,127,43,26,17,24,20,11,5,9,1,2,0,0,0,
[  253.620241] part3,21239,19866,6484,2467,880,307,137,70,30,17,15,7,1,0,0,0,0,0,0,0,
[  253.628157] part4,20103,20671,5420,2297,828,324,157,85,34,25,5,2,3,0,0,0,0,0,0,0,
[  253.635978] part5,7488,8708,3128,1467,643,289,158,69,41,21,9,4,9,1,1,1,0,0,0,0,
[  254.637640] part1,9312,10506,3310,1166,468,158,47,20,11,5,4,0,2,0,0,0,0,0,0,0,
[  254.645239] part2,17871,16428,5425,1919,693,281,97,45,27,14,13,14,13,1,5,4,3,0,0,0,
[  254.653245] part3,19425,18625,6019,2369,887,283,147,72,31,15,13,4,3,1,0,1,0,0,0,0,
[  254.661148] part4,23398,22580,6449,2778,1199,504,319,148,82,49,18,14,3,2,2,1,1,1,1,0,
[  254.669318] part5,7551,7927,2572,1085,471,199,89,32,20,9,1,1,2,0,0,0,1,0,0,0,
[  255.399585] (1)-2539	[[HDMI][PWR][WARN]] PWR_STS : FG_HDMI=1, P0/P1/P2/P3(active,fsm,vs_cnt,pol,int) =  P0(0,PS_OFF,0,0,0)/P1(0,PS_OFF,0,0,0)/P2(0,PS_OFF,0,0,0)/P3(1,PS_OFF,13418,1,0)
[  255.671018] part1,10538,11259,3414,1257,459,148,65,25,16,3,6,1,0,0,0,0,0,0,0,0,
[  255.678699] part2,16872,14969,4990,1760,609,212,95,42,19,11,8,12,17,11,16,2,0,0,0,0,
[  255.686785] part3,19995,18345,6259,2276,836,291,131,63,43,11,10,2,0,0,0,0,0,0,0,0,
[  255.694692] part4,21451,19690,5835,2564,1018,402,233,91,63,26,14,5,9,0,3,1,0,0,0,0,
[  255.702693] part5,7967,7944,2739,1161,544,230,95,43,21,6,3,2,1,1,0,0,1,0,0,0,
[  256.704339] part1,10378,11405,3348,1244,489,164,58,24,13,9,3,0,1,1,0,0,0,0,0,0,
[  256.712017] part2,16662,15185,4898,1734,551,195,73,46,14,21,11,6,14,9,9,6,2,0,0,0,
[  256.719927] part3,19661,18327,6050,2250,845,299,124,68,39,21,8,7,0,0,0,0,0,0,0,0,
[  256.727750] part4,21188,19824,5747,2529,1015,419,226,93,61,34,8,11,8,2,3,0,0,0,0,0,
[  256.735758] part5,7806,7758,2723,1202,551,226,101,47,24,5,6,3,2,2,0,0,0,0,0,0,
[  256.929487] (0)-2541	[[HDMI][AUDIOF]] Audio STS : FSM=5(CHECK), hbr=0/0, sample_cnt= 11420, hbr_sample_cnt=0, fifo_ov=0, type=2(LPCM), ch_mode=0, ch_num=2, acr_freq=48000, wait_acr_cnt=1
[  257.737683] part1,11936,12008,3851,1367,517,180,80,39,17,9,9,1,1,2,0,0,0,0,0,0,
[  257.745363] part2,17306,15463,5204,1863,636,242,108,37,32,17,12,10,13,5,9,1,2,0,0,0,
[  257.753466] part3,23597,20643,7194,2723,963,403,139,49,30,13,10,1,0,1,1,0,0,0,0,0,
[  257.761428] part4,22391,20086,6076,2672,1022,414,205,105,69,34,16,13,3,6,1,1,0,0,0,1,
[  257.769655] part5,17132,13619,5630,2540,1061,445,200,67,44,17,13,3,1,1,2,0,0,0,0,0,
[  258.771018] part1,14240,13751,4538,1627,634,227,96,42,17,12,11,4,2,0,0,0,0,0,0,0,
[  258.778869] part2,23084,20519,6831,2641,932,356,134,55,31,11,6,4,3,0,1,1,0,0,0,0,
[  258.786692] part3,27059,23586,8213,3112,1086,403,172,75,32,19,7,3,1,0,0,0,0,0,0,0,
[  258.794611] part4,33022,29014,9164,3952,1708,754,439,199,131,53,31,7,2,0,0,0,1,0,0,0,
[  258.802787] part5,16082,14337,5885,
[  258.806170] (0)-0000	2828,1140,541,221,113,48,16,11,2,4,2,0,0,0,0,0,0,
[  259.804375] part1,13214,13399,4333,1664,647,219,83,44,32,11,7,4,5,2,0,0,0,0,0,0,
[  259.812132] part2,21651,20519,6625,2803,972,398,141,88,40,12,9,6,2,2,2,0,0,0,0,0,
[  259.819961] part3,25542,23610,7835,2992,1090,399,185,87,37,20,9,6,1,1,0,0,0,0,0,0,
[  259.827886] part4,31009,28748,8837,4023,1691,763,430,211,164,61,21,12,3,1,1,0,0,0,0,0,
[  259.836150] part5,14970,14193,5563,2741,1139,550,222,119,45,24,10,2,3,0,0,0,0,0,0,0,
[  260.837734] part1,13506,13572,4287,1683,612,240,95,49,27,16,7,1,3,1,0,0,0,0,0,0,
[  260.845486] part2,22016,20658,6655,2705,908,389,152,68,45,16,11,2,5,2,0,0,0,0,0,0,
[  260.853400] part3,25936,23510,7800,3049,1087,402,173,94,38,25,13,3,0,0,0,0,0,0,0,0,
[  260.861410] part4,31640,28967,8708,3910,1745,801,415,215,140,59,34,11,4,0,1,0,0,0,0,0,
[  260.869672] part5,15741,14597,5701,2683,1137,515,241,88,44,19,8,6,0,0,0,0,0,0,0,0,
[  261.871052] part1,13296,13454,4217,1669,602,247,92,36,14,8,12,5,2,0,0,0,1,0,0,1,
[  261.878815] part2,21658,20031,6595,2634,923,378,143,75,29,15,12,4,5,0,1,0,0,0,0,0,
[  261.886735] part3,26079,23435,7746,3001,1149,401,182,85,43,25,12,4,0,1,1,0,0,0,0,0,
[  261.894737] part4,31439,28801,8897,3988,1669,810,420,234,142,60,31,11,8,0,3,0,0,0,0,0,
[  261.902991] part5,15678,14783,5673,2860,1156,543,252,102,42,14,9,3,2,3,1,0,0,0,0,0,
[  262.904400] part1,13193,13420,4152,1554,606,241,80,32,17,11,8,3,0,0,1,1,1,0,0,0,
[  262.912171] part2,21596,20177,6521,2613,936,338,144,65,35,17,10,8,4,2,0,0,0,0,0,0,
[  262.920091] part3,26030,23262,7739,3007,1114,410,189,98,54,23,9,5,3,1,1,0,0,0,0,0,
[  262.928004] part4,31484,28622,8828,3928,1719,811,400,220,123,56,29,17,8,0,1,0,0,1,0,0,
[  262.936262] part5,15714,14775,5829,2786,1222,516,256,94,38,24,10,2,4,2,1,0,0,0,0,0,
[  263.937730] part1,0,0,0,0,0,0,0,0,0,0,0,0,0,0,0,0,0,0,0,0,
[  263.943572] part2,0,0,0,0,0,0,0,0,0,0,0,0,0,0,0,0,0,0,0,0,
[  263.949383] part3,0,0,0,0,0,0,0,0,0,0,0,0,0,0,0,0,0,0,0,0,
[  263.955208] part4,0,0,0,0,0,0,0,0,0,0,0,0,0,0,0,0,0,0,0,0,
[  263.961017] part5,0,0,0,0,
[  263.963627] (1)-0000	0,0,0,0,0,0,0,0,0,0,0,0,0,0,0,0,

[END] 12/6/2019 3:32:39 PM
