[BEGIN] 12/6/2019 4:05:29 PM
[ 2247.042636] part1,1,13,16,29,14,14,17,7,7,1,6,4,1,3,1,0,2,0,0,0,
[ 2247.048995] part2,27,97,175,120,113,71,56,36,38,20,29,12,6,1,1,3,0,0,0,0,
[ 2247.056119] part3,706,1525,950,585,391,248,194,102,73,25,29,6,3,1,0,0,0,0,0,0,
[ 2247.063699] part4,1,111,358,312,273,133,102,48,38,14,10,8,3,5,2,0,0,0,0,0,
[ 2247.070920] part5,3,360,567,267,76,25,9,1,1,2,1,2,0,0,0,0,0,0,0,0,
[ 2248.075964] part1,1,16,11,9,19,10,7,8,10,4,3,3,2,2,1,0,0,0,0,0,
[ 2248.082228] part2,58,153,208,274,296,215,181,78,59,50,42,20,7,1,2,0,0,0,0,0,
[ 2248.089610] part3,205,893,891,742,563,360,233,154,116,49,50,22,13,2,0,0,0,0,0,0,
[ 2248.097363] part4,2,14,46,15,28,7,6,6,5,3,1,0,3,0,0,0,0,0,0,0,
[ 2248.103527] part5,27,481,746,375,143,82,47,20,10,6,7,5,0,0,0,0,0,0,0,0,
[ 2249.109299] part1,3495,10492,6970,3337,1871,888,514,232,112,59,33,20,14,9,3,0,2,1,0,0,
[ 2249.117591] part2,3507,8834,4232,1950,817,363,186,72,52,18,13,6,3,0,0,1,1,0,0,0,
[ 2249.125320] part3,3087,7654,4080,1655,816,314,148,59,41,22,12,5,3,3,0,0,1,0,0,0,
[ 2249.133067] part4,2525,7232,4104,1656,815,370,166,82,45,20,21,7,5,1,0,1,0,0,0,0,
[ 2249.140809] part5,2557,7870,5182,2633,1373,640,291,121,52,30,12,7,4,4,2,1,1,0,1,1,
[ 2250.142648] part1,3604,10603,7109,3429,1850,916,507,232,135,63,31,22,8,7,1,1,4,1,0,1,
[ 2250.150843] part2,3715,8968,4247,1992,828,370,170,72,42,16,13,4,6,2,1,0,0,0,0,0,
[ 2250.158582] part3,3206,8001,4012,1726,824,321,136,53,38,24,10,6,4,1,0,0,0,0,0,0,
[ 2250.166321] part4,2765,7499,4074,1709,853,347,160,77,40,28,16,8,3,4,0,1,0,0,0,0,
[ 2250.174066] part5,2971,8397,5241,2766,1368,618,312,120,54,19,10,10,8,6,2,0,0,0,0,0,
[ 2250.439579] (2)-2539	[[HDMI][PWR][WARN]] PWR_STS : FG_HDMI=1, P0/P1/P2/P3(active,fsm,vs_cnt,pol,int) =  P0(0,PS_OFF,0,0,0)/P1(0,PS_OFF,0,0,0)/P2(0,PS_OFF,0,0,0)/P3(1,PS_OFF,67916,1,0)
[ 2251.176016] part1,3396,10236,6970,3224,1794,932,485,259,139,66,40,22,14,1,4,3,2,0,0,2,
[ 2251.184299] part2,3475,8705,4195,1919,799,371,175,77,45,27,12,4,2,1,0,1,0,0,0,0,
[ 2251.192048] part3,2925,7670,4009,1638,812,314,143,74,43,21,14,6,5,1,0,0,0,0,0,0,
[ 2251.199792] part4,2443,7237,3954,1644,796,380,190,84,50,22,19,7,3,1,2,0,0,0,0,0,
[ 2251.207523] part5,2655,7853,5104,2655,1338,642,326,120,57,23,9,9,7,4,3,0,2,0,0,1,
[ 2251.539510] (0)-2541	[[HDMI][AUDIOF]] Audio STS : FSM=5(CHECK), hbr=0/0, sample_cnt= 57697, hbr_sample_cnt=0, fifo_ov=0, type=2(LPCM), ch_mode=0, ch_num=2, acr_freq=48000, wait_acr_cnt=1
[ 2252.209391] part1,3,26,92,99,151,147,83,31,23,12,23,14,7,3,1,0,0,0,0,0,
[ 2252.216365] part2,1,11,30,115,240,259,277,89,91,36,17,8,1,1,0,0,0,0,0,0,
[ 2252.223409] part3,4,69,239,219,336,328,346,144,105,60,41,22,15,2,0,1,0,0,0,0,
[ 2252.230887] part4,83,373,608,698,875,490,385,209,147,64,44,10,15,5,5,1,0,0,0,0,
[ 2252.238540] part5,33,422,647,526,373,289,230,112,101,44,62,13,10,1,2,0,1,0,0,0,
[ 2253.242689] part1,5,30,87,105,216,201,107,54,31,35,37,19,11,3,4,3,6,1,0,0,
[ 2253.249940] part2,4,24,70,199,315,303,267,126,126,54,33,13,10,1,4,2,4,0,0,0,
[ 2253.257329] part3,68,380,441,452,526,378,377,160,158,49,52,24,26,11,9,2,0,0,0,0,
[ 2253.265067] part4,162,464,641,725,635,315,277,120,102,36,30,13,16,7,1,0,0,0,0,0,
[ 2253.272809] part5,64,558,715,591,513,349,318,151,132,41,64,20,17,0,3,0,0,0,0,0,
[ 2254.276036] part1,5,33,112,135,210,193,107,53,40,29,32,22,8,7,7,2,3,0,0,0,
[ 2254.283281] part2,1,20,72,186,299,315,335,124,120,51,42,16,11,2,4,3,0,0,0,0,
[ 2254.290670] part3,59,331,445,431,532,430,442,207,170,59,55,23,32,10,8,2,2,1,0,0,
[ 2254.298408] part4,90,331,569,657,619,349,287,136,110,43,42,9,6,2,4,0,0,0,0,0,
[ 2254.305915] part5,68,510,725,603,389,387,320,171,125,55,58,20,11,4,1,0,0,0,0,0,
[ 2255.309415] part1,0,20,64,104,172,155,86,52,51,38,26,9,18,4,1,4,3,0,1,0,
[ 2255.316489] part2,1,1,24,102,223,305,312,111,128,50,36,15,15,8,7,3,0,0,0,0,
[ 2255.323789] part3,115,544,485,413,502,396,490,199,146,44,41,17,12,7,6,1,2,0,0,0,
[ 2255.331531] part4,36,185,376,528,717,385,356,136,135,76,34,12,15,5,2,0,0,0,0,0,
[ 2255.339188] part5,7,366,666,471,380,315,316,152,135,34,49,24,13,3,0,1,1,0,0,1,
[ 2256.342723] part1,1,6,50,68,175,128,86,43,42,33,26,10,7,3,0,0,2,0,0,0,
[ 2256.349610] part2,4,25,68,186,232,319,332,126,163,51,39,24,16,9,9,6,3,2,1,0,
[ 2256.356980] part3,52,244,268,275,517,425,489,242,218,75,74,27,25,8,9,2,1,0,0,0,
[ 2256.364641] part4,55,232,474,584,682,357,291,149,104,45,34,17,11,3,3,0,0,0,0,0,
[ 2256.372296] part5,4,361,647,554,438,345,258,109,93,25,46,13,10,1,0,2,0,0,0,0,
[ 2257.376072] part1,0,2,18,30,227,173,84,48,33,22,12,6,8,1,1,0,0,0,0,0,
[ 2257.382867] part2,8,42,177,334,434,435,342,136,134,55,38,46,25,6,9,6,2,1,0,0,
[ 2257.390347] part3,134,555,646,588,697,603,573,298,204,80,56,36,21,8,13,2,3,0,0,0,
[ 2257.398184] part4,82,274,583,654,581,274,276,112,121,50,28,11,16,2,2,2,0,0,0,0,
[ 2257.405830] part5,38,490,762,596,428,300,255,134,104,47,26,11,8,2,2,0,0,0,0,0,
[ 2258.409413] part1,1,3,41,61,206,168,81,40,46,15,17,5,5,3,0,2,1,0,0,0,
[ 2258.416209] part2,6,40,108,240,378,392,277,140,136,64,51,30,15,9,13,4,4,0,0,0,
[ 2258.423775] part3,202,685,539,506,642,519,545,245,187,66,73,28,21,10,7,3,2,0,0,0,
[ 2258.431610] part4,138,380,585,641,683,328,309,156,153,43,43,21,14,6,0,0,0,0,0,0,
[ 2258.439343] part5,20,435,756,505,408,339,242,111,88,36,43,16,20,8,5,2,0,1,1,0,
[ 2259.442756] part1,3,9,31,56,202,145,78,47,36,17,12,10,7,0,0,2,2,0,0,0,
[ 2259.449646] part2,7,31,97,235,407,377,276,136,130,71,53,26,19,6,9,4,1,1,0,0,
[ 2259.457041] part3,167,486,415,474,716,515,492,212,185,68,71,31,25,7,7,1,2,1,0,0,
[ 2259.464781] part4,131,441,650,688,595,326,301,148,118,71,60,28,15,8,9,0,0,0,0,0,
[ 2259.472506] part5,29,448,818,555,430,292,265,106,100,42,38,20,11,9,4,5,0,0,1,0,
[ 2260.476119] part1,1,19,37,62,204,169,73,49,35,21,20,9,8,1,2,2,1,0,0,0,
[ 2260.483011] part2,2,35,107,174,384,353,280,136,163,67,59,16,22,12,11,4,4,0,0,0,
[ 2260.490673] part3,201,815,521,431,530,463,589,259,214,75,69,19,27,7,6,5,1,0,0,0,
[ 2260.498403] part4,145,703,761,740,686,361,300,168,119,72,64,32,31,9,8,1,0,0,2,0,
[ 2260.506136] part5,30,428,750,636,382,356,230,90,96,52,47,15,14,2,5,3,2,2,0,1,
[ 2260.809634] (1)-2539	[[HDMI][PWR][WARN]] PWR_STS : FG_HDMI=1, P0/P1/P2/P3(active,fsm,vs_cnt,pol,int) =  P0(0,PS_OFF,0,0,0)/P1(0,PS_OFF,0,0,0)/P2(0,PS_OFF,0,0,0)/P3(1,PS_OFF,68506,1,0)
[ 2261.509453] part1,2,8,39,63,215,149,72,42,33,12,22,12,11,3,0,0,2,0,0,0,
[ 2261.516433] part2,8,42,112,242,381,375,241,135,118,42,45,26,17,8,10,5,4,3,0,0,
[ 2261.524001] part3,90,301,406,381,605,561,540,261,211,93,87,43,39,15,6,3,3,0,0,0,
[ 2261.531738] part4,138,383,639,720,651,348,292,133,123,40,40,21,13,7,1,1,1,0,0,0,
[ 2261.539482] part5,24,439,779,573,396,323,258,99,92,34,42,16,20,8,1,4,2,1,0,0,
[ 2262.542799] part1,1,11,37,61,210,138,60,52,35,13,19,12,8,0,1,1,2,0,0,0,
[ 2262.549782] part2,10,36,122,242,394,392,279,140,133,54,49,20,13,12,10,4,2,0,0,0,
[ 2262.557528] part3,205,547,520,433,692,552,530,211,157,62,61,22,25,10,5,4,0,0,0,0,
[ 2262.565352] part4,122,450,618,674,646,359,279,168,177,63,53,14,9,6,3,0,1,0,0,0,
[ 2262.573014] part5,23,462,756,546,423,301,252,114,89,39,54,24,17,8,6,3,1,1,0,0,
[ 2263.576162] part1,1,10,44,63,215,149,60,37,38,10,19,8,10,1,0,1,1,0,0,0,
[ 2263.583144] part2,9,27,104,255,365,385,269,145,157,69,56,28,15,7,12,3,3,1,0,0,
[ 2263.590700] part3,176,774,843,771,818,625,589,321,218,92,63,45,25,11,6,2,4,0,0,0,
[ 2263.598527] part4,101,320,659,678,668,335,307,153,130,60,33,10,14,3,1,2,0,0,0,0,
[ 2263.606278] part5,26,441,812,580,394,302,230,118,99,54,58,29,11,4,1,2,0,0,1,0,
[ 2263.949531] (0)-2541	[[HDMI][AUDIOF]] Audio STS : FSM=5(CHECK), hbr=0/0, sample_cnt= 58298, hbr_sample_cnt=0, fifo_ov=0, type=2(LPCM), ch_mode=0, ch_num=2, acr_freq=48000, wait_acr_cnt=1
[ 2264.609477] part1,0,1,0,0,0,0,0,0,0,0,0,0,0,0,0,0,0,0,0,0,
[ 2264.615309] part2,0,0,0,0,0,0,0,0,0,0,1,4,4,7,12,6,4,0,0,0,
[ 2264.621217] part3,200,723,480,347,271,141,83,35,18,9,17,8,16,2,4,3,3,0,0,0,
[ 2264.628534] part4,0,0,25,33,46,25,34,14,32,15,41,25,91,78,101,16,2,0,0,0,
[ 2264.635653] part5,16,333,529,298,112,78,44,22,64,52,134,183,202,117,122,16,1,0,0,0,
[ 2265.642832] part1,0,0,0,0,0,0,0,0,0,0,0,0,1,0,2,2,5,4,5,1,
[ 2265.648657] part2,68,236,151,84,54,25,31,7,4,1,1,0,0,0,0,0,0,0,0,0,
[ 2265.655268] part3,106,414,347,196,111,58,42,30,20,14,13,2,1,0,2,1,0,0,0,0,
[ 2265.662494] part4,0,0,0,0,0,5,8,8,6,4,0,0,0,0,0,1,5,4,0,0,
[ 2265.668308] part5,10,350,467,270,99,77,21,19,7,4,2,2,1,2,0,2,1,1,0,0,
[ 2266.676188] part1,0,0,0,1,1,2,6,7,16,15,13,24,100,25,19,3,0,0,0,0,
[ 2266.682716] part2,0,0,0,0,2,7,12,23,61,70,59,10,18,4,17,3,3,0,0,0,
[ 2266.689247] part3,57,341,253,202,182,126,141,92,108,60,94,49,32,4,3,4,4,0,0,0,
[ 2266.696820] part4,0,4,10,8,38,36,20,39,67,52,48,24,26,9,7,4,0,0,0,0,
[ 2266.703506] part5,5,308,525,268,133,94,66,45,37,21,23,10,8,3,4,1,1,0,2,0,
[ 2267.709541] part1,0,4,40,104,168,214,294,254,352,189,209,68,75,21,14,4,3,1,0,0,
[ 2267.717214] part2,0,4,38,163,264,222,232,139,138,43,51,22,24,5,8,0,0,0,0,0,
[ 2267.724525] part3,115,512,454,421,403,466,392,236,190,73,79,35,23,9,8,6,2,0,0,0,
[ 2267.732270] part4,4,174,390,290,307,278,183,109,113,61,49,30,13,11,7,2,1,0,0,0,
[ 2267.739920] part5,108,783,1208,686,438,284,168,113,63,34,26,9,9,4,1,3,0,0,0,0,
[ 2268.742881] part1,59,275,672,822,703,529,412,290,287,140,96,50,45,32,10,6,1,0,0,0,
[ 2268.750824] part2,15,197,495,572,556,343,322,261,191,83,48,17,14,10,4,0,0,0,0,0,
[ 2268.758579] part3,298,971,1259,1292,982,709,515,277,198,86,78,26,13,6,6,6,1,0,0,0,
[ 2268.766492] part4,65,689,866,781,657,383,296,164,120,52,43,12,15,3,1,2,0,0,0,0,
[ 2268.774133] part5,53,749,1328,929,599,369,258,152,121,53,36,16,9,5,1,0,1,0,0,0,
[ 2269.776202] part1,65,511,1242,1242,958,537,562,397,245,111,64,53,55,17,8,6,1,0,0,0,
[ 2269.784238] part2,65,475,1051,1068,911,616,550,299,220,109,65,33,16,5,6,1,1,0,0,0,
[ 2269.792159] part3,364,1843,2097,1969,1414,838,584,272,240,103,63,34,26,12,4,3,2,0,0,0,
[ 2269.800426] part4,193,1536,1349,1101,740,462,352,179,123,53,44,17,7,4,6,0,1,0,0,0,
[ 2269.808332] part5,106,1067,1643,1205,863,429,261,152,94,44,45,20,11,1,2,0,0,0,0,0,
[ 2270.809558] part1,17,707,1052,1204,951,578,615,383,263,120,94,68,37,11,13,2,2,1,0,0,
[ 2270.817684] part2,31,371,1147,1296,972,777,646,302,248,109,76,25,20,3,8,1,2,0,0,0,
[ 2270.825598] part3,696,2162,2633,2036,1438,959,698,411,240,104,62,26,21,8,6,1,0,0,0,0,
[ 2270.833777] part4,348,2178,1783,1237,953,560,344,183,132,64,53,10,10,0,2,0,0,0,0,0,
[ 2270.841781] part5,339,1781,2209,1439,886,501,291,154,94,60,36,15,11,4,2,1,0,0,1,2,
[ 2271.289629] (1)-2539	[[HDMI][PWR][WARN]] PWR_STS : FG_HDMI=1, P0/P1/P2/P3(active,fsm,vs_cnt,pol,int) =  P0(0,PS_OFF,0,0,0)/P1(0,PS_OFF,0,0,0)/P2(0,PS_OFF,0,0,0)/P3(1,PS_OFF,69092,1,0)
[ 2271.842895] part1,31,625,867,885,654,469,413,259,177,80,49,25,28,12,5,0,1,1,0,0,
[ 2271.850663] part2,204,1006,1730,1554,1281,896,657,315,244,147,121,62,29,12,7,1,0,0,0,0,
[ 2271.859015] part3,583,1569,2273,1666,1148,712,481,262,188,78,63,24,11,7,5,0,0,0,0,0,
[ 2271.867106] part4,584,2509,2180,1381,957,505,343,207,122,66,30,17,5,4,4,0,0,0,0,0,
[ 2271.875021] part5,364,1868,2319,1383,874,474,302,136,84,51,32,19,10,2,0,0,0,0,0,0,
[ 2272.876257] part1,0,0,0,0,0,0,0,0,0,0,0,0,0,0,0,0,0,0,0,0,
[ 2272.882087] part2,
[ 2272.883945] (2)-0000	0,0,0,0,0,0,0,0,0,0,0,0,0,0,0,0,0,0,0,0,
[ 2272.890199] part3,0,0,0,0,0,0,0,0,0,0,0,0,0,0,0,0,0,0,0,0,
[ 2272.896030] part4,0,0,0,0,0,0,0,0,0,0,0,0,0,0,0,0,0,0,0,0,
[ 2272.901834] part5,0,0,0,0,0,0,0,0,0,0,0,0,0,0,0,0,0,0,0,0,

[END] 12/6/2019 4:06:08 PM
