[BEGIN] 12/6/2019 4:02:50 PM
[ 2089.107538] part1,4,50,64,101,73,19,11,3,1,0,1,0,0,0,0,0,0,0,0,0,
[ 2089.113990] part2,806,3547,2513,1169,587,251,79,47,22,10,3,0,2,0,0,0,0,0,0,0,
[ 2089.121467] part3,126,595,294,144,84,36,37,19,13,1,1,0,0,0,0,0,0,0,0,0,
[ 2089.128427] part4,10,61,54,23,26,16,6,0,1,0,0,0,0,0,0,0,0,0,0,0,
[ 2089.134756] part5,10,78,339,308,97,24,17,27,30,16,23,4,5,3,1,0,0,0,0,0,
[ 2089.639681] (0)-2541	[[HDMI][AUDIOF]] Audio STS : FSM=5(CHECK), hbr=0/0, sample_cnt= 49884, hbr_sample_cnt=0, fifo_ov=0, type=2(LPCM), ch_mode=0, ch_num=2, acr_freq=48000, wait_acr_cnt=1
[ 2090.140924] part1,1,26,60,106,74,32,14,9,1,0,0,0,0,0,0,0,0,0,0,0,
[ 2090.147362] part2,687,3397,2781,1369,653,263,114,49,35,12,5,1,0,0,0,0,0,0,0,0,
[ 2090.154935] part3,166,648,401,180,115,49,46,26,31,7,0,0,0,0,0,0,0,0,0,0,
[ 2090.161983] part4,9,43,15,10,17,6,4,2,0,0,0,0,0,0,0,0,0,0,0,0,
[ 2090.168138] part5,12,79,322,306,100,29,20,34,25,18,21,6,4,1,1,1,0,0,0,0,
[ 2091.174243] part1,0,0,0,0,0,0,0,0,0,0,0,0,0,0,0,0,0,0,0,0,
[ 2091.180084] part2,0,0,0,0,2,4,2,0,0,0,0,0,0,0,0,0,0,0,0,0,
[ 2091.185903] part3,14,26,37,48,59,47,41,27,14,3,0,0,0,0,0,0,0,0,0,0,
[ 2091.192497] part4,59,164,148,92,43,28,8,5,2,0,0,0,1,0,0,0,0,0,0,0,
[ 2091.199015] part5,6,101,325,250,114,39,27,15,23,14,6,2,0,0,0,0,0,0,0,0,
[ 2092.207673] part1,0,0,0,0,0,0,0,0,0,0,0,0,0,0,0,0,0,0,0,0,
[ 2092.213549] part2,0,0,0,0,4,1,0,0,0,0,0,0,0,0,0,0,0,0,0,0,
[ 2092.219375] part3,14,39,52,72,64,49,46,28,24,4,3,1,0,0,0,0,0,0,0,0,
[ 2092.226015] part4,71,196,176,118,82,28,32,13,15,3,2,0,0,0,0,0,0,0,0,0,
[ 2092.232923] part5,4,101,383,219,99,29,15,19,28,11,6,3,1,0,0,0,0,0,0,0,
[ 2093.240924] part1,0,0,0,0,0,0,0,0,0,0,0,0,0,0,0,0,0,0,0,0,
[ 2093.246781] part2,0,0,0,0,2,3,0,0,0,0,0,0,0,0,0,0,0,0,0,0,
[ 2093.252587] part3,12,36,35,60,83,42,48,31,21,6,2,1,0,0,0,0,0,0,0,0,
[ 2093.259189] part4,46,188,165,123,73,37,29,10,11,4,1,1,0,0,0,0,0,0,0,0,
[ 2093.266055] part5,4,103,377,217,101,25,22,25,25,8,4,4,1,0,0,0,0,0,0,0,
[ 2094.274275] part1,0,0,0,0,0,0,0,0,0,0,0,0,0,0,0,0,0,0,0,0,
[ 2094.280123] part2,0,0,0,0,1,2,0,0,0,0,0,0,0,0,0,0,0,0,0,0,
[ 2094.285935] part3,20,43,48,68,83,48,66,29,16,4,9,1,0,0,0,0,0,0,0,0,
[ 2094.292548] part4,72,193,171,127,71,36,27,15,11,1,2,0,0,0,0,0,0,0,0,0,
[ 2094.299411] part5,7,107,331,274,78,31,31,25,16,13,7,1,2,0,0,0,0,0,0,0,
[ 2094.369582] (2)-2539	[[HDMI][PWR][WARN]] PWR_STS : FG_HDMI=1, P0/P1/P2/P3(active,fsm,vs_cnt,pol,int) =  P0(0,PS_OFF,0,0,0)/P1(0,PS_OFF,0,0,0)/P2(0,PS_OFF,0,0,0)/P3(1,PS_OFF,59114,1,0)
[ 2094.508416] $$$   hi_02_PhTable_AutoGen   $$$
[ 2094.608488] (0)-0000	$$$   hi_02_PhTable_AutoGen   $$$
part1,0,0,4,74,77,25,21,8,0,0,0,0,0,0,0,0,0,0,0,0,
[ 2095.312491] part2,283,1811,1745,936,471,228,123,49,60,15,11,6,3,0,0,0,0,0,0,0,
[ 2095.320049] part3,174,756,532,232,158,58,63,18,18,4,0,0,0,0,0,0,0,0,0,0,
[ 2095.327111] part4,4,25,43,10,26,14,10,0,0,0,0,0,0,0,0,0,0,0,0,0,
[ 2095.333449] part5,14,84,307,316,105,21,22,28,29,23,12,11,6,0,3,0,0,0,0,0,
[ 2096.340967] part1,3,9,23,95,73,39,15,8,1,0,0,0,0,0,0,0,0,0,0,0,
[ 2096.347236] part2,384,2087,1851,1032,500,239,163,81,52,19,3,1,2,0,0,0,0,0,0,0,
[ 2096.354795] part3,155,611,435,202,117,66,46,15,16,3,1,0,0,0,0,0,0,0,0,0,
[ 2096.361850] part4,1,12,24,8,22,23,8,1,0,0,0,0,0,0,0,0,0,0,0,0,
[ 2096.368012] part5,12,65,365,290,82,25,35,19,34,19,16,10,8,2,1,0,0,0,0,0,
[ 2097.374301] part1,0,4,8,66,62,37,19,6,3,0,0,0,0,0,0,0,0,0,0,0,
[ 2097.380479] part2,231,1625,1575,924,486,219,143,82,47,21,11,4,2,0,0,0,0,0,0,0,
[ 2097.388050] part3,178,689,456,237,133,75,62,25,9,3,3,0,0,0,0,0,0,0,0,0,
[ 2097.395011] part4,3,16,28,12,13,13,7,0,0,0,0,0,0,0,0,0,0,0,0,0,
[ 2097.401251] part5,10,65,371,283,87,30,27,21,31,24,12,9,5,2,2,1,0,0,0,0,
part1,0,0,0,30,70,29,14,2,1,0,0,0,0,0,0,0,0,0,0,0,
[ 2098.412544] part2,77,772,843,608,452,225,143,91,42,17,13,2,0,0,1,0,0,0,0,0,
[ 2098.419856] part3,195,781,502,237,130,84,55,34,20,9,4,1,3,0,0,0,0,0,0,0,
[ 2098.426890] part4,4,14,18,8,6,10,9,0,0,0,0,0,0,0,0,0,0,0,0,0,
[ 2098.432970] part5,7,78,341,298,97,32,14,20,37,19,14,9,7,1,2,0,0,0,0,0,
[ 2099.440995] part1,0,0,1,31,72,25,14,4,0,0,0,0,0,0,0,0,0,0,0,0,
[ 2099.447189] part2,45,675,770,571,450,221,130,81,43,25,8,2,0,0,0,0,0,0,0,0,
[ 2099.454416] part3,158,727,518,181,88,82,73,58,39,6,2,0,0,0,0,0,0,0,0,0,
[ 2099.461359] part4,2,6,11,7,4,7,7,2,0,0,0,0,0,0,0,0,0,0,0,0,
[ 2099.467274] part5,7,72,325,316,97,24,26,22,40,17,15,9,7,1,0,1,0,0,0,0,
[ 2100.474333] part1,0,0,2,22,84,37,29,12,6,0,0,0,0,0,0,0,0,0,0,0,
[ 2100.480617] part2,117,1010,906,603,442,240,132,76,41,21,15,4,2,0,0,0,0,0,0,0,
[ 2100.488094] part3,186,715,412,176,84,64,75,39,27,4,0,0,0,0,0,0,0,0,0,0,
[ 2100.495039] part4,4,10,13,15,1,8,9,4,0,0,0,0,0,0,0,0,0,0,0,0,
[ 2100.501120] part5,8,74,341,313,88,24,17,25,31,24,16,5,9,1,1,0,0,0,0,0,
[ 2101.507766] part1,0,0,0,13,58,32,10,4,0,0,0,0,0,0,0,0,0,0,0,0,
[ 2101.513961] part2,43,477,648,510,362,166,146,76,43,29,9,6,3,0,6,0,0,1,1,0,
[ 2101.521181] part3,211,734,499,208,89,68,64,50,27,4,1,0,1,0,1,0,0,0,0,0,
[ 2101.528130] part4,2,1,9,3,1,7,11,2,0,0,0,0,0,0,0,0,0,0,0,0,
[ 2101.534043] part5,10,75,288,329,119,24,21,22,36,26,11,9,6,1,2,0,0,0,0,0,
[ 2102.249512] (1)-2541	[[HDMI][AUDIOF]] Audio STS : FSM=5(CHECK), hbr=0/0, sample_cnt= 50485, hbr_sample_cnt=0, fifo_ov=0, type=2(LPCM), ch_mode=0, ch_num=2, acr_freq=48000, wait_acr_cnt=1
[ 2102.541028] part1,0,0,0,9,52,35,13,2,0,0,0,0,0,0,0,0,0,0,0,0,
[ 2102.547135] part2,16,319,581,433,327,147,100,51,50,17,9,7,0,0,4,0,0,0,0,0,
[ 2102.554349] part3,140,621,441,204,123,60,64,48,19,3,2,0,0,0,0,0,0,0,0,0,
[ 2102.561396] part4,3,8,7,8,4,12,10,2,1,0,0,0,0,0,0,0,0,0,0,0,
[ 2102.567388] part5,8,73,273,357,100,41,17,23,27,23,22,6,6,1,1,0,0,0,0,0,
[ 2103.574385] part1,0,0,0,22,82,46,15,7,3,0,0,0,0,0,0,0,0,0,0,0,
[ 2103.580571] part2,112,894,913,591,427,183,155,62,51,19,1,0,0,0,1,0,0,1,0,0,
[ 2103.587866] part3,
[ 2103.589722] (1)-0000	213,706,404,146,63,71,60,20,15,6,0,0,0,0,0,0,0,0,0,0,
[ 2103.597117] part4,2,11,13,7,5,17,12,2,0,0,0,0,0,0,0,0,0,0,0,0,
[ 2103.603287] part5,8,69,275,354,105,37,22,19,32,21,16,9,7,1,0,0,0,0,0,0,
[ 2104.607710] part1,0,0,0,0,0,0,0,0,0,0,0,0,0,0,0,0,0,0,0,0,
[ 2104.613549] part2,0,0,0,0,1,0,0,0,0,0,0,0,0,0,0,0,0,0,0,0,
[ 2104.619370] part3,9,23,44,73,66,56,55,32,26,13,8,0,1,0,0,0,0,0,0,0,
[ 2104.625978] part4,
[ 2104.627836] (3)-0000	29,135,159,123,48,28,20,22,10,5,3,3,0,0,0,0,0,0,0,0,
[ 2104.635137] part5,7,115,350,239,98,24,19,24,23,8,6,2,1,0,0,0,0,0,0,0,
[ 2104.789541] (0)-2539	[[HDMI][PWR][WARN]] PWR_STS : FG_HDMI=1, P0/P1/P2/P3(active,fsm,vs_cnt,pol,int) =  P0(0,PS_OFF,0,0,0)/P1(0,PS_OFF,0,0,0)/P2(0,PS_OFF,0,0,0)/P3(1,PS_OFF,59698,1,0)
[ 2105.641074] part1,0,0,0,0,0,0,0,0,0,0,0,0,0,0,0,0,0,0,0,0,
[ 2105.646905] part2,0,0,0,0,0,8,3,0,0,0,0,0,0,0,0,0,0,0,0,0,
[ 2105.652731] part3,0,7,21,46,75,41,30,12,7,2,0,0,0,0,0,0,0,0,0,0,
[ 2105.659065] part4,26,92,77,56,45,16,10,2,2,2,1,0,0,0,0,0,0,0,0,0,
[ 2105.665498] part5,5,110,374,223,97,28,19,21,19,9,8,1,0,0,0,0,0,0,0,0,
[ 2106.674403] part1,0,0,0,0,0,0,0,0,0,0,0,0,0,0,0,0,0,0,0,0,
[ 2106.680242] part2,0,0,0,0,0,0,0,0,0,0,0,0,0,0,0,0,0,0,0,0,
[ 2106.686070] part3,1,2,2,8,52,58,63,17,13,0,1,0,0,0,0,0,0,0,0,0,
[ 2106.692312] part4,0,4,5,7,15,17,15,19,17,2,1,0,0,0,0,0,0,0,0,0,
[ 2106.698578] part5,10,93,373,251,90,17,18,25,24,6,6,5,1,0,0,0,0,0,0,0,
[ 2107.691115] part1,0,0,0,0,0,0,0,0,0,0,0,0,0,0,0,0,0,0,0,0,
[ 2107.696949] part2,0,0,0,0,1,7,20,2,0,0,0,0,0,0,0,0,0,0,0,0,
[ 2107.702854] part3,12,42,78,99,99,44,31,8,3,0,0,0,0,0,0,0,0,0,0,0,
[ 2107.709287] part4,75,229,136,71,53,26,20,6,1,1,2,0,0,0,0,0,0,0,0,0,
[ 2107.715876] part5,5,102,316,297,75,28,27,28,21,6,4,3,2,0,0,0,0,0,0,0,
[ 2108.724438] part1,0,
(2)-0000	0,0,0,0,0,0,0,0,0,0,0,0,0,0,0,0,0,0,0,
[ 2108.731251] part2,0,0,0,0,0,1,0,0,0,0,0,0,0,0,0,0,0,0,0,0,
[ 2108.737075] part3,11,32,69,115,117,41,28,24,9,1,0,0,0,0,0,0,0,0,0,0,
[ 2108.743773] part4,17,62,77,70,45,24,17,5,0,1,0,0,0,0,0,0,0,0,0,0,
[ 2108.750186] part5,4,103,320,297,68,32,18,25,19,14,5,1,2,0,0,0,0,0,0,0,
[ 2109.757787] (0)-0000	part1,0,0,0,0,0,0,0,0,0,0,0,0,0,0,0,0,0,0,0,0,
[ 2109.764395] part2,0,0,0,0,0,0,0,0,0,0,0,0,0,0,0,0,0,0,0,0,
[ 2109.770217] part3,20,41,81,110,101,47,44,16,10,2,0,0,0,0,0,0,0,0,0,0,
[ 2109.776993] part4,19,100,72,74,36,23,27,1,4,1,0,0,0,0,0,0,0,0,0,0,
[ 2109.783508] part5,6,100,296,276,129,28,21,14,26,13,8,1,0,1,0,0,0,0,0,0,
[ 2110.791143] part1,0,0,0,10,70,40,21,6,1,0,0,0,0,0,0,0,0,0,0,0,
[ 2110.797330] part2,18,295,566,396,261,151,131,70,45,29,39,15,7,4,0,1,0,0,0,0,
[ 2110.804726] part3,6,103,182,105,84,51,52,31,15,3,0,0,0,0,0,0,0,0,0,0,
[ 2110.811516] part4,0,1,0,1,1,5,5,1,2,1,0,0,0,0,0,0,0,0,0,0,
[ 2110.817334] part5,17,76,309,321,95,38,19,23,30,30,16,6,5,1,3,0,0,0,0,0,
part1,0,1,2,48,73,36,17,5,2,0,0,0,0,0,0,0,0,0,0,0,
[ 2111.829346] part2,205,1510,1646,938,469,241,146,58,54,39,4,6,4,0,1,1,0,0,0,0,
[ 2111.836827] part3,96,471,326,176,120,55,51,20,22,7,0,0,0,0,0,0,0,0,0,0,
[ 2111.843773] part4,0,3,12,9,10,17,7,1,0,0,0,0,0,0,0,0,0,0,0,0,
[ 2111.849860] part5,8,77,299,312,121,35,20,25,29,19,17,12,1,2,1,1,0,0,0,0,
part1,0,0,0,0,0,0,0,0,0,0,0,0,0,0,0,0,0,0,0,0,
[ 2112.862457] part2,0,0,0,0,0,0,3,0,0,0,0,0,0,0,0,0,0,0,0,0,
[ 2112.868303] part3,13,32,24,63,91,33,26,9,3,0,0,0,0,0,0,0,0,0,0,0,
[ 2112.874773] part4,16,112,62,33,43,9,4,1,1,0,0,1,0,0,0,0,0,0,0,0,
[ 2112.881115] part5,6,95,336,248,106,29,28,18,20,9,4,5,1,0,0,0,0,0,0,0,
[ 2113.874480] part1,0,0,0,0,0,0,0,0,0,0,0,0,0,0,0,0,0,0,0,0,
[ 2113.880310] part2,0,0,0,0,0,0,1,0,0,0,0,0,0,0,0,0,0,0,0,0,
[ 2113.886135] part3,20,39,64,81,83,37,46,11,1,0,0,0,0,0,0,0,0,0,0,0,
[ 2113.892646] part4,31,128,79,60,42,8,4,0,1,1,1,0,0,0,0,0,0,0,0,0,
[ 2113.898999] part5,7,105,340,255,94,25,27,16,29,12,7,1,1,0,0,0,0,0,0,0,
[ 2114.907817] part1,0,0,0,0,0,0,0,0,0,0,0,0,0,0,0,0,0,0,0,0,
[ 2114.913669] part2,0,0,0,0,0,0,3,0,0,0,0,0,0,0,0,0,0,0,0,0,
[ 2114.919494] part3,5,11,49,64,78,50,36,8,1,1,0,0,0,0,0,0,0,0,0,0,
[ 2114.925823] part4,5,51,33,36,40,5,3,1,1,1,1,0,0,0,0,0,0,0,0,0,
[ 2114.931993] part5,5,105,331,259,98,26,23,17,25,10,10,2,1,0,0,0,0,0,0,0,
[ 2114.979499] (3)-2541	[[HDMI][AUDIOF]] Audio STS : FSM=5(CHECK), hbr=0/0, sample_cnt= 51086, hbr_sample_cnt=0, fifo_ov=0, type=2(LPCM), ch_mode=0, ch_num=2, acr_freq=48000, wait_acr_cnt=1
[ 2115.369559] (0)-2539	[[HDMI][PWR][WARN]] PWR_STS : FG_HDMI=1, P0/P1/P2/P3(active,fsm,vs_cnt,pol,int) =  P0(0,PS_OFF,0,0,0)/P1(0,PS_OFF,0,0,0)/P2(0,PS_OFF,0,0,0)/P3(1,PS_OFF,60278,1,0)
[ 2115.924520] part1,0,0,0,0,0,0,0,0,0,0,0,0,0,0,0,0,0,0,0,0,
[ 2115.930357] part2,0,0,0,0,0,3,10,1,0,0,0,0,0,0,0,0,0,0,0,0,
[ 2115.936265] part3,99,182,117,108,105,48,32,6,2,0,0,0,0,0,0,0,0,0,0,0,
[ 2115.943050] part4,76,253,169,96,48,29,11,3,1,2,0,0,0,0,0,0,0,0,0,0,
[ 2115.949651] part5,7,95,354,248,103,27,25,19,22,15,4,1,1,0,0,0,0,0,0,0,

[END] 12/6/2019 4:03:31 PM
