[BEGIN] 12/6/2019 4:44:22 PM
[ 4579.201338] part1,9,34,182,400,480,349,362,398,373,235,140,64,52,19,8,5,8,1,3,4,
[ 4579.209094] part2,5,43,98,285,319,321,346,399,298,145,104,48,37,22,9,6,1,1,0,0,
[ 4579.216751] part3,10,88,241,320,408,387,351,310,288,200,159,75,51,21,9,7,3,0,0,0,
[ 4579.224585] part4,2,25,64,91,127,126,160,221,281,231,170,87,75,23,21,3,4,1,1,0,
[ 4579.232237] part5,8,35,180,656,549,247,231,168,211,198,198,109,71,49,24,7,9,3,0,1,
[ 4580.234688] part1,39,499,1407,1737,1154,595,438,384,289,175,137,76,33,10,5,2,2,2,0,2,
[ 4580.242889] part2,68,593,1812,1898,1136,689,483,386,240,105,80,13,10,5,0,0,0,0,0,0,
[ 4580.250900] part3,101,1081,3035,2495,1414,819,504,272,155,81,56,27,5,6,2,1,1,1,0,0,
[ 4580.258903] part4,149,1544,3237,2615,1454,719,410,227,107,60,30,19,10,7,1,1,1,0,0,0,
[ 4580.266990] part5,51,643,1791,2391,1806,888,617,378,240,139,120,56,47,8,4,5,0,2,1,0,
[ 4581.268017] part1,58,663,1676,1653,949,510,338,258,265,133,89,52,27,3,1,3,8,3,0,2,
[ 4581.275972] part2,110,1132,3119,2721,1501,939,631,434,246,72,43,11,10,2,6,3,1,0,0,0,
[ 4581.284067] part3,141,1826,4098,3042,1430,841,458,225,99,57,33,7,6,5,2,0,0,0,0,0,
[ 4581.291900] part4,140,1546,3755,3216,1646,927,562,271,143,65,44,20,11,5,4,2,1,0,0,0,
[ 4581.299987] part5,49,691,2245,3067,2141,1061,701,377,253,161,108,66,50,20,9,4,1,2,0,0,
[ 4582.301381] part1,124,1262,2339,1747,969,596,399,355,265,129,80,49,18,14,4,2,1,0,1,2,
[ 4582.309592] part2,308,2417,4562,2950,1470,876,491,254,149,52,19,9,6,2,1,0,0,0,0,0,
[ 4582.317510] part3,455,3191,5302,2998,1290,734,346,156,81,41,19,10,6,0,1,0,0,0,0,0,
[ 4582.325426] part4,366,2971,5423,3291,1519,789,450,201,102,47,27,14,7,4,1,3,0,0,0,0,
[ 4582.333425] part5,159,1518,3622,3156,1801,984,641,359,226,120,76,68,27,7,7,1,0,1,0,0,
[ 4583.334735] part1,4,34,178,384,524,396,425,396,380,274,239,106,78,32,22,13,13,6,4,0,
[ 4583.342847] part2,9,33,87,341,521,611,575,406,420,215,145,67,35,11,6,1,7,1,0,0,
[ 4583.350497] part3,4,77,161,229,495,538,534,485,365,187,123,68,56,13,15,6,3,3,0,3,
[ 4583.358323] part4,6,54,131,334,518,614,714,495,306,174,136,67,49,20,21,9,2,1,2,0,
[ 4583.366152] part5,9,72,319,655,923,548,513,478,401,205,195,99,82,16,18,11,5,0,1,0,
[ 4584.339936] (2)-2539	[[HDMI][PWR][WARN]] PWR_STS : FG_HDMI=1, P0/P1/P2/P3(active,fsm,vs_cnt,pol,int) =  P0(0,PS_OFF,0,0,0)/P1(0,PS_OFF,0,0,0)/P2(0,PS_OFF,0,0,0)/P3(1,PS_OFF,201132,1,0)
[ 4584.368053] part1,4,29,140,288,302,200,150,131,130,101,169,162,88,46,25,20,11,6,7,2,
[ 4584.376156] part2,6,33,51,206,184,196,159,173,195,229,284,178,94,36,18,9,4,1,0,0,
[ 4584.383981] part3,0,4,28,63,99,94,142,128,197,246,241,144,78,30,11,10,4,4,1,1,
[ 4584.391549] part4,1,9,18,13,52,48,74,91,143,162,153,92,92,69,23,17,9,4,7,2,
[ 4584.398859] part5,8,41,238,594,518,216,236,156,200,167,111,78,77,37,28,15,7,7,4,3,
[ 4585.401402] part1,43,622,2419,3501,3190,1977,1280,755,521,239,197,172,110,65,36,17,8,12,3,4,
[ 4585.410208] part2,184,2107,3977,3514,2321,1317,830,440,294,194,170,107,70,24,18,8,7,3,1,0,
[ 4585.418823] part3,59,1077,3091,3317,1939,914,552,330,283,213,194,83,36,16,4,5,1,0,0,1,
[ 4585.427086] part4,12,251,721,1125,1045,602,486,275,304,233,134,65,32,4,5,1,0,0,0,0,
[ 4585.435090] part5,17,146,746,1597,1763,1160,836,507,343,218,113,57,27,16,7,5,5,1,0,0,
[ 4586.434780] part1,6,22,136,255,235,162,98,69,41,13,12,9,8,7,7,2,1,1,1,1,
[ 4586.441828] part2,8,16,37,194,142,143,94,51,25,12,6,5,2,2,0,2,0,0,0,0,
[ 4586.448706] part3,2,12,48,109,161,112,93,64,66,48,32,22,9,12,8,3,5,7,0,5,
[ 4586.455833] part4,1,11,21,23,52,54,66,59,69,48,57,49,28,17,23,15,7,4,6,1,
[ 4586.462961] part5,3,19,138,658,529,210,108,28,7,9,8,3,8,2,2,0,0,0,0,0,
[ 4587.468093] part1,4,46,129,296,237,191,145,95,94,68,56,55,72,48,39,12,12,3,3,4,
[ 4587.475761] part2,11,36,79,202,191,263,220,163,183,147,156,95,104,52,44,19,12,7,2,1,
[ 4587.483859] part3,1,31,51,51,113,156,152,130,213,169,153,102,59,25,26,8,4,2,2,1,
[ 4587.491597] part4,2,18,70,82,171,177,207,232,200,174,165,108,72,33,23,8,9,3,1,4,
[ 4587.499335] part5,32,72,234,516,745,455,494,420,354,235,160,92,37,21,10,5,4,1,0,0,
[ 4588.501525] part1,5,33,130,269,280,154,129,107,69,27,46,35,14,8,11,7,11,4,2,2,
[ 4588.509166] part2,10,20,51,223,159,127,123,92,61,48,47,26,33,22,21,5,10,2,0,1,
[ 4588.516735] part3,1,16,18,47,67,76,79,55,49,46,53,29,39,15,49,16,9,4,3,1,
[ 4588.523861] part4,2,17,18,10,10,32,26,23,54,46,83,63,54,46,35,19,6,4,2,3,
[ 4588.530989] part5,39,37,139,459,584,253,190,127,99,56,75,32,42,30,27,6,6,0,0,0,
[ 4589.534780] part1,5,20,159,308,302,182,213,331,236,161,92,60,39,21,8,4,5,6,2,2,
[ 4589.542464] part2,13,35,61,236,225,245,208,213,186,149,126,72,61,15,23,9,2,2,0,1,
[ 4589.550296] part3,8,53,143,186,260,210,213,213,241,129,130,71,60,28,20,7,2,0,0,0,
[ 4589.558122] part4,4,22,61,71,102,111,155,169,217,172,153,130,72,40,21,10,3,3,1,0,
[ 4589.565947] part5,13,53,179,681,540,237,229,162,215,204,191,101,68,38,26,8,9,2,0,1,
[ 4589.699464] (2)-2541	[[HDMI][AUDIOF]] Audio STS : FSM=5(CHECK), hbr=0/0, sample_cnt= 171183, hbr_sample_cnt=0, fifo_ov=0, type=2(LPCM), ch_mode=0, ch_num=2, acr_freq=48000, wait_acr_cnt=1
[ 4590.584819] part1,94,1080,2391,1940,1085,635,430,343,270,157,110,53,24,7,6,2,1,1,2,0,
[ 4590.593024] part2,96,583,1716,1979,1139,657,441,360,239,99,64,14,11,3,3,1,0,0,0,0,
[ 4590.600929] part3,42,499,1816,2192,1454,912,574,284,176,96,62,25,15,5,4,3,0,0,1,0,
[ 4590.608850] part4,7,183,609,1111,1217,963,624,315,198,105,84,40,25,11,3,1,0,0,0,0,
[ 4590.616766] part5,14,127,409,1011,965,680,670,499,412,252,231,105,77,28,19,15,8,2,2,0,
[ 4591.618131] part1,76,716,1754,1592,1009,501,365,285,228,136,90,51,22,5,2,3,4,2,1,1,
[ 4591.626155] part2,120,1126,2951,2782,1435,950,673,420,240,121,54,20,8,2,3,0,2,0,2,5,
[ 4591.634252] part3,128,1753,3881,2938,1439,783,475,223,120,43,25,9,7,2,4,1,0,2,0,0,
[ 4591.642180] part4,111,1390,3591,3155,1790,913,556,278,148,67,45,17,8,2,2,1,0,0,0,0,
[ 4591.650177] part5,34,644,2156,2701,2169,1071,722,411,284,175,105,82,42,20,8,2,2,0,1,0,
[ 4592.651482] part1,100,968,2051,1646,951,593,457,362,261,144,95,61,25,5,2,2,2,0,2,3,
[ 4592.659508] part2,220,1910,3970,3014,1451,906,557,281,169,60,26,7,8,1,1,0,0,0,0,1,
[ 4592.667433] part3,323,2517,4612,3057,1293,789,414,184,97,31,33,10,5,7,1,0,0,1,0,0,
[ 4592.675355] part4,265,2383,4848,3231,1640,914,519,262,129,47,42,11,3,2,3,0,1,0,0,0,
[ 4592.683353] part5,92,1095,2959,3240,1772,944,632,352,240,150,96,74,32,18,12,4,2,0,0,0,
[ 4593.684845] part1,6,48,185,400,526,403,377,335,338,288,219,105,67,30,26,11,3,2,2,3,
[ 4593.692873] part2,8,26,82,323,446,556,623,444,433,258,159,60,38,11,10,2,6,0,0,0,
[ 4593.700620] part3,2,26,126,251,485,536,600,465,324,168,93,75,47,24,12,7,3,1,0,0,
[ 4593.708353] part4,7,63,160,359,545,589,569,470,398,212,140,67,34,32,11,7,5,0,0,0,
[ 4593.716176] part5,7,79,253,672,838,565,590,527,455,270,193,110,70,21,10,7,5,1,1,0,
[ 4594.718169] part1,1,35,128,276,281,149,166,120,115,109,167,118,108,48,23,7,7,0,2,0,
[ 4594.726207] part2,13,15,43,187,170,159,134,104,148,203,316,165,93,37,31,12,5,4,4,3,
[ 4594.734213] part3,0,17,33,74,69,66,78,82,146,195,210,77,59,20,10,5,6,2,0,0,
[ 4594.741511] part4,0,0,7,20,22,24,47,59,117,105,105,57,90,43,28,13,11,7,0,0,
[ 4594.748817] part5,6,53,192,480,566,274,235,158,157,122,146,107,74,62,36,17,12,4,5,2,
[ 4594.759540] (3)-2539	[[HDMI][PWR][WARN]] PWR_STS : FG_HDMI=1, P0/P1/P2/P3(active,fsm,vs_cnt,pol,int) =  P0(0,PS_OFF,0,0,0)/P1(0,PS_OFF,0,0,0)/P2(0,PS_OFF,0,0,0)/P3(1,PS_OFF,201724,1,0)
[ 4595.751523] part1,29,399,1759,2909,2812,1911,1254,756,515,259,217,152,138,59,40,19,11,4,2,3,
[ 4595.760337] part2,140,1746,3395,3143,2149,1289,742,442,275,172,176,107,65,23,14,8,7,0,0,0,
[ 4595.768951] part3,64,811,2483,2993,1646,892,550,309,288,228,233,110,44,8,3,5,1,1,1,0,
[ 4595.777122] part4,14,165,526,904,918,553,409,269,301,224,114,66,27,15,4,4,1,0,0,0,
[ 4595.785031] part5,11,97,526,1369,1432,1044,871,508,362,216,118,76,39,21,13,3,1,2,0,0,
[ 4596.784858] part1,5,13,137,306,253,154,97,51,33,21,9,12,9,6,3,0,3,2,1,2,
[ 4596.791922] part2,12,11,54,197,180,161,129,85,79,42,48,21,14,3,4,7,2,0,0,0,
[ 4596.799219] part3,0,1,12,28,41,17,27,15,15,6,14,3,10,3,4,3,5,1,0,0,
[ 4596.805840] part4,1,23,71,109,97,120,126,104,88,38,32,16,18,9,7,4,7,2,14,21,
[ 4596.813226] part5,7,30,143,686,447,189,122,18,2,0,0,0,0,0,0,0,0,0,0,0,
[ 4597.818240] part1,11,27,138,262,252,173,121,96,75,53,57,33,51,31,22,24,20,1,3,0,
[ 4597.826000] part2,8,17,52,191,145,181,173,131,117,103,135,83,83,42,38,14,17,4,1,0,
[ 4597.833910] part3,1,7,18,26,32,71,97,85,112,100,122,100,65,22,33,14,8,1,1,0,
[ 4597.841319] part4,0,2,25,31,95,81,140,101,130,113,126,86,68,21,16,11,5,3,0,2,
[ 4597.848793] part5,22,60,270,424,634,305,279,231,285,213,181,86,61,34,23,5,7,2,2,1,
[ 4598.851557] part1,9,33,132,264,281,160,111,91,74,48,48,24,23,14,16,5,7,4,2,0,
[ 4598.859056] part2,6,24,36,188,138,129,90,53,59,54,71,33,27,26,46,16,20,6,1,2,
[ 4598.866537] part3,2,16,23,21,45,55,75,69,69,70,72,51,70,37,30,11,12,1,1,1,
[ 4598.873760] part4,2,7,9,3,20,37,41,35,52,84,103,70,81,38,32,5,7,3,2,1,
[ 4598.880622] part5,33,47,160,416,543,280,202,122,110,90,106,62,57,29,20,5,5,1,4,1,
[ 4599.884937] part1,3,18,120,285,270,146,190,274,176,90,61,67,44,19,13,13,7,4,3,2,
[ 4599.892700] part2,9,24,54,206,202,192,140,129,99,69,64,35,36,18,15,4,1,1,0,0,
[ 4599.900188] part3,1,23,63,112,100,113,125,103,128,90,67,66,86,26,14,6,2,0,1,0,
[ 4599.907753] part4,2,21,35,29,71,68,104,108,122,91,106,67,68,30,24,14,9,2,1,1,
[ 4599.915224] part5,15,48,171,531,560,211,220,117,136,139,149,57,45,32,44,11,8,3,1,1,
[ 4600.918253] part1,59,610,1649,1740,1087,665,431,377,276,173,120,81,23,6,10,4,2,2,0,1,
[ 4600.926447] part2,19,139,654,1253,1163,745,517,401,237,105,58,28,20,4,2,0,1,0,0,0,
[ 4600.934364] part3,21,210,633,1212,1245,992,699,320,216,111,91,32,20,15,3,3,2,0,0,0,
[ 4600.942369] part4,8,48,211,466,774,650,602,360,272,147,78,48,42,6,10,1,0,0,0,0,
[ 4600.950019] part5,11,92,303,812,838,433,489,468,435,275,228,134,96,27,10,8,8,4,2,1,
[ 4601.951593] part1,69,587,1498,1492,934,569,355,317,251,139,115,58,26,7,2,2,5,4,3,1,
[ 4601.959626] part2,71,857,2314,2542,1462,898,686,431,273,119,41,32,14,6,5,0,1,0,1,0,
[ 4601.967633] part3,121,1428,3617,2987,1370,872,453,243,114,55,34,11,8,3,2,0,0,0,2,0,
[ 4601.975629] part4,87,1007,2893,2965,1739,977,621,286,141,85,54,30,11,8,1,1,1,0,0,0,
[ 4601.983624] part5,32,539,1666,2481,2210,1048,718,417,305,166,142,69,64,8,7,2,1,0,1,0,
[ 4601.999536] (1)-2541	[[HDMI][AUDIOF]] Audio STS : FSM=5(CHECK), hbr=0/0, sample_cnt= 171784, hbr_sample_cnt=0, fifo_ov=0, type=2(LPCM), ch_mode=0, ch_num=2, acr_freq=48000, wait_acr_cnt=1
[ 4603.001616] part1,102,1009,2068,1654,900,560,456,361,269,131,93,56,25,10,5,2,2,2,1,3,
[ 4603.009811] part2,259,2008,4048,2851,1439,894,505,319,148,63,26,7,4,4,1,0,0,0,0,0,
[ 4603.017715] part3,308,2448,4675,2982,1373,770,419,192,83,44,22,16,6,4,2,0,1,0,0,0,
[ 4603.025631] part4,287,2463,4882,3184,1625,931,501,218,120,47,31,9,11,5,4,0,1,1,0,0,
[ 4603.033642] part5,101,1123,3003,3120,1824,956,618,336,239,139,98,71,46,19,6,1,1,0,0,0,
[ 4604.034944] part1,5,34,158,356,415,311,301,243,312,275,176,89,73,36,21,13,9,5,1,1,
[ 4604.042877] part2,5,18,66,240,421,544,601,432,450,269,191,64,34,19,15,4,4,1,2,0,
[ 4604.050621] part3,10,52,195,350,611,699,651,488,321,201,127,57,39,14,9,4,6,1,3,1,
[ 4604.058452] part4,1,24,101,194,438,543,488,360,330,203,137,86,65,28,13,3,1,0,2,0,
[ 4604.066271] part5,12,83,280,667,917,517,554,456,464,338,276,140,97,41,19,4,4,2,0,1,
[ 4605.068278] part1,3,29,120,286,275,191,168,137,147,121,160,120,101,37,35,10,10,1,2,0,
[ 4605.076477] part2,13,26,49,182,158,157,125,98,133,179,278,172,102,48,35,14,13,7,3,0,
[ 4605.084569] part3,0,5,9,31,56,94,88,82,112,182,236,81,53,31,25,7,8,1,2,0,
[ 4605.091697] part4,0,15,24,38,39,49,94,97,131,127,115,73,116,60,35,6,8,6,1,1,
[ 4605.099082] part5,5,27,208,330,776,267,211,167,129,88,119,67,65,47,39,28,29,12,0,3,
[ 4605.269645] (0)-2539	[[HDMI][PWR][WARN]] PWR_STS : FG_HDMI=1, P0/P1/P2/P3(active,fsm,vs_cnt,pol,int) =  P0(0,PS_OFF,0,0,0)/P1(0,PS_OFF,0,0,0)/P2(0,PS_OFF,0,0,0)/P3(1,PS_OFF,202312,1,0)
[ 4606.101648] part1,42,411,1661,2703,2676,1813,1215,719,491,265,213,153,111,57,33,20,13,5,3,4,
[ 4606.110457] part2,87,1211,2938,3013,2164,1211,764,477,277,218,168,115,64,23,20,7,4,2,0,0,
[ 4606.118985] part3,37,728,2336,2912,1719,837,540,391,298,222,193,81,34,15,2,4,1,1,2,0,
[ 4606.127171] part4,9,174,583,1026,1045,648,388,274,271,205,106,46,38,8,5,1,1,0,0,0,
[ 4606.135086] part5,6,83,616,1279,1573,1122,788,467,355,202,131,73,29,17,5,3,2,1,0,0,
[ 4607.134978] part1,43,320,1532,2676,2801,2036,1416,887,543,315,235,160,131,93,62,22,14,8,8,1,
[ 4607.143790] part2,63,853,2212,3083,2705,1712,1025,549,337,180,153,110,66,37,19,9,4,2,2,1,
[ 4607.152321] part3,108,1585,3877,3547,2059,928,588,317,247,215,214,106,41,17,8,1,3,0,0,0,
[ 4607.160763] part4,22,334,1097,1524,1279,666,388,267,249,218,148,66,45,6,6,5,0,1,0,0,
[ 4607.168853] part5,16,144,766,1704,1714,907,650,387,329,229,122,47,44,17,5,6,0,0,0,0,
[ 4608.168333] part1,14,28,134,264,244,164,112,81,59,27,42,43,26,28,21,5,12,5,3,0,
[ 4608.176013] part2,4,18,33,178,150,162,117,102,82,69,83,54,54,27,31,14,10,3,0,0,
[ 4608.183662] part3,0,7,6,6,24,25,36,34,67,59,71,57,51,30,35,16,10,3,2,1,
[ 4608.190604] part4,5,12,22,26,39,57,79,107,108,88,98,71,67,25,33,19,9,2,2,0,
[ 4608.197912] part5,22,48,266,423,531,239,224,209,298,178,121,68,56,20,21,12,5,4,1,6,
[ 4609.201700] part1,4,28,138,289,260,173,120,98,104,81,76,50,26,13,15,12,6,3,2,0,
[ 4609.209372] part2,9,23,31,198,171,145,107,61,74,71,79,58,60,53,32,21,11,2,2,2,
[ 4609.216933] part3,1,16,29,26,76,109,134,125,127,136,152,87,80,39,28,12,9,2,1,2,
[ 4609.224600] part4,2,7,13,16,47,82,115,140,200,127,114,65,49,23,21,14,6,3,2,2,
[ 4609.232085] part5,25,43,201,379,570,394,296,230,239,167,170,101,71,23,38,3,5,2,2,2,
[ 4610.235020] part1,8,31,116,282,256,136,129,177,170,77,31,17,26,9,9,6,5,5,3,2,
[ 4610.242526] part2,7,13,41,182,165,171,145,120,108,63,74,37,43,21,25,7,4,0,0,0,
[ 4610.250089] part3,2,16,48,86,108,95,102,91,121,73,77,43,52,23,28,6,4,5,0,0,
[ 4610.257410] part4,1,14,15,25,71,80,91,74,124,101,103,49,64,35,19,8,10,0,1,1,
[ 4610.264799] part5,14,69,147,405,629,247,199,110,99,81,89,55,61,28,35,11,11,2,3,0,
[ 4611.268349] part1,47,595,1547,1614,1046,660,406,362,259,183,117,51,23,6,7,2,5,5,2,3,
[ 4611.276465] part2,5,101,429,1007,940,746,500,436,239,117,84,25,15,6,4,0,0,0,0,0,
[ 4611.284204] part3,23,144,498,923,1146,925,706,392,219,123,78,42,29,10,5,1,1,1,1,0,
[ 4611.292127] part4,2,31,116,270,497,487,506,371,311,156,112,48,35,18,8,2,2,2,0,0,
[ 4611.299873] part5,18,106,286,605,692,368,388,325,375,263,243,150,101,58,26,11,6,2,3,2,
[ 4612.301693] part1,40,505,1267,1444,989,513,364,309,255,146,140,53,33,13,4,5,3,3,0,3,
[ 4612.309807] part2,59,468,1609,2086,1454,876,697,487,281,127,54,31,17,9,4,1,0,0,0,0,
[ 4612.317809] part3,58,768,2512,2676,1539,802,533,226,120,79,37,18,11,3,2,1,1,0,1,0,
[ 4612.325730] part4,31,729,2153,2586,1797,962,579,302,158,92,34,35,13,8,1,1,1,0,0,0,
[ 4612.333646] part5,26,536,1506,2268,2108,994,689,459,302,157,137,86,45,25,8,4,1,0,0,0,
[ 4613.335046] part1,73,889,1934,1701,908,532,387,352,274,145,91,54,24,10,7,2,2,0,0,1,
[ 4613.343063] part2,202,1752,3954,3055,1566,904,551,325,172,47,30,13,6,3,0,0,0,0,0,2,
[ 4613.351070] part3,279,2443,4739,3145,1366,771,468,195,74,48,27,12,10,1,0,0,0,0,0,0,
[ 4613.359077] part4,230,2247,4829,3278,1562,885,493,252,131,64,37,16,7,5,1,0,0,0,0,0,
[ 4613.367077] part5,84,853,2751,2990,1866,943,619,315,249,147,85,55,45,13,9,0,2,0,0,0,
[ 4614.368380] part1,14,43,198,521,583,492,333,301,327,209,175,70,43,28,21,7,4,2,1,2,
[ 4614.376322] part2,5,31,118,451,795,836,732,500,437,194,131,66,39,12,5,1,1,2,0,0,
[ 4614.384075] part3,6,95,248,558,750,824,684,484,322,157,116,57,43,18,13,7,4,2,0,0,
[ 4614.391895] part4,2,50,175,450,807,741,534,383,253,163,100,73,48,19,10,3,3,1,0,1,
[ 4614.399714] part5,8,104,323,789,1094,687,720,552,438,270,251,121,80,35,33,2,7,4,0,0,
[ 4614.479573] (0)-2541	[[HDMI][AUDIOF]] Audio STS : FSM=5(CHECK), hbr=0/0, sample_cnt= 172385, hbr_sample_cnt=0, fifo_ov=0, type=2(LPCM), ch_mode=0, ch_num=2, acr_freq=48000, wait_acr_cnt=1
[ 4615.401732] part1,4,24,126,283,281,176,143,118,147,132,221,169,82,35,21,13,3,4,2,0,
[ 4615.409772] part2,8,28,38,194,178,169,128,112,130,182,239,133,78,30,30,19,8,3,4,0,
[ 4615.417687] part3,2,5,13,22,43,77,97,86,128,152,172,84,72,38,30,12,5,3,2,0,
[ 4615.424986] part4,1,5,31,32,35,60,80,84,121,110,96,74,70,34,23,11,5,5,2,1,
[ 4615.432201] part5,5,48,210,337,697,233,165,101,123,96,66,51,47,31,37,30,26,4,1,0,
[ 4615.699595] (2)-2539	[[HDMI][PWR][WARN]] PWR_STS : FG_HDMI=1, P0/P1/P2/P3(active,fsm,vs_cnt,pol,int) =  P0(0,PS_OFF,0,0,0)/P1(0,PS_OFF,0,0,0)/P2(0,PS_OFF,0,0,0)/P3(1,PS_OFF,202904,1,0)
[ 4616.451745] part1,27,289,1072,1994,2287,1711,1241,718,455,304,209,146,116,52,32,21,21,7,4,5,
[ 4616.460553] part2,59,900,2603,2650,2008,1134,757,411,294,210,184,120,64,17,11,6,5,0,1,0,
[ 4616.468991] part3,25,503,1554,2340,1568,808,483,373,302,237,181,87,36,15,3,4,1,0,3,0,
[ 4616.477177] part4,7,163,547,1121,1114,712,502,298,258,194,121,38,22,8,5,2,0,0,0,0,
[ 4616.485092] part5,11,154,607,1408,1675,1094,714,443,323,185,113,47,40,10,10,6,1,0,0,0,
[ 4617.485087] part1,31,320,1418,2501,2714,1991,1419,881,543,311,212,155,151,67,45,27,12,18,4,6,
[ 4617.493986] part2,63,665,2150,2957,2453,1420,1010,512,299,189,147,97,79,34,11,4,1,1,1,1,
[ 4617.502421] part3,67,1401,3772,3659,2008,922,595,321,274,243,235,112,50,13,7,4,0,1,2,1,
[ 4617.510780] part4,13,355,1052,1370,1188,614,349,224,219,215,124,56,39,9,6,0,1,2,1,0,
[ 4617.518874] part5,16,162,823,1663,1661,979,674,463,315,225,132,43,34,17,7,3,1,0,0,0,
[ 4618.518438] part1,7,32,126,261,236,148,113,68,56,28,40,37,28,10,9,6,17,2,2,1,
[ 4618.525937] part2,6,22,41,169,141,135,102,73,64,37,67,32,42,23,35,18,11,3,0,0,
[ 4618.533509] part3,0,5,14,5,14,17,41,44,49,42,42,28,25,16,20,11,4,3,2,0,
[ 4618.540457] part4,0,10,18,9,27,30,52,52,89,65,47,31,46,27,31,15,9,5,4,1,
[ 4618.547493] part5,17,36,210,375,553,321,193,180,263,223,172,51,41,24,12,2,4,2,0,2,
[ 4619.551785] part1,7,35,139,330,266,194,160,91,93,86,86,77,77,39,26,17,13,8,3,1,
[ 4619.559462] part2,13,24,44,170,182,173,117,113,110,99,99,62,98,52,36,12,8,5,3,1,
[ 4619.567212] part3,1,13,37,45,118,133,190,186,237,234,153,101,84,41,21,16,8,0,4,2,
[ 4619.575042] part4,0,4,10,41,92,147,187,162,204,163,146,91,73,18,18,11,7,2,1,2,
[ 4619.582603] part5,24,44,201,422,633,441,391,313,330,197,194,77,60,19,21,18,9,1,2,0,
[ 4620.585161] part1,3,21,118,274,259,151,113,94,103,45,35,14,13,16,10,4,7,3,2,2,
[ 4620.592754] part2,8,19,29,199,142,157,127,78,77,59,49,27,36,27,44,17,8,1,1,0,
[ 4620.600241] part3,1,16,67,82,92,61,90,104,130,61,88,53,36,33,25,5,4,0,0,0,
[ 4620.607456] part4,2,18,21,24,55,53,67,55,104,81,62,40,47,26,29,12,8,3,0,0,
[ 4620.614682] part5,18,30,126,323,665,210,157,133,124,94,95,73,45,26,30,18,12,2,2,0,
[ 4621.618457] part1,38,275,982,1358,982,608,438,397,278,161,98,66,33,9,9,4,1,3,3,1,
[ 4621.626314] part2,9,50,238,673,889,722,595,416,287,145,79,38,20,5,5,3,1,1,0,0,
[ 4621.633874] part3,25,136,402,606,759,726,674,469,280,138,102,61,28,15,9,7,0,1,0,0,
[ 4621.641791] part4,2,22,50,105,225,305,292,311,380,196,138,42,43,8,8,6,0,0,0,0,
[ 4621.649367] part5,5,62,233,479,631,341,329,197,240,203,205,104,120,49,49,10,9,8,4,1,
[ 4622.651804] part1,46,458,1402,1519,1006,546,401,328,258,152,121,61,36,10,5,4,5,0,2,1,
[ 4622.660011] part2,42,475,1643,2113,1389,784,606,435,245,114,45,21,5,2,3,1,0,0,0,0,
[ 4622.667927] part3,58,749,2687,2835,1520,876,499,267,166,71,59,25,11,4,5,1,2,1,0,0,
[ 4622.675842] part4,55,726,2355,2558,1685,910,533,293,184,73,50,28,4,6,6,1,0,0,0,0,
[ 4622.683669] part5,40,519,1470,2284,2159,1010,665,386,272,166,141,83,32,10,9,0,1,0,0,0,
[ 4623.685173] part1,74,686,1641,1439,914,476,322,289,230,143,85,51,27,5,2,3,0,0,0,1,
[ 4623.693104] part2,98,1212,3103,2751,1426,929,639,422,230,92,64,22,10,4,0,1,2,0,0,0,
[ 4623.701104] part3,141,1609,3810,3043,1510,796,483,232,100,66,30,15,6,2,1,1,1,0,0,0,
[ 4623.709107] part4,93,1437,3605,2888,1670,887,500,254,120,75,30,20,13,6,3,0,0,1,0,0,
[ 4623.717123] part5,38,519,1969,2422,1871,923,660,393,245,180,130,74,54,22,14,1,0,0,0,0,
[ 4624.718500] part1,52,456,1216,1485,1033,641,390,394,297,160,111,62,23,7,6,1,3,0,1,5,
[ 4624.726613] part2,50,552,1972,2649,1679,1013,647,428,246,88,47,12,5,3,4,0,0,0,0,0,
[ 4624.734523] part3,55,885,2692,2782,1812,963,609,325,175,86,39,23,10,4,0,1,0,0,0,0,
[ 4624.742443] part4,60,770,2391,2724,1917,908,546,330,163,89,49,17,5,6,1,1,0,0,0,0,
[ 4624.750274] part5,25,359,1476,2445,1916,1015,684,432,314,179,125,73,52,25,10,9,6,0,0,0,
[ 4625.751844] part1,8,33,135,308,263,189,158,121,124,131,204,136,105,42,36,18,17,10,3,3,
[ 4625.760133] part2,8,22,51,236,182,168,123,74,111,118,189,82,53,20,22,13,5,2,1,1,
[ 4625.767876] part3,1,8,42,40,49,32,54,72,112,106,98,83,78,23,32,12,9,7,1,0,
[ 4625.775101] part4,1,11,14,22,34,58,97,92,112,74,89,83,80,38,31,10,11,5,5,2,
[ 4625.782397] part5,4,39,157,333,644,279,185,132,119,74,84,45,56,33,33,14,12,3,0,0,
[ 4626.049505] (1)-2539	[[HDMI][PWR][WARN]] PWR_STS : FG_HDMI=1, P0/P1/P2/P3(active,fsm,vs_cnt,pol,int) =  P0(0,PS_OFF,0,0,0)/P1(0,PS_OFF,0,0,0)/P2(0,PS_OFF,0,0,0)/P3(1,PS_OFF,203492,1,0)
[ 4626.801856] part1,12,117,445,1239,1561,1450,1249,746,500,276,236,165,128,60,45,27,15,7,2,6,
[ 4626.810583] part2,26,236,970,1798,1761,1133,753,417,286,260,224,101,77,30,21,11,4,1,2,1,
[ 4626.819017] part3,11,126,529,1205,1319,825,551,338,339,264,202,118,67,28,14,5,2,2,1,1,
[ 4626.827275] part4,15,99,341,690,958,806,566,333,315,204,86,48,32,10,10,6,3,0,0,0,
[ 4626.835103] part5,11,81,494,1147,1236,806,782,462,309,176,151,76,50,19,17,3,3,0,0,0,
[ 4626.899464] (1)-2541	[[HDMI][AUDIOF]] Audio STS : FSM=5(CHECK), hbr=0/0, sample_cnt= 172986, hbr_sample_cnt=0, fifo_ov=0, type=2(LPCM), ch_mode=0, ch_num=2, acr_freq=48000, wait_acr_cnt=1
[ 4627.851875] part1,32,419,1688,2887,2954,1918,1284,874,539,288,202,186,140,59,47,26,21,2,6,5,
[ 4627.860685] part2,65,1133,2524,3328,2363,1381,882,469,305,157,150,98,70,34,15,6,2,0,1,2,
[ 4627.869124] part3,74,1317,3839,3723,1949,906,529,328,277,231,216,111,50,5,7,0,1,0,2,0,
[ 4627.877399] part4,8,368,1125,1443,1148,582,368,237,225,192,128,65,35,8,4,1,0,1,0,1,
[ 4627.885397] part5,9,183,870,1711,1692,971,714,437,318,223,99,66,29,10,6,0,2,0,0,0,
[ 4628.885201] part1,0,0,0,0,0,0,0,0,0,0,0,0,0,0,0,0,0,0,0,0,
[ 4628.891048] part2,0,0,0,0,0,0,0,0,0,0,0,0,0,0,0,0,0,0,0,0,
[ 4628.896861] part3,0,0,0,0,0,0,0,0,0,0,0,0,0,0,0,0,0,0,0,0,
[ 4628.902696] part4,0,0,0,0,0,0,0,0,0,0,0,0,
[ 4628.906818] (3)-0000	0,0,0,0,0,0,0,0,
[ 4628.910815] part5,0,0,0,0,0,0,0,0,0,0,0,0,0,0,0,0,0,0,0,0,

[END] 12/6/2019 4:45:24 PM
