[BEGIN] 12/6/2019 3:38:46 PM
[  642.691877] part1,0,0,114,19,0,0,0,0,0,0,0,0,0,0,0,0,0,0,0,0,
[  642.697971] part2,2,0,0,0,0,0,0,0,0,0,0,0,0,0,0,0,0,0,0,0,
[  642.703789] part3,5,0,1,0,0,1,5,1,7,0,3,0,0,0,0,0,0,0,0,0,
[  642.709644] part4,7,0,0,0,0,0,0,0,0,0,0,0,0,0,0,0,0,0,0,0,
[  642.715455] part5,2,0,0,0,0,0,0,0,0,0,0,0,0,0,0,0,0,0,0,0,
[  643.708580] part1,6,2,1,0,0,0,0,0,4,1,0,0,0,0,0,0,0,0,0,0,
[  643.714431] part2,4,0,0,0,0,0,0,0,0,0,0,0,0,0,0,0,0,0,0,0,
[  643.720236] part3,4,0,0,0,0,0,0,0,0,0,0,0,0,0,0,0,0,0,0,0,
[  643.726105] part4,3,0,0,0,0,0,0,0,1,0,2,0,6,0,0,0,0,0,0,0,
[  643.731918] part5,4,1,3,0,4,0,5,4,13,3,19,3,12,0,6,2,1,0,0,0,
[  644.725215] part1,15,113,141,86,9,0,0,0,0,0,0,0,0,0,0,0,0,0,0,0,
[  644.731573] part2,0,0,0,0,0,0,0,0,0,0,0,0,0,0,0,0,0,0,0,0,
[  644.737396] part3,8,0,1,0,0,0,0,0,3,0,18,1,9,1,1,1,6,0,0,0,
[  644.743292] part4,9,0,1,0,0,0,0,0,0,0,0,0,1,0,2,0,4,0,0,0,
[  644.749112] part5,0,112,460,126,252,9,89,2,19,1,8,0,0,0,0,0,0,0,0,0,
[  645.741929] part1,7,148,38,4,0,0,0,0,0,0,0,0,0,0,0,0,0,0,0,0,
[  645.748023] part2,0,0,0,0,0,0,0,0,0,0,0,0,0,0,0,0,0,0,0,0,
[  645.753849] part3,4,0,0,0,0,0,2,0,0,0,0,0,3,0,8,1,3,0,0,0,
[  645.759672] part4,6,0,0,0,0,0,0,0,0,0,1,0,5,0,17,0,22,1,0,1,
[  645.765670] part5,4,30,301,151,461,18,76,4,27,0,7,0,2,0,0,0,0,0,0,0,
[  646.758590] part1,4,97,326,197,24,0,0,0,0,0,0,0,0,0,0,0,0,0,0,0,
[  646.764960] part2,0,0,0,0,0,0,0,0,0,0,0,0,0,0,0,0,0,0,0,0,
[  646.770762] part3,8,0,2,0,0,0,0,4,17,1,9,3,8,1,6,2,5,0,0,0,
[  646.776703] part4,4,0,0,0,0,0,0,0,0,0,0,0,0,0,0,0,0,0,0,0,
[  646.782517] part5,4,96,509,171,184,23,72,3,18,0,3,0,1,0,0,0,0,0,0,0,
[  647.775259] part1,11,37,290,489,219,7,16,8,20,3,5,6,3,0,1,1,0,0,0,0,
[  647.781983] part2,7,5,25,83,109,67,70,37,35,13,15,5,4,2,0,0,0,0,0,0,
[  647.788679] part3,24,12,25,93,122,57,38,19,17,8,11,3,1,0,0,0,0,0,0,0,
[  647.795461] part4,2,8,5,16,25,15,15,4,10,1,1,0,0,0,0,0,0,0,0,0,
[  647.801720] part5,1,4,3,2,2,1,8,2,0,1,1,0,0,0,0,0,0,0,0,0,
[  648.560520] (1)-2539	[[HDMI][PWR][WARN]] PWR_STS : FG_HDMI=1, P0/P1/P2/P3(active,fsm,vs_cnt,pol,int) =  P0(0,PS_OFF,0,0,0)/P1(0,PS_OFF,0,0,0)/P2(0,PS_OFF,0,0,0)/P3(1,PS_OFF,35796,1,0)
[  648.808597] part1,13,33,447,252,241,10,24,5,12,2,7,1,12,1,4,0,0,0,0,0,
[  648.815491] part2,28,2,2,2,8,6,17,10,26,11,25,7,14,2,1,1,1,0,0,0,
[  648.821919] part3,1,8,7,13,40,20,26,13,26,5,11,0,0,0,0,0,0,0,0,0,
[  648.828347] part4,2,1,5,22,69,48,66,38,39,13,10,3,0,2,0,0,0,0,0,0,
[  648.834866] part5,1,0,0,0,7,6,6,2,3,1,2,3,1,0,0,0,0,0,0,0,
[  649.841949] part1,7,55,577,213,174,17,53,17,33,7,13,4,6,0,0,0,0,0,0,0,
[  649.848847] part2,19,7,62,80,134,80,81,36,40,13,15,2,7,2,5,1,0,0,0,0,
[  649.855626] part3,11,7,79,123,175,81,78,43,30,13,11,1,10,2,7,2,2,0,0,0,
[  649.862582] part4,15,8,43,82,157,98,122,32,40,13,13,1,6,0,1,0,0,0,0,0,
[  649.869454] part5,0,0,0,1,15,6,12,5,5,1,4,0,1,0,0,0,0,0,0,0,
[  650.875296] part1,4,9,615,142,232,8,65,3,5,0,0,0,0,0,0,0,0,0,0,0,
[  650.881749] part2,4,0,0,0,0,0,0,0,0,0,0,0,0,0,0,0,0,0,0,0,
[  650.887552] part3,6,0,0,0,0,0,0,0,0,0,0,0,0,0,0,0,0,0,0,0,
[  650.893377] part4,0,0,0,0,0,0,0,0,0,0,0,0,0,0,0,0,0,0,0,0,
[  650.899180] part5,0,0,0,0,0,0,0,0,0,0,0,0,0,0,0,0,0,0,0,0,
[  651.891993] part1,0,3,643,198,198,26,10,1,0,0,0,0,0,0,0,0,0,0,0,0,
[  651.898535] part2,0,0,0,0,0,0,0,0,0,0,0,0,0,0,0,0,0,0,0,0,
[  651.904355] part3,1,0,0,0,0,0,0,0,0,0,0,0,0,0,0,0,0,0,0,0,
[  651.910171] part4,0,0,0,0,0,0,0,0,0,0,0,0,0,0,0,0,0,0,0,0,
[  651.915995] part5,2,0,0,0,0,0,0,0,0,0,0,0,0,0,0,0,0,0,0,0,
[  652.908665] part1,3,9,670,264,90,24,10,4,4,2,0,0,0,0,0,0,0,0,0,0,
[  652.915104] part2,5,3,1,0,1,0,0,0,0,0,0,0,0,0,0,0,0,0,0,0,
[  652.920922] part3,0,1,2,0,2,2,12,4,39,4,34,2,10,0,1,0,0,0,0,0,
[  652.927087] part4,0,1,0,0,11,2,3,0,13,7,11,0,1,0,0,0,0,0,0,0,
[  652.933170] part5,0,2,4,1,10,1,2,0,1,0,0,0,0,0,0,0,0,0,0,0,
[  653.660394] (2)-2541	[[HDMI][AUDIOF]] Audio STS : FSM=5(CHECK), hbr=0/0, sample_cnt= 30652, hbr_sample_cnt=0, fifo_ov=0, type=2(LPCM), ch_mode=0, ch_num=2, acr_freq=48000, wait_acr_cnt=1
[  653.925323] part1,0,0,627,314,126,7,2,0,3,0,0,0,0,0,0,0,0,0,0,0,
[  653.931690] part2,1,0,0,0,0,0,0,0,0,0,0,0,0,0,0,0,0,0,0,0,
[  653.937502] part3,3,0,1,1,0,0,0,0,0,0,0,0,0,0,0,0,0,0,0,0,
[  653.943359] part4,2,0,0,0,0,0,0,0,1,0,6,0,13,0,1,0,0,0,0,0,
[  653.949255] part5,5,0,1,0,0,0,0,0,0,0,0,0,0,0,0,0,0,0,0,0,
[  654.942010] part1,5,4,729,256,20,0,1,0,0,0,0,0,0,0,0,0,0,0,0,0,
[  654.948288] part2,2,0,0,0,0,0,7,5,12,1,11,1,4,0,13,0,0,0,0,0,
[  654.954361] part3,2,0,0,0,0,0,7,4,9,1,8,0,11,0,5,0,2,1,0,0,
[  654.960298] part4,5,0,0,0,0,0,0,0,0,0,1,0,1,0,0,0,0,0,0,0,
[  654.966115] part5,2,0,0,0,0,0,0,0,0,0,1,0,0,0,0,0,0,0,0,0,
[  655.958677] part1,0,0,741,321,17,1,0,0,0,0,0,0,0,0,0,0,0,0,0,0,
[  655.964939] part2,0,0,0,0,0,0,0,0,8,5,9,1,0,0,0,0,0,0,0,0,
[  655.970767] part3,2,3,0,0,1,0,0,0,4,0,10,6,27,1,12,1,0,0,0,0,
[  655.976846] part4,3,1,0,1,0,3,8,7,14,8,13,1,7,0,14,0,0,0,0,0,
[  655.982926] part5,2,0,0,0,2,0,0,0,0,0,3,0,17,5,33,4,0,0,0,0,
[  656.975356] part1,34,22,765,212,43,15,8,2,7,1,2,0,1,0,0,0,0,0,0,0,
[  656.981899] part2,6,0,0,0,0,0,0,0,0,0,0,0,0,0,0,0,0,0,0,0,
[  656.987708] part3,9,0,0,0,0,0,0,0,0,0,0,0,0,0,0,0,0,0,0,0,
[  656.993573] part4,8,0,0,0,0,0,0,0,0,0,0,0,0,0,0,0,0,0,0,0,
[  656.999380] part5,1,0,0,0,0,0,0,0,0,0,0,0,0,0,0,0,0,0,0,0,
[  657.992035] part1,0,0,0,0,0,0,0,0,0,0,0,0,0,0,0,0,0,0,0,0,
[  657.997885] part2,0,0,0,0,0,0,0,0,0,0,0,0,0,0,0,0,0,0,0,0,
[  658.003698] part3,4,0,0,0,2,5,11,12,21,6,17,2,7,0,0,0,0,0,0,0,
[  658.009891] part4,5,0,0,0,6,5,18,1,8,0,1,0,0,0,0,0,0,0,0,0,
[  658.015787] part5,2,27,546,154,307,13,23,0,4,0,2,0,0,0,0,0,0,0,0,0,
[  659.008707] part1,0,0,1,2,3,3,4,2,0,1,0,1,1,1,0,0,0,0,0,0,
FF,0,0,0)/P2(0,PS_OFF,0,0,0)/P3(1,PS_OFF,36378,1,0)
[  659.036061] (2)-0000	0,0,0,
[  659.039110] part3,5,9,14,16,39,18,31,5,8,1,0,0,0,0,0,0,0,0,0,0,
[  659.045404] part4,1,0,5,12,39,11,18,5,7,1,1,0,3,2,0,0,0,0,0,0,
[  659.051581] part5,12,69,509,137,299,31,57,6,17,1,1,0,4,0,1,1,0,0,0,0,
[  660.058725] part1,0,0,0,0,0,0,0,0,0,0,0,0,0,0,0,0,0,0,0,0,
[  660.064567] part2,0,0,0,0,4,0,0,0,0,0,0,0,0,0,0,0,0,0,0,0,
[  660.070378] part3,2,0,0,0,2,2,8,4,19,5,22,2,11,1,7,2,0,0,0,0,
[  660.076495] part4,1,0,0,0,0,0,0,0,1,0,0,0,0,0,0,0,0,0,0,0,
[  660.082302] part5,0,31,544,139,306,12,31,1,4,1,4,0,0,0,0,0,0,0,0,0,
[  661.075400] part1,0,0,1,1,0,0,5,3,4,2,5,1,0,0,0,0,0,0,0,0,
[  661.081255] part2,1,1,0,0,0,2,7,6,16,3,6,2,4,1,1,0,0,0,0,0,
[  661.087154] part3,4,0,0,1,3,2,6,5,12,1,5,1,3,0,3,0,0,0,0,0,
[  661.093090] part4,2,0,1,0,0,0,1,2,10,6,2,1,2,1,0,0,0,0,0,0,
[  661.098986] part5,1,44,504,119,313,21,30,6,10,0,6,2,2,0,3,1,0,0,0,0,

[END] 12/6/2019 3:39:16 PM
