[BEGIN] 12/6/2019 3:10:40 PM
/ # echo 5 > /proc/sys/kernel/printk
/ # [  369.736026] part1,15858,19365,8640,4631,2529,1195,620,273,142,61,40,11,7,7,3,0,0,0,0,0,
[  369.744391] part2,16191,22710,10509,4937,2481,1052,503,206,128,71,39,24,3,5,3,0,0,0,0,0,
[  369.752817] part3,12738,16709,9075,4570,2112,687,315,121,59,19,4,3,2,0,0,1,0,0,0,0,
[  369.760828] part4,11279,15164,7487,3826,1793,784,360,168,97,33,15,12,6,5,1,0,0,0,0,0,
[  369.769010] part5,10901,15287,7663,4144,2321,1219,672,358,225,122,51,25,15,4,4,1,0,0,0,0,
[  370.769312] part1,15868,19507,8623,4564,2470,1210,610,300,115,60,36,17,6,3,0,1,1,0,1,0,
[  370.777680] part2,16669,22782,10559,4806,2508,1003,502,240,117,61,45,13,7,4,0,1,0,0,0,0,
[  370.786128] part3,13252,16813,8936,4635,2081,727,286,129,49,21,10,1,0,0,0,0,0,0,0,0,
[  370.794224] part4,11877,15132,7387,3885,1750,800,374,168,80,45,19,9,4,0,1,1,0,1,0,0,
[  370.802311] part5,11160,15129,7433,4176,2214,1180,685,363,216,91,60,25,9,3,4,4,1,0,0,1,
[  371.599477] (1)-2546	[[HDMI][AUDIOF]] Audio STS : FSM=5(CHECK), hbr=0/0, sample_cnt= 16228, hbr_sample_cnt=0, fifo_ov=0, type=2(LPCM), ch_mode=0, ch_num=2, acr_freq=48000, wait_acr_cnt=1
[  371.802668] part1,15736,19518,8738,4664,2471,1215,605,266,133,55,31,16,8,2,1,1,0,0,0,1,
[  371.811040] part2,16380,22764,10649,5002,2450,1031,535,208,118,72,36,19,8,0,1,0,0,0,0,0,
[  371.819489] part3,12921,16966,9193,4643,2222,757,271,136,50,23,10,3,2,0,0,0,0,0,0,0,
[  371.827584] part4,11388,15300,7738,3776,1807,797,361,167,79,32,27,7,1,3,2,0,0,0,0,0,
[  371.835668] part5,10907,15266,7574,4099,2232,1221,696,353,205,88,55,23,7,5,3,1,0,0,0,0,
[  372.836006] part1,15681,19392,8697,4612,2507,1180,614,284,139,65,31,13,5,3,2,0,0,0,0,0,
[  372.844387] part2,16155,22716,10539,4939,2506,1058,509,231,128,66,50,25,8,1,2,0,0,0,0,0,
[  372.852834] part3,12808,16867,9066,4800,2203,769,310,126,53,20,5,1,2,0,0,0,0,0,0,0,
[  372.860832] part4,11261,15288,7549,3764,1794,799,382,180,86,29,22,6,7,2,1,0,0,0,0,0,
[  372.868911] part5,10713,15089,7446,4167,2220,1218,688,361,217,106,50,33,13,5,5,0,1,0,0,0,
[  373.869350] part1,15843,19536,8649,4617,2556,1126,619,282,130,73,23,20,4,3,2,0,0,0,0,0,
[  373.877734] part2,16496,22836,10669,5000,2439,1045,516,227,124,76,41,24,5,3,0,0,1,0,0,0,
[  373.886175] part3,12937,16991,9239,4871,2188,721,322,121,49,18,5,0,3,0,0,0,0,0,0,0,
[  373.894173] part4,11436,15201,7620,3800,1800,844,383,180,63,36,20,3,3,4,0,0,0,0,0,0,
[  373.902258] part5,10992,15162,7686,4217,2227,1183,693,339,213,99,54,27,13,9,6,1,0,0,1,0,
[  374.902728] part1,16177,19415,8732,4550,2431,1180,617,297,113,54,37,12,10,2,0,1,0,0,0,0,
[  374.911193] part2,16919,22843,10706,5036,2382,1025,518,236,113,74,32,21,10,3,0,0,0,0,0,0,
[  374.919723] part3,13442,17059,9137,4900,2171,725,305,126,64,15,8,1,0,0,0,0,0,0,0,0,
[  374.927715] part4,11651,15278,7607,3791,1759,773,363,183,90,32,27,5,5,1,1,0,1,0,0,0,
[  374.935807] part5,11309,15210,7554,4102,2243,1201,703,366,214,91,51,25,6,4,3,2,0,1,0,0,
[  375.936059] part1,6428,8939,3363,1590,673,313,157,73,23,13,4,0,1,1,0,0,0,0,0,0,
[  375.943731] part2,6593,8023,3440,1697,893,449,280,125,74,39,22,7,2,4,0,2,0,0,0,0,
[  375.951547] part3,9366,10668,3993,2203,1112,629,386,201,140,56,41,10,5,3,0,0,1,0,0,0,
[  375.959720] part4,8544,9798,3661,1694,701,314,141,70,29,19,7,3,3,0,1,0,1,0,0,0,
[  375.967375] part5,10820,14120,5421,2610,1292,632,316,138,52,29,20,6,2,1,0,0,0,0,0,0,
[  376.969401] part1,6097,8723,3316,1604,681,330,169,43,25,15,1,2,0,0,0,0,0,0,0,0,
[  376.977070] part2,6625,8324,3441,1656,841,452,263,152,87,52,21,5,2,0,1,1,0,0,0,0,
[  376.984890] part3,9130,10550,3785,2026,973,543,366,219,120,62,50,19,12,6,2,1,0,0,0,0,
[  376.993079] part4,8095,9485,3584,1647,638,286,123,65,36,17,15,5,2,0,0,0,0,0,0,0,
[  377.000820] part5,10580,13636,5283,2535,1204,565,302,137,68,28,15,8,1,1,0,0,1,0,0,0,
[  377.879600] (2)-2544	[[HDMI][PWR][WARN]] PWR_STS : FG_HDMI=1, P0/P1/P2/P3(active,fsm,vs_cnt,pol,int) =  P0(0,PS_OFF,0,0,0)/P1(0,PS_OFF,0,0,0)/P2(0,PS_OFF,0,0,0)/P3(1,PS_OFF,20446,1,0)
[  378.002750] part1,5686,8239,3345,1726,791,320,187,83,37,17,5,0,1,0,0,0,0,0,1,0,
[  378.010419] part2,6161,7855,3271,1516,772,376,237,137,83,28,19,9,5,0,4,1,0,0,0,0,
[  378.018252] part3,8263,9690,3349,1643,670,341,277,156,106,63,23,9,7,3,0,0,0,0,0,0,
[  378.026175] part4,7678,8978,3441,1553,647,280,138,63,29,11,7,2,2,0,1,0,0,0,0,0,
[  378.033826] part5,9676,12996,5081,2645,1230,558,277,153,76,37,14,10,2,0,2,1,0,0,0,0,
[  379.036098] part1,5420,8101,3391,1711,903,368,199,89,45,9,6,3,1,0,0,0,0,0,0,0,
[  379.043678] part2,6080,7952,3257,1454,736,368,206,89,63,19,20,10,5,3,0,0,0,0,0,0,
[  379.051515] part3,8197,9474,3341,1580,659,415,296,158,82,65,33,8,7,2,1,0,0,0,0,0,
[  379.059345] part4,7239,8771,3241,1482,584,256,133,48,33,10,8,3,3,0,1,0,0,0,0,0,
[  379.066991] part5,8983,12497,4933,2280,1084,491,231,111,53,20,6,2,5,0,0,0,1,0,0,0,
[  380.069441] part1,5011,7704,3172,1717,883,367,245,109,38,9,10,2,0,0,0,0,0,0,0,0,
[  380.077216] part2,6872,8523,3475,1446,696,360,221,125,67,40,29,11,5,3,4,1,0,0,0,0,
[  380.085141] part3,8373,9748,3458,1709,712,367,242,103,82,30,29,5,2,1,1,0,0,0,0,0,
[  380.092967] part4,6657,8271,3160,1403,538,257,136,50,26,12,5,4,1,0,0,0,0,0,0,0,
[  380.100610] part5,8352,12003,4594,2164,1000,446,205,77,53,24,6,7,1,1,0,0,0,0,0,1,
[  381.102840] part1,11022,9878,3240,1404,614,273,148,81,43,18,8,8,3,1,2,1,0,0,0,0,
[  381.110610] part2,23069,13041,3978,1577,613,230,84,38,29,6,5,6,0,1,1,0,0,0,0,0,
[  381.118277] part3,14571,13664,4174,1754,614,257,101,41,23,9,5,3,1,0,0,0,0,0,0,0,
[  381.126006] part4,15388,12519,4082,1599,482,161,63,18,4,3,1,0,0,0,0,0,0,0,0,0,
[  381.133569] part5,12604,11597,4310,1598,560,209,78,36,10,8,2,1,0,0,1,0,0,0,0,0,
[  382.136141] part1,10240,9336,3082,1391,604,339,152,95,30,19,11,3,5,2,0,0,0,0,0,0,
[  382.143997] part2,21957,12348,4031,1511,616,232,99,47,25,8,2,4,2,2,1,0,1,1,0,0,
[  382.151648] part3,13515,13019,4084,1733,669,260,86,40,15,6,1,0,0,0,0,0,0,0,0,0,
[  382.159298] part4,13692,11476,3816,1457,435,147,62,23,15,8,3,1,1,0,0,0,0,0,0,0,
[  382.166953] part5,11285,10711,4223,1552,639,215,94,36,18,15,2,1,1,1,0,0,0,0,0,0,
[  383.169564] part1,10442,9551,3070,1404,589,306,151,90,42,18,11,6,2,1,2,2,0,0,0,0,
[  383.177418] part2,22167,12709,3937,1449,616,218,106,40,13,9,1,3,0,0,0,1,0,1,0,0,
[  383.185158] part3,13891,13257,4109,1762,613,251,88,38,21,10,3,1,2,0,0,0,0,0,0,0,
[  383.192893] part4,14040,11630,3913,1468,471,141,61,25,10,3,0,0,0,2,0,0,0,0,0,0,
[  383.200550] part5,11521,10893,4121,1508,542,219,78,35,17,8,2,3,0,0,0,0,0,0,0,0,
[  383.939479] (0)-2546	[[HDMI][AUDIOF]] Audio STS : FSM=5(CHECK), hbr=0/0, sample_cnt= 16829, hbr_sample_cnt=0, fifo_ov=0, type=2(LPCM), ch_mode=0, ch_num=2, acr_freq=48000, wait_acr_cnt=1
[  384.202842] part1,10233,9448,3176,1346,600,266,163,81,48,20,10,7,1,1,2,0,0,0,0,0,
[  384.210691] part2,22236,12723,3946,1445,562,217,105,47,15,12,5,1,2,0,2,0,1,1,0,0,
[  384.218506] part3,14063,13303,4105,1681,587,248,91,31,17,5,5,2,2,0,0,0,0,0,0,0,
[  384.226164] part4,14098,11680,3848,1420,439,140,44,19,5,3,2,1,0,0,1,0,0,0,0,0,
[  384.233734] part5,11582,10740,4082,1493,546,203,81,37,23,3,3,3,0,0,0,0,0,0,0,0,
[  385.236173] part1,9936,8787,3021,1304,598,269,179,83,58,18,11,10,4,1,1,0,0,0,0,0,
[  385.244015] part2,21448,12054,3802,1408,552,204,102,49,14,4,4,0,0,1,0,0,1,0,0,0,
[  385.251754] part3,13258,12495,3975,1600,663,247,113,45,20,12,3,3,2,1,0,0,0,0,0,0,
[  385.259594] part4,13362,10936,3666,1344,408,144,56,16,7,3,1,0,0,0,0,0,0,0,0,0,
[  385.267159] part5,10839,10037,3896,1455,536,183,71,43,10,4,2,3,1,0,0,0,0,0,0,0,
[  386.269552] part1,99,1185,2992,1890,1263,659,532,244,287,165,137,53,58,20,18,15,7,3,0,2,
[  386.278011] part2,7230,14759,7618,3281,1689,846,556,246,205,92,74,22,20,4,3,1,1,0,0,0,
[  386.286271] part3,2992,5377,2895,1537,850,422,259,108,80,42,44,22,37,27,25,2,6,1,1,1,
[  386.294460] part4,2007,4405,2385,1255,810,476,411,218,153,78,66,27,15,4,10,5,2,0,0,0,
[  386.302637] part5,560,2190,2299,1224,728,326,215,125,116,60,52,25,23,9,11,12,1,1,2,0,
[  387.302881] part1,125,1341,3062,1984,1266,701,545,274,270,139,133,53,52,26,15,24,5,0,1,0,
[  387.311414] part2,7525,15404,7697,3357,1666,821,545,260,200,99,64,31,19,3,2,1,1,0,0,0,
[  387.319679] part3,3003,5426,2761,1478,823,445,274,115,82,38,44,27,40,15,25,2,6,4,1,2,
[  387.327863] part4,2221,4536,2435,1161,755,451,378,256,155,80,62,31,20,8,4,4,4,0,0,0,
[  387.335951] part5,598,2317,2189,1177,668,343,195,109,83,61,41,31,35,9,9,1,4,2,0,0,
[  388.239577] (0)-2544	[[HDMI][PWR][WARN]] PWR_STS : FG_HDMI=1, P0/P1/P2/P3(active,fsm,vs_cnt,pol,int) =  P0(0,PS_OFF,0,0,0)/P1(0,PS_OFF,0,0,0)/P2(0,PS_OFF,0,0,0)/P3(1,PS_OFF,21038,1,0)
[  388.336242] part1,109,1209,2885,1781,1298,661,518,307,291,113,144,70,57,16,18,19,6,0,1,0,
[  388.344785] part2,7418,14639,7267,3099,1574,803,525,286,232,148,91,27,23,14,8,8,1,1,0,0,
[  388.353228] part3,2801,5002,2527,1349,705,410,244,129,118,71,73,21,60,32,32,13,14,6,3,5,
[  388.361669] part4,1998,4273,2294,1175,731,441,363,232,199,115,100,40,28,9,3,4,2,1,0,0,
[  388.369934] part5,565,2264,2209,1158,652,303,193,99,122,57,56,24,45,19,6,5,2,2,1,1,
[  389.369595] part1,98,1202,2856,1866,1260,624,541,296,285,149,125,72,68,23,12,17,7,0,0,0,
[  389.378062] part2,7223,14675,7299,3264,1534,808,515,264,209,152,103,28,20,5,13,12,5,3,3,2,
[  389.386684] part3,2852,5153,2592,1387,743,432,268,135,110,54,53,25,74,36,28,7,3,6,4,2,
[  389.394946] part4,1862,4215,2223,1072,747,478,376,227,229,141,83,47,35,11,7,4,6,0,2,0,
[  389.403212] part5,549,2171,2167,1194,703,342,238,128,99,65,52,27,38,13,15,13,1,1,0,2,
[  390.402923] part1,11285,20178,10879,5219,2350,970,368,163,83,44,15,12,13,12,9,9,5,4,2,0,
[  390.411397] part2,17995,23649,11462,5493,2338,961,399,137,65,33,15,3,5,2,0,0,0,1,0,0,
[  390.419579] part3,22827,27144,11835,5353,2118,786,313,120,60,27,14,11,6,2,0,2,0,0,0,0,
[  390.427837] part4,25198,31207,13603,5848,2405,803,364,143,62,27,18,6,3,1,1,0,0,0,0,0,
[  390.436010] part5,16238,22621,10367,4742,1973,776,311,156,52,21,7,0,3,0,0,0,0,0,0,0,
[  391.436277] part1,9552,18599,9969,4735,2059,879,353,146,75,42,19,30,10,5,11,8,7,3,5,3,
[  391.444567] part2,15972,22050,10822,5034,2177,883,368,142,64,34,20,8,4,1,2,1,0,0,0,0,
[  391.452750] part3,21057,25986,11179,5055,2004,753,336,124,65,27,17,17,6,2,1,3,1,0,0,0,
[  391.461008] part4,22946,29792,12442,5553,2200,844,347,126,49,28,16,8,2,0,1,1,1,0,0,0,
[  391.469187] part5,14224,20905,9449,4277,1851,691,282,124,54,16,10,2,1,0,0,0,0,0,0,0,
[  392.469710] part1,10145,18649,9809,4507,1949,780,312,141,78,42,18,19,8,8,6,5,6,4,2,1,
[  392.477904] part2,16607,21844,10768,4880,2101,796,331,115,61,28,21,7,4,5,2,0,0,1,0,0,
[  392.486087] part3,21907,25658,11000,4830,1894,769,281,104,48,19,15,9,2,3,1,1,0,0,0,0,
[  392.494265] part4,23752,29215,12369,5331,2082,701,305,130,54,26,9,4,1,1,2,0,0,0,0,0,
[  392.502361] part5,14790,20612,9252,4089,1689,597,239,101,45,13,6,2,0,0,0,0,0,0,0,0,
[  393.502956] part1,9547,18543,9598,4247,1813,748,296,128,80,25,21,10,11,13,8,4,8,3,2,1,
[  393.511235] part2,16005,21803,10361,4652,1879,778,275,93,55,30,10,3,4,0,0,0,1,0,0,0,
[  393.519317] part3,20881,25204,10781,4622,1806,663,293,109,55,26,15,9,2,2,1,0,0,0,0,0,
[  393.527499] part4,22563,28575,11928,5008,1944,707,284,113,46,13,13,5,1,1,0,0,0,0,0,0,
[  393.535679] part5,14082,20117,8902,3813,1507,546,210,100,41,18,6,1,1,0,0,0,0,0,0,0,
[  394.536324] part1,9967,17399,8154,3642,1547,659,309,183,79,39,19,17,8,2,3,0,1,1,1,0,
[  394.544430] part2,13767,19762,8781,3811,1618,699,313,143,59,34,31,16,3,2,1,0,0,0,0,0,
[  394.552605] part3,15863,20545,9228,4018,1770,744,366,152,76,31,18,4,2,1,0,0,0,0,0,0,
[  394.560710] part4,17032,23057,9997,4487,2111,855,385,140,82,45,31,7,3,0,1,0,0,0,0,0,
[  394.568804] part5,11914,18707,8543,3757,1707,793,346,149,66,23,12,4,4,1,1,0,0,0,0,0,
[  395.569726] part1,10153,17900,8202,3709,1583,724,302,142,82,40,20,19,5,2,1,0,0,0,0,1,
[  395.577922] part2,13876,19881,8845,3760,1601,728,297,150,78,30,24,7,5,2,1,0,0,0,0,0,
[  395.586017] part3,15999,20485,9187,4050,1716,767,364,157,69,37,15,7,4,1,0,1,0,0,0,0,
[  395.594114] part4,16748,23187,9948,4558,2060,817,369,160,68,29,24,9,4,0,1,0,0,0,0,0,
[  395.602202] part5,11700,18850,8613,3792,1692,767,349,137,87,45,13,6,4,2,0,0,1,0,0,0,
[  396.439472] (3)-2546	[[HDMI][AUDIOF]] Audio STS : FSM=5(CHECK), hbr=0/0, sample_cnt= 17430, hbr_sample_cnt=0, fifo_ov=0, type=2(LPCM), ch_mode=0, ch_num=2, acr_freq=48000, wait_acr_cnt=1
[  396.602993] part1,10010,17276,8197,3678,1555,664,297,146,97,51,25,14,6,4,2,0,0,0,0,2,
[  396.611199] part2,13489,19478,8573,3738,1611,660,298,134,77,41,18,14,8,3,0,0,0,0,0,0,
[  396.619383] part3,15390,20124,8904,3912,1686,721,339,130,69,34,19,3,1,0,1,0,0,0,0,0,
[  396.627481] part4,16319,22598,9742,4485,2047,831,356,131,77,37,21,4,5,2,0,0,0,0,0,0,
[  396.635562] part5,11652,18193,8383,3726,1708,720,313,140,57,35,16,5,0,1,0,0,0,0,0,0,
[  397.636353] part1,10255,16660,7431,3349,1499,629,294,138,90,38,18,18,7,4,3,0,0,1,0,1,
[  397.644555] part2,13938,18434,7898,3312,1435,605,265,134,56,37,20,14,5,4,1,0,0,0,0,0,
[  397.652737] part3,15690,19012,8376,3478,1470,698,306,124,67,29,17,6,4,1,1,0,1,0,0,0,
[  397.660829] part4,16810,21253,8888,3986,1838,710,356,109,65,40,12,4,1,3,1,0,0,0,0,0,
[  397.668917] part5,12150,17587,7645,3362,1516,657,300,136,55,29,14,3,1,0,0,0,0,0,0,0,
[  398.639671] (1)-2544	[[HDMI][PWR][WARN]] PWR_STS : FG_HDMI=1, P0/P1/P2/P3(active,fsm,vs_cnt,pol,int) =  P0(0,PS_OFF,0,0,0)/P1(0,PS_OFF,0,0,0)/P2(0,PS_OFF,0,0,0)/P3(1,PS_OFF,21628,1,0)
[  398.669731] part1,9293,13755,6675,3332,1728,861,405,202,115,57,25,12,6,2,2,0,1,1,0,0,
[  398.677927] part2,9716,15357,7085,3237,1320,568,241,115,68,42,15,16,8,5,2,0,1,0,0,0,
[  398.686016] part3,11100,13282,5367,2294,970,412,174,85,49,23,5,4,1,0,0,0,0,0,0,0,
[  398.693839] part4,9715,13808,6263,3000,1308,654,304,145,60,33,23,12,4,3,1,2,1,0,1,0,
[  398.701930] part5,4898,9051,4992,2328,1119,497,258,131,68,44,14,10,7,3,3,2,0,0,1,0,
[  399.703034] part1,8332,13396,6614,3273,1754,831,416,228,122,48,30,15,8,6,2,3,1,0,0,0,
[  399.711239] part2,8356,14807,7030,3190,1353,603,259,105,89,42,21,14,8,6,1,1,0,1,0,0,
[  399.719332] part3,10057,12921,5169,2330,948,443,212,102,49,11,12,3,3,1,0,1,0,0,0,0,
[  399.727332] part4,8627,13414,6232,2939,1407,689,348,153,80,27,23,16,10,4,2,2,2,0,0,1,
[  399.735513] part5,4246,8568,4915,2263,1204,503,259,143,77,45,17,12,10,1,1,2,1,0,1,0,
[  400.736402] part1,6952,12344,6381,3288,1680,894,420,270,146,60,40,28,5,8,1,2,0,0,0,0,
[  400.744600] part2,7198,13791,6933,3076,1417,629,268,127,72,45,34,13,11,5,3,1,1,0,0,1,
[  400.752765] part3,9260,12361,5163,2337,948,428,234,98,57,18,11,6,4,2,0,0,0,0,0,0,
[  400.760599] part4,8128,13040,5982,2841,1409,697,365,153,89,39,30,19,9,8,3,0,0,0,1,1,
[  400.768696] part5,3923,8297,4755,2150,1158,513,270,140,84,42,24,16,10,5,5,0,1,0,0,0,
[  401.769754] part1,4411,7921,4214,2234,1070,460,207,110,85,30,15,8,6,2,2,0,1,0,0,0,
[  401.777688] part2,4995,9244,5227,2657,1151,458,221,81,36,16,14,1,0,0,1,0,0,0,0,0,
[  401.785507] part3,16128,21023,9133,4046,1740,695,296,144,66,32,13,13,11,3,6,1,0,1,0,0,
[  401.793776] part4,3452,6912,3575,1624,871,406,232,129,61,23,15,12,10,6,2,2,2,0,0,0,
[  401.801785] part5,2785,5721,3082,1388,655,311,165,84,52,16,15,9,3,3,1,0,1,0,0,0,
[  402.803090] part1,4014,7560,4276,2200,1145,511,233,120,74,26,16,7,3,3,0,0,0,0,0,0,
[  402.811019] part2,4384,8654,5198,2687,1290,527,229,90,35,19,6,2,1,0,0,0,0,0,0,0,
[  402.818756] part3,15146,20332,8977,4076,1758,659,300,138,58,27,13,10,7,9,4,2,0,0,0,0,
[  402.826936] part4,3339,6802,3638,1675,893,372,218,135,72,20,13,8,16,6,6,2,1,1,0,0,
[  402.834844] part5,2641,5442,3109,1400,671,311,148,78,45,21,16,5,5,1,1,1,0,0,0,0,
[  403.836487] part1,3916,7529,4355,2275,1140,510,247,142,69,28,16,9,7,1,1,3,0,0,0,0,
[  403.844412] part2,4194,8595,5165,2738,1217,518,238,124,45,25,7,4,5,0,0,0,0,0,0,0,
[  403.852244] part3,14618,20133,8939,3974,1758,704,321,146,77,30,6,13,5,3,4,2,0,0,0,0,
[  403.860340] part4,3172,6472,3571,1744,831,401,222,131,61,24,24,11,6,6,2,1,3,2,1,0,
[  403.868249] part5,2611,5559,3073,1396,659,304,150,67,49,22,11,12,5,1,1,0,1,0,0,0,
[  404.869782] part1,3859,7580,4436,2269,1078,497,225,132,81,25,23,7,0,5,1,1,1,0,0,0,
[  404.877720] part2,4399,8711,5188,2709,1232,489,215,94,41,21,11,1,0,0,1,0,0,0,0,0,
[  404.885556] part3,15278,20450,9107,4094,1762,715,309,154,79,38,13,17,6,5,4,2,0,2,0,0,
[  404.893734] part4,3173,6464,3492,1664,873,415,208,100,77,19,18,7,8,12,4,4,1,0,0,0,
[  404.901637] part5,2617,5615,3043,1440,684,350,153,85,49,22,14,9,5,1,0,0,0,0,0,0,
[  405.903128] part1,5154,9255,3937,1560,742,332,162,86,45,19,8,3,5,3,2,6,4,2,1,2,
[  405.910810] part2,4375,7881,3551,1796,859,481,237,115,60,28,21,14,3,3,1,2,0,1,0,0,
[  405.918727] part3,5009,6866,2834,1472,857,463,250,155,70,55,25,18,8,11,3,4,1,0,1,2,
[  405.926727] part4,4570,6742,2887,1356,768,362,212,103,61,26,12,15,4,5,3,0,0,0,1,0,
[  405.934641] part5,3545,6540,3232,1468,695,346,196,121,46,23,25,4,3,1,1,0,0,0,0,0,
[  406.936481] part1,5222,9254,3937,1572,745,361,172,75,52,20,7,8,6,6,4,3,2,1,1,1,
[  406.944168] part2,4449,7857,3621,1755,887,462,258,125,70,36,16,9,3,6,1,0,0,0,0,0,
[  406.951990] part3,5142,6995,2993,1588,887,480,270,189,75,48,35,24,14,4,7,8,3,1,0,1,
[  406.959985] part4,4274,6426,2765,1319,720,369,220,119,48,19,10,11,4,4,2,0,1,1,0,0,
[  406.967899] part5,3578,6507,3270,1476,684,349,191,111,58,27,15,6,5,1,1,0,0,0,0,0,
[  407.969847] part1,5253,9113,3921,1509,778,326,161,80,42,13,25,7,3,5,2,1,1,4,0,2,
[  407.977611] part2,4474,7580,3519,1783,954,467,247,119,75,38,33,7,9,4,4,3,3,0,0,1,
[  407.985429] part3,5157,7060,2942,1505,864,469,269,165,107,58,35,18,8,5,4,1,5,1,0,1,
[  407.993426] part4,4293,6344,2730,1226,695,373,232,108,52,28,11,5,9,2,4,0,0,1,0,0,
[  408.001268] part5,3608,6641,3176,1449,715,360,172,104,60,26,8,9,1,1,1,0,0,0,0,0,
[  408.879492] (3)-2546	[[HDMI][AUDIOF]] Audio STS : FSM=5(CHECK), hbr=0/0, sample_cnt= 18031, hbr_sample_cnt=0, fifo_ov=0, type=2(LPCM), ch_mode=0, ch_num=2, acr_freq=48000, wait_acr_cnt=1
[  408.939520] (2)-2544	[[HDMI][PWR][WARN]] PWR_STS : FG_HDMI=1, P0/P1/P2/P3(active,fsm,vs_cnt,pol,int) =  P0(0,PS_OFF,0,0,0)/P1(0,PS_OFF,0,0,0)/P2(0,PS_OFF,0,0,0)/P3(1,PS_OFF,22222,1,0)
[  409.003165] part1,5118,9004,3804,1530,765,303,173,94,43,16,8,6,1,4,1,0,1,1,0,5,
[  409.010846] part2,4289,7590,3398,1843,936,512,279,150,75,40,32,12,7,4,5,2,2,0,0,0,
[  409.018752] part3,4673,6641,2666,1395,798,477,262,174,80,64,45,13,20,7,6,0,2,0,1,2,
[  409.026762] part4,3864,6018,2679,1223,695,337,201,115,51,36,15,11,7,3,2,0,1,0,0,0,
[  409.034683] part5,3259,6229,2999,1403,692,384,194,100,44,41,12,4,4,0,0,1,0,0,0,0,
[  410.036525] part1,5343,9277,3690,1542,744,339,163,87,41,16,11,5,1,2,0,2,1,1,0,3,
[  410.044284] part2,4576,7855,3414,1751,894,465,291,132,70,39,17,10,6,3,3,2,2,1,0,0,
[  410.052201] part3,5223,6989,2948,1554,884,498,279,159,75,47,37,17,5,9,4,1,1,1,0,2,
[  410.060124] part4,4199,6251,2586,1253,644,277,193,116,49,20,17,8,4,2,2,0,1,0,0,0,
[  410.067958] part5,3691,6551,3069,1358,698,325,182,86,43,18,18,4,3,0,1,2,0,0,0,0,
[  411.069973] (0)-0958	part1,5853,7603,3135,1337,544,206,75,37,16,3,3,3,1,1,1,0,0,0,0,0,
[  411.070004] (0)-0958	part2,20680,22866,9591,3581,1308,515,192,100,53,27,12,7,6,2,1,0,0,0,0,1,
[  411.070030] (0)-0958	part3,17894,17616,6793,2878,1052,429,156,88,44,20,6,2,2,1,1,0,0,0,0,0,
[  411.070056] (0)-0958	part4,9992,10235,4290,1824,768,296,119,60,28,16,20,5,1,2,0,0,0,0,0,0,
[  411.070082] (0)-0958	part5,11983,15570,7005,3120,1363,565,314,133,87,53,31,27,18,9,6,6,4,1,0,1,
[  412.069916] part1,5360,6829,3049,1225,551,208,94,35,12,6,6,3,1,0,0,0,0,0,0,0,
[  412.077426] part2,19866,22365,9330,3573,1352,496,195,105,46,24,21,4,10,1,1,0,0,2,1,0,
[  412.085608] part3,17098,16900,6888,2863,1086,417,151,71,40,28,14,4,4,3,1,0,0,0,0,0,
[  412.093604] part4,9592,10103,4318,1890,759,292,131,72,29,22,10,5,5,1,0,1,0,0,0,0,
[  412.101424] part5,13477,17588,7605,3400,1506,659,335,165,92,71,33,22,20,11,1,4,5,7,0,1,
[  413.103218] part1,6108,7900,3119,1314,568,209,90,44,13,3,10,2,0,1,0,0,0,0,0,0,
[  413.110806] part2,20694,22844,9442,3636,1323,495,183,90,43,27,16,7,7,6,2,1,0,0,0,0,
[  413.118809] part3,17499,17120,6756,2727,1044,389,167,79,37,24,9,4,4,0,3,0,1,0,0,0,
[  413.126723] part4,10149,10314,4353,1842,765,316,152,75,35,15,14,1,3,0,0,0,0,0,0,0,
[  413.134635] part5,12281,15847,7085,3154,1348,576,304,144,95,59,34,24,19,11,11,4,4,2,0,1,
[  414.136582] part1,8620,8795,3388,1335,511,191,86,45,18,13,1,1,1,1,0,0,0,0,0,0,
[  414.144170] part2,22724,23189,9683,3646,1339,457,181,78,37,19,20,9,8,1,1,0,0,1,0,0,
[  414.152175] part3,19901,17450,6836,2760,1031,373,146,80,37,18,9,7,3,0,0,0,1,0,0,0,
[  414.160084] part4,11568,10609,4382,1814,752,265,142,58,43,15,10,5,3,0,2,0,0,0,0,0,
[  414.167997] part5,15164,16744,7402,3302,1416,587,297,134,94,61,35,29,13,11,4,4,4,1,1,3,
[  415.170003] part1,2000,4552,2923,1491,894,467,298,148,102,58,37,20,15,13,3,3,1,1,1,0,
[  415.178200] part2,6560,11224,4663,1994,964,474,315,153,105,67,29,23,16,5,2,1,1,2,0,1,
[  415.186372] part3,6044,8415,3747,1862,985,570,436,314,279,196,98,49,24,13,11,7,10,1,1,4,
[  415.194825] part4,8876,14217,6896,2995,1462,698,347,170,120,60,55,30,17,12,9,6,3,1,1,2,
[  415.203179] part5,1954,3646,2099,979,604,341,244,140,72,56,26,10,8,2,1,1,1,0,0,0,
[  416.203273] part1,2054,4532,2837,1493,886,468,305,178,128,68,59,34,19,8,6,7,4,2,3,3,
[  416.211389] part2,6699,11339,4630,1983,940,459,316,165,100,65,45,16,13,6,3,3,3,0,0,1,
[  416.219552] part3,6169,8449,3624,1799,997,570,404,326,282,180,89,50,26,13,9,6,5,4,3,7,
[  416.227815] part4,9336,14660,6725,2982,1490,680,362,196,106,61,46,33,16,12,5,7,0,1,1,1,
[  416.236177] part5,1955,3793,2100,982,571,347,249,160,63,44,30,17,7,5,0,2,0,1,0,0,
[  417.236618] part1,1867,4154,2596,1299,705,397,255,140,108,40,49,18,16,9,9,10,6,3,3,2,
[  417.244822] part2,6413,11017,4370,1852,861,464,283,172,97,56,37,16,15,10,1,2,2,0,0,1,
[  417.252993] part3,5319,7565,3182,1668,871,540,381,330,252,170,105,44,27,16,11,4,7,5,3,5,
[  417.261446] part4,9011,14556,6672,2901,1548,707,346,222,114,65,41,26,15,3,6,4,3,0,0,0,
[  417.269713] part5,1920,3760,2153,924,575,380,249,128,61,50,34,18,7,2,0,1,0,0,0,0,
[  418.270034] part1,1934,4388,2781,1366,751,463,247,158,115,65,51,29,18,9,7,7,5,2,3,3,
[  418.278135] part2,6461,11051,4520,1911,905,431,308,166,101,54,43,20,18,2,1,2,1,0,2,1,
[  418.286310] part3,5942,8364,3523,1832,971,590,401,307,260,160,95,40,22,18,18,7,8,11,1,5,
[  418.294761] part4,9562,15070,6908,3000,1479,664,330,209,115,64,58,21,14,14,5,4,2,0,3,0,
[  418.303112] part5,1903,3650,2160,935,601,401,206,145,76,47,33,16,6,1,2,0,1,1,0,0,
[  419.039644] (1)-2544	[[HDMI][PWR][WARN]] PWR_STS : FG_HDMI=1, P0/P1/P2/P3(active,fsm,vs_cnt,pol,int) =  P0(0,PS_OFF,0,0,0)/P1(0,PS_OFF,0,0,0)/P2(0,PS_OFF,0,0,0)/P3(1,PS_OFF,22822,1,0)
[  419.303310] part1,1976,4368,2677,1427,807,452,305,147,117,72,49,28,24,14,18,1,2,5,2,0,
[  419.311589] part2,6622,11336,4654,1964,924,465,301,179,111,63,36,19,10,1,4,2,1,0,1,1,
[  419.319766] part3,6325,8814,3785,1884,982,583,430,338,258,163,84,42,29,16,13,6,6,3,8,7,
[  419.328126] part4,9373,14905,6853,2965,1464,664,320,201,118,54,46,24,18,16,5,5,0,0,0,0,
[  419.336471] part5,1962,3636,2126,961,585,362,241,158,81,33,31,7,8,4,3,1,1,0,0,0,
[  420.336654] part1,1927,4445,2803,1444,782,437,308,189,126,65,65,29,22,10,10,4,7,2,0,2,
[  420.344938] part2,6376,11256,4569,1908,903,467,333,189,105,65,39,11,7,3,5,1,1,2,0,1,
[  420.353040] part3,5831,8442,3664,1853,947,567,440,313,265,198,102,35,34,21,11,12,7,3,6,5,
[  420.361566] part4,8478,14004,6483,2888,1366,664,360,205,109,57,47,24,22,12,6,2,0,0,0,2,
[  420.369918] part5,1861,3679,2121,934,592,397,239,150,80,55,26,16,11,3,2,1,1,1,0,1,
[  421.159493] (2)-2546	[[HDMI][AUDIOF]] Audio STS : FSM=5(CHECK), hbr=0/0, sample_cnt= 18632, hbr_sample_cnt=0, fifo_ov=0, type=2(LPCM), ch_mode=0, ch_num=2, acr_freq=48000, wait_acr_cnt=1
[  421.370015] part1,1966,4409,2790,1443,758,463,266,163,122,60,55,26,25,12,6,7,7,4,3,2,
[  421.378219] part2,6655,11367,4701,1974,956,458,306,177,93,63,33,15,9,7,3,0,1,1,0,1,
[  421.386221] part3,5970,8450,3676,1819,1026,595,405,315,270,200,92,41,23,16,9,12,10,6,3,4,
[  421.394746] part4,8817,14148,6542,2876,1441,681,339,196,118,69,55,30,20,12,8,1,2,1,0,0,
[  421.403088] part5,1885,3676,2121,920,604,403,246,135,78,48,32,11,8,2,2,0,2,0,0,0,
[  422.403348] part1,1899,4538,2881,1521,890,468,302,202,124,84,56,33,22,12,4,3,5,3,1,0,
[  422.411555] part2,6487,11346,4640,2010,953,455,340,172,112,51,31,12,15,6,3,1,0,2,0,1,
[  422.419730] part3,5787,8531,3618,1865,956,585,433,314,298,169,97,40,35,17,6,7,8,8,2,7,
[  422.427988] part4,8788,14255,6605,2866,1472,666,327,205,115,67,46,32,17,14,8,7,2,0,1,1,
[  422.436341] part5,1847,3651,2150,938,585,383,247,161,86,43,33,11,9,1,2,2,2,0,0,0,
[  423.436697] part1,1858,4284,2846,1495,869,490,334,197,153,72,52,32,18,13,8,7,9,3,2,1,
[  423.444893] part2,6412,11078,4617,2016,940,461,310,
[  423.449730] (3)-0000	164,125,72,36,17,9,9,2,2,0,0,2,0,
[  423.455289] part3,5712,8108,3510,1848,988,596,407,319,264,178,100,45,31,9,11,9,9,9,5,4,
[  423.463637] part4,8665,13946,6462,2874,1372,652,334,188,121,60,55,37,28,14,10,3,4,1,0,3,
[  423.472067] part5,1891,3676,2111,956,594,374,235,126,84,48,27,19,11,4,2,2,0,0,0,0,
[  424.470048] part1,215,1437,1583,1223,700,307,153,91,55,28,39,12,12,9,12,13,5,2,3,4,
[  424.478062] part2,4464,7483,3858,1925,973,579,309,169,95,44,22,21,3,3,0,0,1,0,0,1,
[  424.485966] part3,13160,14677,5066,1951,691,287,99,34,21,13,3,1,0,1,0,1,0,0,0,0,
[  424.493715] part4,8304,13807,6114,2657,1070,507,290,133,48,26,18,2,1,0,0,0,0,0,0,0,
[  424.501730] part5,3501,14503,11475,4355,2273,1364,744,315,153,96,57,18,14,12,9,2,6,7,14,1,
[  425.503387] part1,229,1386,1579,1235,715,272,163,95,55,29,35,25,8,6,8,12,3,4,3,2,
[  425.511233] part2,4136,6937,3640,1739,972,557,332,182,78,51,23,16,6,2,0,0,1,0,0,0,
[  425.519137] part3,12817,14824,4992,1840,653,294,117,38,27,12,7,3,1,0,0,1,0,0,0,0,
[  425.526978] part4,8664,14076,6440,2710,1148,457,242,104,55,23,11,3,2,0,0,0,0,0,0,0,
[  425.534988] part5,3494,14600,11633,4332,2362,1370,724,305,166,99,49,24,21,7,9,7,6,4,16,1,
[  426.536778] part1,213,1417,1528,1281,699,302,153,96,45,26,30,22,18,4,9,12,9,2,2,2,
[  426.544709] part2,4324,6997,3571,1820,972,558,306,171,82,41,30,18,2,2,1,2,0,0,0,0,
[  426.552629] part3,12563,14419,4960,1895,674,261,120,30,27,7,6,2,2,0,0,0,0,0,0,1,
[  426.560384] part4,8428,13812,6098,2536,1041,436,239,83,45,17,9,2,2,0,0,0,0,0,0,0,
[  426.568209] part5,3535,14598,11731,4326,2242,1324,740,293,158,86,47,20,17,9,11,5,7,6,13,3,
[  427.570092] part1,241,1448,1586,1206,696,278,162,87,70,23,29,23,21,8,13,11,4,2,2,2,
[  427.578112] part2,4534,7086,3672,1766,991,535,323,169,74,46,34,14,5,4,2,1,1,0,0,0,
[  427.586033] part3,13100,14881,4956,1870,629,268,101,40,32,6,5,6,2,1,0,0,0,0,0,1,
[  427.593776] part4,8511,13939,6183,2545,993,435,222,96,44,25,6,1,0,0,0,0,0,0,0,0,
[  427.601506] part5,3566,14787,11724,4334,2322,1338,695,276,172,93,53,27,14,8,6,8,5,12,12,1,
[  428.603447] part1,1118,3178,2520,1635,1040,417,209,71,49,24,27,8,4,0,1,2,3,0,0,1,
[  428.611293] part2,5130,8145,4435,2069,925,268,136,57,29,10,1,0,3,0,0,0,0,0,0,0,
[  428.618951] part3,5632,7889,1396,566,202,93,42,32,20,12,11,4,7,3,2,0,1,2,2,0,
[  428.626421] part4,2182,3993,1740,690,343,181,115,56,41,22,15,9,6,8,9,6,4,3,1,1,
[  428.634066] part5,1003,2829,1939,909,561,278,202,105,52,32,18,12,11,6,1,2,0,2,0,0,
[  429.219600] (1)-2544	[[HDMI][PWR][WARN]] PWR_STS : FG_HDMI=1, P0/P1/P2/P3(active,fsm,vs_cnt,pol,int) =  P0(0,PS_OFF,0,0,0)/P1(0,PS_OFF,0,0,0)/P2(0,PS_OFF,0,0,0)/P3(1,PS_OFF,23422,1,0)
[  429.636782] part1,1108,3129,2415,1724,1026,410,187,82,44,31,24,7,3,1,1,4,2,0,1,0,
[  429.644641] part2,5120,7921,4408,2130,898,262,126,60,26,17,1,0,1,2,1,0,0,0,0,0,
[  429.652300] part3,5579,7860,1395,554,208,98,52,34,17,9,11,4,4,1,6,1,2,2,0,1,
[  429.659684] part4,2189,3983,1734,719,335,184,86,67,45,23,17,11,9,9,4,2,4,1,4,2,
[  429.667336] part5,1019,2615,1797,907,460,310,175,105,57,25,20,7,3,4,0,1,0,0,1,0,
[  430.670136] part1,1129,3086,2426,1759,1008,408,201,75,35,18,24,8,5,1,3,1,0,0,0,1,
[  430.677998] part2,5157,7926,4414,2121,924,270,123,53,28,7,3,0,2,3,1,0,0,0,0,0,
[  430.685561] part3,5922,8004,1420,610,222,87,45,33,16,15,13,6,2,0,5,0,1,0,2,0,
[  430.693032] part4,2160,3956,1738,700,347,178,87,61,45,29,17,11,8,7,4,3,4,2,4,1,
[  430.700688] part5,994,2584,1796,978,541,316,224,116,75,35,38,12,18,13,7,1,5,1,1,5,
[  431.703485] part1,1145,3196,2410,1696,1039,437,207,71,41,34,29,3,6,3,1,0,1,0,0,1,
[  431.711338] part2,5235,7993,4381,2175,881,289,127,47,23,9,3,1,2,1,0,0,0,0,0,0,
[  431.718899] part3,5955,8061,1401,583,218,92,50,25,23,12,6,8,7,3,0,1,2,0,1,0,
[  431.726285] part4,2327,4027,1722,749,342,207,87,64,37,28,12,10,10,5,5,4,1,4,0,1,
[  431.734032] part5,1088,2864,1987,925,562,300,185,103,47,30,24,11,11,10,2,2,0,0,0,0,
[  432.736829] part1,1125,3076,2470,1747,991,455,195,73,42,32,29,8,2,2,3,3,1,0,0,0,
[  432.744591] part2,5145,7955,4455,2100,913,280,117,59,36,10,2,0,2,1,1,0,0,0,0,0,
[  432.752236] part3,5866,8002,1398,599,228,90,60,23,17,12,11,6,9,3,1,1,2,0,0,2,
[  432.759729] part4,2292,4017,1756,701,317,153,91,66,42,32,16,8,6,5,8,2,3,1,3,1,
[  432.767294] part5,1123,2790,1843,965,554,299,194,106,59,36,20,17,10,12,7,3,5,5,4,3,
[  433.469484] (2)-2546	[[HDMI][AUDIOF]] Audio STS : FSM=5(CHECK), hbr=0/0, sample_cnt= 19233, hbr_sample_cnt=0, fifo_ov=0, type=2(LPCM), ch_mode=0, ch_num=2, acr_freq=48000, wait_acr_cnt=1
[  433.786834] part1,1093,3075,2464,1785,929,449,217,73,43,30,26,10,3,1,2,5,2,0,1,0,
[  433.794684] part2,5062,7850,4384,2132,935,255,111,56,37,9,4,0,2,1,0,0,0,0,0,0,
[  433.802261] part3,5974,8111,1469,617,239,87,48,27,18,15,9,4,4,3,2,2,2,0,1,1,
[  433.809650] part4,2291,4112,1866,677,329,160,101,52,47,28,14,10,5,7,3,3,4,3,2,0,
[  433.817386] part5,1098,2732,1833,965,578,323,170,116,59,42,21,16,9,9,5,8,11,4,9,5,
[  434.820178] part1,1108,3086,2432,1780,979,429,212,68,40,25,14,12,5,0,1,3,2,0,0,0,
[  434.828035] part2,5030,7865,4450,2120,919,271,132,61,24,8,2,1,1,1,0,1,0,0,0,0,
[  434.835596] part3,5704,8086,1441,607,230,101,62,37,24,8,7,5,4,2,3,0,3,0,1,2,
[  434.842984] part4,2174,3981,1827,727,327,177,96,66,59,17,14,8,8,10,6,3,3,4,1,2,
[  434.850641] part5,1131,2867,1841,974,508,316,190,122,51,41,24,24,14,6,7,2,2,3,2,2,
[  435.853548] part1,1118,3090,2456,1723,1010,460,204,67,35,28,21,8,2,2,0,6,3,0,2,0,
[  435.861400] part2,5099,7834,4424,2120,920,290,127,52,33,8,3,2,2,1,1,0,0,0,0,0,
[  435.868960] part3,6062,8026,1442,644,217,74,42,32,24,11,12,4,4,3,3,2,1,1,1,2,
[  435.876435] part4,2374,4174,1863,732,314,179,98,61,43,29,12,7,8,11,6,8,3,0,2,0,
[  435.884100] part5,1107,2819,1899,950,540,316,178,107,54,40,17,10,9,15,9,3,1,4,7,6,
[  436.886875] part1,1072,3019,2435,1715,1008,431,213,78,47,30,22,6,3,3,0,4,2,0,0,2,
[  436.894726] part2,4998,7760,4384,2154,915,271,135,56,26,9,4,0,4,1,0,0,0,0,0,0,
[  436.902278] part3,5805,8084,1443,617,245,91,59,33,16,12,12,2,9,0,3,2,2,0,0,0,
[  436.909760] part4,2185,4050,1844,670,333,182,106,61,46,27,25,7,9,7,3,2,6,1,3,2,
[  436.917418] part5,943,2524,1831,921,490,290,171,91,49,33,24,6,0,2,1,0,1,0,0,1,
[  437.920270] part1,1103,3126,2419,1712,987,453,209,75,45,25,28,6,4,6,1,6,0,1,0,1,
[  437.928028] part2,5164,7864,4356,2119,918,266,140,51,34,7,2,1,3,1,1,1,0,0,0,0,
[  437.935591] part3,5818,8127,1471,648,285,98,52,28,21,14,10,4,2,1,4,2,0,0,0,3,
[  437.943084] part4,2243,4085,1814,710,314,190,106,60,38,24,16,8,9,7,5,6,3,0,1,4,
[  437.950738] part5,1110,2856,1817,969,545,309,196,106,69,37,25,14,13,7,5,3,2,1,0,2,
[  438.953574] part1,1119,3138,2435,1720,978,454,193,63,41,32,28,6,6,1,2,2,1,0,0,0,
[  438.961331] part2,5093,7937,4390,2086,920,268,108,55,38,9,7,0,3,0,0,0,0,0,0,0,
[  438.968903] part3,5922,8087,1420,611,234,89,46,30,16,9,8,5,7,3,1,0,1,0,1,1,
[  438.976206] part4,2300,4092,1826,742,331,180,109,58,43,28,27,3,10,7,4,3,3,1,2,2,
[  438.983945] part5,1064,2734,1884,969,538,313,206,125,53,40,19,12,13,11,7,5,5,4,2,2,
[  439.369663] (0)-2544	[[HDMI][PWR][WARN]] PWR_STS : FG_HDMI=1, P0/P1/P2/P3(active,fsm,vs_cnt,pol,int) =  P0(0,PS_OFF,0,0,0)/P1(0,PS_OFF,0,0,0)/P2(0,PS_OFF,0,0,0)/P3(1,PS_OFF,24020,1,0)
[  440.003617] part1,1102,3144,2494,1703,981,457,206,68,40,27,27,8,3,0,1,5,0,1,1,0,
[  440.011379] part2,5199,7810,4391,2091,901,292,119,57,30,14,2,1,2,0,0,0,1,0,0,0,
[  440.019025] part3,6026,8133,1397,638,208,84,56,29,21,13,11,1,5,2,4,2,1,2,0,0,
[  440.026504] part4,2288,4090,1794,726,331,185,104,55,44,30,20,4,11,4,8,6,3,0,3,3,
[  440.034248] part5,1016,2598,1851,953,522,337,177,83,50,30,23,14,8,4,0,0,0,1,0,1,
[  441.036934] part1,1124,3145,2433,1754,993,441,196,74,40,24,20,13,1,4,1,5,5,0,0,1,
[  441.044787] part2,5114,7917,4374,2121,892,282,118,52,32,14,2,1,2,0,2,0,0,0,0,0,
[  441.052437] part3,5496,8066,1435,595,219,87,43,27,20,16,4,5,3,2,2,2,0,1,1,0,
[  441.059823] part4,2252,4057,1793,697,312,185,91,56,44,28,21,8,12,5,4,4,2,2,1,2,
[  441.067479] part5,1100,2831,1805,945,556,307,198,115,57,37,23,19,17,14,7,3,5,0,0,1,
[  442.070298] part1,17540,27847,14240,6886,3229,1565,577,248,103,54,24,10,6,6,3,0,0,0,0,0,
[  442.078760] part2,28210,32600,14876,7134,3248,1441,687,277,131,47,24,12,4,1,1,0,0,0,0,0,
[  442.087195] part3,35811,37190,15790,6855,2786,1075,472,199,87,45,14,15,4,1,0,0,0,0,0,0,
[  442.095539] part4,31178,36265,16146,7451,3106,1198,553,212,89,57,16,7,4,2,0,0,0,0,0,0,
[  442.103808] part5,17539,27240,14422,6885,3217,1430,659,271,159,60,34,12,7,2,0,2,1,0,0,0,
[  443.103626] part1,18115,27855,14261,6722,3094,1494,605,232,98,38,23,7,5,1,1,1,0,0,0,0,
[  443.111917] part2,31003,33331,14555,7006,3047,1320,589,285,109,57,29,14,7,1,3,1,2,1,0,0,
[  443.120347] part3,39900,37752,15550,6600,2690,1019,407,176,93,48,20,9,5,0,0,0,0,0,0,0,
[  443.128617] part4,35194,36994,16020,7183,2961,1142,480,172,87,42,18,6,3,0,0,0,0,0,0,0,
[  443.136888] part5,19832,28214,14132,6892,3252,1382,608,266,126,78,29,18,10,2,1,0,1,1,0,0,
[  444.136979] part1,18801,28569,14487,6932,3083,1557,644,238,101,49,25,14,5,1,2,0,0,0,0,0,
[  444.145435] part2,31890,34020,14962,7186,3099,1381,576,248,99,39,24,10,3,1,0,0,0,0,0,0,
[  444.153783] part3,39685,38441,15706,6779,2635,1021,414,166,80,50,14,7,2,1,0,0,0,0,0,0,
[  444.162059] part4,35404,37787,16244,7234,3050,1181,508,227,91,34,24,5,5,4,2,0,0,0,0,0,
[  444.170331] part5,20525,28917,14653,6879,3217,1457,656,260,104,51,31,6,4,0,3,1,1,0,0,0,
[  445.170328] part1,20934,29992,14557,7003,3197,1447,608,217,114,46,30,17,5,2,0,0,0,0,0,0,
[  445.178785] part2,35194,34966,14816,6962,2903,1283,527,208,113,40,20,6,6,1,1,2,0,0,0,0,
[  445.187141] part3,44000,39191,15721,6684,2542,1003,374,131,75,33,10,6,5,1,0,0,0,0,0,0,
[  445.195407] part4,39688,39207,16258,7165,2721,1025,431,183,75,35,12,8,3,1,0,0,0,0,0,0,
[  445.203667] part5,23268,30217,14534,6813,3097,1350,587,244,109,44,23,4,4,2,2,0,0,0,0,0,
[  445.509528] (1)-2546	[[HDMI][AUDIOF]] Audio STS : FSM=5(CHECK), hbr=0/0, sample_cnt= 19834, hbr_sample_cnt=0, fifo_ov=0, type=2(LPCM), ch_mode=0, ch_num=2, acr_freq=48000, wait_acr_cnt=1
[  446.203669] part1,18653,28962,14380,7122,3204,1551,586,254,114,40,31,16,8,5,0,1,0,0,0,0,
[  446.212128] part2,31480,33775,14738,7025,2965,1330,568,254,115,37,19,13,4,5,0,1,0,0,0,0,
[  446.220576] part3,40091,38347,15826,6747,2587,1004,404,155,81,44,12,7,3,1,1,0,0,0,0,0,
[  446.228842] part4,36154,37912,16440,7426,2966,1169,437,187,73,35,11,5,2,1,0,0,0,0,0,0,
[  446.237110] part5,21096,29222,14690,7074,3241,1376,584,258,117,41,24,11,5,2,0,2,0,0,0,0,
[  447.237008] part1,19843,29485,14180,6825,2969,1461,548,238,108,34,22,10,13,5,0,0,0,0,0,0,
[  447.245565] part2,34601,35340,14822,6685,2886,1194,578,221,101,45,17,5,4,3,1,0,0,0,0,0,
[  447.253921] part3,43640,39594,15582,6537,2449,934,354,168,63,43,23,6,7,2,0,0,0,0,0,0,
[  447.262099] part4,38849,39037,16281,7065,2800,1100,437,189,77,21,12,9,3,0,0,0,0,0,0,0,
[  447.270358] part5,22311,30032,14446,6711,3053,1367,577,270,98,45,31,10,3,0,0,1,1,1,0,0,
[  448.270364] part1,18820,28562,14304,6949,3171,1478,616,249,98,52,22,11,9,2,1,0,0,0,0,0,
[  448.278741] part2,32080,33910,14991,7040,3133,1316,615,255,105,55,25,14,9,8,3,0,0,0,0,0,
[  448.287182] part3,40389,38244,15706,6766,2614,1017,401,182,94,47,14,8,4,1,0,0,0,0,0,0,
[  448.295440] part4,36131,37874,16301,7260,2894,1136,494,205,89,33,15,8,3,0,0,0,0,0,0,0,
[  448.303698] part5,20360,28931,14649,6969,3215,1368,602,244,94,52,25,15,0,0,0,0,0,0,0,0,
[  449.303756] part1,19155,28291,14606,6894,3181,1468,584,262,99,39,26,16,13,1,1,0,0,0,0,0,
[  449.312220] part2,33225,33735,14943,6904,3113,1331,656,269,113,46,30,11,8,4,0,0,0,0,0,0,
[  449.320656] part3,41889,37936,15785,6591,2520,1031,377,182,97,51,13,11,6,0,0,0,0,0,0,0,
[  449.328999] part4,37276,37433,16350,7182,2898,1115,474,204,70,36,15,7,3,2,0,0,0,0,0,0,
[  449.337261] part5,21622,28840,14554,6750,3278,1408,607,242,110,49,25,6,4,2,0,0,1,0,0,0,
[  449.539551] (1)-2544	[[HDMI][PWR][WARN]] PWR_STS : FG_HDMI=1, P0/P1/P2/P3(active,fsm,vs_cnt,pol,int) =  P0(0,PS_OFF,0,0,0)/P1(0,PS_OFF,0,0,0)/P2(0,PS_OFF,0,0,0)/P3(1,PS_OFF,24584,1,0)
[  450.337045] part1,19831,29251,14663,7058,3105,1498,634,232,100,43,26,11,13,3,0,0,0,0,0,0,
[  450.345591] part2,32850,34499,14953,6991,3014,1327,588,224,99,40,21,5,3,5,0,0,1,0,0,0,
[  450.353856] part3,41103,38676,15711,6793,2561,953,402,165,101,40,13,7,5,4,1,0,0,0,0,0,
[  450.362120] part4,37105,38407,16447,7348,2859,1120,433,188,89,36,20,7,5,0,0,0,0,0,0,0,
[  450.370389] part5,21230,29293,14697,7055,3216,1414,643,261,102,50,26,7,6,1,2,1,0,0,0,0,
[  451.370392] part1,12458,13122,3721,1129,320,69,23,8,4,1,1,0,0,0,0,0,0,0,0,0,
[  451.377794] part2,25871,24988,8052,2601,1039,296,127,55,26,10,7,1,0,0,0,0,0,0,0,0,
[  451.385699] part3,13000,13324,4465,1524,685,312,175,77,51,23,14,4,4,0,1,1,0,0,0,0,
[  451.393630] part4,7043,9333,2208,757,232,113,49,13,20,7,11,4,2,4,0,2,0,0,0,0,
[  451.401101] part5,8789,10439,3204,1148,410,151,63,29,18,10,5,5,2,0,1,0,0,0,0,0,
[  452.403748] part1,11476,12250,3456,1026,293,47,24,11,9,0,0,0,0,0,0,0,0,0,0,0,
[  452.411235] part2,24497,24023,7604,2439,940,273,106,46,20,8,3,6,0,0,0,0,0,0,0,0,
[  452.418988] part3,11756,12489,4037,1466,552,271,108,42,33,14,4,5,3,0,0,0,1,0,0,0,
[  452.426817] part4,6343,8799,2165,774,252,87,39,16,17,12,9,8,2,1,0,0,0,0,0,0,
[  452.434206] part5,8106,9853,3152,1082,398,152,73,47,32,17,10,3,1,2,0,0,0,0,0,0,
[  453.437099] part1,10769,11399,3361,836,241,63,13,4,6,2,0,0,0,0,0,0,0,0,0,0,
[  453.444427] part2,23429,23454,7243,2469,956,294,129,56,19,8,7,4,0,0,1,0,0,0,0,0,
[  453.452177] part3,11481,12153,3946,1469,621,244,108,49,30,17,8,4,0,0,0,0,0,0,0,0,
[  453.460009] part4,6059,8484,2008,738,229,81,35,19,12,12,10,4,2,4,1,1,0,0,0,0,
[  453.467478] part5,7379,9057,3006,1025,425,147,75,42,29,8,13,9,5,1,1,0,1,0,0,0,
[  454.470462] part1,10967,11319,3218,822,214,51,7,6,6,1,0,0,0,0,0,0,0,0,0,0,
[  454.477704] part2,23785,23612,7256,2436,927,323,150,55,23,17,9,2,1,0,0,0,0,0,0,0,
[  454.485535] part3,11674,12373,3914,1529,599,293,131,63,26,17,5,3,3,3,0,0,0,0,0,0,
[  454.493359] part4,6527,8613,1925,727,231,85,42,19,13,3,7,9,0,3,2,0,2,0,0,0,
[  454.500649] part5,7489,9255,2931,1060,426,184,95,46,31,11,10,6,0,0,0,1,0,0,0,0,
[  455.503805] part1,10627,10684,2922,766,186,51,13,5,4,1,0,0,0,0,0,0,0,0,0,0,
[  455.511150] part2,23069,23166,6778,2246,963,280,127,42,15,14,14,8,2,1,0,0,0,0,0,0,
[  455.519066] part3,11964,12655,4037,1413,538,222,99,51,24,8,5,4,2,0,0,0,1,0,0,0,
[  455.526709] part4,6246,8479,1927,687,216,93,58,19,17,8,8,6,2,1,1,1,2,0,0,0,
[  455.534015] part5,7969,9561,3020,1049,375,135,64,31,23,8,3,4,0,0,0,0,0,0,0,0,
[  456.537132] part1,22220,21595,7338,2859,943,343,125,53,24,7,7,1,0,0,0,0,0,0,0,0,
[  456.544902] part2,29707,33471,13335,5198,1842,717,272,97,27,13,5,3,0,1,0,0,0,0,0,0,
[  456.552909] part3,20746,23021,9096,3428,1263,506,198,77,41,11,13,11,10,1,0,0,0,0,0,0,
[  456.561081] part4,28107,32218,13449,5430,1917,720,312,117,38,25,5,2,1,1,1,0,0,0,0,0,
[  456.569169] part5,21713,23741,8619,3559,1281,404,162,41,21,5,5,0,0,0,0,0,0,0,0,0,
[  457.570498] part1,17988,20765,7433,2923,1017,386,144,61,28,9,7,1,0,0,0,0,0,0,0,0,
[  457.578356] part2,25161,33434,13568,5564,1981,726,324,105,42,21,10,7,2,0,0,0,0,0,0,0,
[  457.586526] part3,17455,22667,9207,3478,1268,514,201,97,50,20,17,9,7,4,7,1,5,2,1,0,
[  457.594521] part4,23109,31379,13385,5358,1858,696,267,104,43,12,4,1,0,1,0,0,0,0,0,0,
[  457.602619] part5,17920,23274,8455,3532,1285,462,165,63,21,5,8,0,0,1,0,0,0,0,0,0,
[  457.679529] (3)-2546	[[HDMI][AUDIOF]] Audio STS : FSM=5(CHECK), hbr=0/0, sample_cnt= 20435, hbr_sample_cnt=0, fifo_ov=0, type=2(LPCM), ch_mode=0, ch_num=2, acr_freq=48000, wait_acr_cnt=1
[  458.603848] part1,18221,20637,7153,2851,953,364,118,74,20,13,4,2,0,0,0,0,0,0,0,0,
[  458.611700] part2,25339,33579,13526,5367,1951,710,287,95,45,19,10,5,1,2,0,1,0,0,0,0,
[  458.619782] part3,17319,22881,8761,3274,1197,536,218,72,34,21,13,5,5,1,1,0,1,0,0,0,
[  458.627784] part4,23106,31710,12846,5187,1820,691,274,103,50,19,5,5,0,1,0,0,0,0,0,0,
[  458.635882] part5,18058,23253,8282,3459,1215,440,125,63,17,9,4,0,0,0,0,0,0,0,0,0,
[  459.637191] part1,17833,19909,7017,2795,966,352,134,69,30,12,8,0,0,0,0,0,0,0,0,0,
FF,0,0,0)/P2(0,PS_OFF,0,0,0)/P3(1,PS_OFF,25182,1,0)
[  459.666226] (1)-0000	271,108,38,19,11,5,4,1,0,0,0,0,0,0,
[  459.671981] part3,17460,22660,8745,3324,1230,503,173,57,29,15,7,3,2,0,0,0,0,0,0,0,
[  459.679903] part4,23251,30556,12819,5134,1779,644,271,91,38,14,5,2,1,1,0,0,0,0,0,0,
[  459.687906] part5,15379,19323,6652,2638,1013,363,136,82,42,12,7,3,3,3,0,0,0,0,0,0,
[  460.687233] part1,16072,18711,6522,2550,966,367,126,76,20,8,6,3,0,0,0,0,0,0,0,0,
[  460.695000] part2,22906,31389,12588,5005,1837,658,267,93,42,8,7,6,1,3,0,0,0,0,0,0,
[  460.702927] part3,15869,21661,8512,3303,1252,543,243,122,61,27,25,6,11,6,1,2,0,0,0,0,
[  460.711118] part4,20930,29165,12315,5170,1796,718,288,105,46,16,6,4,2,0,0,0,0,0,0,0,
[  460.719205] part5,14335,18356,6141,2574,1006,327,140,68,43,14,13,5,3,1,1,0,0,0,0,0,
[  461.720549] part1,15936,18667,6599,2594,950,329,128,59,19,7,10,1,0,0,0,0,0,0,0,0,
[  461.728405] part2,22714,31235,12450,5040,1871,655,269,90,47,19,9,8,3,2,0,0,0,0,0,0,
[  461.736407] part3,15436,21544,8612,3153,1136,506,209,66,27,14,10,1,1,1,0,0,0,0,0,0,
[  461.744401] part4,20240,28681,12028,5015,1744,709,276,97,34,13,4,3,3,1,0,0,0,0,0,0,
[  461.752404] part5,13948,18419,6300,2503,981,371,164,91,27,13,7,7,2,1,1,0,0,0,0,0,
[  462.753873] part1,15328,17618,6185,2405,910,344,134,68,18,8,9,1,0,0,0,0,0,0,0,0,
[  462.761635] part2,21857,30032,12096,4854,1803,653,229,84,30,18,9,5,2,2,0,0,0,0,1,0,
[  462.769634] part3,16012,21739,8503,3163,1111,488,196,81,46,25,10,15,12,3,4,8,5,1,0,0,
[  462.777805] part4,19958,28215,11715,4775,1707,643,235,99,38,16,5,2,3,0,0,0,0,0,0,0,
[  462.785811] part5,13125,17483,6019,2423,962,383,139,78,24,5,9,3,1,2,0,0,0,0,0,0,
[  463.787231] part1,1332,2134,1063,484,217,104,67,39,22,16,13,19,18,6,5,3,1,1,0,2,
[  463.794987] part2,3298,4097,1635,731,345,183,96,40,42,22,17,11,10,3,1,1,0,1,0,0,
[  463.802717] part3,12498,14580,5614,2229,912,365,205,108,53,32,10,6,6,5,3,2,5,1,1,0,
[  463.810726] part4,4092,5068,1941,846,351,197,97,47,39,23,8,6,5,0,0,0,0,0,0,0,
[  463.818222] part5,2030,2837,1468,479,244,92,49,24,17,2,9,2,0,1,1,1,0,0,0,0,
[  464.820580] part1,1357,2285,1018,481,230,119,71,27,23,16,14,16,4,6,4,5,2,0,0,1,
[  464.828245] part2,3107,3893,1553,705,344,183,88,45,39,29,18,9,9,1,2,2,1,0,0,0,
[  464.835801] part3,12334,14279,5431,2238,884,357,219,104,60,23,17,8,5,1,0,0,0,0,0,0,
[  464.843813] part4,3866,4828,1813,806,391,178,110,57,34,19,12,2,6,1,0,0,0,0,0,0,
[  464.851463] part5,1847,2707,1418,541,219,83,54,22,16,8,3,1,0,1,0,1,1,0,0,0,
[  465.853940] part1,1218,2076,978,449,202,118,70,25,20,18,19,13,13,7,6,2,3,1,1,1,
[  465.861612] part2,2976,3720,1566,670,335,180,108,42,34,28,21,9,9,2,3,0,1,0,0,0,
[  465.869276] part3,12177,14323,5513,2300,868,366,207,103,67,45,19,10,9,3,0,0,2,0,0,1,
[  465.877372] part4,3720,4674,1826,811,401,199,86,51,44,26,11,9,5,3,1,0,0,1,0,0,
[  465.884932] part5,1654,2381,1247,474,239,106,64,34,18,16,5,8,3,1,1,0,0,0,0,0,
[  466.887277] part1,1155,2059,960,463,218,111,70,29,23,16,19,11,20,7,1,3,3,2,0,4,
[  466.894953] part2,2856,3697,1508,646,326,160,86,42,43,28,25,11,8,2,2,0,0,0,0,0,
[  466.902618] part3,11965,14198,5456,2241,934,395,218,108,54,32,18,9,2,0,2,4,2,0,0,0,
[  466.910620] part4,3831,4692,1823,789,370,187,76,44,36,24,14,7,2,1,0,1,0,0,0,0,
[  466.918177] part5,1595,2303,1199,467,230,91,60,37,18,16,4,3,2,1,0,2,0,0,0,0,
[  467.920621] part1,1118,2029,913,393,209,93,63,28,18,16,20,10,14,7,7,5,4,3,1,1,
[  467.928211] part2,2947,3625,1447,631,275,160,82,52,35,30,22,12,6,5,2,0,0,0,0,0,
[  467.935867] part3,11774,13970,5360,2245,869,422,202,114,49,24,25,16,5,11,3,0,0,0,0,0,
[  467.944040] part4,3631,4593,1737,766,343,188,58,58,23,24,19,11,5,2,0,0,0,0,0,0,
[  467.951686] part5,1535,2052,916,375,157,88,53,21,15,9,15,4,7,3,1,1,5,3,0,1,
[  468.953963] part1,0,0,0,0,0,0,0,0,0,0,0,0,0,0,0,0,0,0,0,0,
[  468.959796] part2,0,0,0,0,0,0,0,0,0,0,0,0,0,0,0,0,0,0,0,0,
[  468.965605] part3,0,0,0,0,0,0,0,0,0,0,0,0,0,0,0,0,0,0,0,0,
[  468.971431] part4,0,0,0,0,0,0,0,0,0,0,0,0,0,0,0,0,0,0,0,0,
[  468.977235] part5,0,0,0,0,0,0,0,0,0,0,0,0,0,0,0,0,0,0,0,0,
[  468.982870] (2)-0000	

[END] 12/6/2019 3:13:59 PM
