[BEGIN] 12/6/2019 4:04:32 PM
[ 2191.242010] part1,4391,3325,1881,2043,1042,465,254,121,87,52,33,8,6,4,1,2,1,0,0,0,
[ 2191.249946] part2,2306,1128,761,983,373,185,85,63,34,7,0,3,2,3,3,1,0,0,0,0,
[ 2191.257240] part3,2293,1917,967,816,386,155,77,40,21,8,5,1,0,0,0,0,0,0,0,0,
[ 2191.264555] part4,802,658,683,918,526,146,43,18,10,3,0,0,0,0,0,0,0,0,0,0,
[ 2191.271678] part5,299,685,957,1296,821,389,186,80,35,15,14,1,1,0,0,0,0,0,0,0,
[ 2192.275362] part1,4792,6683,3161,1585,682,465,168,77,59,32,15,3,3,2,1,0,0,0,0,0,
[ 2192.283125] part2,2546,3400,1566,767,338,151,75,45,22,9,3,2,4,1,3,1,0,0,0,0,
[ 2192.290523] part3,2350,3406,1399,577,260,103,52,23,9,5,2,3,1,0,0,0,0,0,0,0,
[ 2192.297838] part4,1023,2014,1454,622,214,68,29,9,0,1,1,0,0,0,0,0,0,0,0,0,
[ 2192.304961] part5,428,1761,2022,843,425,210,107,49,30,11,3,4,0,0,0,0,0,0,0,0,
[ 2193.308691] part1,4699,6570,3213,1603,686,457,174,69,54,36,17,3,4,1,1,0,0,0,0,0,
[ 2193.316450] part2,2534,3412,1546,762,345,139,105,39,26,5,5,2,1,1,4,2,0,0,0,0,
[ 2193.323936] part3,2238,3319,1537,665,277,123,64,23,8,7,2,0,1,0,0,0,0,0,0,0,
[ 2193.331237] part4,1115,2181,1551,723,279,71,29,11,7,1,0,0,0,0,0,0,0,0,0,0,
[ 2193.338443] part5,399,1721,2124,913,426,209,108,49,19,11,4,0,1,0,0,0,0,0,0,0,
[ 2194.342048] part1,4633,6557,3193,1626,700,490,154,75,53,36,14,2,2,1,1,0,1,0,0,0,
[ 2194.349811] part2,2511,3464,1587,758,336,155,84,51,30,6,2,2,0,4,5,0,0,0,0,0,
[ 2194.357208] part3,2410,3595,1570,731,335,160,90,30,15,8,3,2,0,0,0,1,0,0,0,0,
[ 2194.364602] part4,1032,2113,1615,733,259,95,43,25,14,2,2,1,0,0,0,1,0,0,0,0,
[ 2194.371895] part5,391,1654,1859,830,366,184,101,34,20,8,2,4,2,1,0,0,0,0,0,0,
[ 2195.375388] part1,4880,6588,3248,1568,683,463,154,67,59,41,12,6,0,2,2,0,0,0,0,0,
[ 2195.383161] part2,2553,3436,1598,798,358,167,70,59,28,3,6,5,5,0,1,2,0,0,0,0,
[ 2195.390554] part3,2199,3490,1530,721,300,164,75,34,17,3,2,1,1,0,0,0,0,0,0,0,
[ 2195.397941] part4,1003,2107,1646,785,303,119,50,15,5,1,0,0,0,0,0,0,0,0,0,0,
[ 2195.405248] part5,326,1512,1909,831,366,185,81,35,11,6,0,2,1,0,0,0,0,0,0,0,
[ 2196.408722] part1,63,545,1342,723,413,372,309,616,527,63,26,23,8,2,1,0,0,0,0,0,
[ 2196.416408] part2,110,1060,948,299,292,420,484,495,427,148,83,51,35,11,11,8,10,10,4,3,
[ 2196.424677] part3,6,38,62,79,92,83,90,45,48,41,31,18,11,6,13,11,6,4,4,10,
[ 2196.431799] part4,6,26,43,41,79,116,151,104,52,32,17,10,6,0,1,0,0,0,0,0,
[ 2196.438852] part5,14,409,552,348,116,62,63,49,45,18,9,11,4,1,0,0,0,0,0,0,
[ 2197.442109] part1,953,3285,4334,1957,1038,542,199,76,33,18,20,2,1,1,2,1,0,0,0,0,
[ 2197.449875] part2,9005,14173,3984,1262,501,166,114,96,69,33,30,14,9,7,2,2,2,0,0,0,
[ 2197.457793] part3,577,1844,1213,460,186,100,108,83,96,58,41,11,15,11,10,7,9,8,6,3,
[ 2197.465711] part4,1310,2804,1189,498,269,135,95,49,28,17,13,0,2,1,0,0,0,0,0,0,
[ 2197.473291] part5,1313,3052,1686,841,336,170,107,48,9,4,2,0,1,0,0,0,0,0,0,0,
[ 2198.360640] (2)-2539	[[HDMI][PWR][WARN]] PWR_STS : FG_HDMI=1, P0/P1/P2/P3(active,fsm,vs_cnt,pol,int) =  P0(0,PS_OFF,0,0,0)/P1(0,PS_OFF,0,0,0)/P2(0,PS_OFF,0,0,0)/P3(1,PS_OFF,64980,1,0)
[ 2198.475415] part1,296,1389,1991,1169,901,484,462,334,311,51,16,5,1,0,1,0,0,0,0,0,
[ 2198.483271] part2,162,195,196,114,60,23,20,11,29,29,30,24,21,9,4,3,0,0,0,0,
[ 2198.490563] part3,52,242,185,118,75,31,29,10,14,6,5,4,1,0,0,0,0,0,0,0,
[ 2198.497446] part4,272,737,614,376,171,72,30,20,14,5,3,1,1,0,0,0,0,0,0,0,
[ 2198.504483] part5,92,775,871,623,288,156,80,45,18,3,3,9,2,1,0,0,0,0,0,0,
[ 2199.508755] part1,59,661,1960,1555,762,464,235,142,109,55,39,11,9,3,2,0,0,0,0,0,
[ 2199.516520] part2,3,74,168,281,277,163,130,74,61,33,11,2,1,1,1,2,0,0,0,0,
[ 2199.523648] part3,265,644,537,427,437,267,129,68,33,19,7,8,3,0,0,0,0,0,0,0,
[ 2199.530959] part4,120,361,458,505,530,415,246,125,81,33,14,5,2,0,0,0,0,0,0,0,
[ 2199.538426] part5,62,554,846,592,495,431,265,101,53,18,5,1,0,0,0,0,0,0,0,0,
[ 2200.542122] part1,47,472,1399,748,532,370,178,102,115,66,54,25,14,3,4,2,2,0,0,0,
[ 2200.549883] part2,30,30,31,20,22,15,33,51,136,90,58,18,9,4,1,1,0,0,0,0,
[ 2200.556847] part3,45,188,203,181,240,184,204,142,123,48,17,2,2,1,1,1,1,0,0,0,
[ 2200.564326] part4,111,231,256,204,188,122,116,45,38,39,19,3,2,0,1,0,0,0,0,0,
[ 2200.571712] part5,13,395,590,404,190,127,81,53,39,20,7,2,0,1,1,0,0,0,0,0,
[ 2201.575457] part1,60,583,1485,843,485,330,157,75,35,19,4,1,3,4,0,0,0,0,0,0,
[ 2201.582775] part2,368,1362,640,250,145,89,68,49,38,14,10,5,2,1,0,0,0,0,0,0,
[ 2201.590088] part3,338,1139,453,215,142,41,32,12,13,3,3,0,1,0,0,0,0,0,0,0,
[ 2201.597217] part4,293,1548,951,462,273,118,62,32,15,8,1,0,0,0,0,0,0,0,0,0,
[ 2201.604427] part5,109,1015,1388,721,335,153,72,56,22,14,8,1,2,1,0,0,0,0,0,0,
[ 2202.059563] (0)-2541	[[HDMI][AUDIOF]] Audio STS : FSM=5(CHECK), hbr=0/0, sample_cnt= 55293, hbr_sample_cnt=0, fifo_ov=0, type=2(LPCM), ch_mode=0, ch_num=2, acr_freq=48000, wait_acr_cnt=1
[ 2202.608810] part1,48,500,1189,714,365,280,115,53,34,18,13,4,1,0,2,0,0,0,0,0,
[ 2202.616223] part2,0,0,2,6,5,3,3,2,2,0,0,1,0,0,0,0,0,0,0,0,
[ 2202.622047] part3,9,61,101,53,52,36,21,7,10,7,6,4,5,3,0,0,0,0,0,0,
[ 2202.628552] part4,0,0,4,5,4,0,2,2,0,0,0,0,0,0,0,0,0,0,0,0,
[ 2202.634368] part5,4,359,535,272,89,38,7,0,1,0,1,0,0,0,0,0,0,0,0,0,
[ 2203.642142] part1,47,515,1377,678,388,287,131,82,84,71,49,30,23,10,5,2,1,0,0,0,
[ 2203.649824] part2,4,18,45,59,51,73,134,95,93,82,60,26,14,7,2,7,3,0,0,0,
[ 2203.656784] part3,19,83,109,104,94,143,149,82,60,23,23,7,7,0,0,0,0,0,0,0,
[ 2203.663908] part4,48,220,323,319,414,367,341,146,103,43,28,18,10,3,5,0,0,0,0,0,
[ 2203.671571] part5,5,328,505,376,364,366,328,99,21,5,1,1,1,1,0,0,0,0,0,0,
[ 2204.675490] part1,49,506,1329,698,306,265,90,47,46,20,5,1,8,2,3,2,0,2,4,1,
[ 2204.682742] part2,5,12,22,10,13,
[ 2204.685888] (0)-0000	9,14,13,24,13,33,23,18,5,2,0,0,0,0,0,
[ 2204.691815] part3,29,133,206,232,189,167,162,136,158,100,27,9,10,6,1,0,0,0,0,0,
[ 2204.699466] part4,42,183,125,144,89,63,69,149,168,45,5,3,1,0,0,1,1,0,0,0,
[ 2204.706589] part5,14,374,467,330,303,303,389,232,122,33,32,8,4,1,0,1,1,0,0,0,
[ 2205.708837] part1,49,435,1301,724,358,250,65,19,20,7,4,1,1,1,0,1,0,0,0,0,
[ 2205.715992] part2,0,0,0,0,0,0,0,0,0,0,0,0,0,0,0,0,0,0,0,0,
[ 2205.721794] part3,0,0,0,0,0,0,0,0,0,0,0,0,0,0,0,0,0,0,0,0,
[ 2205.727620] part4,3,5,5,6,5,3,2,1,0,0,0,0,0,0,0,0,0,0,0,0,
[ 2205.733416] part5,4,327,520,310,121,63,20,10,4,1,1,0,0,0,0,0,0,0,0,0,
[ 2206.742192] part1,49,470,1348,676,378,254,96,43,63,21,30,39,118,34,34,21,20,2,0,0,
[ 2206.750132] part2,15,59,255,346,201,28,16,15,135,90,49,50,51,12,12,0,4,0,0,0,
[ 2206.757604] part3,19,102,257,270,168,77,68,42,43,75,69,20,13,17,1,4,0,0,0,0,
[ 2206.764997] part4,11,34,40,40,34,23,15,9,15,6,25,19,33,9,21,5,0,0,0,0,
[ 2206.771869] part5,7,355,549,288,97,66,33,33,13,22,17,1,2,0,0,0,0,0,0,0,
[ 2207.775517] part1,1604,5941,3891,2481,1663,762,304,118,84,39,23,24,13,2,4,0,0,1,0,0,
[ 2207.783639] part2,670,2063,1430,680,302,132,88,67,55,51,31,14,9,7,3,4,5,3,5,3,
[ 2207.791201] part3,1764,2156,764,355,203,102,51,22,12,5,2,0,1,0,0,0,0,0,0,0,
[ 2207.798518] part4,1465,1719,589,179,152,42,23,13,2,2,4,0,0,0,0,0,0,0,0,0,
[ 2207.805647] part5,1022,2012,1327,624,219,103,44,17,14,1,2,2,0,0,1,0,0,0,0,0,
[ 2208.808937] part1,1629,5941,3922,2412,1706,775,317,100,84,32,23,12,11,2,3,2,1,0,0,0,
[ 2208.817048] part2,555,1848,1446,684,326,150,109,50,65,54,31,14,8,6,10,1,1,4,6,9,
[ 2208.824780] part3,1347,1898,890,411,207,133,68,22,13,4,0,0,1,0,0,0,0,0,0,0,
[ 2208.832094] part4,1127,1505,609,178,163,54,27,11,3,1,1,0,0,0,0,0,0,0,0,0,
[ 2208.839215] part5,748,1810,1197,574,226,104,58,17,10,2,0,0,0,0,0,0,0,0,0,0,
[ 2208.949607] (2)-2539	[[HDMI][PWR][WARN]] PWR_STS : FG_HDMI=1, P0/P1/P2/P3(active,fsm,vs_cnt,pol,int) =  P0(0,PS_OFF,0,0,0)/P1(0,PS_OFF,0,0,0)/P2(0,PS_OFF,0,0,0)/P3(1,PS_OFF,65560,1,0)
[ 2209.842208] part1,5154,7201,4562,1865,726,450,161,70,45,28,21,11,3,3,2,1,0,0,0,0,
[ 2209.850051] part2,1953,3558,2090,1211,674,355,174,76,39,14,6,2,1,1,2,1,0,0,0,0,
[ 2209.857707] part3,615,1380,1259,785,517,279,207,116,55,37,25,15,9,6,1,0,0,0,0,0,
[ 2209.865445] part4,847,1923,1020,451,268,125,68,36,17,3,2,3,0,0,0,0,0,0,0,0,
[ 2209.872735] part5,406,1717,1896,1013,517,220,79,30,10,5,0,2,2,1,1,0,0,0,0,0,
[ 2210.875552] part1,337,3736,9208,4301,1592,889,453,240,128,77,46,24,26,12,3,2,0,1,0,0,
[ 2210.883753] part2,176,891,2953,1613,804,461,264,141,63,39,34,11,15,9,4,1,0,0,0,0,
[ 2210.891590] part3,51,318,571,578,398,214,142,68,57,18,19,8,5,1,1,0,0,0,0,0,
[ 2210.898891] part4,55,227,527,473,332,205,161,98,65,26,30,12,11,7,3,0,0,0,0,0,
[ 2210.906356] part5,27,537,931,571,257,98,34,8,5,2,0,0,0,0,0,0,0,0,0,0,
[ 2211.908896] part1,46,461,1368,669,287,250,65,29,30,10,11,8,29,12,21,13,16,7,9,2,
[ 2211.916668] part2,0,0,4,10,23,18,15,12,16,8,18,21,11,3,1,1,0,0,0,0,
[ 2211.923272] part3,2,19,15,16,16,36,44,22,26,16,33,18,13,4,3,0,0,0,0,0,
[ 2211.930129] part4,3,4,13,5,1,0,0,3,0,4,4,3,2,0,0,0,0,0,0,0,
[ 2211.936041] part5,8,352,483,302,128,68,32,23,4,1,1,1,1,2,1,0,0,0,0,0,
[ 2212.942242] part1,295,936,1894,1337,794,536,233,119,104,54,24,9,10,5,2,0,0,0,0,0,
[ 2212.950097] part2,305,1189,1090,605,463,227,116,50,22,15,20,3,0,1,0,0,0,0,0,0,
[ 2212.957660] part3,172,331,559,780,540,208,145,69,57,33,23,7,4,1,0,3,2,1,1,0,
[ 2212.965044] part4,448,793,1086,836,604,274,179,99,70,30,20,7,4,0,0,0,0,0,0,0,
[ 2212.972520] part5,537,1784,1352,636,285,160,77,29,8,3,7,0,0,0,0,0,0,0,0,0,
[ 2213.975590] part1,52,471,1380,635,303,232,81,42,27,18,5,0,8,5,11,5,9,2,0,0,
[ 2213.982921] part2,0,0,2,9,7,2,2,0,0,0,0,0,2,1,2,1,1,0,0,0,
[ 2213.988722] part3,0,0,0,0,1,1,1,0,0,1,4,2,11,7,13,10,22,7,13,4,
[ 2213.995029] part4,0,0,0,0,0,0,1,0,0,0,0,0,0,0,0,0,0,0,0,0,
[ 2214.000833] part5,7,367,485,299,124,66,24,20,8,3,2,1,0,1,0,0,1,1,0,0,
[ 2214.489540] (2)-2541	[[HDMI][AUDIOF]] Audio STS : FSM=5(CHECK), hbr=0/0, sample_cnt= 55894, hbr_sample_cnt=0, fifo_ov=0, type=2(LPCM), ch_mode=0, ch_num=2, acr_freq=48000, wait_acr_cnt=1
[ 2214.576449] $$$   hi_02_PhTable_AutoGen   $$$
[ 2215.008941] (3)-0000	part1,118,666,1419,939,601,384,112,32,21,5,2,0,0,0,0,0,0,0,0,0,
[ 2215.017057] part2,395,1265,944,756,366,120,57,33,13,4,1,1,0,0,0,0,0,0,0,0,
[ 2215.024260] part3,357,1619,1661,1359,880,544,268,102,47,17,10,4,1,2,0,0,0,0,0,0,
[ 2215.032000] part4,728,2720,1251,416,187,73,24,14,4,1,0,0,0,0,0,0,0,0,0,0,
[ 2215.039136] part5,189,1267,1173,611,293,120,48,19,10,1,4,3,1,0,0,0,0,0,0,0,
part1,0,0,0,0,0,0,0,0,1,1,25,13,19,6,3,0,0,0,0,0,
[ 2216.047071] part2,0,6,47,73,48,33,57,68,100,83,87,60,46,14,21,8,9,0,4,0,
[ 2216.054114] part3,629,918,430,299,169,93,132,158,336,261,243,68,39,13,14,3,2,3,1,0,
[ 2216.062127] part4,39,43,50,59,101,140,331,389,385,185,176,55,47,12,8,2,2,0,0,0,
[ 2216.069770] part5,9,274,452,269,146,218,368,278,244,114,86,25,22,6,7,2,1,0,0,0,
[ 2217.075618] part1,2,12,2,9,44,74,181,157,131,51,45,26,12,9,3,4,4,3,1,0,
[ 2217.082590] part2,3,88,147,131,194,208,197,116,112,47,54,35,18,4,3,1,0,0,0,0,
[ 2217.090072] part3,230,353,248,268,473,561,475,271,194,87,78,21,37,18,18,7,2,0,1,0,
[ 2217.098000] part4,5,41,176,433,706,524,423,211,178,74,58,24,27,11,4,6,1,0,0,0,
[ 2217.105566] part5,19,450,895,946,919,615,367,219,179,90,51,17,24,8,2,2,2,0,0,0,
[ 2218.108954] part1,0,0,0,0,0,0,0,0,0,0,0,0,0,0,0,0,0,0,0,0,
[ 2218.114788] part2,0,0,0,0,0,0,0,0,0,0,0,0,0,0,0,0,0,0,0,0,
[ 2218.120606] part3,0,0,0,0,0,0,0,0,0,0,0,0,0,0,0,0,0,0,0,0,
[ 2218.126421] part4,0,0,0,0,0,0,0,0,0,0,
[ 2218.130170] (2)-0000	0,0,0,0,0,0,0,0,0,0,
[ 2218.134547] part5,0,0,0,0,0,0,0,0,0,0,0,0,0,0,0,0,0,0,0,0,

[END] 12/6/2019 4:05:13 PM
