[BEGIN] 12/6/2019 3:41:23 PM
[  798.393567] part1,3,1,3,10,37,43,98,34,36,3,11,0,0,0,0,0,0,0,0,0,
[  798.400011] part2,9,30,365,495,705,266,348,120,140,25,41,6,15,2,1,1,2,0,0,0,
[  798.407405] part3,23,90,842,872,1044,428,487,214,273,70,79,16,15,0,1,0,0,0,0,0,
[  798.415060] part4,8,23,164,338,779,410,668,208,318,88,141,25,58,5,21,0,4,0,0,1,
[  798.422711] part5,0,2,3,3,27,17,89,13,46,11,16,4,1,1,0,0,0,0,0,0,
[  799.426905] part1,0,0,9,7,58,46,104,32,58,7,14,2,1,0,0,0,0,0,0,0,
[  799.433352] part2,5,25,355,515,648,279,352,95,117,34,41,13,19,1,3,0,0,0,0,0,
[  799.440747] part3,14,68,786,854,995,433,509,202,290,67,78,18,13,1,3,0,1,0,0,0,
[  799.448317] part4,8,16,160,311,764,369,636,178,334,64,165,15,57,4,17,1,4,0,1,0,
[  799.455965] part5,2,0,2,3,18,14,89,10,64,11,25,4,2,1,0,0,0,0,0,0,
[  800.460262] part1,3,1,7,7,69,37,87,22,43,7,14,0,0,0,0,0,0,0,0,0,
[  800.466625] part2,12,17,336,531,633,306,339,102,127,30,41,8,17,0,1,1,0,0,0,0,
[  800.474110] part3,16,73,741,870,981,427,518,182,277,68,90,11,17,3,2,0,0,0,0,0,
[  800.481667] part4,3,21,160,263,694,382,629,180,319,75,155,25,59,4,17,1,4,1,1,0,
[  800.489309] part5,1,0,2,3,28,5,94,11,61,11,21,1,2,0,0,0,0,0,0,0,
[  801.493609] part1,3,1,4,16,57,35,78,32,42,6,10,0,0,0,0,0,0,0,0,0,
[  801.500066] part2,3,13,343,453,633,291,350,108,133,30,36,9,8,1,1,1,0,0,0,0,
[  801.507365] part3,24,79,763,818,970,425,469,182,273,75,82,17,18,4,3,0,0,0,0,0,
[  801.514928] part4,13,18,160,264,673,364,614,192,315,70,157,30,52,3,16,2,1,0,0,0,
[  801.522655] part5,0,0,0,2,20,13,82,11,40,6,17,2,0,0,0,0,0,0,0,0,
[  802.509519] (0)-2541	[[HDMI][AUDIOF]] Audio STS : FSM=5(CHECK), hbr=0/0, sample_cnt= 37864, hbr_sample_cnt=0, fifo_ov=0, type=2(LPCM), ch_mode=0, ch_num=2, acr_freq=48000, wait_acr_cnt=1
[  802.543638] part1,3,1,7,10,53,33,72,20,41,4,10,0,0,0,0,0,0,0,0,0,
[  802.550074] part2,14,22,333,514,621,302,347,106,127,24,32,8,20,3,2,0,1,0,0,0,
[  802.557552] part3,20,81,772,837,982,398,479,219,284,68,80,21,17,0,1,1,0,0,0,0,
[  802.565128] part4,3,10,174,242,692,365,613,156,345,80,142,18,51,3,16,1,7,0,0,0,
[  802.572778] part5,2,0,2,2,17,12,92,6,53,4,19,1,2,0,0,0,0,0,0,0,
[  803.549623] (2)-2539	[[HDMI][PWR][WARN]] PWR_STS : FG_HDMI=1, P0/P1/P2/P3(active,fsm,vs_cnt,pol,int) =  P0(0,PS_OFF,0,0,0)/P1(0,PS_OFF,0,0,0)/P2(0,PS_OFF,0,0,0)/P3(1,PS_OFF,44648,1,0)
[  803.576956] part1,0,0,0,0,0,0,0,0,1,0,3,2,9,1,4,0,0,1,0,0,
[  803.582785] part2,2,0,0,0,6,3,17,11,28,14,27,6,20,2,3,3,0,0,1,1,
[  803.589134] part3,2,1,15,10,35,30,103,38,122,19,112,19,37,5,17,0,2,1,1,0,
[  803.596262] part4,2,0,6,3,32,19,89,40,136,27,103,14,30,0,10,0,0,0,0,0,
[  803.603120] part5,2,0,0,0,38,16,103,43,295,45,179,13,24,1,3,0,0,0,0,0,
[  804.610293] part1,0,0,0,1,1,0,0,1,8,1,19,2,18,0,6,0,3,0,0,0,
[  804.616302] part2,0,0,0,0,0,1,5,1,13,2,35,9,50,3,25,1,1,0,0,3,
[  804.622474] part3,3,1,16,5,33,20,90,21,121,20,67,3,27,1,2,0,0,0,0,0,
[  804.629158] part4,2,0,2,1,45,28,120,18,146,18,126,8,38,0,8,0,0,0,0,0,
[  804.635935] part5,1,0,1,2,33,12,134,25,322,31,187,7,30,1,5,1,0,0,0,0,
[  805.643669] part1,0,0,0,0,0,0,0,1,5,0,5,5,9,1,0,0,1,0,0,0,
[  805.649519] part2,0,1,1,3,4,3,8,2,18,7,17,3,12,3,11,2,1,0,5,2,
[  805.655739] part3,7,4,15,7,54,39,102,22,120,20,84,15,37,4,6,2,1,0,0,0,
[  805.662641] part4,3,0,5,4,57,18,117,21,166,25,117,6,37,2,7,0,0,0,0,0,
[  805.669465] part5,2,0,0,1,29,19,119,29,332,21,168,6,42,2,8,0,0,0,0,0,
[  806.676988] part1,0,0,0,0,1,0,0,0,1,0,1,0,2,0,0,0,0,0,0,0,
[  806.682835] part2,5,0,0,0,4,4,15,5,18,8,11,2,4,1,7,0,2,0,0,0,
[  806.688909] part3,2,0,8,3,32,25,93,17,93,3,77,12,36,2,6,0,0,0,0,0,
[  806.695428] part4,0,0,4,3,43,22,121,37,179,12,119,8,38,1,8,0,2,0,0,0,
[  806.702213] part5,0,1,0,2,25,18,118,28,316,23,180,6,36,1,3,0,0,0,0,0,
[  807.710319] part1,0,0,0,0,1,0,0,0,0,0,1,0,4,0,0,0,0,0,0,0,
[  807.716166] part2,0,0,2,2,9,8,36,11,50,7,60,7,48,4,35,1,9,0,4,1,
[  807.722498] part3,1,0,15,6,43,28,91,17,115,12,87,6,39,0,12,2,6,0,0,0,
[  807.729279] part4,0,0,6,3,43,21,120,32,179,18,117,1,39,2,10,0,0,0,0,0,
[  807.736154] part5,0,1,0,1,22,20,120,25,329,31,177,4,29,0,4,0,1,0,0,0,
[  808.743676] part1,0,0,0,0,0,0,0,0,0,0,0,0,0,0,0,0,0,0,0,0,
[  808.749514] part2,7,0,0,0,0,0,0,0,0,0,38,4,113,8,158,2,83,2,5,0,
[  808.755843] part3,17,1,0,0,3,0,5,1,1,0,11,2,36,6,41,4,10,1,6,0,
[  808.762114] part4,8,0,0,0,0,0,0,0,0,0,0,0,0,0,0,0,0,0,0,0,
[  808.767913] part5,1,0,0,0,0,0,0,0,0,0,0,0,0,0,0,0,0,0,0,0,
[  809.760346] part1,0,0,0,0,0,0,0,0,0,0,0,0,0,0,0,0,0,0,0,0,
[  809.766193] part2,7,1,0,0,0,0,0,0,0,0,6,1,65,0,127,1,61,1,11,0,
[  809.772445] part3,9,0,3,2,14,22,34,22,36,12,57,10,43,3,35,2,39,2,16,1,
[  809.779309] part4,4,0,0,0,0,0,0,0,2,0,0,0,0,0,0,0,0,0,0,0,
[  809.785128] part5,0,0,0,0,0,0,0,0,0,0,0,0,0,0,0,0,0,0,0,0,
[  810.777046] part1,0,0,0,0,0,0,0,0,0,0,0,0,0,0,0,0,0,0,0,0,
[  810.782879] part2,0,0,0,0,0,0,0,0,5,1,8,0,27,0,13,0,8,0,0,0,
[  810.788878] part3,8,0,2,1,1,0,0,0,2,0,7,1,17,4,52,2,53,5,56,26,
[  810.795120] part4,2,0,0,0,0,0,2,1,13,0,7,0,1,0,0,0,0,0,0,0,
[  810.801023] part5,0,0,0,0,0,0,0,0,0,0,0,0,0,0,4,0,16,0,43,25,
[  811.793698] part1,3,1,0,0,0,0,0,0,0,0,0,0,0,0,0,0,0,0,0,0,
[  811.799546] part2,2,0,0,0,0,0,0,0,0,1,10,1,42,4,41,4,41,3,15,1,
[  811.805801] part3,0,0,0,0,0,0,0,0,2,3,17,0,49,7,87,4,143,3,128,63,
[  811.812329] part4,1,0,0,0,0,0,0,0,0,0,0,0,0,0,0,0,0,0,0,0,
[  811.818132] part5,1,0,0,0,0,0,0,0,0,0,0,0,0,0,0,0,0,0,0,0,
[  812.810387] part1,0,0,0,0,0,0,0,0,0,0,0,0,0,0,0,0,0,0,0,0,
[  812.816242] part2,0,0,0,0,0,0,0,0,0,0,0,0,0,0,0,0,0,0,0,0,
[  812.822049] part3,2,0,0,0,0,0,0,0,6,1,28,5,77,3,107,6,41,0,9,0,
[  812.828302] part4,3,0,0,1,1,0,6,1,33,12,103,12,94,8,32,1,20,0,4,0,
[  812.834824] part5,1,0,0,0,0,0,0,0,0,0,0,0,0,0,0,0,0,0,0,0,
[  813.679602] (1)-2539	[[HDMI][PWR][WARN]] PWR_STS : FG_HDMI=1, P0/P1/P2/P3(active,fsm,vs_cnt,pol,int) =  P0(0,PS_OFF,0,0,0)/P1(0,PS_OFF,0,0,0)/P2(0,PS_OFF,0,0,0)/P3(1,PS_OFF,45230,1,0)
[  813.827062] part1,0,0,0,0,0,0,0,0,0,0,0,0,0,0,0,0,0,0,0,0,
[  813.832891] part2,0,0,0,0,0,0,0,0,0,0,0,0,0,0,0,0,0,0,0,0,
[  813.838715] part3,4,0,1,0,0,0,1,1,11,2,82,6,162,11,139,6,64,7,36,8,
[  813.845311] part4,2,0,0,0,0,0,1,1,6,0,5,0,18,3,7,1,9,0,1,0,
[  813.851216] part5,0,0,0,0,0,0,0,0,0,0,0,0,0,0,0,0,0,0,0,0,
[  814.629533] (2)-2541	[[HDMI][AUDIOF]] Audio STS : FSM=5(CHECK), hbr=0/0, sample_cnt= 38465, hbr_sample_cnt=0, fifo_ov=0, type=2(LPCM), ch_mode=0, ch_num=2, acr_freq=48000, wait_acr_cnt=1
[  814.843765] part1,0,0,0,0,0,0,0,0,0,0,0,0,2,1,5,1,0,0,0,0,
[  814.849603] part2,2,0,0,0,1,0,0,0,0,1,3,0,5,0,0,0,0,0,0,0,
[  814.855419] part3,3,0,0,0,0,0,2,0,3,0,1,2,0,0,0,0,0,0,0,0,
[  814.861241] part4,8,0,1,0,0,0,5,0,5,4,7,2,1,0,0,0,0,0,0,0,
[  814.867058] part5,5,1,1,0,2,0,5,1,14,7,14,3,12,2,2,2,7,0,5,1,
[  815.860415] part1,0,0,0,0,0,0,0,0,0,0,0,0,0,0,0,0,0,0,0,0,
[  815.866267] part2,2,0,0,0,0,0,0,0,0,0,6,0,3,0,0,0,0,0,0,0,
[  815.872071] part3,7,1,1,0,1,2,1,0,2,0,0,0,0,0,0,0,0,0,0,0,
[  815.877897] part4,7,0,2,0,6,1,1,5,7,5,14,3,2,1,0,0,0,0,0,0,
[  815.883802] part5,7,0,1,0,1,0,17,1,6,2,13,2,13,0,9,1,5,0,2,0,
[  816.877087] part1,3,1,0,0,1,0,0,0,0,0,1,0,1,0,0,0,0,0,0,0,
[  816.882923] part2,0,0,0,0,0,0,2,0,1,1,5,0,2,0,0,0,0,0,0,0,
[  816.888751] part3,1,0,0,0,0,0,1,0,7,0,0,0,0,0,0,0,0,0,0,0,
[  816.894553] part4,4,0,0,0,2,2,6,5,10,3,4,1,4,1,0,0,0,0,0,0,
[  816.900469] part5,9,1,1,0,3,1,16,6,28,4,28,7,24,6,15,2,14,1,8,0,

[END] 12/6/2019 3:41:52 PM
