[BEGIN] 12/6/2019 3:57:29 PM
[ 1769.154060] part1,327,1347,1560,1223,1282,882,699,372,299,110,81,39,36,16,7,2,6,2,0,0,
[ 1769.162345] part2,1137,3037,2247,1750,1392,873,615,333,239,124,71,30,19,27,6,1,0,0,0,0,
[ 1769.170703] part3,1674,3746,3317,2304,1526,922,585,353,212,115,69,20,11,8,4,2,2,0,0,0,
[ 1769.178968] part4,172,1036,2155,1420,1300,1034,385,171,128,71,66,35,33,23,19,4,1,0,0,0,
[ 1769.187324] part5,0,2,7,3,5,5,3,4,0,2,1,2,4,0,1,0,0,0,0,0,
[ 1770.187426] (3)-0000	part1,237,1239,1404,1035,1062,697,676,337,315,127,90,39,30,19,12,9,7,0,0,1,
[ 1770.196574] part2,1302,3470,3015,2329,1670,1086,655,347,254,142,109,49,37,25,17,4,2,0,3,0,
[ 1770.205193] part3,1323,3453,3206,2154,1593,894,563,368,207,118,68,25,10,2,5,4,0,0,1,0,
[ 1770.213458] part4,124,879,2015,1246,997,945,368,146,128,63,52,20,18,8,6,1,0,1,0,0,
[ 1770.221422] part5,6,7,3,3,3,0,0,0,0,0,0,0,0,0,0,0,0,0,0,0,
[ 1771.220763] (2)-0000	part1,0,0,2,1,5,2,2,4,7,13,7,7,5,3,1,0,0,0,0,0,
[ 1771.227476] part2,2,2,3,2,9,2,4,3,0,0,0,0,0,0,0,0,0,0,0,0,
[ 1771.233276] part3,877,2487,1779,1225,900,546,342,192,110,64,51,24,24,15,5,6,1,5,1,2,
[ 1771.241374] part4,19,42,20,21,18,20,16,5,10,4,5,2,4,0,1,0,0,0,0,0,
[ 1771.247900] part5,0,0,1,1,2,3,5,5,4,0,0,0,0,0,0,0,0,0,0,0,
[ 1772.254092] part1,0,0,0,0,1,3,6,6,0,1,3,0,3,0,0,0,0,0,0,0,
[ 1772.259933] part2,0,4,9,8,4,5,2,6,10,3,6,2,0,0,0,0,0,0,0,0,
[ 1772.265830] part3,1000,2662,1874,1304,834,505,350,170,164,61,56,36,27,8,6,3,2,0,2,1,
[ 1772.273937] part4,0,1,4,6,9,5,9,1,0,0,0,0,0,0,0,0,0,0,0,0,
[ 1772.279744] part5,0,0,0,0,0,0,0,0,0,0,0,0,0,0,0,0,0,0,0,0,
[ 1773.287437] part1,0,1,0,2,7,0,3,1,2,0,0,0,0,0,0,0,0,0,0,0,
[ 1773.293275] part2,0,3,6,0,3,3,2,0,0,0,0,0,0,0,0,0,0,0,0,0,
[ 1773.299098] part3,1085,2870,1959,1386,882,521,333,192,145,81,71,32,30,13,8,2,2,1,0,4,
[ 1773.307286] part4,1,4,13,12,5,9,10,6,8,5,4,2,3,1,0,0,0,0,0,0,
[ 1773.313357] part5,0,0,8,4,7,6,8,5,3,8,14,12,5,0,0,0,0,0,0,0,
[ 1773.799510] (1)-2539	[[HDMI][PWR][WARN]] PWR_STS : FG_HDMI=1, P0/P1/P2/P3(active,fsm,vs_cnt,pol,int) =  P0(0,PS_OFF,0,0,0)/P1(0,PS_OFF,0,0,0)/P2(0,PS_OFF,0,0,0)/P3(1,PS_OFF,40822,1,0)
[ 1774.320779] part1,0,0,0,0,0,0,0,0,0,0,0,0,0,0,0,0,0,0,0,0,
[ 1774.326609] part2,4,10,13,8,9,10,5,1,3,0,0,0,0,0,0,0,0,0,0,0,
[ 1774.332699] part3,1042,2991,2009,1473,860,542,353,175,127,62,45,27,19,9,8,1,1,1,0,1,
[ 1774.340806] part4,0,4,0,6,14,14,10,3,8,6,9,1,2,1,2,0,1,0,0,0,
[ 1774.346874] part5,1,3,4,3,5,5,2,1,0,0,0,0,0,0,0,0,0,0,0,0,
[ 1775.354127] part1,0,0,0,0,0,0,0,0,0,0,0,0,0,0,0,0,0,0,0,0,
[ 1775.359958] part2,1,12,17,10,17,5,17,9,3,3,1,0,0,0,0,0,0,0,0,0,
[ 1775.366222] part3,1059,3132,2040,1483,874,493,312,169,127,69,39,18,20,13,6,2,3,1,1,1,
[ 1775.374401] part4,6,39,21,24,23,14,12,17,17,10,17,4,0,0,1,1,1,0,0,0,
[ 1775.381088] part5,0,1,14,11,10,7,2,4,1,2,0,0,0,0,0,0,0,0,0,0,
[ 1776.387471] part1,0,0,0,0,0,0,0,0,0,0,0,0,0,0,0,0,0,0,0,0,
[ 1776.393313] part2,3,4,10,10,18,7,2,2,3,0,4,1,1,0,0,0,0,0,0,0,
[ 1776.399404] part3,956,2786,2066,1393,925,606,352,221,152,99,67,37,21,12,10,4,5,2,0,4,
[ 1776.407582] part4,40,107,115,153,74,30,28,16,20,13,9,4,7,6,3,0,1,0,0,0,
[ 1776.414539] part5,1,15,17,11,9,2,1,1,0,0,0,0,0,0,0,0,0,0,0,0,
[ 1777.420845] part1,0,0,2,6,9,7,1,0,0,0,0,0,0,0,0,0,0,0,0,0,
[ 1777.426675] part2,66,264,357,382,250,167,94,53,33,12,12,4,4,1,3,0,5,1,2,0,
[ 1777.433888] part3,176,1072,1338,1178,855,512,387,246,146,104,71,75,64,29,35,14,13,11,9,6,
[ 1777.442417] part4,31,158,186,158,70,46,41,25,18,10,6,3,3,4,2,4,3,0,0,0,
[ 1777.449364] part5,0,10,12,8,5,2,0,0,0,0,0,0,0,0,0,0,0,0,0,0,
[ 1778.454194] part1,31,118,90,97,70,37,32,22,20,8,13,3,4,3,0,0,1,0,0,0,
[ 1778.461004] part2,7,90,168,89,67,44,18,11,6,2,0,1,0,0,0,0,0,0,0,0,
[ 1778.467520] part3,29,185,250,216,189,133,77,50,29,16,10,6,4,1,3,0,0,0,0,0,
[ 1778.474728] part4,0,13,38,37,27,7,2,1,0,0,0,0,0,0,0,0,0,0,0,0,
[ 1778.480910] part5,0,16,23,31,16,6,1,0,0,0,0,0,0,0,0,0,0,0,0,0,
[ 1779.487544] part1,233,1160,1203,981,678,454,235,121,71,41,10,4,5,2,0,1,0,0,0,0,
[ 1779.495222] part2,1059,4133,3588,2561,1590,872,516,279,128,83,43,21,8,2,2,1,1,0,0,0,
[ 1779.503319] part3,731,3008,2647,1856,1186,716,436,233,131,68,41,18,7,4,0,0,0,0,0,0,
[ 1779.511318] part4,525,2428,2336,1781,1287,728,425,270,122,78,29,18,11,5,1,1,0,0,0,0,
[ 1779.519399] part5,117,792,871,729,530,317,227,120,77,72,28,17,8,5,3,1,0,1,0,0,
[ 1780.159469] (1)-2541	[[HDMI][AUDIOF]] Audio STS : FSM=5(CHECK), hbr=0/0, sample_cnt= 34859, hbr_sample_cnt=0, fifo_ov=0, type=2(LPCM), ch_mode=0, ch_num=2, acr_freq=48000, wait_acr_cnt=1
[ 1780.520851] part1,274,1146,1101,895,580,325,216,115,66,37,22,20,10,7,5,4,4,1,0,0,
[ 1780.528706] part2,913,4138,4449,3481,2306,1389,832,453,255,110,56,44,15,4,3,6,0,0,0,0,
[ 1780.536972] part3,724,3366,3080,2195,1429,865,501,297,158,91,58,22,20,6,6,6,1,0,0,0,
[ 1780.545058] part4,781,3755,3777,2624,1630,900,519,229,154,89,38,21,11,4,3,2,0,1,0,0,
[ 1780.553152] part5,730,3113,3380,2385,1773,1032,686,372,216,114,108,33,32,20,9,6,0,0,0,0,
[ 1781.554203] part1,376,1412,1369,1035,731,379,233,151,117,84,62,26,18,4,9,10,1,2,0,0,
[ 1781.562315] part2,1068,4185,4590,3636,2602,1519,912,433,289,110,46,41,14,8,6,3,0,0,0,0,
[ 1781.570666] part3,364,1816,2331,1938,1306,751,471,264,143,81,30,25,9,5,2,1,0,0,0,0,
[ 1781.578666] part4,182,1152,1883,1460,1164,762,530,308,160,87,58,35,12,13,5,3,1,1,1,0,
[ 1781.586834] part5,540,2917,3594,2840,1930,1285,772,467,305,157,73,37,24,15,20,7,2,2,2,2,
[ 1782.587530] part1,290,1517,2094,1865,1632,1186,896,587,493,333,217,119,89,44,26,17,16,3,3,8,
[ 1782.596347] part2,293,1736,2419,1965,1655,1113,813,506,355,178,86,44,36,8,14,7,4,4,0,0,
[ 1782.604693] part3,122,767,1199,1186,1078,833,576,367,235,156,98,44,37,27,17,9,4,3,1,0,
[ 1782.612951] part4,85,665,954,938,856,704,576,435,295,212,138,68,61,39,12,9,6,2,2,1,
[ 1782.620959] part5,88,642,1099,1226,1085,807,670,396,316,182,128,78,37,28,18,7,7,1,0,1,
[ 1783.620889] part1,387,2425,3254,2791,2042,1432,962,577,339,223,145,63,33,23,15,5,1,1,0,1,
[ 1783.629441] part2,
[ 1783.631301] (2)-0000	285,1708,2300,1958,1452,1001,711,350,219,123,69,42,25,13,12,5,0,1,0,0,
[ 1783.640189] part3,207,1268,1601,1370,1042,681,502,313,170,113,82,48,28,12,9,9,1,0,0,0,
[ 1783.648438] part4,128,843,1247,1382,1183,848,640,426,291,183,131,76,42,29,24,10,7,5,5,7,
[ 1783.656891] part5,35,239,473,552,476,342,284,198,124,66,24,5,14,6,1,0,3,2,0,0,
[ 1784.039769] (0)-2539	[[HDMI][PWR][WARN]] PWR_STS : FG_HDMI=1, P0/P1/P2/P3(active,fsm,vs_cnt,pol,int) =  P0(0,PS_OFF,0,0,0)/P1(0,PS_OFF,0,0,0)/P2(0,PS_OFF,0,0,0)/P3(1,PS_OFF,41412,1,0)
[ 1784.654229] part1,398,2478,3363,2836,2130,1390,840,477,291,197,118,63,41,8,5,1,2,3,0,1,
[ 1784.662606] part2,195,1387,2184,1919,1360,861,601,326,199,111,61,39,25,3,9,2,3,1,0,2,
[ 1784.670775] part3,233,1659,2171,1718,1128,779,492,280,184,102,52,22,16,18,8,3,5,1,1,0,
[ 1784.679051] part4,153,802,1039,996,843,559,411,225,131,71,32,20,7,9,3,3,0,0,0,1,
[ 1784.686792] part5,18,159,471,506,395,233,195,104,60,31,29,11,12,3,4,0,1,0,0,0,
[ 1785.687577] part1,1059,3632,2715,1779,1417,972,733,403,265,134,91,70,41,15,20,4,7,2,3,0,
[ 1785.696028] part2,2896,9157,4547,2752,1849,1039,876,478,313,118,95,39,32,14,18,7,17,7,3,2,
[ 1785.704659] part3,2077,7292,4277,3226,2380,1614,994,536,343,166,100,32,34,21,23,13,8,4,3,0,
[ 1785.713364] part4,413,1429,2254,2339,1742,1131,926,547,486,299,165,72,54,24,18,11,6,1,1,0,
[ 1785.721971] part5,121,488,828,907,1112,374,178,142,477,437,293,22,14,2,2,2,0,0,1,0,
[ 1786.720927] part1,1055,3466,3215,2253,1714,1177,876,495,295,142,126,80,47,27,38,18,13,10,6,3,
[ 1786.729825] part2,2480,7272,4089,2421,1569,968,652,444,353,134,111,50,25,13,13,14,9,2,2,2,
[ 1786.738448] part3,1836,6209,3763,2858,2290,1342,911,479,311,128,116,43,35,17,9,3,5,0,0,0,
[ 1786.746982] part4,416,1605,2424,2299,1729,1134,983,595,572,319,163,71,58,47,28,16,14,7,6,5,
[ 1786.755688] part5,73,343,948,1034,1085,386,175,150,405,491,271,41,13,0,1,1,0,0,0,0,
[ 1787.754256] part1,1047,3329,2787,2089,1533,1047,794,400,278,167,136,79,57,19,24,12,14,7,9,3,
[ 1787.763076] part2,2095,6750,3646,2367,1525,929,569,367,318,122,93,46,24,13,12,6,0,2,3,0,
[ 1787.771523] part3,1738,5785,3513,2674,2058,1271,852,460,319,168,123,48,30,8,8,9,4,0,0,0,
[ 1787.779962] part4,324,1592,2347,2423,1870,1083,854,560,547,394,212,90,72,42,30,18,10,4,6,3,
[ 1787.788660] part5,56,235,694,1084,1144,357,116,164,418,432,182,24,3,3,0,0,0,0,0,0,
[ 1788.787609] part1,1160,3277,2843,1875,1563,1011,745,439,298,158,128,47,40,32,16,16,9,6,3,4,
[ 1788.796342] part2,2585,7745,4348,2425,1649,920,726,382,288,114,68,30,17,15,5,8,3,3,3,1,
[ 1788.804694] part3,1918,6299,3763,2718,1928,1253,844,477,334,143,111,36,23,8,5,3,2,1,0,0,
[ 1788.813124] part4,512,2031,2678,2554,1847,1258,988,580,606,267,160,80,61,43,34,15,2,0,4,6,
[ 1788.821731] part5,80,386,865,906,1031,307,139,209,440,415,126,15,10,3,1,1,0,0,0,0,
[ 1789.820961] part1,703,2972,2769,2028,1586,1016,772,403,292,134,129,61,36,21,28,12,15,5,5,1,
[ 1789.829688] part2,1329,5478,3350,2056,1511,904,619,421,286,128,87,28,6,3,5,1,1,0,2,0,
[ 1789.837864] part3,1174,4890,3158,2120,1675,1020,825,458,328,156,136,38,34,14,7,2,0,0,0,0,
[ 1789.846392] part4,265,1302,2162,2397,1775,1073,845,622,637,413,173,67,49,27,26,10,8,6,6,1,
[ 1789.855005] part5,21,150,392,654,861,237,137,164,302,263,67,10,9,1,1,1,0,0,0,0,
part1,1198,3961,2591,1963,1443,913,719,482,351,171,127,64,35,14,17,9,10,8,4,4,
[ 1790.861658] part2,1758,6047,3353,2136,1598,1066,626,365,223,136,84,34,25,9,3,2,5,0,0,0,
[ 1790.870005] part3,1203,4545,3197,2239,1694,1084,784,450,344,161,117,39,28,9,7,4,1,0,0,0,
[ 1790.878448] part4,274,1235,2246,2148,1910,1010,692,480,638,554,258,73,47,23,12,8,8,5,4,3,
[ 1790.886986] part5,10,69,298,399,546,196,114,86,216,200,48,12,3,1,0,0,1,0,0,0,
[ 1791.887631] part1,0,0,0,0,0,0,0,0,0,0,0,0,0,0,0,0,0,0,0,0,
[ 1791.893453] part2,0,0,0,0,0,0,0,0,0,0,0,0,0,0,0,0,0,0,0,0,
[ 1791.899279] part3,0,0,0,0,0,0,0,0,0,0,0,0,0,0,0,0,0,0,0,0,
[ 1791.905084] part4,
[ 1791.906940] (0)-0000	0,0,0,0,0,0,0,0,0,0,0,0,0,0,0,0,0,0,0,0,
[ 1791.913201] part5,0,0,0,0,0,0,0,0,0,0,0,0,0,0,0,0,0,0,0,0,
[ 1792.639479] (2)-2541	[[HDMI][AUDIOF]] Audio STS : FSM=5(CHECK), hbr=0/0, sample_cnt= 35460, hbr_sample_cnt=0, fifo_ov=0, type=2(LPCM), ch_mode=0, ch_num=2, acr_freq=48000, wait_acr_cnt=1

[END] 12/6/2019 3:58:07 PM
