[BEGIN] 12/6/2019 4:40:42 PM
[ 4360.265623] part1,0,2,1,0,0,0,1,0,0,0,0,0,0,0,0,0,0,0,0,0,
[ 4360.271468] part2,14,148,815,1497,608,338,218,78,39,23,7,9,12,5,4,3,0,0,0,0,
[ 4360.278860] part3,46,449,830,665,380,227,141,120,94,60,43,28,16,6,6,1,0,0,0,1,
[ 4360.286432] part4,42,143,443,688,424,216,126,60,50,30,27,12,2,1,2,0,1,0,0,1,
[ 4360.293824] part5,44,62,151,524,291,123,123,107,57,30,18,7,4,1,0,0,0,0,0,0,
[ 4361.298962] part1,0,0,0,0,0,0,0,0,0,0,0,0,0,0,0,0,0,0,0,0,
[ 4361.304820] part2,16,73,275,892,703,592,589,301,162,105,66,23,12,6,5,4,1,1,4,0,
[ 4361.312485] part3,66,412,721,900,605,214,194,165,100,56,56,23,19,7,7,1,3,1,2,0,
[ 4361.320128] part4,66,300,852,1229,911,590,450,255,148,111,64,42,29,5,7,5,4,0,0,0,
[ 4361.327956] part5,75,186,312,692,392,188,133,119,94,66,40,22,27,10,12,0,0,0,0,0,
[ 4362.332315] part1,3,21,9,103,57,71,95,68,73,128,169,138,210,152,191,97,71,34,43,32,
[ 4362.340346] part2,43,213,470,586,538,584,258,265,214,85,31,16,7,5,1,2,0,0,0,0,
[ 4362.347921] part3,45,130,249,444,402,166,102,89,78,63,42,19,18,2,9,1,0,0,0,0,
[ 4362.355396] part4,97,264,877,1819,1050,467,451,335,224,143,107,48,31,5,12,0,3,0,1,1,
[ 4362.363480] part5,98,148,210,700,395,178,178,180,165,95,49,19,18,6,9,10,1,0,0,0,
[ 4363.365656] part1,46,58,117,307,577,509,332,146,130,80,94,71,49,16,6,6,2,0,0,0,
[ 4363.373339] part2,
[ 4363.375195] (3)-0000	88,133,218,503,298,115,112,90,97,91,73,64,34,19,12,1,3,4,1,1,
[ 4363.383298] part3,71,313,407,611,341,420,197,135,88,57,53,13,35,17,16,9,7,4,3,1,
[ 4363.391031] part4,57,65,143,600,459,218,137,80,98,77,52,35,26,6,5,2,1,2,0,0,
[ 4363.398415] part5,74,84,234,943,914,482,424,337,250,128,116,65,59,26,23,11,2,0,0,0,
[ 4364.399002] part1,92,232,503,931,805,596,588,171,128,89,62,46,42,18,15,5,6,1,3,2,
[ 4364.406857] part2,79,211,561,733,483,186,135,90,90,91,79,47,38,15,3,0,1,1,1,0,
[ 4364.414417] part3,111,421,550,881,724,515,255,209,185,84,47,46,35,10,0,3,2,1,1,0,
[ 4364.422252] part4,104,391,587,781,442,204,83,30,26,16,21,7,8,6,3,0,2,0,0,0,
[ 4364.429558] part5,81,119,279,797,478,298,297,169,128,58,24,40,33,12,6,1,1,1,0,0,
[ 4365.432346] part1,0,14,12,7,18,25,33,
[ 4365.435970] (1)-0000	22,12,13,5,5,7,6,4,0,0,0,0,0,
[ 4365.441174] part2,1,26,69,65,88,60,72,20,14,12,8,7,2,1,3,1,0,0,0,0,
[ 4365.447764] part3,11,50,209,323,241,243,185,153,106,25,23,17,11,6,5,2,0,0,2,0,
[ 4365.455349] part4,0,4,86,121,97,65,95,39,35,14,11,5,5,2,1,2,0,1,1,0,
[ 4365.462049] part5,34,18,116,461,267,119,133,72,62,28,38,27,13,9,2,1,2,0,2,0,
[ 4366.465689] part1,0,0,0,4,2,0,0,0,0,0,0,0,0,0,0,0,0,0,0,0,
[ 4366.471524] part2,3,78,575,373,348,120,68,41,59,24,14,11,13,3,3,1,0,0,0,0,
[ 4366.478750] part3,7,70,168,180,233,155,226,267,205,93,114,53,34,20,11,5,0,2,0,2,
[ 4366.486498] part4,24,16,56,166,204,77,44,18,34,25,30,15,10,3,11,0,2,2,0,0,
[ 4366.493707] part5,45,60,204,382,312,147,121,135,81,43,22,5,7,0,1,0,0,0,0,0,
[ 4367.179517] (1)-2541	[[HDMI][AUDIOF]] Audio STS : FSM=5(CHECK), hbr=0/0, sample_cnt= 160365, hbr_sample_cnt=0, fifo_ov=0, type=2(LPCM), ch_mode=0, ch_num=2, acr_freq=48000, wait_acr_cnt=1
[ 4367.499038] part1,0,2,1,3,0,0,0,0,0,0,0,0,0,0,0,0,0,0,0,0,
[ 4367.504880] part2,8,26,237,988,1021,603,385,219,115,37,34,13,15,7,36,10,3,0,0,0,
[ 4367.512632] part3,42,331,714,689,496,252,183,114,71,50,38,18,10,10,2,3,2,0,0,0,
[ 4367.520284] part4,74,472,961,1066,667,420,354,227,229,104,134,57,57,24,25,6,4,3,0,1,
[ 4367.528367] part5,59,29,116,537,272,123,81,133,100,49,12,7,1,0,0,0,0,0,0,0,
[ 4368.009644] (2)-2539	[[HDMI][PWR][WARN]] PWR_STS : FG_HDMI=1, P0/P1/P2/P3(active,fsm,vs_cnt,pol,int) =  P0(0,PS_OFF,0,0,0)/P1(0,PS_OFF,0,0,0)/P2(0,PS_OFF,0,0,0)/P3(1,PS_OFF,188730,1,0)
[ 4368.532388] part1,11,87,79,257,315,196,262,95,39,18,21,11,6,13,3,1,0,0,0,0,
[ 4368.539706] part2,69,217,200,490,488,462,359,259,198,105,88,41,13,4,10,4,10,11,4,2,
[ 4368.547718] part3,53,192,472,792,494,218,164,104,121,66,45,20,20,9,10,2,3,0,1,1,
[ 4368.555463] part4,93,256,583,1321,733,485,672,400,261,131,51,30,51,45,78,36,14,4,1,1,
[ 4368.563632] part5,76,67,177,569,320,122,156,113,62,53,18,9,9,4,6,1,1,0,0,0,
[ 4369.565746] part1,2,6,17,46,126,203,336,143,157,89,80,65,41,8,5,7,2,0,1,0,
[ 4369.572985] part2,43,208,177,480,285,256,225,123,100,79,73,56,54,36,31,11,21,6,2,4,
[ 4369.581001] part3,50,55,218,328,218,138,99,71,90,64,55,27,10,1,1,1,0,0,0,0,
[ 4369.588295] part4,59,102,272,775,735,325,245,177,194,152,113,52,54,25,22,5,4,1,0,1,
[ 4369.596290] part5,55,361,393,643,468,274,310,225,216,171,222,117,99,43,46,15,4,0,0,0,
[ 4370.599072] part1,55,171,244,508,553,625,567,220,115,85,67,53,29,7,8,6,3,2,3,0,
[ 4370.606758] part2,65,180,374,597,629,414,220,110,102,79,70,63,56,20,6,4,0,1,0,0,
[ 4370.614504] part3,84,412,731,815,710,432,241,216,135,74,71,29,26,11,10,5,4,1,0,1,
[ 4370.622335] part4,76,141,178,587,314,174,94,44,32,30,15,11,17,8,3,2,1,0,0,0,
[ 4370.629722] part5,79,145,301,930,735,383,351,227,139,61,93,45,39,20,9,1,0,0,0,0,
[ 4371.632407] part1,0,0,0,8,263,195,358,31,32,8,1,0,0,0,0,0,0,0,0,0,
[ 4371.638956] part2,3,15,123,207,215,198,143,58,48,32,24,7,5,5,2,2,4,0,0,0,
[ 4371.646078] part3,6,77,212,288,260,146,91,70,39,31,30,5,12,1,5,0,3,0,0,0,
[ 4371.653209] part4,0,13,38,55,119,171,150,79,56,33,23,12,12,7,2,4,1,0,0,0,
[ 4371.660341] part5,39,78,100,285,174,64,65,48,53,13,13,6,5,4,0,0,1,0,0,0,
[ 4372.665766] part1,0,0,1,60,387,191,116,10,2,0,0,0,0,0,0,0,0,0,0,0,
[ 4372.672298] part2,1,10,63,157,76,27,33,21,8,4,0,7,7,5,1,0,0,0,0,0,
[ 4372.678806] part3,15,318,435,287,330,208,183,139,87,39,36,5,3,3,1,0,1,
[ 4372.685457] (0)-0000	0,0,0,
[ 4372.688505] part4,1,16,37,196,261,83,25,13,17,8,5,5,2,1,1,0,0,0,0,0,
[ 4372.695208] part5,67,48,226,462,289,143,109,92,79,34,20,6,2,0,1,0,1,0,0,0,
[ 4373.699096] part1,0,0,1,0,0,0,0,0,0,0,0,0,0,0,0,0,0,0,0,0,
[ 4373.704931] part2,30,100,497,1473,836,239,238,88,24,10,4,3,11,5,2,0,0,0,0,0,
[ 4373.712325] part3,62,482,857,674,391,236,181,127,104,65,45,29,11,9,7,2,1,1,1,0,
[ 4373.719995] part4,47,366,966,1371,1123,505,378,172,158,94,89,55,33,8,4,3,1,1,0,1,
[ 4373.727821] part5,38,48,162,491,266,132,100,109,90,59,25,6,5,0,0,0,0,0,0,0,
[ 4374.732471] part1,0,0,0,25,3,0,0,0,0,0,0,0,0,0,0,0,0,0,0,0,
[ 4374.738373] part2,27,200,631,1200,856,605,634,252,181,78,44,23,17,3,5,1,5,0,0,0,
[ 4374.746109] part3,66,421,814,823,527,260,175,150,105,56,53,36,23,8,7,5,7,1,0,0,
[ 4374.753773] part4,65,432,820,1219,709,401,580,299,260,136,86,40,27,8,4,3,1,0,0,0,
[ 4374.761598] part5,97,121,246,672,397,171,161,150,112,47,46,26,26,8,1,5,1,1,0,0,
[ 4375.765790] part1,4,9,29,153,120,338,608,173,88,54,66,99,129,80,119,79,77,44,70,31,
[ 4375.773813] part2,32,307,515,469,460,430,210,190,163,93,45,19,12,5,1,2,1,0,1,0,
[ 4375.781465] part3,45,75,181,431,346,165,116,110,107,49,43,27,18,7,1,2,0,0,0,0,
[ 4375.789043] part4,95,126,502,1466,1033,430,393,350,237,146,121,68,39,15,11,3,3,2,0,2,
[ 4375.797215] part5,117,142,202,651,424,176,212,192,100,59,44,14,17,11,14,8,2,0,0,0,
[ 4376.799137] part1,44,85,138,419,449,569,561,173,104,88,80,50,59,10,13,5,2,1,0,0,
[ 4376.806892] part2,70,109,208,486,331,167,123,135,118,91,67,52,25,16,9,4,7,2,2,5,
[ 4376.814635] part3,70,397,435,684,430,426,206,172,123,67,49,21,15,12,12,3,5,0,2,1,
[ 4376.822464] part4,77,146,182,645,415,203,159,76,91,60,46,30,40,11,7,0,0,1,0,0,
[ 4376.830025] part5,69,91,268,957,896,474,414,303,234,158,119,78,82,29,24,8,5,1,0,0,
[ 4377.832480] part1,0,3,5,21,12,5,7,15,25,21,16,14,5,4,5,1,0,0,0,0,
[ 4377.838947] part2,2,102,445,360,340,131,126,95,87,44,15,5,6,5,2,0,1,1,0,0,
[ 4377.846167] part3,7,30,61,206,412,221,168,84,97,47,23,19,12,8,2,1,3,1,0,0,
[ 4377.853379] part4,1,55,348,324,379,209,194,82,55,18,7,5,6,4,2,1,1,0,1,0,
[ 4377.860427] part5,4,2,6,90,122,87,107,98,71,4,0,0,1,0,0,0,0,0,0,0,
[ 4378.369498] (2)-2539	[[HDMI][PWR][WARN]] PWR_STS : FG_HDMI=1, P0/P1/P2/P3(active,fsm,vs_cnt,pol,int) =  P0(0,PS_OFF,0,0,0)/P1(0,PS_OFF,0,0,0)/P2(0,PS_OFF,0,0,0)/P3(1,PS_OFF,189320,1,0)
[ 4378.865854] part1,0,1,2,2,5,9,15,4,7,4,1,1,0,1,3,1,0,0,1,0,
[ 4378.871787] part2,0,60,75,63,59,60,91,16,2,2,0,0,0,0,0,0,0,0,0,0,
[ 4378.878205] part3,10,145,265,426,282,198,164,85,73,38,35,18,11,3,4,0,0,0,0,0,
[ 4378.885681] part4,3,17,118,222,158,116,89,31,19,10,7,1,2,1,0,0,0,0,0,0,
[ 4378.892647] part5,19,19,86,486,289,134,158,85,66,44,27,15,13,12,3,2,1,0,0,0,
[ 4379.679498] (0)-2541	[[HDMI][AUDIOF]] Audio STS : FSM=5(CHECK), hbr=0/0, sample_cnt= 160966, hbr_sample_cnt=0, fifo_ov=0, type=2(LPCM), ch_mode=0, ch_num=2, acr_freq=48000, wait_acr_cnt=1
[ 4379.899163] part1,0,0,10,22,16,2,2,0,0,0,0,0,0,0,0,0,0,0,0,0,
[ 4379.905266] part2,8,95,603,409,350,205,100,94,43,10,30,11,6,1,2,2,0,0,0,0,
[ 4379.912474] part3,36,174,405,480,261,308,230,270,179,110,68,27,14,8,4,3,5,1,1,0,
[ 4379.920226] part4,43,64,57,276,203,82,72,21,34,27,27,18,10,12,7,4,8,0,0,0,
[ 4379.927445] part5,67,80,180,411,255,165,117,134,108,53,15,15,4,0,2,0,0,0,0,0,
[ 4380.932605] part1,0,1,7,16,6,1,0,0,4,2,0,1,0,0,0,0,0,0,0,0,
[ 4380.938532] part2,25,23,225,821,899,583,493,293,137,75,51,12,23,16,29,11,8,3,0,0,
[ 4380.946358] part3,59,334,724,883,464,265,220,161,97,50,33,15,8,6,2,0,3,1,1,0,
[ 4380.953846] part4,100,282,839,1229,662,459,465,299,213,123,87,50,48,14,10,3,1,0,0,0,
[ 4380.961940] part5,95,46,183,602,340,83,77,135,85,49,18,9,1,0,0,0,0,0,0,0,
[ 4381.965860] part1,5,23,96,120,233,198,251,189,202,97,82,56,52,56,53,31,27,4,11,6,
[ 4381.973710] part2,42,278,152,345,443,439,281,66,58,51,34,26,24,9,10,16,18,6,5,1,
[ 4381.981443] part3,61,118,377,752,467,189,127,90,78,63,43,13,14,9,14,4,1,3,0,2,
[ 4381.989012] part4,126,234,468,1246,772,490,649,496,313,123,70,51,31,16,28,35,32,7,2,1,
[ 4381.997284] part5,75,86,211,621,327,147,115,105,86,49,28,3,8,0,2,1,0,0,0,0,
[ 4382.999201] part1,1,7,20,23,103,196,221,106,91,70,82,75,59,20,5,2,3,2,0,0,
[ 4383.006432] part2,40,157,240,399,303,304,346,146,107,55,58,31,23,24,28,24,23,11,3,12,
[ 4383.014607] part3,47,125,159,453,281,81,73,61,89,48,56,16,15,9,5,1,1,0,0,0,
[ 4383.021927] part4,85,105,189,851,641,301,245,201,218,137,176,68,53,27,27,11,11,0,1,0,
[ 4383.030105] part5,95,258,352,607,494,300,369,203,160,107,224,119,118,64,47,10,3,0,0,0,
[ 4384.032543] part1,57,99,269,614,573,497,623,186,124,97,76,27,29,19,6,8,3,2,2,3,
[ 4384.040216] part2,45,148,314,539,360,228,271,103,113,70,70,73,64,27,15,5,4,4,1,2,
[ 4384.048041] part3,71,404,584,791,635,406,226,134,210,88,74,51,31,14,15,4,9,2,1,0,
[ 4384.055883] part4,92,185,226,551,402,254,120,53,24,19,11,1,4,4,2,0,1,0,0,0,
[ 4384.063190] part5,71,118,216,782,575,278,281,165,178,66,69,38,46,17,9,2,3,0,0,0,
[ 4385.065897] part1,0,0,0,72,470,171,56,2,0,0,0,0,0,0,0,0,0,0,0,0,
[ 4385.072261] part2,2,9,114,291,176,158,188,88,63,22,17,14,16,4,2,0,5,1,0,0,
[ 4385.079481] part3,9,47,234,310,288,133,106,54,37,24,27,15,15,5,2,3,2,0,0,0,
[ 4385.086782] part4,0,9,46,77,151,118,116,63,47,24,26,9,6,5,3,2,0,0,0,0,
[ 4385.093647] part5,8,77,163,283,131,70,69,64,46,16,15,27,6,1,0,0,0,0,0,0,
[ 4386.099231] part1,0,0,2,13,356,145,163,8,0,0,0,0,0,0,0,0,0,0,0,0,
[ 4386.105679] part2,1,26,125,171,140,36,35,21,11,9,2,14,3,1,0,1,1,0,0,0,
[ 4386.112548] part3,13,133,205,428,586,316,219,124,63,32,13,9,2,4,5,0,0,0,0,0,
[ 4386.119941] part4,6,11,80,252,188,87,39,8,10,4,5,1,3,0,1,1,0,0,0,0,
[ 4386.126555] part5,71,120,235,469,268,98,124,92,55,58,29,4,3,0,0,0,0,0,0,0,
[ 4387.132582] part1,0,0,1,1,1,0,1,0,0,0,0,0,0,0,0,0,0,0,0,0,
[ 4387.138432] part2,27,65,402,1390,751,365,266,80,34,5,5,4,15,12,8,0,0,0,0,0,
[ 4387.145730] part3,46,434,797,826,534,280,193,136,106,66,46,31,13,7,9,2,4,0,1,1,
[ 4387.153379] part4,122,339,713,1157,930,606,384,212,181,111,145,94,91,26,10,3,1,0,0,0,
[ 4387.161569] part5,74,58,217,488,294,143,110,98,101,56,28,3,2,1,0,0,0,0,0,0,
[ 4388.165924] part1,0,0,4,8,1,0,0,0,0,0,0,0,0,0,0,0,0,0,0,0,
[ 4388.171767] part2,10,66,233,684,811,656,575,253,183,98,91,40,18,9,10,10,7,1,0,0,
[ 4388.179502] part3,75,464,838,935,514,262,209,163,122,79,50,34,23,20,11,5,2,0,0,1,
[ 4388.187321] part4,115,397,761,1674,1000,496,469,324,196,180,83,25,23,6,5,3,2,1,0,0,
[ 4388.195338] part5,73,114,217,620,368,144,132,135,128,50,43,22,23,11,5,4,2,0,0,0,
[ 4388.739539] (1)-2539	[[HDMI][PWR][WARN]] PWR_STS : FG_HDMI=1, P0/P1/P2/P3(active,fsm,vs_cnt,pol,int) =  P0(0,PS_OFF,0,0,0)/P1(0,PS_OFF,0,0,0)/P2(0,PS_OFF,0,0,0)/P3(1,PS_OFF,189906,1,0)
[ 4389.199291] part1,5,28,29,160,123,65,124,98,79,36,40,29,29,13,11,2,3,2,0,0,
[ 4389.206616] part2,32,324,514,487,464,497,292,212,153,88,42,25,17,3,3,1,3,0,0,1,
[ 4389.214264] part3,52,69,145,367,292,120,97,95,73,68,41,31,21,6,5,2,2,0,0,0,
[ 4389.221570] part4,76,149,522,1535,1037,496,385,308,236,125,136,75,43,12,16,0,2,1,0,0,
[ 4389.229748] part5,71,180,167,652,328,185,205,201,177,69,48,29,14,17,15,7,4,1,0,0,
[ 4390.232660] part1,40,106,94,309,416,612,441,157,133,103,84,56,65,29,12,4,3,0,0,0,
[ 4390.240511] part2,88,152,197,404,373,189,160,114,116,73,79,68,66,18,21,15,13,1,3,1,
[ 4390.248509] part3,115,394,546,626,384,470,236,151,137,74,47,19,21,11,10,4,2,1,0,0,
[ 4390.256427] part4,50,120,140,546,405,146,88,73,65,45,58,25,29,10,0,1,0,0,0,0,
[ 4390.263912] part5,71,71,245,755,691,415,340,286,246,139,106,51,70,52,42,9,5,0,0,0,
[ 4391.265959] part1,0,0,0,0,0,0,0,0,0,0,0,0,0,0,0,0,0,0,0,0,
[ 4391.271776] part2,0,0,0,0,0,0,0,0,0,0,0,0,0,0,0,0,0,0,0,0,
[ 4391.277602] part3,0,0,0,0,0,0,0,0,0,0,0,0,0,0,0,0,
[ 4391.282464] (3)-0000	0,0,0,0,
[ 4391.285706] part4,0,0,0,0,0,0,0,0,0,0,0,0,0,0,0,0,0,0,0,0,
[ 4391.291515] part5,0,0,0,0,0,0,0,0,0,0,0,0,0,0,0,0,0,0,0,0,

[END] 12/6/2019 4:41:27 PM
