[BEGIN] 12/6/2019 4:08:10 PM
[ 2411.011098] part1,0,0,0,0,0,0,2,0,0,0,0,1,5,0,0,0,0,0,0,0,
[ 2411.016932] part2,0,0,1,13,17,20,49,23,27,3,3,1,4,4,1,0,0,0,0,0,
[ 2411.023274] part3,1,23,137,83,67,107,273,132,260,124,165,40,87,26,16,3,0,0,0,0,
[ 2411.030936] part4,7,216,396,271,183,87,59,24,21,6,8,2,6,1,0,0,0,0,0,0,
[ 2411.037791] part5,0,3,2,3,5,7,18,18,33,15,34,2,1,0,0,0,0,0,0,0,
[ 2411.629636] (0)-2541	[[HDMI][AUDIOF]] Audio STS : FSM=5(CHECK), hbr=0/0, sample_cnt= 65510, hbr_sample_cnt=0, fifo_ov=0, type=2(LPCM), ch_mode=0, ch_num=2, acr_freq=48000, wait_acr_cnt=1
[ 2412.044469] part1,0,0,0,1,1,3,1,4,5,8,5,3,13,1,1,0,0,0,0,0,
[ 2412.050383] part2,0,0,5,11,25,20,13,5,4,1,0,0,0,0,0,0,0,0,0,0,
[ 2412.056561] part3,0,20,72,19,32,55,108,82,179,82,199,71,70,32,36,7,0,0,0,0,
[ 2412.063866] part4,4,214,252,171,85,35,27,9,12,0,6,1,3,1,3,0,0,0,0,0,
[ 2412.070550] part5,0,0,0,0,0,0,11,23,39,28,36,24,27,11,25,13,21,8,7,0,
[ 2413.077783] part1,0,0,0,0,0,0,0,0,0,0,10,6,12,1,1,0,0,0,0,0,
[ 2413.083806] part2,0,0,11,1,3,10,17,4,6,2,3,3,1,3,0,0,0,0,0,0,
[ 2413.089893] part3,1,1,0,3,19,18,76,53,87,35,65,21,58,27,37,1,2,1,0,0,
[ 2413.096675] part4,2,27,56,57,13,6,1,0,0,0,0,0,0,0,0,0,0,0,0,0,
[ 2413.102848] part5,0,0,0,0,0,0,0,0,0,0,0,0,0,0,0,0,0,0,0,0,
[ 2414.094492] part1,0,0,0,1,1,1,1,7,2,1,2,0,3,0,0,0,0,0,0,0,
[ 2414.100324] part2,0,2,7,25,46,22,28,5,0,1,0,0,0,0,0,0,0,0,0,0,
[ 2414.106487] part3,0,0,2,25,130,89,126,49,55,10,10,3,0,0,0,0,0,0,0,0,
[ 2414.113194] part4,1,55,16,30,6,5,1,1,19,6,12,3,4,0,0,0,0,0,0,0,
[ 2414.119438] part5,0,0,0,0,0,0,0,0,0,0,0,0,0,0,0,0,0,0,0,0,
[ 2415.111143] part1,0,0,0,0,0,0,0,0,1,1,0,0,0,0,0,0,0,0,0,0,
[ 2415.116994] part2,0,1,2,2,3,2,6,9,22,6,7,3,2,0,0,0,0,0,0,0,
[ 2415.122887] part3,0,0,5,6,67,69,127,53,40,12,5,1,0,0,0,0,0,0,0,0,
[ 2415.129329] part4,0,0,0,1,0,7,31,30,52,27,11,0,0,0,0,0,0,0,0,0,
[ 2415.135581] part5,0,0,0,0,0,0,0,0,0,0,0,0,0,0,0,0,0,0,0,0,
[ 2415.309576] (0)-2539	[[HDMI][PWR][WARN]] PWR_STS : FG_HDMI=1, P0/P1/P2/P3(active,fsm,vs_cnt,pol,int) =  P0(0,PS_OFF,0,0,0)/P1(0,PS_OFF,0,0,0)/P2(0,PS_OFF,0,0,0)/P3(1,PS_OFF,77362,1,0)
[ 2416.144497] part1,0,3,19,19,0,9,27,11,36,13,14,0,0,0,0,0,0,0,0,0,
[ 2416.150963] part2,0,4,1,7,14,19,68,26,38,10,1,0,0,0,0,0,0,0,0,0,
[ 2416.157291] part3,0,0,0,7,65,37,68,20,9,0,0,0,0,0,0,0,0,0,0,0,
[ 2416.163467] part4,0,0,0,0,5,21,32,15,0,0,0,0,0,0,0,0,0,0,0,0,
[ 2416.169543] part5,0,0,0,0,0,0,0,0,0,0,0,0,0,0,0,0,0,0,0,0,
[ 2417.161155] part1,0,1,8,5,21,13,25,15,55,21,24,7,1,2,0,0,0,0,0,0,
[ 2417.167608] part2,0,0,0,1,2,1,6,0,0,0,0,0,0,0,0,0,0,0,0,0,
[ 2417.173435] part3,0,0,0,0,13,15,58,14,5,0,0,0,0,0,0,0,0,0,0,0,
[ 2417.179592] part4,0,0,0,0,0,0,0,0,0,0,0,0,0,0,0,0,0,0,0,0,
[ 2417.185419] part5,0,0,3,0,0,0,0,0,0,0,0,0,0,0,0,0,0,0,0,0,
[ 2418.177832] part1,0,1,6,7,20,45,89,53,98,33,79,16,0,2,1,0,0,0,0,0,
[ 2418.184357] part2,0,0,0,0,0,0,2,4,16,8,8,1,0,0,0,0,0,0,0,0,
[ 2418.190271] part3,0,0,0,0,0,0,1,1,0,0,0,0,0,0,0,0,0,0,0,0,
[ 2418.196078] part4,0,0,0,0,0,1,16,4,6,0,0,0,0,0,0,0,0,0,0,0,
[ 2418.201989] part5,0,0,0,0,0,0,0,0,0,0,0,0,0,0,0,0,0,0,0,0,
[ 2419.194508] part1,0,0,0,0,0,0,0,2,57,36,137,38,22,6,0,0,0,0,0,0,
[ 2419.200884] part2,0,0,0,0,0,0,0,0,7,3,1,0,0,0,0,0,0,0,0,0,
[ 2419.206695] part3,0,0,0,0,0,0,0,1,0,0,0,0,0,0,0,0,0,0,0,0,
[ 2419.212521] part4,0,0,0,0,0,0,0,0,0,0,0,0,0,0,0,0,0,0,0,0,
[ 2419.218329] part5,0,0,0,0,0,0,0,0,0,0,0,0,0,0,0,0,0,0,0,0,
[ 2420.211200] part1,0,0,0,0,1,2,0,0,0,0,0,0,0,0,0,0,0,0,0,0,
[ 2420.217048] part2,0,0,1,0,7,10,7,5,1,2,2,2,0,0,0,0,0,0,0,0,
[ 2420.222954] part3,1,10,10,19,6,1,3,1,2,1,1,0,0,0,0,0,0,0,0,0,
[ 2420.229036] part4,0,1,1,4,7,4,7,3,2,0,3,2,3,0,0,0,0,0,0,0,
[ 2420.234856] part5,0,0,0,0,0,0,0,0,0,0,0,0,0,0,0,0,0,0,0,0,
[ 2421.227898] part1,0,0,0,0,0,0,0,0,0,0,0,0,0,0,0,0,0,0,0,0,
[ 2421.233728] part2,0,0,0,0,0,0,0,0,0,0,0,0,0,0,0,0,0,0,0,0,
[ 2421.239558] part3,0,3,3,0,0,0,0,0,0,0,0,0,0,0,0,0,0,0,0,0,
[ 2421.245360] part4,0,1,8,12,16,32,42,15,25,7,21,5,2,1,0,0,0,0,0,0,
[ 2421.251797] part5,
[ 2421.253653] (1)-0000	0,0,0,0,0,0,0,0,0,0,0,0,0,0,0,0,0,0,0,0,
[ 2422.261211] part1,0,0,2,8,7,1,0,0,0,0,0,0,0,0,0,0,0,0,0,0,
[ 2422.267051] part2,0,0,0,0,0,0,0,0,0,0,0,0,0,0,0,0,0,0,0,0,
[ 2422.272874] part3,0,0,0,0,1,0,1,5,7,3,4,3,2,2,3,0,0,0,0,0,
[ 2422.278683] part4,0,3,1,8,4,0,1,3,0,2,5,2,2,0,0,0,0,0,0,0,
[ 2422.284511] part5,0,0,0,0,0,0,0,0,0,2,1,1,9,6,4,2,1,0,1,0,
[ 2423.277894] part1,0,0,0,0,0,0,1,0,0,0,0,0,0,0,0,0,0,0,0,0,
[ 2423.283723] part2,0,0,0,2,0,6,4,6,4,1,
[ 2423.287476] (0)-0000	1,0,0,0,0,0,0,0,0,0,
[ 2423.291841] part3,0,0,0,3,4,2,1,2,3,0,1,1,1,0,2,0,0,0,0,0,
[ 2423.297675] part4,1,1,1,7,10,4,5,0,0,0,0,0,0,0,0,0,0,0,0,0,
[ 2423.303564] part5,0,0,0,0,0,1,0,1,0,0,0,0,0,0,0,0,0,0,0,0,
[ 2424.179735] (1)-2541	[[HDMI][AUDIOF]] Audio STS : FSM=5(CHECK), hbr=0/0, sample_cnt= 66111, hbr_sample_cnt=0, fifo_ov=0, type=2(LPCM), ch_mode=0, ch_num=2, acr_freq=48000, wait_acr_cnt=1
[ 2424.311241] part1,0,0,0,0,0,0,0,0,0,0,0,0,0,0,0,0,0,0,0,0,
[ 2424.317071] part2,0,0,4,8,21,15,16,19,19,8,3,0,0,0,0,0,0,0,0,0,
[ 2424.323340] part3,0,0,0,0,4,4,11,10,16,13,10,7,11,4,0,2,0,0,0,0,
[ 2424.329685] part4,0,0,3,19,42,71,52,20,19,6,6,6,2,0,5,0,0,0,0,0,
[ 2424.336022] part5,0,0,0,2,0,0,0,0,0,0,0,0,0,0,0,0,0,0,0,0,
[ 2425.327917] part1,1,1,3,10,19,20,13,12,9,6,13,5,9,2,4,2,1,0,0,0,
[ 2425.334284] part2,0,1,5,3,1,6,8,7,9,4,1,0,0,0,0,0,0,0,0,0,
[ 2425.340089] part3,0,0,3,9,23,40,43,8,19,12,17,11,6,0,3,1,0,0,0,0,
[ 2425.346520] part4,0,0,5,18,62,63,19,8,6,3,5,2,1,0,0,0,0,0,0,0,
[ 2425.352679] part5,0,0,0,0,0,1,1,0,0,0,0,0,0,0,0,0,0,0,0,0,
[ 2425.629692] (1)-2539	[[HDMI][PWR][WARN]] PWR_STS : FG_HDMI=1, P0/P1/P2/P3(active,fsm,vs_cnt,pol,int) =  P0(0,PS_OFF,0,0,0)/P1(0,PS_OFF,0,0,0)/P2(0,PS_OFF,0,0,0)/P3(1,PS_OFF,77956,1,0)
[ 2426.344585] part1,0,0,5,16,33,62,37,15,28,13,7,5,2,0,0,0,0,0,0,0,
[ 2426.351045] part2,0,5,9,12,13,22,13,18,30,30,34,10,2,0,0,0,0,0,0,0,
[ 2426.357651] part3,0,0,0,0,0,0,0,1,4,7,19,6,2,0,0,0,0,0,0,0,
[ 2426.363547] part4,0,0,0,0,0,0,0,0,0,1,0,0,0,0,0,0,0,0,0,0,
[ 2426.369368] part5,0,0,0,0,0,0,0,0,0,0,0,0,0,0,0,0,0,0,0,0,
[ 2427.361270] part1,0,0,0,3,10,16,25,26,37,14,10,2,4,3,2,0,1,0,0,0,
[ 2427.367718] part2,0,8,25,46,55,44,76,54,33,9,19,8,0,0,0,0,0,0,0,0,
[ 2427.374241] part3,0,0,1,0,7,1,0,0,0,0,0,0,0,0,0,0,0,0,0,0,
[ 2427.380058] part4,0,0,0,1,1,3,1,7,21,23,65,14,7,0,0,0,0,0,0,0,
[ 2427.386222] part5,0,0,0,0,0,0,0,0,0,0,0,0,0,0,0,0,0,0,0,0,
[ 2428.377944] part1,0,1,6,7,21,28,38,31,40,21,17,6,7,1,1,0,0,0,0,0,
[ 2428.384396] part2,4,37,94,140,153,103,50,11,11,3,11,7,7,0,0,0,0,0,0,0,
[ 2428.391250] part3,5,37,37,31,28,11,8,6,20,24,51,37,46,19,26,4,8,2,0,1,
[ 2428.398118] part4,0,0,2,3,4,3,0,0,0,0,0,0,0,0,0,0,0,0,0,0,
[ 2428.403929] part5,0,0,0,1,2,13,6,5,5,1,0,0,0,0,0,0,0,0,0,0,
[ 2429.411296] (3)-0000	part1,0,0,1,6,10,6,8,3,6,0,9,2,4,3,1,2,0,0,0,0,
[ 2429.418010] part2,1,30,76,169,266,198,139,66,34,24,23,12,23,6,12,7,1,1,1,0,
[ 2429.425304] part3,41,355,408,329,170,50,27,10,3,3,4,0,1,0,0,0,0,0,0,0,
[ 2429.432183] part4,0,0,0,0,0,0,0,0,0,1,0,0,0,0,0,0,0,0,0,0,
[ 2429.437987] part5,0,0,1,2,10,5,3,2,0,0,0,0,2,1,0,0,2,0,0,3,
[ 2430.444643] part1,0,0,0,8,4,7,8,2,3,1,0,0,0,0,0,0,0,0,0,0,
[ 2430.450471] part2,6,47,176,227,385,263,174,58,47,20,16,5,6,0,0,0,0,0,0,0,
[ 2430.457608] part3,25,211,454,474,313,85,28,6,6,7,7,2,1,2,0,0,0,0,0,0,
[ 2430.464398] part4,0,3,5,0,0,1,0,0,0,0,0,0,1,0,0,0,1,0,0,0,
[ 2430.470203] part5,0,0,1,0,2,4,4,2,0,0,0,0,0,0,0,0,0,0,0,0,
[ 2431.477974] part1,0,0,0,1,1,1,6,3,5,2,0,0,0,0,0,0,0,0,0,0,
[ 2431.483802] part2,4,76,155,253,369,169,77,33,20,12,5,4,0,0,2,0,0,0,0,0,
[ 2431.490766] part3,15,223,380,398,522,174,70,33,18,8,8,3,3,2,4,0,0,0,0,0,
[ 2431.497809] part4,0,18,28,2,0,1,15,10,39,34,67,5,0,0,0,0,0,0,0,0,
[ 2431.504231] part5,0,0,1,2,1,1,0,0,0,1,0,0,0,0,0,0,0,0,0,0,
[ 2432.511356] part1,0,0,0,0,0,0,0,0,0,0,0,0,0,0,0,0,0,0,0,0,
[ 2432.517192] part2,0,3,11,6,8,4,15,9,4,0,0,0,0,0,0,0,0,0,0,0,
[ 2432.523193] part3,1,14,53,147,257,102,82,26,30,7,6,5,3,2,1,0,0,0,2,0,
[ 2432.529969] part4,11,122,232,237,393,149,70,56,32,17,19,11,7,3,5,1,3,2,2,2,
[ 2432.537288] part5,0,2,8,4,17,7,8,5,5,2,3,1,2,0,1,0,1,0,0,0,

[END] 12/6/2019 4:08:48 PM
